<?xml version="1.0" encoding="UTF-8"?>
<testsuites name="Master Bank" time="43.486" tests="3" failures="0" errors="0">
   <testsuite name="Master Bank" tests="3" failures="0" errors="0" time="43.486" skipped="0" timestamp="2023-07-12 14:33:00" hostname="202102359 - KPO-Blicicil.pdc.megafinance.co.id" id="Test Suites/Master Bank">
      <properties>
         <property name="deviceName" value=""/>
         <property name="devicePlatform" value=""/>
         <property name="logFolder" value="C:\\Users\\202102359\\git\\blicicil-dashboard-uat\\Reports\\20230712_143257\\Master Bank\\20230712_143257"/>
         <property name="logFiles" value="C:\\Users\\202102359\\git\\blicicil-dashboard-uat\\Reports\\20230712_143257\\Master Bank\\20230712_143257\\execution0.log"/>
         <property name="attachments" value=""/>
         <property name="hostName" value="202102359 - KPO-Blicicil.pdc.megafinance.co.id"/>
         <property name="os" value="Windows 10 64bit"/>
         <property name="katalonVersion" value="8.6.0.208"/>
         <property name="browser" value="Chrome 114.0.0.0"/>
         <property name="hostAddress" value="192.168.16.53"/>
         <property name="sessionId" value="a5f819a4f35162aa0643d801b2c5fc8b"/>
         <property name="seleniumVersion" value="3.141.59"/>
         <property name="proxyInformation" value="ProxyInformation { proxyOption=NO_PROXY, proxyServerType=HTTP, username=, password=********, proxyServerAddress=, proxyServerPort=0, executionList=&quot;&quot;, isApplyToDesiredCapabilities=true }"/>
         <property name="platform" value="Windows 10"/>
      </properties>
      <testcase name="Test Cases/Master Bank/Beranda" time="19.329" classname="Test Cases/Master Bank/Beranda" status="PASSED">
         <system-out><![CDATA[2023-07-12 14:33:01 - [TEST_CASE][PASSED] - Test Cases/Master Bank/Beranda: Test Cases/Master Bank/Beranda

2023-07-12 14:33:01 - [TEST_STEP][PASSED] - openBrowser(""): Browser is opened with url: ''

2023-07-12 14:33:02 - [MESSAGE][INFO] - Starting 'Chrome' driver

2023-07-12 14:33:02 - [MESSAGE][INFO] - User set preference: ['args', '[--start-maximized]']

2023-07-12 14:33:02 - [MESSAGE][INFO] - Action delay is set to 0 milliseconds

2023-07-12 14:33:05 - [MESSAGE][PASSED] - Browser is opened with url: ''

2023-07-12 14:33:05 - [TEST_STEP][PASSED] - maximizeWindow(): Current window maximized

2023-07-12 14:33:05 - [MESSAGE][PASSED] - Current window maximized

2023-07-12 14:33:05 - [TEST_STEP][PASSED] - navigateToUrl("https://uat-dashboard.blicicil.com/auth/login"): Navigate to 'https://uat-dashboard.blicicil.com/auth/login' successfully

2023-07-12 14:33:07 - [MESSAGE][PASSED] - Navigate to 'https://uat-dashboard.blicicil.com/auth/login' successfully

2023-07-12 14:33:07 - [TEST_STEP][PASSED] - setText(findTestObject("Object Repository/Master Bank/Beranda/input_Email_email"), "eva.mayadila@megafinance.co.id"): Text 'eva.mayadila@megafinance.co.id' is set on object 'Object Repository/Master Bank/Beranda/input_Email_email'

2023-07-12 14:33:09 - [MESSAGE][PASSED] - Text 'eva.mayadila@megafinance.co.id' is set on object 'Object Repository/Master Bank/Beranda/input_Email_email'

2023-07-12 14:33:09 - [TEST_STEP][PASSED] - setEncryptedText(findTestObject("Object Repository/Master Bank/Beranda/input_Password_password"), "aeHFOx8jV/A="): Text ****** has been set on object 'Object Repository/Master Bank/Beranda/input_Password_password'

2023-07-12 14:33:09 - [MESSAGE][PASSED] - Text ****** has been set on object 'Object Repository/Master Bank/Beranda/input_Password_password'

2023-07-12 14:33:09 - [TEST_STEP][PASSED] - click(findTestObject("Object Repository/Master Bank/Beranda/button_Login")): Object: 'Object Repository/Master Bank/Beranda/button_Login' is clicked on

2023-07-12 14:33:10 - [MESSAGE][PASSED] - Object: 'Object Repository/Master Bank/Beranda/button_Login' is clicked on

2023-07-12 14:33:10 - [TEST_STEP][PASSED] - click(findTestObject("Object Repository/Master Bank/Beranda/a_Master")): Object: 'Object Repository/Master Bank/Beranda/a_Master' is clicked on

2023-07-12 14:33:12 - [MESSAGE][PASSED] - Object: 'Object Repository/Master Bank/Beranda/a_Master' is clicked on

2023-07-12 14:33:12 - [TEST_STEP][PASSED] - click(findTestObject("Object Repository/Master Bank/Beranda/a_Bank")): Object: 'Object Repository/Master Bank/Beranda/a_Bank' is clicked on

2023-07-12 14:33:13 - [MESSAGE][PASSED] - Object: 'Object Repository/Master Bank/Beranda/a_Bank' is clicked on

2023-07-12 14:33:13 - [TEST_STEP][PASSED] - click(findTestObject("Object Repository/Master Bank/Beranda/a_6")): Object: 'Object Repository/Master Bank/Beranda/a_6' is clicked on

2023-07-12 14:33:16 - [MESSAGE][PASSED] - Object: 'Object Repository/Master Bank/Beranda/a_6' is clicked on

2023-07-12 14:33:16 - [TEST_STEP][PASSED] - click(findTestObject("Object Repository/Master Bank/Beranda/a_Previous")): Object: 'Object Repository/Master Bank/Beranda/a_Previous' is clicked on

2023-07-12 14:33:16 - [MESSAGE][PASSED] - Object: 'Object Repository/Master Bank/Beranda/a_Previous' is clicked on

2023-07-12 14:33:16 - [TEST_STEP][PASSED] - click(findTestObject("Object Repository/Master Bank/Beranda/a_Next")): Object: 'Object Repository/Master Bank/Beranda/a_Next' is clicked on

2023-07-12 14:33:17 - [MESSAGE][PASSED] - Object: 'Object Repository/Master Bank/Beranda/a_Next' is clicked on

2023-07-12 14:33:17 - [TEST_STEP][PASSED] - click(findTestObject("Object Repository/Master Bank/Beranda/button_Delete")): Object: 'Object Repository/Master Bank/Beranda/button_Delete' is clicked on

2023-07-12 14:33:18 - [MESSAGE][PASSED] - Object: 'Object Repository/Master Bank/Beranda/button_Delete' is clicked on

2023-07-12 14:33:18 - [TEST_STEP][PASSED] - click(findTestObject("Object Repository/Master Bank/Beranda/button_No")): Object: 'Object Repository/Master Bank/Beranda/button_No' is clicked on

2023-07-12 14:33:18 - [MESSAGE][PASSED] - Object: 'Object Repository/Master Bank/Beranda/button_No' is clicked on

2023-07-12 14:33:18 - [TEST_STEP][PASSED] - click(findTestObject("Object Repository/Master Bank/Beranda/button_Delete")): Object: 'Object Repository/Master Bank/Beranda/button_Delete' is clicked on

2023-07-12 14:33:19 - [MESSAGE][PASSED] - Object: 'Object Repository/Master Bank/Beranda/button_Delete' is clicked on

2023-07-12 14:33:19 - [TEST_STEP][PASSED] - click(findTestObject("Object Repository/Master Bank/Beranda/button_Yes")): Object: 'Object Repository/Master Bank/Beranda/button_Yes' is clicked on

2023-07-12 14:33:19 - [MESSAGE][PASSED] - Object: 'Object Repository/Master Bank/Beranda/button_Yes' is clicked on

2023-07-12 14:33:19 - [TEST_STEP][PASSED] - closeBrowser(): Browser is closed

2023-07-12 14:33:20 - [MESSAGE][PASSED] - Browser is closed]]></system-out>
         <system-err><![CDATA[]]></system-err>
      </testcase>
      <testcase name="Test Cases/Master Bank/Searching Failed" time="12.024" classname="Test Cases/Master Bank/Searching Failed" status="PASSED">
         <system-out><![CDATA[2023-07-12 14:33:20 - [TEST_CASE][PASSED] - Test Cases/Master Bank/Searching Failed: Test Cases/Master Bank/Searching Failed

2023-07-12 14:33:20 - [TEST_STEP][PASSED] - openBrowser(""): Browser is opened with url: ''

2023-07-12 14:33:20 - [MESSAGE][INFO] - Starting 'Chrome' driver

2023-07-12 14:33:20 - [MESSAGE][INFO] - User set preference: ['args', '[--start-maximized]']

2023-07-12 14:33:20 - [MESSAGE][INFO] - Action delay is set to 0 milliseconds

2023-07-12 14:33:22 - [MESSAGE][PASSED] - Browser is opened with url: ''

2023-07-12 14:33:22 - [TEST_STEP][PASSED] - maximizeWindow(): Current window maximized

2023-07-12 14:33:22 - [MESSAGE][PASSED] - Current window maximized

2023-07-12 14:33:22 - [TEST_STEP][PASSED] - navigateToUrl("https://uat-dashboard.blicicil.com/auth/login"): Navigate to 'https://uat-dashboard.blicicil.com/auth/login' successfully

2023-07-12 14:33:23 - [MESSAGE][PASSED] - Navigate to 'https://uat-dashboard.blicicil.com/auth/login' successfully

2023-07-12 14:33:23 - [TEST_STEP][PASSED] - setText(findTestObject("Object Repository/Master Bank/Searching Failed/input_Email_email"), "eva.mayadila@megafinance.co.id"): Text 'eva.mayadila@megafinance.co.id' is set on object 'Object Repository/Master Bank/Searching Failed/input_Email_email'

2023-07-12 14:33:24 - [MESSAGE][PASSED] - Text 'eva.mayadila@megafinance.co.id' is set on object 'Object Repository/Master Bank/Searching Failed/input_Email_email'

2023-07-12 14:33:24 - [TEST_STEP][PASSED] - setEncryptedText(findTestObject("Object Repository/Master Bank/Searching Failed/input_Password_password"), "aeHFOx8jV/A="): Text ****** has been set on object 'Object Repository/Master Bank/Searching Failed/input_Password_password'

2023-07-12 14:33:25 - [MESSAGE][PASSED] - Text ****** has been set on object 'Object Repository/Master Bank/Searching Failed/input_Password_password'

2023-07-12 14:33:25 - [TEST_STEP][PASSED] - click(findTestObject("Object Repository/Master Bank/Searching Failed/button_Login")): Object: 'Object Repository/Master Bank/Searching Failed/button_Login' is clicked on

2023-07-12 14:33:25 - [MESSAGE][PASSED] - Object: 'Object Repository/Master Bank/Searching Failed/button_Login' is clicked on

2023-07-12 14:33:25 - [TEST_STEP][PASSED] - click(findTestObject("Object Repository/Master Bank/Searching Failed/a_Master")): Object: 'Object Repository/Master Bank/Searching Failed/a_Master' is clicked on

2023-07-12 14:33:27 - [MESSAGE][PASSED] - Object: 'Object Repository/Master Bank/Searching Failed/a_Master' is clicked on

2023-07-12 14:33:27 - [TEST_STEP][PASSED] - click(findTestObject("Object Repository/Master Bank/Searching Failed/a_Bank")): Object: 'Object Repository/Master Bank/Searching Failed/a_Bank' is clicked on

2023-07-12 14:33:28 - [MESSAGE][PASSED] - Object: 'Object Repository/Master Bank/Searching Failed/a_Bank' is clicked on

2023-07-12 14:33:28 - [TEST_STEP][PASSED] - setText(findTestObject("Object Repository/Master Bank/Searching Failed/input_Search_form-control form-control-sm"), "Sea bank"): Text 'Sea bank' is set on object 'Object Repository/Master Bank/Searching Failed/input_Search_form-control form-control-sm'

2023-07-12 14:33:30 - [MESSAGE][PASSED] - Text 'Sea bank' is set on object 'Object Repository/Master Bank/Searching Failed/input_Search_form-control form-control-sm'

2023-07-12 14:33:30 - [TEST_STEP][PASSED] - sendKeys(findTestObject("Object Repository/Master Bank/Searching Failed/input_Search_form-control form-control-sm"), Keys.chord(ENTER)): Keys 'ENTER + ' sent to object: 'Object Repository/Master Bank/Searching Failed/input_Search_form-control form-control-sm'

2023-07-12 14:33:30 - [MESSAGE][PASSED] - Keys 'ENTER + ' sent to object: 'Object Repository/Master Bank/Searching Failed/input_Search_form-control form-control-sm'

2023-07-12 14:33:30 - [TEST_STEP][PASSED] - setText(findTestObject("Object Repository/Master Bank/Searching Failed/input_Search_form-control form-control-sm"), "Digital"): Text 'Digital' is set on object 'Object Repository/Master Bank/Searching Failed/input_Search_form-control form-control-sm'

2023-07-12 14:33:31 - [MESSAGE][PASSED] - Text 'Digital' is set on object 'Object Repository/Master Bank/Searching Failed/input_Search_form-control form-control-sm'

2023-07-12 14:33:31 - [TEST_STEP][PASSED] - sendKeys(findTestObject("Object Repository/Master Bank/Searching Failed/input_Search_form-control form-control-sm"), Keys.chord(ENTER)): Keys 'ENTER + ' sent to object: 'Object Repository/Master Bank/Searching Failed/input_Search_form-control form-control-sm'

2023-07-12 14:33:31 - [MESSAGE][PASSED] - Keys 'ENTER + ' sent to object: 'Object Repository/Master Bank/Searching Failed/input_Search_form-control form-control-sm'

2023-07-12 14:33:31 - [TEST_STEP][PASSED] - closeBrowser(): Browser is closed

2023-07-12 14:33:32 - [MESSAGE][PASSED] - Browser is closed]]></system-out>
         <system-err><![CDATA[]]></system-err>
      </testcase>
      <testcase name="Test Cases/Master Bank/Searching Success" time="11.674" classname="Test Cases/Master Bank/Searching Success" status="PASSED">
         <system-out><![CDATA[2023-07-12 14:33:32 - [TEST_CASE][PASSED] - Test Cases/Master Bank/Searching Success: Test Cases/Master Bank/Searching Success

2023-07-12 14:33:33 - [TEST_STEP][PASSED] - openBrowser(""): Browser is opened with url: ''

2023-07-12 14:33:33 - [MESSAGE][INFO] - Starting 'Chrome' driver

2023-07-12 14:33:33 - [MESSAGE][INFO] - User set preference: ['args', '[--start-maximized]']

2023-07-12 14:33:33 - [MESSAGE][INFO] - Action delay is set to 0 milliseconds

2023-07-12 14:33:34 - [MESSAGE][PASSED] - Browser is opened with url: ''

2023-07-12 14:33:34 - [TEST_STEP][PASSED] - maximizeWindow(): Current window maximized

2023-07-12 14:33:34 - [MESSAGE][PASSED] - Current window maximized

2023-07-12 14:33:34 - [TEST_STEP][PASSED] - navigateToUrl("https://uat-dashboard.blicicil.com/auth/login"): Navigate to 'https://uat-dashboard.blicicil.com/auth/login' successfully

2023-07-12 14:33:35 - [MESSAGE][PASSED] - Navigate to 'https://uat-dashboard.blicicil.com/auth/login' successfully

2023-07-12 14:33:35 - [TEST_STEP][PASSED] - setText(findTestObject("Object Repository/Master Bank/Searching Success/input_Email_email"), "eva.mayadila@megafinance.co.id"): Text 'eva.mayadila@megafinance.co.id' is set on object 'Object Repository/Master Bank/Searching Success/input_Email_email'

2023-07-12 14:33:36 - [MESSAGE][PASSED] - Text 'eva.mayadila@megafinance.co.id' is set on object 'Object Repository/Master Bank/Searching Success/input_Email_email'

2023-07-12 14:33:36 - [TEST_STEP][PASSED] - setEncryptedText(findTestObject("Object Repository/Master Bank/Searching Success/input_Password_password"), "aeHFOx8jV/A="): Text ****** has been set on object 'Object Repository/Master Bank/Searching Success/input_Password_password'

2023-07-12 14:33:36 - [MESSAGE][PASSED] - Text ****** has been set on object 'Object Repository/Master Bank/Searching Success/input_Password_password'

2023-07-12 14:33:36 - [TEST_STEP][PASSED] - click(findTestObject("Object Repository/Master Bank/Searching Success/button_Login")): Object: 'Object Repository/Master Bank/Searching Success/button_Login' is clicked on

2023-07-12 14:33:37 - [MESSAGE][PASSED] - Object: 'Object Repository/Master Bank/Searching Success/button_Login' is clicked on

2023-07-12 14:33:37 - [TEST_STEP][PASSED] - click(findTestObject("Object Repository/Master Bank/Searching Success/a_Master")): Object: 'Object Repository/Master Bank/Searching Success/a_Master' is clicked on

2023-07-12 14:33:39 - [MESSAGE][PASSED] - Object: 'Object Repository/Master Bank/Searching Success/a_Master' is clicked on

2023-07-12 14:33:39 - [TEST_STEP][PASSED] - click(findTestObject("Object Repository/Master Bank/Searching Success/a_Bank")): Object: 'Object Repository/Master Bank/Searching Success/a_Bank' is clicked on

2023-07-12 14:33:40 - [MESSAGE][PASSED] - Object: 'Object Repository/Master Bank/Searching Success/a_Bank' is clicked on

2023-07-12 14:33:40 - [TEST_STEP][PASSED] - setText(findTestObject("Object Repository/Master Bank/Searching Success/input_Search_form-control form-control-sm"), "BRI"): Text 'BRI' is set on object 'Object Repository/Master Bank/Searching Success/input_Search_form-control form-control-sm'

2023-07-12 14:33:41 - [MESSAGE][PASSED] - Text 'BRI' is set on object 'Object Repository/Master Bank/Searching Success/input_Search_form-control form-control-sm'

2023-07-12 14:33:41 - [TEST_STEP][PASSED] - sendKeys(findTestObject("Object Repository/Master Bank/Searching Success/input_Search_form-control form-control-sm"), Keys.chord(ENTER)): Keys 'ENTER + ' sent to object: 'Object Repository/Master Bank/Searching Success/input_Search_form-control form-control-sm'

2023-07-12 14:33:42 - [MESSAGE][PASSED] - Keys 'ENTER + ' sent to object: 'Object Repository/Master Bank/Searching Success/input_Search_form-control form-control-sm'

2023-07-12 14:33:42 - [TEST_STEP][PASSED] - setText(findTestObject("Object Repository/Master Bank/Searching Success/input_Search_form-control form-control-sm"), "Syariah"): Text 'Syariah' is set on object 'Object Repository/Master Bank/Searching Success/input_Search_form-control form-control-sm'

2023-07-12 14:33:42 - [MESSAGE][PASSED] - Text 'Syariah' is set on object 'Object Repository/Master Bank/Searching Success/input_Search_form-control form-control-sm'

2023-07-12 14:33:42 - [TEST_STEP][PASSED] - sendKeys(findTestObject("Object Repository/Master Bank/Searching Success/input_Search_form-control form-control-sm"), Keys.chord(ENTER)): Keys 'ENTER + ' sent to object: 'Object Repository/Master Bank/Searching Success/input_Search_form-control form-control-sm'

2023-07-12 14:33:43 - [MESSAGE][PASSED] - Keys 'ENTER + ' sent to object: 'Object Repository/Master Bank/Searching Success/input_Search_form-control form-control-sm'

2023-07-12 14:33:43 - [TEST_STEP][PASSED] - closeBrowser(): Browser is closed

2023-07-12 14:33:44 - [MESSAGE][PASSED] - Browser is closed]]></system-out>
         <system-err><![CDATA[]]></system-err>
      </testcase>
      <system-out><![CDATA[2023-07-12 14:33:00 - [TEST_SUITE][PASSED] - Master Bank: Test Cases/Master Bank/Searching Success]]></system-out>
      <system-err><![CDATA[]]></system-err>
   </testsuite>
</testsuites>
