<?xml version="1.0" encoding="UTF-8"?>
<testsuites name="Product" time="45.24" tests="3" failures="0" errors="0">
   <testsuite name="Product" tests="3" failures="0" errors="0" time="45.24" skipped="0" timestamp="2023-07-12 16:46:24" hostname="202102359 - KPO-Blicicil.pdc.megafinance.co.id" id="Test Suites/Product">
      <properties>
         <property name="deviceName" value=""/>
         <property name="devicePlatform" value=""/>
         <property name="logFolder" value="C:\\Users\\202102359\\git\\blicicil-dashboard-uat\\Reports\\20230712_164619\\Product\\20230712_164619"/>
         <property name="logFiles" value="C:\\Users\\202102359\\git\\blicicil-dashboard-uat\\Reports\\20230712_164619\\Product\\20230712_164619\\execution0.log"/>
         <property name="attachments" value=""/>
         <property name="hostName" value="202102359 - KPO-Blicicil.pdc.megafinance.co.id"/>
         <property name="os" value="Windows 10 64bit"/>
         <property name="katalonVersion" value="8.6.0.208"/>
         <property name="browser" value="Chrome 114.0.0.0"/>
         <property name="hostAddress" value="192.168.16.53"/>
         <property name="sessionId" value="be1e75d7617743943dbfd1321f1d06a8"/>
         <property name="seleniumVersion" value="3.141.59"/>
         <property name="proxyInformation" value="ProxyInformation { proxyOption=NO_PROXY, proxyServerType=HTTP, username=, password=********, proxyServerAddress=, proxyServerPort=0, executionList=&quot;&quot;, isApplyToDesiredCapabilities=true }"/>
         <property name="platform" value="Windows 10"/>
      </properties>
      <testcase name="Test Cases/Products/Beranda" time="18.991" classname="Test Cases/Products/Beranda" status="PASSED">
         <system-out><![CDATA[2023-07-12 16:46:24 - [TEST_CASE][PASSED] - Test Cases/Products/Beranda: Test Cases/Products/Beranda

2023-07-12 16:46:25 - [TEST_STEP][PASSED] - openBrowser(""): Browser is opened with url: ''

2023-07-12 16:46:25 - [MESSAGE][INFO] - Starting 'Chrome' driver

2023-07-12 16:46:25 - [MESSAGE][INFO] - User set preference: ['args', '[--start-maximized]']

2023-07-12 16:46:25 - [MESSAGE][INFO] - Action delay is set to 0 milliseconds

2023-07-12 16:46:29 - [MESSAGE][PASSED] - Browser is opened with url: ''

2023-07-12 16:46:29 - [TEST_STEP][PASSED] - maximizeWindow(): Current window maximized

2023-07-12 16:46:29 - [MESSAGE][PASSED] - Current window maximized

2023-07-12 16:46:29 - [TEST_STEP][PASSED] - navigateToUrl("https://uat-dashboard.blicicil.com/auth/login"): Navigate to 'https://uat-dashboard.blicicil.com/auth/login' successfully

2023-07-12 16:46:30 - [MESSAGE][PASSED] - Navigate to 'https://uat-dashboard.blicicil.com/auth/login' successfully

2023-07-12 16:46:30 - [TEST_STEP][PASSED] - setText(findTestObject("Object Repository/Products/Beranda/input_Email_email"), "eva.mayadila@megafinance.co.id"): Text 'eva.mayadila@megafinance.co.id' is set on object 'Object Repository/Products/Beranda/input_Email_email'

2023-07-12 16:46:31 - [MESSAGE][PASSED] - Text 'eva.mayadila@megafinance.co.id' is set on object 'Object Repository/Products/Beranda/input_Email_email'

2023-07-12 16:46:31 - [TEST_STEP][PASSED] - setEncryptedText(findTestObject("Object Repository/Products/Beranda/input_Password_password"), "aeHFOx8jV/A="): Text ****** has been set on object 'Object Repository/Products/Beranda/input_Password_password'

2023-07-12 16:46:32 - [MESSAGE][PASSED] - Text ****** has been set on object 'Object Repository/Products/Beranda/input_Password_password'

2023-07-12 16:46:32 - [TEST_STEP][PASSED] - click(findTestObject("Object Repository/Products/Beranda/button_Login")): Object: 'Object Repository/Products/Beranda/button_Login' is clicked on

2023-07-12 16:46:33 - [MESSAGE][PASSED] - Object: 'Object Repository/Products/Beranda/button_Login' is clicked on

2023-07-12 16:46:33 - [TEST_STEP][PASSED] - click(findTestObject("Object Repository/Products/Beranda/a_Products")): Object: 'Object Repository/Products/Beranda/a_Products' is clicked on

2023-07-12 16:46:35 - [MESSAGE][PASSED] - Object: 'Object Repository/Products/Beranda/a_Products' is clicked on

2023-07-12 16:46:35 - [TEST_STEP][PASSED] - click(findTestObject("Object Repository/Products/Beranda/button_Deactivate")): Object: 'Object Repository/Products/Beranda/button_Deactivate' is clicked on

2023-07-12 16:46:36 - [MESSAGE][PASSED] - Object: 'Object Repository/Products/Beranda/button_Deactivate' is clicked on

2023-07-12 16:46:36 - [TEST_STEP][PASSED] - click(findTestObject("Object Repository/Products/Beranda/button_No")): Object: 'Object Repository/Products/Beranda/button_No' is clicked on

2023-07-12 16:46:37 - [MESSAGE][PASSED] - Object: 'Object Repository/Products/Beranda/button_No' is clicked on

2023-07-12 16:46:37 - [TEST_STEP][PASSED] - click(findTestObject("Object Repository/Products/Beranda/button_Deactivate")): Object: 'Object Repository/Products/Beranda/button_Deactivate' is clicked on

2023-07-12 16:46:38 - [MESSAGE][PASSED] - Object: 'Object Repository/Products/Beranda/button_Deactivate' is clicked on

2023-07-12 16:46:38 - [TEST_STEP][PASSED] - click(findTestObject("Object Repository/Products/Beranda/button_Yes")): Object: 'Object Repository/Products/Beranda/button_Yes' is clicked on

2023-07-12 16:46:38 - [MESSAGE][PASSED] - Object: 'Object Repository/Products/Beranda/button_Yes' is clicked on

2023-07-12 16:46:38 - [TEST_STEP][PASSED] - click(findTestObject("Products/Beranda/li_Next")): Object: 'Object Repository/Products/Beranda/li_Next' is clicked on

2023-07-12 16:46:39 - [MESSAGE][PASSED] - Object: 'Object Repository/Products/Beranda/li_Next' is clicked on

2023-07-12 16:46:39 - [TEST_STEP][PASSED] - click(findTestObject("Products/Beranda/li_Previous")): Object: 'Object Repository/Products/Beranda/li_Previous' is clicked on

2023-07-12 16:46:40 - [MESSAGE][PASSED] - Object: 'Object Repository/Products/Beranda/li_Previous' is clicked on

2023-07-12 16:46:40 - [TEST_STEP][PASSED] - click(findTestObject("Object Repository/Products/Beranda/button_Activate")): Object: 'Object Repository/Products/Beranda/button_Activate' is clicked on

2023-07-12 16:46:40 - [MESSAGE][PASSED] - Object: 'Object Repository/Products/Beranda/button_Activate' is clicked on

2023-07-12 16:46:40 - [TEST_STEP][PASSED] - click(findTestObject("Object Repository/Products/Beranda/button_No")): Object: 'Object Repository/Products/Beranda/button_No' is clicked on

2023-07-12 16:46:41 - [MESSAGE][PASSED] - Object: 'Object Repository/Products/Beranda/button_No' is clicked on

2023-07-12 16:46:41 - [TEST_STEP][PASSED] - click(findTestObject("Object Repository/Products/Beranda/button_Activate")): Object: 'Object Repository/Products/Beranda/button_Activate' is clicked on

2023-07-12 16:46:42 - [MESSAGE][PASSED] - Object: 'Object Repository/Products/Beranda/button_Activate' is clicked on

2023-07-12 16:46:42 - [TEST_STEP][PASSED] - click(findTestObject("Object Repository/Products/Beranda/button_Yes")): Object: 'Object Repository/Products/Beranda/button_Yes' is clicked on

2023-07-12 16:46:42 - [MESSAGE][PASSED] - Object: 'Object Repository/Products/Beranda/button_Yes' is clicked on

2023-07-12 16:46:42 - [TEST_STEP][PASSED] - closeBrowser(): Browser is closed

2023-07-12 16:46:43 - [MESSAGE][PASSED] - Browser is closed]]></system-out>
         <system-err><![CDATA[]]></system-err>
      </testcase>
      <testcase name="Test Cases/Products/Searching Failed" time="12.251" classname="Test Cases/Products/Searching Failed" status="PASSED">
         <system-out><![CDATA[2023-07-12 16:46:43 - [TEST_CASE][PASSED] - Test Cases/Products/Searching Failed: Test Cases/Products/Searching Failed

2023-07-12 16:46:44 - [TEST_STEP][PASSED] - openBrowser(""): Browser is opened with url: ''

2023-07-12 16:46:44 - [MESSAGE][INFO] - Starting 'Chrome' driver

2023-07-12 16:46:44 - [MESSAGE][INFO] - User set preference: ['args', '[--start-maximized]']

2023-07-12 16:46:44 - [MESSAGE][INFO] - Action delay is set to 0 milliseconds

2023-07-12 16:46:45 - [MESSAGE][PASSED] - Browser is opened with url: ''

2023-07-12 16:46:45 - [TEST_STEP][PASSED] - maximizeWindow(): Current window maximized

2023-07-12 16:46:46 - [MESSAGE][PASSED] - Current window maximized

2023-07-12 16:46:46 - [TEST_STEP][PASSED] - navigateToUrl("https://uat-dashboard.blicicil.com/auth/login"): Navigate to 'https://uat-dashboard.blicicil.com/auth/login' successfully

2023-07-12 16:46:46 - [MESSAGE][PASSED] - Navigate to 'https://uat-dashboard.blicicil.com/auth/login' successfully

2023-07-12 16:46:46 - [TEST_STEP][PASSED] - setText(findTestObject("Object Repository/Products/Searching Failed/input_Email_email"), "eva.mayadila@megafinance.co.id"): Text 'eva.mayadila@megafinance.co.id' is set on object 'Object Repository/Products/Searching Failed/input_Email_email'

2023-07-12 16:46:47 - [MESSAGE][PASSED] - Text 'eva.mayadila@megafinance.co.id' is set on object 'Object Repository/Products/Searching Failed/input_Email_email'

2023-07-12 16:46:47 - [TEST_STEP][PASSED] - setEncryptedText(findTestObject("Object Repository/Products/Searching Failed/input_Password_password"), "aeHFOx8jV/A="): Text ****** has been set on object 'Object Repository/Products/Searching Failed/input_Password_password'

2023-07-12 16:46:48 - [MESSAGE][PASSED] - Text ****** has been set on object 'Object Repository/Products/Searching Failed/input_Password_password'

2023-07-12 16:46:48 - [TEST_STEP][PASSED] - click(findTestObject("Object Repository/Products/Searching Failed/button_Login")): Object: 'Object Repository/Products/Searching Failed/button_Login' is clicked on

2023-07-12 16:46:48 - [MESSAGE][PASSED] - Object: 'Object Repository/Products/Searching Failed/button_Login' is clicked on

2023-07-12 16:46:48 - [TEST_STEP][PASSED] - click(findTestObject("Object Repository/Products/Searching Failed/a_Products")): Object: 'Object Repository/Products/Searching Failed/a_Products' is clicked on

2023-07-12 16:46:51 - [MESSAGE][PASSED] - Object: 'Object Repository/Products/Searching Failed/a_Products' is clicked on

2023-07-12 16:46:51 - [TEST_STEP][PASSED] - getText(findTestObject("Object Repository/Products/Searching Failed/div_List Products BliCicil Admin as        _565225")): Text of object 'Object Repository/Products/Searching Failed/div_List Products BliCicil Admin as        _565225' is: 'List Products BliCicil Admin as
New Product'

2023-07-12 16:46:52 - [MESSAGE][PASSED] - Text of object 'Object Repository/Products/Searching Failed/div_List Products BliCicil Admin as        _565225' is: 'List Products BliCicil Admin as
New Product'

2023-07-12 16:46:52 - [TEST_STEP][PASSED] - setText(findTestObject("Object Repository/Products/Searching Failed/input_Search_form-control form-control-sm"), "12345"): Text '12345' is set on object 'Object Repository/Products/Searching Failed/input_Search_form-control form-control-sm'

2023-07-12 16:46:53 - [MESSAGE][PASSED] - Text '12345' is set on object 'Object Repository/Products/Searching Failed/input_Search_form-control form-control-sm'

2023-07-12 16:46:53 - [TEST_STEP][PASSED] - sendKeys(findTestObject("Object Repository/Products/Searching Failed/input_Search_form-control form-control-sm"), Keys.chord(ENTER)): Keys 'ENTER + ' sent to object: 'Object Repository/Products/Searching Failed/input_Search_form-control form-control-sm'

2023-07-12 16:46:53 - [MESSAGE][PASSED] - Keys 'ENTER + ' sent to object: 'Object Repository/Products/Searching Failed/input_Search_form-control form-control-sm'

2023-07-12 16:46:53 - [TEST_STEP][PASSED] - setText(findTestObject("Object Repository/Products/Searching Failed/input_Search_form-control form-control-sm"), "MI"): Text 'MI' is set on object 'Object Repository/Products/Searching Failed/input_Search_form-control form-control-sm'

2023-07-12 16:46:54 - [MESSAGE][PASSED] - Text 'MI' is set on object 'Object Repository/Products/Searching Failed/input_Search_form-control form-control-sm'

2023-07-12 16:46:54 - [TEST_STEP][PASSED] - sendKeys(findTestObject("Object Repository/Products/Searching Failed/input_Search_form-control form-control-sm"), Keys.chord(ENTER)): Keys 'ENTER + ' sent to object: 'Object Repository/Products/Searching Failed/input_Search_form-control form-control-sm'

2023-07-12 16:46:55 - [MESSAGE][PASSED] - Keys 'ENTER + ' sent to object: 'Object Repository/Products/Searching Failed/input_Search_form-control form-control-sm'

2023-07-12 16:46:55 - [TEST_STEP][PASSED] - closeBrowser(): Browser is closed

2023-07-12 16:46:55 - [MESSAGE][PASSED] - Browser is closed]]></system-out>
         <system-err><![CDATA[]]></system-err>
      </testcase>
      <testcase name="Test Cases/Products/Searching Success" time="13.563" classname="Test Cases/Products/Searching Success" status="PASSED">
         <system-out><![CDATA[2023-07-12 16:46:55 - [TEST_CASE][PASSED] - Test Cases/Products/Searching Success: Test Cases/Products/Searching Success

2023-07-12 16:46:56 - [TEST_STEP][PASSED] - openBrowser(""): Browser is opened with url: ''

2023-07-12 16:46:56 - [MESSAGE][INFO] - Starting 'Chrome' driver

2023-07-12 16:46:56 - [MESSAGE][INFO] - User set preference: ['args', '[--start-maximized]']

2023-07-12 16:46:56 - [MESSAGE][INFO] - Action delay is set to 0 milliseconds

2023-07-12 16:46:58 - [MESSAGE][PASSED] - Browser is opened with url: ''

2023-07-12 16:46:58 - [TEST_STEP][PASSED] - maximizeWindow(): Current window maximized

2023-07-12 16:46:58 - [MESSAGE][PASSED] - Current window maximized

2023-07-12 16:46:58 - [TEST_STEP][PASSED] - navigateToUrl("https://uat-dashboard.blicicil.com/auth/login"): Navigate to 'https://uat-dashboard.blicicil.com/auth/login' successfully

2023-07-12 16:47:00 - [MESSAGE][PASSED] - Navigate to 'https://uat-dashboard.blicicil.com/auth/login' successfully

2023-07-12 16:47:00 - [TEST_STEP][PASSED] - setText(findTestObject("Object Repository/Products/Searching Success/input_Email_email"), "eva.mayadila@megafinance.co.id"): Text 'eva.mayadila@megafinance.co.id' is set on object 'Object Repository/Products/Searching Success/input_Email_email'

2023-07-12 16:47:01 - [MESSAGE][PASSED] - Text 'eva.mayadila@megafinance.co.id' is set on object 'Object Repository/Products/Searching Success/input_Email_email'

2023-07-12 16:47:01 - [TEST_STEP][PASSED] - setEncryptedText(findTestObject("Object Repository/Products/Searching Success/input_Password_password"), "aeHFOx8jV/A="): Text ****** has been set on object 'Object Repository/Products/Searching Success/input_Password_password'

2023-07-12 16:47:01 - [MESSAGE][PASSED] - Text ****** has been set on object 'Object Repository/Products/Searching Success/input_Password_password'

2023-07-12 16:47:01 - [TEST_STEP][PASSED] - click(findTestObject("Object Repository/Products/Searching Success/button_Login")): Object: 'Object Repository/Products/Searching Success/button_Login' is clicked on

2023-07-12 16:47:02 - [MESSAGE][PASSED] - Object: 'Object Repository/Products/Searching Success/button_Login' is clicked on

2023-07-12 16:47:02 - [TEST_STEP][PASSED] - click(findTestObject("Object Repository/Products/Searching Success/a_Products")): Object: 'Object Repository/Products/Searching Success/a_Products' is clicked on

2023-07-12 16:47:05 - [MESSAGE][PASSED] - Object: 'Object Repository/Products/Searching Success/a_Products' is clicked on

2023-07-12 16:47:05 - [TEST_STEP][PASSED] - getText(findTestObject("Object Repository/Products/Searching Success/div_List Products BliCicil Admin as        _565225")): Text of object 'Object Repository/Products/Searching Success/div_List Products BliCicil Admin as        _565225' is: 'List Products BliCicil Admin as
New Product'

2023-07-12 16:47:05 - [MESSAGE][PASSED] - Text of object 'Object Repository/Products/Searching Success/div_List Products BliCicil Admin as        _565225' is: 'List Products BliCicil Admin as
New Product'

2023-07-12 16:47:05 - [TEST_STEP][PASSED] - setText(findTestObject("Object Repository/Products/Searching Success/input_Search_form-control form-control-sm"), "Elektronik"): Text 'Elektronik' is set on object 'Object Repository/Products/Searching Success/input_Search_form-control form-control-sm'

2023-07-12 16:47:06 - [MESSAGE][PASSED] - Text 'Elektronik' is set on object 'Object Repository/Products/Searching Success/input_Search_form-control form-control-sm'

2023-07-12 16:47:06 - [TEST_STEP][PASSED] - sendKeys(findTestObject("Object Repository/Products/Searching Success/input_Search_form-control form-control-sm"), Keys.chord(ENTER)): Keys 'ENTER + ' sent to object: 'Object Repository/Products/Searching Success/input_Search_form-control form-control-sm'

2023-07-12 16:47:07 - [MESSAGE][PASSED] - Keys 'ENTER + ' sent to object: 'Object Repository/Products/Searching Success/input_Search_form-control form-control-sm'

2023-07-12 16:47:07 - [TEST_STEP][PASSED] - setText(findTestObject("Object Repository/Products/Searching Success/input_Search_form-control form-control-sm"), "Mo"): Text 'Mo' is set on object 'Object Repository/Products/Searching Success/input_Search_form-control form-control-sm'

2023-07-12 16:47:08 - [MESSAGE][PASSED] - Text 'Mo' is set on object 'Object Repository/Products/Searching Success/input_Search_form-control form-control-sm'

2023-07-12 16:47:08 - [TEST_STEP][PASSED] - sendKeys(findTestObject("Object Repository/Products/Searching Success/input_Search_form-control form-control-sm"), Keys.chord(ENTER)): Keys 'ENTER + ' sent to object: 'Object Repository/Products/Searching Success/input_Search_form-control form-control-sm'

2023-07-12 16:47:08 - [MESSAGE][PASSED] - Keys 'ENTER + ' sent to object: 'Object Repository/Products/Searching Success/input_Search_form-control form-control-sm'

2023-07-12 16:47:08 - [TEST_STEP][PASSED] - closeBrowser(): Browser is closed

2023-07-12 16:47:09 - [MESSAGE][PASSED] - Browser is closed]]></system-out>
         <system-err><![CDATA[]]></system-err>
      </testcase>
      <system-out><![CDATA[2023-07-12 16:46:24 - [TEST_SUITE][PASSED] - Product: Test Cases/Products/Searching Success]]></system-out>
      <system-err><![CDATA[]]></system-err>
   </testsuite>
</testsuites>
