<?xml version="1.0" encoding="UTF-8"?>
<testsuites name="Master Toko" time="25.94" tests="1" failures="0" errors="0">
   <testsuite name="Master Toko" tests="1" failures="0" errors="0" time="25.94" skipped="0" timestamp="2023-07-06 15:36:06" hostname="202102359 - KPO-Blicicil.pdc.megafinance.co.id" id="Test Suites/Master Toko">
      <properties>
         <property name="deviceName" value=""/>
         <property name="devicePlatform" value=""/>
         <property name="logFolder" value="C:\\Users\\202102359\\git\\blicicil-dashboard-uat\\Reports\\20230706_153603\\Master Toko\\20230706_153604"/>
         <property name="logFiles" value="C:\\Users\\202102359\\git\\blicicil-dashboard-uat\\Reports\\20230706_153603\\Master Toko\\20230706_153604\\execution0.log"/>
         <property name="attachments" value=""/>
         <property name="hostName" value="202102359 - KPO-Blicicil.pdc.megafinance.co.id"/>
         <property name="os" value="Windows 10 64bit"/>
         <property name="katalonVersion" value="8.6.0.208"/>
         <property name="browser" value="Chrome 114.0.0.0"/>
         <property name="hostAddress" value="192.168.16.53"/>
         <property name="sessionId" value="f1741cc72876c5b9040e7e3fec79d41d"/>
         <property name="seleniumVersion" value="3.141.59"/>
         <property name="proxyInformation" value="ProxyInformation { proxyOption=NO_PROXY, proxyServerType=HTTP, username=, password=********, proxyServerAddress=, proxyServerPort=0, executionList=&quot;&quot;, isApplyToDesiredCapabilities=true }"/>
         <property name="platform" value="Windows 10"/>
      </properties>
      <testcase name="Test Cases/Master Toko/Success/Searching" time="25.704" classname="Test Cases/Master Toko/Success/Searching" status="PASSED">
         <system-out><![CDATA[2023-07-06 15:36:07 - [TEST_CASE][PASSED] - Test Cases/Master Toko/Success/Searching: Test Cases/Master Toko/Success/Searching

2023-07-06 15:36:07 - [TEST_STEP][PASSED] - openBrowser(""): Browser is opened with url: ''

2023-07-06 15:36:07 - [MESSAGE][INFO] - Starting 'Chrome' driver

2023-07-06 15:36:07 - [MESSAGE][INFO] - User set preference: ['args', '[--start-maximized]']

2023-07-06 15:36:07 - [MESSAGE][INFO] - Action delay is set to 0 milliseconds

2023-07-06 15:36:09 - [MESSAGE][PASSED] - Browser is opened with url: ''

2023-07-06 15:36:09 - [TEST_STEP][PASSED] - maximizeWindow(): Current window maximized

2023-07-06 15:36:09 - [MESSAGE][PASSED] - Current window maximized

2023-07-06 15:36:09 - [TEST_STEP][PASSED] - navigateToUrl("https://uat-dashboard.blicicil.com/auth/login"): Navigate to 'https://uat-dashboard.blicicil.com/auth/login' successfully

2023-07-06 15:36:10 - [MESSAGE][PASSED] - Navigate to 'https://uat-dashboard.blicicil.com/auth/login' successfully

2023-07-06 15:36:10 - [TEST_STEP][PASSED] - setText(findTestObject("Object Repository/Master Toko/Searching Success/input_Email_email"), "eva.mayadila@megafinance.co.id"): Text 'eva.mayadila@megafinance.co.id' is set on object 'Object Repository/Master Toko/Searching Success/input_Email_email'

2023-07-06 15:36:12 - [MESSAGE][PASSED] - Text 'eva.mayadila@megafinance.co.id' is set on object 'Object Repository/Master Toko/Searching Success/input_Email_email'

2023-07-06 15:36:12 - [TEST_STEP][PASSED] - setEncryptedText(findTestObject("Object Repository/Master Toko/Searching Success/input_Password_password"), "aeHFOx8jV/A="): Text ****** has been set on object 'Object Repository/Master Toko/Searching Success/input_Password_password'

2023-07-06 15:36:12 - [MESSAGE][PASSED] - Text ****** has been set on object 'Object Repository/Master Toko/Searching Success/input_Password_password'

2023-07-06 15:36:12 - [TEST_STEP][PASSED] - click(findTestObject("Object Repository/Master Toko/Searching Success/button_Login")): Object: 'Object Repository/Master Toko/Searching Success/button_Login' is clicked on

2023-07-06 15:36:13 - [MESSAGE][PASSED] - Object: 'Object Repository/Master Toko/Searching Success/button_Login' is clicked on

2023-07-06 15:36:13 - [TEST_STEP][PASSED] - click(findTestObject("Object Repository/Master Toko/Searching Success/a_Master")): Object: 'Object Repository/Master Toko/Searching Success/a_Master' is clicked on

2023-07-06 15:36:14 - [MESSAGE][PASSED] - Object: 'Object Repository/Master Toko/Searching Success/a_Master' is clicked on

2023-07-06 15:36:14 - [TEST_STEP][PASSED] - click(findTestObject("Object Repository/Master Toko/Searching Success/a_Toko")): Object: 'Object Repository/Master Toko/Searching Success/a_Toko' is clicked on

2023-07-06 15:36:15 - [MESSAGE][PASSED] - Object: 'Object Repository/Master Toko/Searching Success/a_Toko' is clicked on

2023-07-06 15:36:15 - [TEST_STEP][PASSED] - selectOptionByValue(findTestObject("Object Repository/Master Toko/Searching Success/select_Search by                           _752fd7"), "store_name", true): All options with value 'store_name' are selected in object 'Object Repository/Master Toko/Searching Success/select_Search by                           _752fd7'  using regular expression

2023-07-06 15:36:17 - [MESSAGE][PASSED] - All options with value 'store_name' are selected in object 'Object Repository/Master Toko/Searching Success/select_Search by                           _752fd7'  using regular expression

2023-07-06 15:36:17 - [TEST_STEP][PASSED] - setText(findTestObject("Object Repository/Master Toko/Searching Success/input_New Toko_filterSearch"), "Furniture"): Text 'Furniture' is set on object 'Object Repository/Master Toko/Searching Success/input_New Toko_filterSearch'

2023-07-06 15:36:18 - [MESSAGE][PASSED] - Text 'Furniture' is set on object 'Object Repository/Master Toko/Searching Success/input_New Toko_filterSearch'

2023-07-06 15:36:18 - [TEST_STEP][PASSED] - sendKeys(findTestObject("Object Repository/Master Toko/Searching Success/input_New Toko_filterSearch"), Keys.chord(ENTER)): Keys 'ENTER + ' sent to object: 'Object Repository/Master Toko/Searching Success/input_New Toko_filterSearch'

2023-07-06 15:36:18 - [MESSAGE][PASSED] - Keys 'ENTER + ' sent to object: 'Object Repository/Master Toko/Searching Success/input_New Toko_filterSearch'

2023-07-06 15:36:18 - [TEST_STEP][PASSED] - setText(findTestObject("Object Repository/Master Toko/Searching Success/input_New Toko_filterSearch"), "Electronic"): Text 'Electronic' is set on object 'Object Repository/Master Toko/Searching Success/input_New Toko_filterSearch'

2023-07-06 15:36:20 - [MESSAGE][PASSED] - Text 'Electronic' is set on object 'Object Repository/Master Toko/Searching Success/input_New Toko_filterSearch'

2023-07-06 15:36:20 - [TEST_STEP][PASSED] - sendKeys(findTestObject("Object Repository/Master Toko/Searching Success/input_New Toko_filterSearch"), Keys.chord(ENTER)): Keys 'ENTER + ' sent to object: 'Object Repository/Master Toko/Searching Success/input_New Toko_filterSearch'

2023-07-06 15:36:20 - [MESSAGE][PASSED] - Keys 'ENTER + ' sent to object: 'Object Repository/Master Toko/Searching Success/input_New Toko_filterSearch'

2023-07-06 15:36:20 - [TEST_STEP][PASSED] - refresh(): Refresh successfully

2023-07-06 15:36:21 - [MESSAGE][PASSED] - Refresh successfully

2023-07-06 15:36:21 - [TEST_STEP][PASSED] - selectOptionByValue(findTestObject("Object Repository/Master Toko/Searching Success/select_Search by                           _752fd7"), "dealer_code", true): All options with value 'dealer_code' are selected in object 'Object Repository/Master Toko/Searching Success/select_Search by                           _752fd7'  using regular expression

2023-07-06 15:36:22 - [MESSAGE][PASSED] - All options with value 'dealer_code' are selected in object 'Object Repository/Master Toko/Searching Success/select_Search by                           _752fd7'  using regular expression

2023-07-06 15:36:22 - [TEST_STEP][PASSED] - setText(findTestObject("Object Repository/Master Toko/Searching Success/input_New Toko_filterSearch"), "ERF"): Text 'ERF' is set on object 'Object Repository/Master Toko/Searching Success/input_New Toko_filterSearch'

2023-07-06 15:36:23 - [MESSAGE][PASSED] - Text 'ERF' is set on object 'Object Repository/Master Toko/Searching Success/input_New Toko_filterSearch'

2023-07-06 15:36:23 - [TEST_STEP][PASSED] - sendKeys(findTestObject("Object Repository/Master Toko/Searching Success/input_New Toko_filterSearch"), Keys.chord(ENTER)): Keys 'ENTER + ' sent to object: 'Object Repository/Master Toko/Searching Success/input_New Toko_filterSearch'

2023-07-06 15:36:24 - [MESSAGE][PASSED] - Keys 'ENTER + ' sent to object: 'Object Repository/Master Toko/Searching Success/input_New Toko_filterSearch'

2023-07-06 15:36:24 - [TEST_STEP][PASSED] - click(findTestObject("Object Repository/Master Toko/Searching Success/a_4")): Object: 'Object Repository/Master Toko/Searching Success/a_4' is clicked on

2023-07-06 15:36:24 - [MESSAGE][PASSED] - Object: 'Object Repository/Master Toko/Searching Success/a_4' is clicked on

2023-07-06 15:36:24 - [TEST_STEP][PASSED] - click(findTestObject("Object Repository/Master Toko/Searching Success/a_Next")): Object: 'Object Repository/Master Toko/Searching Success/a_Next' is clicked on

2023-07-06 15:36:25 - [MESSAGE][PASSED] - Object: 'Object Repository/Master Toko/Searching Success/a_Next' is clicked on

2023-07-06 15:36:25 - [TEST_STEP][PASSED] - click(findTestObject("Object Repository/Master Toko/Searching Success/a_Previous")): Object: 'Object Repository/Master Toko/Searching Success/a_Previous' is clicked on

2023-07-06 15:36:25 - [MESSAGE][PASSED] - Object: 'Object Repository/Master Toko/Searching Success/a_Previous' is clicked on

2023-07-06 15:36:25 - [TEST_STEP][PASSED] - click(findTestObject("Object Repository/Master Toko/Searching Success/button_Deactivate")): Object: 'Object Repository/Master Toko/Searching Success/button_Deactivate' is clicked on

2023-07-06 15:36:26 - [MESSAGE][PASSED] - Object: 'Object Repository/Master Toko/Searching Success/button_Deactivate' is clicked on

2023-07-06 15:36:26 - [TEST_STEP][PASSED] - click(findTestObject("Object Repository/Master Toko/Searching Success/button_No")): Object: 'Object Repository/Master Toko/Searching Success/button_No' is clicked on

2023-07-06 15:36:26 - [MESSAGE][PASSED] - Object: 'Object Repository/Master Toko/Searching Success/button_No' is clicked on

2023-07-06 15:36:26 - [TEST_STEP][PASSED] - click(findTestObject("Object Repository/Master Toko/Searching Success/button_Deactivate")): Object: 'Object Repository/Master Toko/Searching Success/button_Deactivate' is clicked on

2023-07-06 15:36:27 - [MESSAGE][PASSED] - Object: 'Object Repository/Master Toko/Searching Success/button_Deactivate' is clicked on

2023-07-06 15:36:27 - [TEST_STEP][PASSED] - click(findTestObject("Object Repository/Master Toko/Searching Success/button_Yes")): Object: 'Object Repository/Master Toko/Searching Success/button_Yes' is clicked on

2023-07-06 15:36:28 - [MESSAGE][PASSED] - Object: 'Object Repository/Master Toko/Searching Success/button_Yes' is clicked on

2023-07-06 15:36:28 - [TEST_STEP][PASSED] - click(findTestObject("Object Repository/Master Toko/Searching Success/a_4")): Object: 'Object Repository/Master Toko/Searching Success/a_4' is clicked on

2023-07-06 15:36:29 - [MESSAGE][PASSED] - Object: 'Object Repository/Master Toko/Searching Success/a_4' is clicked on

2023-07-06 15:36:29 - [TEST_STEP][PASSED] - click(findTestObject("Object Repository/Master Toko/Searching Success/button_Activate")): Object: 'Object Repository/Master Toko/Searching Success/button_Activate' is clicked on

2023-07-06 15:36:29 - [MESSAGE][PASSED] - Object: 'Object Repository/Master Toko/Searching Success/button_Activate' is clicked on

2023-07-06 15:36:29 - [TEST_STEP][PASSED] - click(findTestObject("Object Repository/Master Toko/Searching Success/button_No")): Object: 'Object Repository/Master Toko/Searching Success/button_No' is clicked on

2023-07-06 15:36:30 - [MESSAGE][PASSED] - Object: 'Object Repository/Master Toko/Searching Success/button_No' is clicked on

2023-07-06 15:36:30 - [TEST_STEP][PASSED] - click(findTestObject("Object Repository/Master Toko/Searching Success/button_Activate")): Object: 'Object Repository/Master Toko/Searching Success/button_Activate' is clicked on

2023-07-06 15:36:30 - [MESSAGE][PASSED] - Object: 'Object Repository/Master Toko/Searching Success/button_Activate' is clicked on

2023-07-06 15:36:30 - [TEST_STEP][PASSED] - click(findTestObject("Object Repository/Master Toko/Searching Success/button_Yes")): Object: 'Object Repository/Master Toko/Searching Success/button_Yes' is clicked on

2023-07-06 15:36:31 - [MESSAGE][PASSED] - Object: 'Object Repository/Master Toko/Searching Success/button_Yes' is clicked on

2023-07-06 15:36:31 - [TEST_STEP][PASSED] - click(findTestObject("Object Repository/Master Toko/Searching Success/a_4")): Object: 'Object Repository/Master Toko/Searching Success/a_4' is clicked on

2023-07-06 15:36:31 - [MESSAGE][PASSED] - Object: 'Object Repository/Master Toko/Searching Success/a_4' is clicked on

2023-07-06 15:36:31 - [TEST_STEP][PASSED] - closeBrowser(): Browser is closed

2023-07-06 15:36:32 - [MESSAGE][PASSED] - Browser is closed]]></system-out>
         <system-err><![CDATA[]]></system-err>
      </testcase>
      <system-out><![CDATA[2023-07-06 15:36:06 - [TEST_SUITE][PASSED] - Master Toko: Test Cases/Master Toko/Success/Searching]]></system-out>
      <system-err><![CDATA[]]></system-err>
   </testsuite>
</testsuites>
