<?xml version="1.0" encoding="UTF-8"?>
<testsuites name="Special Offers" time="58.022" tests="3" failures="0" errors="0">
   <testsuite name="Special Offers" tests="3" failures="0" errors="0" time="58.022" skipped="0" timestamp="2023-07-20 14:51:50" hostname="202102359 - KPO-Blicicil.pdc.megafinance.co.id" id="Test Suites/Special Offers">
      <properties>
         <property name="deviceName" value=""/>
         <property name="devicePlatform" value=""/>
         <property name="logFolder" value="C:\\Users\\202102359\\git\\blicicil-dashboard-uat\\Reports\\20230720_145146\\Special Offers\\20230720_145146"/>
         <property name="logFiles" value="C:\\Users\\202102359\\git\\blicicil-dashboard-uat\\Reports\\20230720_145146\\Special Offers\\20230720_145146\\execution0.log"/>
         <property name="attachments" value=""/>
         <property name="hostName" value="202102359 - KPO-Blicicil.pdc.megafinance.co.id"/>
         <property name="os" value="Windows 10 64bit"/>
         <property name="katalonVersion" value="8.6.0.208"/>
         <property name="browser" value="Chrome 114.0.0.0"/>
         <property name="hostAddress" value="192.168.16.53"/>
         <property name="sessionId" value="aa8af761b9c9386e28e0c0e1905fc9bd"/>
         <property name="seleniumVersion" value="3.141.59"/>
         <property name="proxyInformation" value="ProxyInformation { proxyOption=NO_PROXY, proxyServerType=HTTP, username=, password=********, proxyServerAddress=, proxyServerPort=0, executionList=&quot;&quot;, isApplyToDesiredCapabilities=true }"/>
         <property name="platform" value="Windows 10"/>
      </properties>
      <testcase name="Test Cases/Special Offers/Beranda" time="22.242" classname="Test Cases/Special Offers/Beranda" status="PASSED">
         <system-out><![CDATA[2023-07-20 14:51:50 - [TEST_CASE][PASSED] - Test Cases/Special Offers/Beranda: Test Cases/Special Offers/Beranda

2023-07-20 14:51:50 - [TEST_STEP][PASSED] - openBrowser(""): Browser is opened with url: ''

2023-07-20 14:51:51 - [MESSAGE][INFO] - Starting 'Chrome' driver

2023-07-20 14:51:51 - [MESSAGE][INFO] - User set preference: ['args', '[--start-maximized]']

2023-07-20 14:51:51 - [MESSAGE][INFO] - Action delay is set to 0 milliseconds

2023-07-20 14:51:53 - [MESSAGE][PASSED] - Browser is opened with url: ''

2023-07-20 14:51:53 - [TEST_STEP][PASSED] - maximizeWindow(): Current window maximized

2023-07-20 14:51:53 - [MESSAGE][PASSED] - Current window maximized

2023-07-20 14:51:53 - [TEST_STEP][PASSED] - navigateToUrl("https://uat-dashboard.blicicil.com/auth/login"): Navigate to 'https://uat-dashboard.blicicil.com/auth/login' successfully

2023-07-20 14:51:53 - [MESSAGE][PASSED] - Navigate to 'https://uat-dashboard.blicicil.com/auth/login' successfully

2023-07-20 14:51:53 - [TEST_STEP][PASSED] - setText(findTestObject("Object Repository/Special Offers/Beranda/input_Email_email"), "eva.mayadila@megafinance.co.id"): Text 'eva.mayadila@megafinance.co.id' is set on object 'Object Repository/Special Offers/Beranda/input_Email_email'

2023-07-20 14:51:54 - [MESSAGE][PASSED] - Text 'eva.mayadila@megafinance.co.id' is set on object 'Object Repository/Special Offers/Beranda/input_Email_email'

2023-07-20 14:51:54 - [TEST_STEP][PASSED] - setEncryptedText(findTestObject("Object Repository/Special Offers/Beranda/input_Password_password"), "aeHFOx8jV/A="): Text ****** has been set on object 'Object Repository/Special Offers/Beranda/input_Password_password'

2023-07-20 14:51:55 - [MESSAGE][PASSED] - Text ****** has been set on object 'Object Repository/Special Offers/Beranda/input_Password_password'

2023-07-20 14:51:55 - [TEST_STEP][PASSED] - click(findTestObject("Object Repository/Special Offers/Beranda/button_Login")): Object: 'Object Repository/Special Offers/Beranda/button_Login' is clicked on

2023-07-20 14:51:55 - [MESSAGE][PASSED] - Object: 'Object Repository/Special Offers/Beranda/button_Login' is clicked on

2023-07-20 14:51:55 - [TEST_STEP][PASSED] - click(findTestObject("Object Repository/Special Offers/Beranda/a_Special Offers")): Object: 'Object Repository/Special Offers/Beranda/a_Special Offers' is clicked on

2023-07-20 14:51:57 - [MESSAGE][PASSED] - Object: 'Object Repository/Special Offers/Beranda/a_Special Offers' is clicked on

2023-07-20 14:51:57 - [TEST_STEP][PASSED] - click(findTestObject("Object Repository/Special Offers/Beranda/a_2")): Object: 'Object Repository/Special Offers/Beranda/a_2' is clicked on

2023-07-20 14:51:58 - [MESSAGE][PASSED] - Object: 'Object Repository/Special Offers/Beranda/a_2' is clicked on

2023-07-20 14:51:58 - [TEST_STEP][PASSED] - click(findTestObject("Object Repository/Special Offers/Beranda/a_Previous")): Object: 'Object Repository/Special Offers/Beranda/a_Previous' is clicked on

2023-07-20 14:51:59 - [MESSAGE][PASSED] - Object: 'Object Repository/Special Offers/Beranda/a_Previous' is clicked on

2023-07-20 14:51:59 - [TEST_STEP][PASSED] - click(findTestObject("Object Repository/Special Offers/Beranda/a_Next")): Object: 'Object Repository/Special Offers/Beranda/a_Next' is clicked on

2023-07-20 14:51:59 - [MESSAGE][PASSED] - Object: 'Object Repository/Special Offers/Beranda/a_Next' is clicked on

2023-07-20 14:51:59 - [TEST_STEP][PASSED] - delay(1): Delayed 1 second(s)

2023-07-20 14:52:00 - [MESSAGE][PASSED] - Delayed 1 second(s)

2023-07-20 14:52:00 - [TEST_STEP][PASSED] - click(findTestObject("Object Repository/Special Offers/Beranda/button_Publish")): Object: 'Object Repository/Special Offers/Beranda/button_Publish' is clicked on

2023-07-20 14:52:01 - [MESSAGE][PASSED] - Object: 'Object Repository/Special Offers/Beranda/button_Publish' is clicked on

2023-07-20 14:52:01 - [TEST_STEP][PASSED] - click(findTestObject("Object Repository/Special Offers/Beranda/button_No")): Object: 'Object Repository/Special Offers/Beranda/button_No' is clicked on

2023-07-20 14:52:01 - [MESSAGE][PASSED] - Object: 'Object Repository/Special Offers/Beranda/button_No' is clicked on

2023-07-20 14:52:01 - [TEST_STEP][PASSED] - click(findTestObject("Object Repository/Special Offers/Beranda/button_Publish")): Object: 'Object Repository/Special Offers/Beranda/button_Publish' is clicked on

2023-07-20 14:52:02 - [MESSAGE][PASSED] - Object: 'Object Repository/Special Offers/Beranda/button_Publish' is clicked on

2023-07-20 14:52:02 - [TEST_STEP][PASSED] - click(findTestObject("Object Repository/Special Offers/Beranda/button_Yes")): Object: 'Object Repository/Special Offers/Beranda/button_Yes' is clicked on

2023-07-20 14:52:03 - [MESSAGE][PASSED] - Object: 'Object Repository/Special Offers/Beranda/button_Yes' is clicked on

2023-07-20 14:52:03 - [TEST_STEP][PASSED] - delay(2): Delayed 2 second(s)

2023-07-20 14:52:05 - [MESSAGE][PASSED] - Delayed 2 second(s)

2023-07-20 14:52:05 - [TEST_STEP][PASSED] - click(findTestObject("Object Repository/Special Offers/Beranda/a_2")): Object: 'Object Repository/Special Offers/Beranda/a_2' is clicked on

2023-07-20 14:52:07 - [MESSAGE][PASSED] - Object: 'Object Repository/Special Offers/Beranda/a_2' is clicked on

2023-07-20 14:52:07 - [TEST_STEP][PASSED] - click(findTestObject("Object Repository/Special Offers/Beranda/button_Unpublish")): Object: 'Object Repository/Special Offers/Beranda/button_Unpublish' is clicked on

2023-07-20 14:52:08 - [MESSAGE][PASSED] - Object: 'Object Repository/Special Offers/Beranda/button_Unpublish' is clicked on

2023-07-20 14:52:08 - [TEST_STEP][PASSED] - click(findTestObject("Object Repository/Special Offers/Beranda/button_No")): Object: 'Object Repository/Special Offers/Beranda/button_No' is clicked on

2023-07-20 14:52:08 - [MESSAGE][PASSED] - Object: 'Object Repository/Special Offers/Beranda/button_No' is clicked on

2023-07-20 14:52:08 - [TEST_STEP][PASSED] - click(findTestObject("Object Repository/Special Offers/Beranda/button_Unpublish")): Object: 'Object Repository/Special Offers/Beranda/button_Unpublish' is clicked on

2023-07-20 14:52:09 - [MESSAGE][PASSED] - Object: 'Object Repository/Special Offers/Beranda/button_Unpublish' is clicked on

2023-07-20 14:52:09 - [TEST_STEP][PASSED] - click(findTestObject("Object Repository/Special Offers/Beranda/button_Yes")): Object: 'Object Repository/Special Offers/Beranda/button_Yes' is clicked on

2023-07-20 14:52:10 - [MESSAGE][PASSED] - Object: 'Object Repository/Special Offers/Beranda/button_Yes' is clicked on

2023-07-20 14:52:10 - [TEST_STEP][PASSED] - delay(2): Delayed 2 second(s)

2023-07-20 14:52:12 - [MESSAGE][PASSED] - Delayed 2 second(s)

2023-07-20 14:52:12 - [TEST_STEP][PASSED] - closeBrowser(): Browser is closed

2023-07-20 14:52:12 - [MESSAGE][PASSED] - Browser is closed]]></system-out>
         <system-err><![CDATA[]]></system-err>
      </testcase>
      <testcase name="Test Cases/Special Offers/Searching Failed" time="11.84" classname="Test Cases/Special Offers/Searching Failed" status="PASSED">
         <system-out><![CDATA[2023-07-20 14:52:12 - [TEST_CASE][PASSED] - Test Cases/Special Offers/Searching Failed: Test Cases/Special Offers/Searching Failed

2023-07-20 14:52:13 - [TEST_STEP][PASSED] - openBrowser(""): Browser is opened with url: ''

2023-07-20 14:52:13 - [MESSAGE][INFO] - Starting 'Chrome' driver

2023-07-20 14:52:13 - [MESSAGE][INFO] - User set preference: ['args', '[--start-maximized]']

2023-07-20 14:52:13 - [MESSAGE][INFO] - Action delay is set to 0 milliseconds

2023-07-20 14:52:14 - [MESSAGE][PASSED] - Browser is opened with url: ''

2023-07-20 14:52:14 - [TEST_STEP][PASSED] - maximizeWindow(): Current window maximized

2023-07-20 14:52:14 - [MESSAGE][PASSED] - Current window maximized

2023-07-20 14:52:14 - [TEST_STEP][PASSED] - navigateToUrl("https://uat-dashboard.blicicil.com/auth/login"): Navigate to 'https://uat-dashboard.blicicil.com/auth/login' successfully

2023-07-20 14:52:15 - [MESSAGE][PASSED] - Navigate to 'https://uat-dashboard.blicicil.com/auth/login' successfully

2023-07-20 14:52:15 - [TEST_STEP][PASSED] - setText(findTestObject("Object Repository/Special Offers/Searching Failed/input_Email_email"), "eva.mayadila@megafinance.co.id"): Text 'eva.mayadila@megafinance.co.id' is set on object 'Object Repository/Special Offers/Searching Failed/input_Email_email'

2023-07-20 14:52:16 - [MESSAGE][PASSED] - Text 'eva.mayadila@megafinance.co.id' is set on object 'Object Repository/Special Offers/Searching Failed/input_Email_email'

2023-07-20 14:52:16 - [TEST_STEP][PASSED] - setEncryptedText(findTestObject("Object Repository/Special Offers/Searching Failed/input_Password_password"), "aeHFOx8jV/A="): Text ****** has been set on object 'Object Repository/Special Offers/Searching Failed/input_Password_password'

2023-07-20 14:52:17 - [MESSAGE][PASSED] - Text ****** has been set on object 'Object Repository/Special Offers/Searching Failed/input_Password_password'

2023-07-20 14:52:17 - [TEST_STEP][PASSED] - click(findTestObject("Object Repository/Special Offers/Searching Failed/button_Login")): Object: 'Object Repository/Special Offers/Searching Failed/button_Login' is clicked on

2023-07-20 14:52:17 - [MESSAGE][PASSED] - Object: 'Object Repository/Special Offers/Searching Failed/button_Login' is clicked on

2023-07-20 14:52:17 - [TEST_STEP][PASSED] - click(findTestObject("Object Repository/Special Offers/Searching Failed/a_Special Offers")): Object: 'Object Repository/Special Offers/Searching Failed/a_Special Offers' is clicked on

2023-07-20 14:52:19 - [MESSAGE][PASSED] - Object: 'Object Repository/Special Offers/Searching Failed/a_Special Offers' is clicked on

2023-07-20 14:52:19 - [TEST_STEP][PASSED] - setText(findTestObject("Object Repository/Special Offers/Searching Failed/input_Search_form-control form-control-sm"), "motor baru"): Text 'motor baru' is set on object 'Object Repository/Special Offers/Searching Failed/input_Search_form-control form-control-sm'

2023-07-20 14:52:21 - [MESSAGE][PASSED] - Text 'motor baru' is set on object 'Object Repository/Special Offers/Searching Failed/input_Search_form-control form-control-sm'

2023-07-20 14:52:21 - [TEST_STEP][PASSED] - sendKeys(findTestObject("Object Repository/Special Offers/Searching Failed/input_Search_form-control form-control-sm"), Keys.chord(ENTER)): Keys 'ENTER + ' sent to object: 'Object Repository/Special Offers/Searching Failed/input_Search_form-control form-control-sm'

2023-07-20 14:52:21 - [MESSAGE][PASSED] - Keys 'ENTER + ' sent to object: 'Object Repository/Special Offers/Searching Failed/input_Search_form-control form-control-sm'

2023-07-20 14:52:21 - [TEST_STEP][PASSED] - refresh(): Refresh successfully

2023-07-20 14:52:22 - [MESSAGE][PASSED] - Refresh successfully

2023-07-20 14:52:22 - [TEST_STEP][PASSED] - setText(findTestObject("Object Repository/Special Offers/Searching Failed/input_Search_form-control form-control-sm"), "city"): Text 'city' is set on object 'Object Repository/Special Offers/Searching Failed/input_Search_form-control form-control-sm'

2023-07-20 14:52:23 - [MESSAGE][PASSED] - Text 'city' is set on object 'Object Repository/Special Offers/Searching Failed/input_Search_form-control form-control-sm'

2023-07-20 14:52:23 - [TEST_STEP][PASSED] - sendKeys(findTestObject("Object Repository/Special Offers/Searching Failed/input_Search_form-control form-control-sm"), Keys.chord(ENTER)): Keys 'ENTER + ' sent to object: 'Object Repository/Special Offers/Searching Failed/input_Search_form-control form-control-sm'

2023-07-20 14:52:23 - [MESSAGE][PASSED] - Keys 'ENTER + ' sent to object: 'Object Repository/Special Offers/Searching Failed/input_Search_form-control form-control-sm'

2023-07-20 14:52:23 - [TEST_STEP][PASSED] - closeBrowser(): Browser is closed

2023-07-20 14:52:24 - [MESSAGE][PASSED] - Browser is closed]]></system-out>
         <system-err><![CDATA[]]></system-err>
      </testcase>
      <testcase name="Test Cases/Special Offers/Searching Success" time="23.662" classname="Test Cases/Special Offers/Searching Success" status="PASSED">
         <system-out><![CDATA[2023-07-20 14:52:24 - [TEST_CASE][PASSED] - Test Cases/Special Offers/Searching Success: Test Cases/Special Offers/Searching Success

2023-07-20 14:52:24 - [TEST_STEP][PASSED] - openBrowser(""): Browser is opened with url: ''

2023-07-20 14:52:24 - [MESSAGE][INFO] - Starting 'Chrome' driver

2023-07-20 14:52:24 - [MESSAGE][INFO] - User set preference: ['args', '[--start-maximized]']

2023-07-20 14:52:24 - [MESSAGE][INFO] - Action delay is set to 0 milliseconds

2023-07-20 14:52:26 - [MESSAGE][PASSED] - Browser is opened with url: ''

2023-07-20 14:52:26 - [TEST_STEP][PASSED] - maximizeWindow(): Current window maximized

2023-07-20 14:52:26 - [MESSAGE][PASSED] - Current window maximized

2023-07-20 14:52:26 - [TEST_STEP][PASSED] - navigateToUrl("https://uat-dashboard.blicicil.com/auth/login"): Navigate to 'https://uat-dashboard.blicicil.com/auth/login' successfully

2023-07-20 14:52:27 - [MESSAGE][PASSED] - Navigate to 'https://uat-dashboard.blicicil.com/auth/login' successfully

2023-07-20 14:52:27 - [TEST_STEP][PASSED] - setText(findTestObject("Object Repository/Special Offers/Searching Success/input_Email_email"), "eva.mayadila@megafinance.co.id"): Text 'eva.mayadila@megafinance.co.id' is set on object 'Object Repository/Special Offers/Searching Success/input_Email_email'

2023-07-20 14:52:28 - [MESSAGE][PASSED] - Text 'eva.mayadila@megafinance.co.id' is set on object 'Object Repository/Special Offers/Searching Success/input_Email_email'

2023-07-20 14:52:28 - [TEST_STEP][PASSED] - setEncryptedText(findTestObject("Object Repository/Special Offers/Searching Success/input_Password_password"), "aeHFOx8jV/A="): Text ****** has been set on object 'Object Repository/Special Offers/Searching Success/input_Password_password'

2023-07-20 14:52:28 - [MESSAGE][PASSED] - Text ****** has been set on object 'Object Repository/Special Offers/Searching Success/input_Password_password'

2023-07-20 14:52:28 - [TEST_STEP][PASSED] - click(findTestObject("Object Repository/Special Offers/Searching Success/button_Login")): Object: 'Object Repository/Special Offers/Searching Success/button_Login' is clicked on

2023-07-20 14:52:29 - [MESSAGE][PASSED] - Object: 'Object Repository/Special Offers/Searching Success/button_Login' is clicked on

2023-07-20 14:52:29 - [TEST_STEP][PASSED] - click(findTestObject("Object Repository/Special Offers/Searching Success/a_Special Offers")): Object: 'Object Repository/Special Offers/Searching Success/a_Special Offers' is clicked on

2023-07-20 14:52:31 - [MESSAGE][PASSED] - Object: 'Object Repository/Special Offers/Searching Success/a_Special Offers' is clicked on

2023-07-20 14:52:31 - [TEST_STEP][PASSED] - setText(findTestObject("Object Repository/Special Offers/Searching Success/input_Search_form-control form-control-sm"), "motor"): Text 'motor' is set on object 'Object Repository/Special Offers/Searching Success/input_Search_form-control form-control-sm'

2023-07-20 14:52:32 - [MESSAGE][PASSED] - Text 'motor' is set on object 'Object Repository/Special Offers/Searching Success/input_Search_form-control form-control-sm'

2023-07-20 14:52:32 - [TEST_STEP][PASSED] - sendKeys(findTestObject("Object Repository/Special Offers/Searching Success/input_Search_form-control form-control-sm"), Keys.chord(ENTER)): Keys 'ENTER + ' sent to object: 'Object Repository/Special Offers/Searching Success/input_Search_form-control form-control-sm'

2023-07-20 14:52:33 - [MESSAGE][PASSED] - Keys 'ENTER + ' sent to object: 'Object Repository/Special Offers/Searching Success/input_Search_form-control form-control-sm'

2023-07-20 14:52:33 - [TEST_STEP][PASSED] - refresh(): Refresh successfully

2023-07-20 14:52:33 - [MESSAGE][PASSED] - Refresh successfully

2023-07-20 14:52:33 - [TEST_STEP][PASSED] - setText(findTestObject("Object Repository/Special Offers/Searching Success/input_Search_form-control form-control-sm"), "elektronik"): Text 'elektronik' is set on object 'Object Repository/Special Offers/Searching Success/input_Search_form-control form-control-sm'

2023-07-20 14:52:34 - [MESSAGE][PASSED] - Text 'elektronik' is set on object 'Object Repository/Special Offers/Searching Success/input_Search_form-control form-control-sm'

2023-07-20 14:52:34 - [TEST_STEP][PASSED] - sendKeys(findTestObject("Object Repository/Special Offers/Searching Success/input_Search_form-control form-control-sm"), Keys.chord(ENTER)): Keys 'ENTER + ' sent to object: 'Object Repository/Special Offers/Searching Success/input_Search_form-control form-control-sm'

2023-07-20 14:52:35 - [MESSAGE][PASSED] - Keys 'ENTER + ' sent to object: 'Object Repository/Special Offers/Searching Success/input_Search_form-control form-control-sm'

2023-07-20 14:52:35 - [TEST_STEP][PASSED] - click(findTestObject("Object Repository/Special Offers/Searching Success/button_Unpublish")): Object: 'Object Repository/Special Offers/Searching Success/button_Unpublish' is clicked on

2023-07-20 14:52:35 - [MESSAGE][PASSED] - Object: 'Object Repository/Special Offers/Searching Success/button_Unpublish' is clicked on

2023-07-20 14:52:35 - [TEST_STEP][PASSED] - click(findTestObject("Object Repository/Special Offers/Searching Success/button_No")): Object: 'Object Repository/Special Offers/Searching Success/button_No' is clicked on

2023-07-20 14:52:36 - [MESSAGE][PASSED] - Object: 'Object Repository/Special Offers/Searching Success/button_No' is clicked on

2023-07-20 14:52:36 - [TEST_STEP][PASSED] - click(findTestObject("Object Repository/Special Offers/Searching Success/button_Unpublish")): Object: 'Object Repository/Special Offers/Searching Success/button_Unpublish' is clicked on

2023-07-20 14:52:36 - [MESSAGE][PASSED] - Object: 'Object Repository/Special Offers/Searching Success/button_Unpublish' is clicked on

2023-07-20 14:52:36 - [TEST_STEP][PASSED] - click(findTestObject("Object Repository/Special Offers/Searching Success/button_Yes")): Object: 'Object Repository/Special Offers/Searching Success/button_Yes' is clicked on

2023-07-20 14:52:37 - [MESSAGE][PASSED] - Object: 'Object Repository/Special Offers/Searching Success/button_Yes' is clicked on

2023-07-20 14:52:37 - [TEST_STEP][PASSED] - delay(2): Delayed 2 second(s)

2023-07-20 14:52:39 - [MESSAGE][PASSED] - Delayed 2 second(s)

2023-07-20 14:52:39 - [TEST_STEP][PASSED] - refresh(): Refresh successfully

2023-07-20 14:52:39 - [MESSAGE][PASSED] - Refresh successfully

2023-07-20 14:52:39 - [TEST_STEP][PASSED] - setText(findTestObject("Object Repository/Special Offers/Searching Success/input_Search_form-control form-control-sm"), "offers"): Text 'offers' is set on object 'Object Repository/Special Offers/Searching Success/input_Search_form-control form-control-sm'

2023-07-20 14:52:41 - [MESSAGE][PASSED] - Text 'offers' is set on object 'Object Repository/Special Offers/Searching Success/input_Search_form-control form-control-sm'

2023-07-20 14:52:41 - [TEST_STEP][PASSED] - sendKeys(findTestObject("Object Repository/Special Offers/Searching Success/input_Search_form-control form-control-sm"), Keys.chord(ENTER)): Keys 'ENTER + ' sent to object: 'Object Repository/Special Offers/Searching Success/input_Search_form-control form-control-sm'

2023-07-20 14:52:41 - [MESSAGE][PASSED] - Keys 'ENTER + ' sent to object: 'Object Repository/Special Offers/Searching Success/input_Search_form-control form-control-sm'

2023-07-20 14:52:41 - [TEST_STEP][PASSED] - click(findTestObject("Object Repository/Special Offers/Searching Success/button_Publish")): Object: 'Object Repository/Special Offers/Searching Success/button_Publish' is clicked on

2023-07-20 14:52:41 - [MESSAGE][PASSED] - Object: 'Object Repository/Special Offers/Searching Success/button_Publish' is clicked on

2023-07-20 14:52:41 - [TEST_STEP][PASSED] - click(findTestObject("Object Repository/Special Offers/Searching Success/button_No")): Object: 'Object Repository/Special Offers/Searching Success/button_No' is clicked on

2023-07-20 14:52:42 - [MESSAGE][PASSED] - Object: 'Object Repository/Special Offers/Searching Success/button_No' is clicked on

2023-07-20 14:52:42 - [TEST_STEP][PASSED] - click(findTestObject("Object Repository/Special Offers/Searching Success/button_Publish")): Object: 'Object Repository/Special Offers/Searching Success/button_Publish' is clicked on

2023-07-20 14:52:43 - [MESSAGE][PASSED] - Object: 'Object Repository/Special Offers/Searching Success/button_Publish' is clicked on

2023-07-20 14:52:43 - [TEST_STEP][PASSED] - click(findTestObject("Object Repository/Special Offers/Searching Success/button_Yes")): Object: 'Object Repository/Special Offers/Searching Success/button_Yes' is clicked on

2023-07-20 14:52:43 - [MESSAGE][PASSED] - Object: 'Object Repository/Special Offers/Searching Success/button_Yes' is clicked on

2023-07-20 14:52:43 - [TEST_STEP][PASSED] - delay(4): Delayed 4 second(s)

2023-07-20 14:52:47 - [MESSAGE][PASSED] - Delayed 4 second(s)

2023-07-20 14:52:47 - [TEST_STEP][PASSED] - closeBrowser(): Browser is closed

2023-07-20 14:52:48 - [MESSAGE][PASSED] - Browser is closed]]></system-out>
         <system-err><![CDATA[]]></system-err>
      </testcase>
      <system-out><![CDATA[2023-07-20 14:51:50 - [TEST_SUITE][PASSED] - Special Offers: Test Cases/Special Offers/Searching Success]]></system-out>
      <system-err><![CDATA[]]></system-err>
   </testsuite>
</testsuites>
