<?xml version="1.0" encoding="UTF-8"?>
<testsuites name="Master Merchants" time="46.326" tests="3" failures="0" errors="0">
   <testsuite name="Master Merchants" tests="3" failures="0" errors="0" time="46.326" skipped="0" timestamp="2023-07-11 10:21:17" hostname="202102359 - KPO-Blicicil.pdc.megafinance.co.id" id="Test Suites/Master Merchants">
      <properties>
         <property name="deviceName" value=""/>
         <property name="devicePlatform" value=""/>
         <property name="logFolder" value="C:\\Users\\202102359\\git\\blicicil-dashboard-uat\\Reports\\20230711_102115\\Master Merchants\\20230711_102115"/>
         <property name="logFiles" value="C:\\Users\\202102359\\git\\blicicil-dashboard-uat\\Reports\\20230711_102115\\Master Merchants\\20230711_102115\\execution0.log"/>
         <property name="attachments" value=""/>
         <property name="hostName" value="202102359 - KPO-Blicicil.pdc.megafinance.co.id"/>
         <property name="os" value="Windows 10 64bit"/>
         <property name="katalonVersion" value="8.6.0.208"/>
         <property name="browser" value="Chrome 114.0.0.0"/>
         <property name="hostAddress" value="192.168.16.53"/>
         <property name="sessionId" value="10f94bc962ff4d62e76add7bd36ed28c"/>
         <property name="seleniumVersion" value="3.141.59"/>
         <property name="proxyInformation" value="ProxyInformation { proxyOption=NO_PROXY, proxyServerType=HTTP, username=, password=********, proxyServerAddress=, proxyServerPort=0, executionList=&quot;&quot;, isApplyToDesiredCapabilities=true }"/>
         <property name="platform" value="Windows 10"/>
      </properties>
      <testcase name="Test Cases/Master Merchants/Beranda" time="22.308" classname="Test Cases/Master Merchants/Beranda" status="PASSED">
         <system-out><![CDATA[2023-07-11 10:21:18 - [TEST_CASE][PASSED] - Test Cases/Master Merchants/Beranda: Test Cases/Master Merchants/Beranda

2023-07-11 10:21:18 - [TEST_STEP][PASSED] - openBrowser(""): Browser is opened with url: ''

2023-07-11 10:21:19 - [MESSAGE][INFO] - Starting 'Chrome' driver

2023-07-11 10:21:19 - [MESSAGE][INFO] - User set preference: ['args', '[--start-maximized]']

2023-07-11 10:21:19 - [MESSAGE][INFO] - Action delay is set to 0 milliseconds

2023-07-11 10:21:21 - [MESSAGE][PASSED] - Browser is opened with url: ''

2023-07-11 10:21:21 - [TEST_STEP][PASSED] - maximizeWindow(): Current window maximized

2023-07-11 10:21:22 - [MESSAGE][PASSED] - Current window maximized

2023-07-11 10:21:22 - [TEST_STEP][PASSED] - navigateToUrl("https://uat-dashboard.blicicil.com/auth/login"): Navigate to 'https://uat-dashboard.blicicil.com/auth/login' successfully

2023-07-11 10:21:22 - [MESSAGE][PASSED] - Navigate to 'https://uat-dashboard.blicicil.com/auth/login' successfully

2023-07-11 10:21:22 - [TEST_STEP][PASSED] - setText(findTestObject("Object Repository/Master Merchants/Beranda/input_Email_email"), "eva.mayadila@megafinance.co.id"): Text 'eva.mayadila@megafinance.co.id' is set on object 'Object Repository/Master Merchants/Beranda/input_Email_email'

2023-07-11 10:21:23 - [MESSAGE][PASSED] - Text 'eva.mayadila@megafinance.co.id' is set on object 'Object Repository/Master Merchants/Beranda/input_Email_email'

2023-07-11 10:21:23 - [TEST_STEP][PASSED] - setEncryptedText(findTestObject("Object Repository/Master Merchants/Beranda/input_Password_password"), "aeHFOx8jV/A="): Text ****** has been set on object 'Object Repository/Master Merchants/Beranda/input_Password_password'

2023-07-11 10:21:24 - [MESSAGE][PASSED] - Text ****** has been set on object 'Object Repository/Master Merchants/Beranda/input_Password_password'

2023-07-11 10:21:24 - [TEST_STEP][PASSED] - click(findTestObject("Object Repository/Master Merchants/Beranda/button_Login")): Object: 'Object Repository/Master Merchants/Beranda/button_Login' is clicked on

2023-07-11 10:21:24 - [MESSAGE][PASSED] - Object: 'Object Repository/Master Merchants/Beranda/button_Login' is clicked on

2023-07-11 10:21:24 - [TEST_STEP][PASSED] - click(findTestObject("Object Repository/Master Merchants/Beranda/a_Master")): Object: 'Object Repository/Master Merchants/Beranda/a_Master' is clicked on

2023-07-11 10:21:26 - [MESSAGE][PASSED] - Object: 'Object Repository/Master Merchants/Beranda/a_Master' is clicked on

2023-07-11 10:21:26 - [TEST_STEP][PASSED] - click(findTestObject("Object Repository/Master Merchants/Beranda/a_Merchants")): Object: 'Object Repository/Master Merchants/Beranda/a_Merchants' is clicked on

2023-07-11 10:21:27 - [MESSAGE][PASSED] - Object: 'Object Repository/Master Merchants/Beranda/a_Merchants' is clicked on

2023-07-11 10:21:27 - [TEST_STEP][PASSED] - click(findTestObject("Object Repository/Master Merchants/Beranda/a_2")): Object: 'Object Repository/Master Merchants/Beranda/a_2' is clicked on

2023-07-11 10:21:30 - [MESSAGE][PASSED] - Object: 'Object Repository/Master Merchants/Beranda/a_2' is clicked on

2023-07-11 10:21:30 - [TEST_STEP][PASSED] - click(findTestObject("Object Repository/Master Merchants/Beranda/a_Previous")): Object: 'Object Repository/Master Merchants/Beranda/a_Previous' is clicked on

2023-07-11 10:21:31 - [MESSAGE][PASSED] - Object: 'Object Repository/Master Merchants/Beranda/a_Previous' is clicked on

2023-07-11 10:21:31 - [TEST_STEP][PASSED] - click(findTestObject("Object Repository/Master Merchants/Beranda/a_Next")): Object: 'Object Repository/Master Merchants/Beranda/a_Next' is clicked on

2023-07-11 10:21:33 - [MESSAGE][PASSED] - Object: 'Object Repository/Master Merchants/Beranda/a_Next' is clicked on

2023-07-11 10:21:33 - [TEST_STEP][PASSED] - click(findTestObject("Object Repository/Master Merchants/Beranda/button_Hapus")): Object: 'Object Repository/Master Merchants/Beranda/button_Hapus' is clicked on

2023-07-11 10:21:34 - [MESSAGE][PASSED] - Object: 'Object Repository/Master Merchants/Beranda/button_Hapus' is clicked on

2023-07-11 10:21:34 - [TEST_STEP][PASSED] - click(findTestObject("Object Repository/Master Merchants/Beranda/button_No")): Object: 'Object Repository/Master Merchants/Beranda/button_No' is clicked on

2023-07-11 10:21:34 - [MESSAGE][PASSED] - Object: 'Object Repository/Master Merchants/Beranda/button_No' is clicked on

2023-07-11 10:21:34 - [TEST_STEP][PASSED] - click(findTestObject("Object Repository/Master Merchants/Beranda/button_Hapus")): Object: 'Object Repository/Master Merchants/Beranda/button_Hapus' is clicked on

2023-07-11 10:21:35 - [MESSAGE][PASSED] - Object: 'Object Repository/Master Merchants/Beranda/button_Hapus' is clicked on

2023-07-11 10:21:35 - [TEST_STEP][PASSED] - click(findTestObject("Object Repository/Master Merchants/Beranda/button_Yes")): Object: 'Object Repository/Master Merchants/Beranda/button_Yes' is clicked on

2023-07-11 10:21:35 - [MESSAGE][PASSED] - Object: 'Object Repository/Master Merchants/Beranda/button_Yes' is clicked on

2023-07-11 10:21:35 - [TEST_STEP][PASSED] - click(findTestObject("Object Repository/Master Merchants/Beranda/a_Edit")): Object: 'Object Repository/Master Merchants/Beranda/a_Edit' is clicked on

2023-07-11 10:21:37 - [MESSAGE][PASSED] - Object: 'Object Repository/Master Merchants/Beranda/a_Edit' is clicked on

2023-07-11 10:21:37 - [TEST_STEP][PASSED] - setText(findTestObject("Object Repository/Master Merchants/Beranda/input_Merchant Name_txtProductName"), "Transmartt"): Text 'Transmartt' is set on object 'Object Repository/Master Merchants/Beranda/input_Merchant Name_txtProductName'

2023-07-11 10:21:38 - [MESSAGE][PASSED] - Text 'Transmartt' is set on object 'Object Repository/Master Merchants/Beranda/input_Merchant Name_txtProductName'

2023-07-11 10:21:38 - [TEST_STEP][PASSED] - setText(findTestObject("Object Repository/Master Merchants/Beranda/textarea_Jalan Lebak Bulus Raya No.8, RT.11_24ee91"), "Jalan Lebak Bulus Raya No.8, RT.11/RW.10, Pd. Pinang, Kec. Kby. Lama, Kota Jakarta Selatan, Daerah Khusus Ibukota Jakarta 12440"): Text 'Jalan Lebak Bulus Raya No.8, RT.11/RW.10, Pd. Pinang, Kec. Kby. Lama, Kota Jakarta Selatan, Daerah Khusus Ibukota Jakarta 12440' is set on object 'Object Repository/Master Merchants/Beranda/textarea_Jalan Lebak Bulus Raya No.8, RT.11_24ee91'

2023-07-11 10:21:39 - [MESSAGE][PASSED] - Text 'Jalan Lebak Bulus Raya No.8, RT.11/RW.10, Pd. Pinang, Kec. Kby. Lama, Kota Jakarta Selatan, Daerah Khusus Ibukota Jakarta 12440' is set on object 'Object Repository/Master Merchants/Beranda/textarea_Jalan Lebak Bulus Raya No.8, RT.11_24ee91'

2023-07-11 10:21:39 - [TEST_STEP][PASSED] - click(findTestObject("Object Repository/Master Merchants/Beranda/button_Submit")): Object: 'Object Repository/Master Merchants/Beranda/button_Submit' is clicked on

2023-07-11 10:21:39 - [MESSAGE][PASSED] - Object: 'Object Repository/Master Merchants/Beranda/button_Submit' is clicked on

2023-07-11 10:21:39 - [TEST_STEP][PASSED] - closeBrowser(): Browser is closed

2023-07-11 10:21:40 - [MESSAGE][PASSED] - Browser is closed]]></system-out>
         <system-err><![CDATA[]]></system-err>
      </testcase>
      <testcase name="Test Cases/Master Merchants/Searching Failed" time="11.849" classname="Test Cases/Master Merchants/Searching Failed" status="PASSED">
         <system-out><![CDATA[2023-07-11 10:21:40 - [TEST_CASE][PASSED] - Test Cases/Master Merchants/Searching Failed: Test Cases/Master Merchants/Searching Failed

2023-07-11 10:21:40 - [TEST_STEP][PASSED] - openBrowser(""): Browser is opened with url: ''

2023-07-11 10:21:40 - [MESSAGE][INFO] - Starting 'Chrome' driver

2023-07-11 10:21:40 - [MESSAGE][INFO] - User set preference: ['args', '[--start-maximized]']

2023-07-11 10:21:40 - [MESSAGE][INFO] - Action delay is set to 0 milliseconds

2023-07-11 10:21:42 - [MESSAGE][PASSED] - Browser is opened with url: ''

2023-07-11 10:21:42 - [TEST_STEP][PASSED] - maximizeWindow(): Current window maximized

2023-07-11 10:21:42 - [MESSAGE][PASSED] - Current window maximized

2023-07-11 10:21:42 - [TEST_STEP][PASSED] - navigateToUrl("https://uat-dashboard.blicicil.com/auth/login"): Navigate to 'https://uat-dashboard.blicicil.com/auth/login' successfully

2023-07-11 10:21:43 - [MESSAGE][PASSED] - Navigate to 'https://uat-dashboard.blicicil.com/auth/login' successfully

2023-07-11 10:21:43 - [TEST_STEP][PASSED] - setText(findTestObject("Object Repository/Master Merchants/Searching Failed/input_Email_email"), "eva.mayadila@megafinance.co.id"): Text 'eva.mayadila@megafinance.co.id' is set on object 'Object Repository/Master Merchants/Searching Failed/input_Email_email'

2023-07-11 10:21:44 - [MESSAGE][PASSED] - Text 'eva.mayadila@megafinance.co.id' is set on object 'Object Repository/Master Merchants/Searching Failed/input_Email_email'

2023-07-11 10:21:44 - [TEST_STEP][PASSED] - setEncryptedText(findTestObject("Object Repository/Master Merchants/Searching Failed/input_Password_password"), "aeHFOx8jV/A="): Text ****** has been set on object 'Object Repository/Master Merchants/Searching Failed/input_Password_password'

2023-07-11 10:21:44 - [MESSAGE][PASSED] - Text ****** has been set on object 'Object Repository/Master Merchants/Searching Failed/input_Password_password'

2023-07-11 10:21:44 - [TEST_STEP][PASSED] - click(findTestObject("Object Repository/Master Merchants/Searching Failed/button_Login")): Object: 'Object Repository/Master Merchants/Searching Failed/button_Login' is clicked on

2023-07-11 10:21:45 - [MESSAGE][PASSED] - Object: 'Object Repository/Master Merchants/Searching Failed/button_Login' is clicked on

2023-07-11 10:21:45 - [TEST_STEP][PASSED] - click(findTestObject("Object Repository/Master Merchants/Searching Failed/a_Master")): Object: 'Object Repository/Master Merchants/Searching Failed/a_Master' is clicked on

2023-07-11 10:21:47 - [MESSAGE][PASSED] - Object: 'Object Repository/Master Merchants/Searching Failed/a_Master' is clicked on

2023-07-11 10:21:47 - [TEST_STEP][PASSED] - click(findTestObject("Object Repository/Master Merchants/Searching Failed/a_Merchants")): Object: 'Object Repository/Master Merchants/Searching Failed/a_Merchants' is clicked on

2023-07-11 10:21:47 - [MESSAGE][PASSED] - Object: 'Object Repository/Master Merchants/Searching Failed/a_Merchants' is clicked on

2023-07-11 10:21:47 - [TEST_STEP][PASSED] - setText(findTestObject("Object Repository/Master Merchants/Searching Failed/input_Search_form-control form-control-sm"), "Apple"): Text 'Apple' is set on object 'Object Repository/Master Merchants/Searching Failed/input_Search_form-control form-control-sm'

2023-07-11 10:21:49 - [MESSAGE][PASSED] - Text 'Apple' is set on object 'Object Repository/Master Merchants/Searching Failed/input_Search_form-control form-control-sm'

2023-07-11 10:21:49 - [TEST_STEP][PASSED] - sendKeys(findTestObject("Object Repository/Master Merchants/Searching Failed/input_Search_form-control form-control-sm"), Keys.chord(ENTER)): Keys 'ENTER + ' sent to object: 'Object Repository/Master Merchants/Searching Failed/input_Search_form-control form-control-sm'

2023-07-11 10:21:49 - [MESSAGE][PASSED] - Keys 'ENTER + ' sent to object: 'Object Repository/Master Merchants/Searching Failed/input_Search_form-control form-control-sm'

2023-07-11 10:21:49 - [TEST_STEP][PASSED] - refresh(): Refresh successfully

2023-07-11 10:21:49 - [MESSAGE][PASSED] - Refresh successfully

2023-07-11 10:21:49 - [TEST_STEP][PASSED] - setText(findTestObject("Object Repository/Master Merchants/Searching Failed/input_Search_form-control form-control-sm"), "Ibox"): Text 'Ibox' is set on object 'Object Repository/Master Merchants/Searching Failed/input_Search_form-control form-control-sm'

2023-07-11 10:21:51 - [MESSAGE][PASSED] - Text 'Ibox' is set on object 'Object Repository/Master Merchants/Searching Failed/input_Search_form-control form-control-sm'

2023-07-11 10:21:51 - [TEST_STEP][PASSED] - sendKeys(findTestObject("Object Repository/Master Merchants/Searching Failed/input_Search_form-control form-control-sm"), Keys.chord(ENTER)): Keys 'ENTER + ' sent to object: 'Object Repository/Master Merchants/Searching Failed/input_Search_form-control form-control-sm'

2023-07-11 10:21:51 - [MESSAGE][PASSED] - Keys 'ENTER + ' sent to object: 'Object Repository/Master Merchants/Searching Failed/input_Search_form-control form-control-sm'

2023-07-11 10:21:51 - [TEST_STEP][PASSED] - closeBrowser(): Browser is closed

2023-07-11 10:21:52 - [MESSAGE][PASSED] - Browser is closed]]></system-out>
         <system-err><![CDATA[]]></system-err>
      </testcase>
      <testcase name="Test Cases/Master Merchants/Searching Success" time="11.874" classname="Test Cases/Master Merchants/Searching Success" status="PASSED">
         <system-out><![CDATA[2023-07-11 10:21:52 - [TEST_CASE][PASSED] - Test Cases/Master Merchants/Searching Success: Test Cases/Master Merchants/Searching Success

2023-07-11 10:21:52 - [TEST_STEP][PASSED] - openBrowser(""): Browser is opened with url: ''

2023-07-11 10:21:52 - [MESSAGE][INFO] - Starting 'Chrome' driver

2023-07-11 10:21:52 - [MESSAGE][INFO] - User set preference: ['args', '[--start-maximized]']

2023-07-11 10:21:52 - [MESSAGE][INFO] - Action delay is set to 0 milliseconds

2023-07-11 10:21:54 - [MESSAGE][PASSED] - Browser is opened with url: ''

2023-07-11 10:21:54 - [TEST_STEP][PASSED] - maximizeWindow(): Current window maximized

2023-07-11 10:21:54 - [MESSAGE][PASSED] - Current window maximized

2023-07-11 10:21:54 - [TEST_STEP][PASSED] - navigateToUrl("https://uat-dashboard.blicicil.com/auth/login"): Navigate to 'https://uat-dashboard.blicicil.com/auth/login' successfully

2023-07-11 10:21:54 - [MESSAGE][PASSED] - Navigate to 'https://uat-dashboard.blicicil.com/auth/login' successfully

2023-07-11 10:21:54 - [TEST_STEP][PASSED] - setText(findTestObject("Object Repository/Master Merchants/Searching Success/input_Email_email"), "eva.mayadila@megafinance.co.id"): Text 'eva.mayadila@megafinance.co.id' is set on object 'Object Repository/Master Merchants/Searching Success/input_Email_email'

2023-07-11 10:21:55 - [MESSAGE][PASSED] - Text 'eva.mayadila@megafinance.co.id' is set on object 'Object Repository/Master Merchants/Searching Success/input_Email_email'

2023-07-11 10:21:55 - [TEST_STEP][PASSED] - setEncryptedText(findTestObject("Object Repository/Master Merchants/Searching Success/input_Password_password"), "aeHFOx8jV/A="): Text ****** has been set on object 'Object Repository/Master Merchants/Searching Success/input_Password_password'

2023-07-11 10:21:56 - [MESSAGE][PASSED] - Text ****** has been set on object 'Object Repository/Master Merchants/Searching Success/input_Password_password'

2023-07-11 10:21:56 - [TEST_STEP][PASSED] - click(findTestObject("Object Repository/Master Merchants/Searching Success/button_Login")): Object: 'Object Repository/Master Merchants/Searching Success/button_Login' is clicked on

2023-07-11 10:21:56 - [MESSAGE][PASSED] - Object: 'Object Repository/Master Merchants/Searching Success/button_Login' is clicked on

2023-07-11 10:21:56 - [TEST_STEP][PASSED] - click(findTestObject("Object Repository/Master Merchants/Searching Success/a_Master")): Object: 'Object Repository/Master Merchants/Searching Success/a_Master' is clicked on

2023-07-11 10:21:58 - [MESSAGE][PASSED] - Object: 'Object Repository/Master Merchants/Searching Success/a_Master' is clicked on

2023-07-11 10:21:58 - [TEST_STEP][PASSED] - click(findTestObject("Object Repository/Master Merchants/Searching Success/a_Merchants")): Object: 'Object Repository/Master Merchants/Searching Success/a_Merchants' is clicked on

2023-07-11 10:21:59 - [MESSAGE][PASSED] - Object: 'Object Repository/Master Merchants/Searching Success/a_Merchants' is clicked on

2023-07-11 10:21:59 - [TEST_STEP][PASSED] - getText(findTestObject("Object Repository/Master Merchants/Searching Success/div_List Merchant BliCicil Admin as        _d762cc")): Text of object 'Object Repository/Master Merchants/Searching Success/div_List Merchant BliCicil Admin as        _d762cc' is: 'List Merchant BliCicil Admin as
New Merchant'

2023-07-11 10:22:00 - [MESSAGE][PASSED] - Text of object 'Object Repository/Master Merchants/Searching Success/div_List Merchant BliCicil Admin as        _d762cc' is: 'List Merchant BliCicil Admin as
New Merchant'

2023-07-11 10:22:00 - [TEST_STEP][PASSED] - setText(findTestObject("Object Repository/Master Merchants/Searching Success/input_Search_form-control form-control-sm"), "Trans"): Text 'Trans' is set on object 'Object Repository/Master Merchants/Searching Success/input_Search_form-control form-control-sm'

2023-07-11 10:22:01 - [MESSAGE][PASSED] - Text 'Trans' is set on object 'Object Repository/Master Merchants/Searching Success/input_Search_form-control form-control-sm'

2023-07-11 10:22:01 - [TEST_STEP][PASSED] - sendKeys(findTestObject("Object Repository/Master Merchants/Searching Success/input_Search_form-control form-control-sm"), Keys.chord(ENTER)): Keys 'ENTER + ' sent to object: 'Object Repository/Master Merchants/Searching Success/input_Search_form-control form-control-sm'

2023-07-11 10:22:01 - [MESSAGE][PASSED] - Keys 'ENTER + ' sent to object: 'Object Repository/Master Merchants/Searching Success/input_Search_form-control form-control-sm'

2023-07-11 10:22:01 - [TEST_STEP][PASSED] - refresh(): Refresh successfully

2023-07-11 10:22:01 - [MESSAGE][PASSED] - Refresh successfully

2023-07-11 10:22:01 - [TEST_STEP][PASSED] - setText(findTestObject("Object Repository/Master Merchants/Searching Success/input_Search_form-control form-control-sm"), "Pol"): Text 'Pol' is set on object 'Object Repository/Master Merchants/Searching Success/input_Search_form-control form-control-sm'

2023-07-11 10:22:03 - [MESSAGE][PASSED] - Text 'Pol' is set on object 'Object Repository/Master Merchants/Searching Success/input_Search_form-control form-control-sm'

2023-07-11 10:22:03 - [TEST_STEP][PASSED] - sendKeys(findTestObject("Object Repository/Master Merchants/Searching Success/input_Search_form-control form-control-sm"), Keys.chord(ENTER)): Keys 'ENTER + ' sent to object: 'Object Repository/Master Merchants/Searching Success/input_Search_form-control form-control-sm'

2023-07-11 10:22:03 - [MESSAGE][PASSED] - Keys 'ENTER + ' sent to object: 'Object Repository/Master Merchants/Searching Success/input_Search_form-control form-control-sm'

2023-07-11 10:22:03 - [TEST_STEP][PASSED] - closeBrowser(): Browser is closed

2023-07-11 10:22:04 - [MESSAGE][PASSED] - Browser is closed]]></system-out>
         <system-err><![CDATA[]]></system-err>
      </testcase>
      <system-out><![CDATA[2023-07-11 10:21:17 - [TEST_SUITE][PASSED] - Master Merchants: Test Cases/Master Merchants/Searching Success]]></system-out>
      <system-err><![CDATA[]]></system-err>
   </testsuite>
</testsuites>
