<?xml version="1.0" encoding="UTF-8"?>
<testsuites name="Master Headline" time="47.013" tests="3" failures="0" errors="0">
   <testsuite name="Master Headline" tests="3" failures="0" errors="0" time="47.013" skipped="0" timestamp="2023-07-11 09:59:46" hostname="202102359 - KPO-Blicicil.pdc.megafinance.co.id" id="Test Suites/Master Headline">
      <properties>
         <property name="deviceName" value=""/>
         <property name="devicePlatform" value=""/>
         <property name="logFolder" value="C:\\Users\\202102359\\git\\blicicil-dashboard-uat\\Reports\\20230711_095943\\Master Headline\\20230711_095943"/>
         <property name="logFiles" value="C:\\Users\\202102359\\git\\blicicil-dashboard-uat\\Reports\\20230711_095943\\Master Headline\\20230711_095943\\execution0.log"/>
         <property name="attachments" value=""/>
         <property name="hostName" value="202102359 - KPO-Blicicil.pdc.megafinance.co.id"/>
         <property name="os" value="Windows 10 64bit"/>
         <property name="katalonVersion" value="8.6.0.208"/>
         <property name="browser" value="Chrome 114.0.0.0"/>
         <property name="hostAddress" value="192.168.16.53"/>
         <property name="sessionId" value="08685b2790454cbe562ee007e35994d1"/>
         <property name="seleniumVersion" value="3.141.59"/>
         <property name="proxyInformation" value="ProxyInformation { proxyOption=NO_PROXY, proxyServerType=HTTP, username=, password=********, proxyServerAddress=, proxyServerPort=0, executionList=&quot;&quot;, isApplyToDesiredCapabilities=true }"/>
         <property name="platform" value="Windows 10"/>
      </properties>
      <testcase name="Test Cases/Master Headline/Beranda" time="19.559" classname="Test Cases/Master Headline/Beranda" status="PASSED">
         <system-out><![CDATA[2023-07-11 09:59:47 - [TEST_CASE][PASSED] - Test Cases/Master Headline/Beranda: Test Cases/Master Headline/Beranda

2023-07-11 09:59:47 - [TEST_STEP][PASSED] - openBrowser(""): Browser is opened with url: ''

2023-07-11 09:59:48 - [MESSAGE][INFO] - Starting 'Chrome' driver

2023-07-11 09:59:48 - [MESSAGE][INFO] - User set preference: ['args', '[--start-maximized]']

2023-07-11 09:59:48 - [MESSAGE][INFO] - Action delay is set to 0 milliseconds

2023-07-11 09:59:51 - [MESSAGE][PASSED] - Browser is opened with url: ''

2023-07-11 09:59:51 - [TEST_STEP][PASSED] - maximizeWindow(): Current window maximized

2023-07-11 09:59:51 - [MESSAGE][PASSED] - Current window maximized

2023-07-11 09:59:51 - [TEST_STEP][PASSED] - navigateToUrl("https://uat-dashboard.blicicil.com/auth/login"): Navigate to 'https://uat-dashboard.blicicil.com/auth/login' successfully

2023-07-11 09:59:52 - [MESSAGE][PASSED] - Navigate to 'https://uat-dashboard.blicicil.com/auth/login' successfully

2023-07-11 09:59:52 - [TEST_STEP][PASSED] - setText(findTestObject("Object Repository/Master Headline/Beranda/input_Email_email"), "eva.mayadila@megafinance.co.id"): Text 'eva.mayadila@megafinance.co.id' is set on object 'Object Repository/Master Headline/Beranda/input_Email_email'

2023-07-11 09:59:53 - [MESSAGE][PASSED] - Text 'eva.mayadila@megafinance.co.id' is set on object 'Object Repository/Master Headline/Beranda/input_Email_email'

2023-07-11 09:59:53 - [TEST_STEP][PASSED] - setEncryptedText(findTestObject("Object Repository/Master Headline/Beranda/input_Password_password"), "aeHFOx8jV/A="): Text ****** has been set on object 'Object Repository/Master Headline/Beranda/input_Password_password'

2023-07-11 09:59:54 - [MESSAGE][PASSED] - Text ****** has been set on object 'Object Repository/Master Headline/Beranda/input_Password_password'

2023-07-11 09:59:54 - [TEST_STEP][PASSED] - click(findTestObject("Object Repository/Master Headline/Beranda/button_Login")): Object: 'Object Repository/Master Headline/Beranda/button_Login' is clicked on

2023-07-11 09:59:54 - [MESSAGE][PASSED] - Object: 'Object Repository/Master Headline/Beranda/button_Login' is clicked on

2023-07-11 09:59:54 - [TEST_STEP][PASSED] - click(findTestObject("Object Repository/Master Headline/Beranda/a_Master")): Object: 'Object Repository/Master Headline/Beranda/a_Master' is clicked on

2023-07-11 09:59:56 - [MESSAGE][PASSED] - Object: 'Object Repository/Master Headline/Beranda/a_Master' is clicked on

2023-07-11 09:59:56 - [TEST_STEP][PASSED] - click(findTestObject("Object Repository/Master Headline/Beranda/span_Headline")): Object: 'Object Repository/Master Headline/Beranda/span_Headline' is clicked on

2023-07-11 09:59:57 - [MESSAGE][PASSED] - Object: 'Object Repository/Master Headline/Beranda/span_Headline' is clicked on

2023-07-11 09:59:57 - [TEST_STEP][PASSED] - getText(findTestObject("Object Repository/Master Headline/Beranda/div_List Headline BliCicil Admin as        _f528db")): Text of object 'Object Repository/Master Headline/Beranda/div_List Headline BliCicil Admin as        _f528db' is: 'List Headline BliCicil Admin as
New Headline'

2023-07-11 09:59:58 - [MESSAGE][PASSED] - Text of object 'Object Repository/Master Headline/Beranda/div_List Headline BliCicil Admin as        _f528db' is: 'List Headline BliCicil Admin as
New Headline'

2023-07-11 09:59:58 - [TEST_STEP][PASSED] - click(findTestObject("Object Repository/Master Headline/Beranda/a_2")): Object: 'Object Repository/Master Headline/Beranda/a_2' is clicked on

2023-07-11 10:00:01 - [MESSAGE][PASSED] - Object: 'Object Repository/Master Headline/Beranda/a_2' is clicked on

2023-07-11 10:00:01 - [TEST_STEP][PASSED] - click(findTestObject("Object Repository/Master Headline/Beranda/a_Previous")): Object: 'Object Repository/Master Headline/Beranda/a_Previous' is clicked on

2023-07-11 10:00:02 - [MESSAGE][PASSED] - Object: 'Object Repository/Master Headline/Beranda/a_Previous' is clicked on

2023-07-11 10:00:02 - [TEST_STEP][PASSED] - click(findTestObject("Object Repository/Master Headline/Beranda/a_Next")): Object: 'Object Repository/Master Headline/Beranda/a_Next' is clicked on

2023-07-11 10:00:02 - [MESSAGE][PASSED] - Object: 'Object Repository/Master Headline/Beranda/a_Next' is clicked on

2023-07-11 10:00:02 - [TEST_STEP][PASSED] - click(findTestObject("Object Repository/Master Headline/Beranda/a_1")): Object: 'Object Repository/Master Headline/Beranda/a_1' is clicked on

2023-07-11 10:00:03 - [MESSAGE][PASSED] - Object: 'Object Repository/Master Headline/Beranda/a_1' is clicked on

2023-07-11 10:00:03 - [TEST_STEP][PASSED] - click(findTestObject("Object Repository/Master Headline/Beranda/button_Hapus")): Object: 'Object Repository/Master Headline/Beranda/button_Hapus' is clicked on

2023-07-11 10:00:03 - [MESSAGE][PASSED] - Object: 'Object Repository/Master Headline/Beranda/button_Hapus' is clicked on

2023-07-11 10:00:03 - [TEST_STEP][PASSED] - getText(findTestObject("Object Repository/Master Headline/Beranda/div_Are you sure want to delete this dataYesNoNo")): Text of object 'Object Repository/Master Headline/Beranda/div_Are you sure want to delete this dataYesNoNo' is: 'Messages
Timeline
Exceptions
Views5
Route
Queries31
Models62
Mails
Gate
Session
Request
7.4.30
71.68ms
5MB
GET master/headline'

2023-07-11 10:00:04 - [MESSAGE][PASSED] - Text of object 'Object Repository/Master Headline/Beranda/div_Are you sure want to delete this dataYesNoNo' is: 'Messages
Timeline
Exceptions
Views5
Route
Queries31
Models62
Mails
Gate
Session
Request
7.4.30
71.68ms
5MB
GET master/headline'

2023-07-11 10:00:04 - [TEST_STEP][PASSED] - click(findTestObject("Master Headline/Beranda/button_No")): Object: 'Object Repository/Master Headline/Beranda/button_No' is clicked on

2023-07-11 10:00:04 - [MESSAGE][PASSED] - Object: 'Object Repository/Master Headline/Beranda/button_No' is clicked on

2023-07-11 10:00:04 - [TEST_STEP][PASSED] - click(findTestObject("Object Repository/Master Headline/Beranda/button_Hapus")): Object: 'Object Repository/Master Headline/Beranda/button_Hapus' is clicked on

2023-07-11 10:00:05 - [MESSAGE][PASSED] - Object: 'Object Repository/Master Headline/Beranda/button_Hapus' is clicked on

2023-07-11 10:00:05 - [TEST_STEP][PASSED] - getText(findTestObject("Object Repository/Master Headline/Beranda/div_Are you sure want to delete this dataYesNoNo")): Text of object 'Object Repository/Master Headline/Beranda/div_Are you sure want to delete this dataYesNoNo' is: 'Messages
Timeline
Exceptions
Views5
Route
Queries31
Models62
Mails
Gate
Session
Request
7.4.30
71.68ms
5MB
GET master/headline'

2023-07-11 10:00:05 - [MESSAGE][PASSED] - Text of object 'Object Repository/Master Headline/Beranda/div_Are you sure want to delete this dataYesNoNo' is: 'Messages
Timeline
Exceptions
Views5
Route
Queries31
Models62
Mails
Gate
Session
Request
7.4.30
71.68ms
5MB
GET master/headline'

2023-07-11 10:00:05 - [TEST_STEP][PASSED] - click(findTestObject("Object Repository/Master Headline/Beranda/button_Yes")): Object: 'Object Repository/Master Headline/Beranda/button_Yes' is clicked on

2023-07-11 10:00:05 - [MESSAGE][PASSED] - Object: 'Object Repository/Master Headline/Beranda/button_Yes' is clicked on

2023-07-11 10:00:05 - [TEST_STEP][PASSED] - closeBrowser(): Browser is closed

2023-07-11 10:00:06 - [MESSAGE][PASSED] - Browser is closed]]></system-out>
         <system-err><![CDATA[]]></system-err>
      </testcase>
      <testcase name="Test Cases/Master Headline/Searching Failed" time="13.414" classname="Test Cases/Master Headline/Searching Failed" status="PASSED">
         <system-out><![CDATA[2023-07-11 10:00:06 - [TEST_CASE][PASSED] - Test Cases/Master Headline/Searching Failed: Test Cases/Master Headline/Searching Failed

2023-07-11 10:00:07 - [TEST_STEP][PASSED] - openBrowser(""): Browser is opened with url: ''

2023-07-11 10:00:07 - [MESSAGE][INFO] - Starting 'Chrome' driver

2023-07-11 10:00:07 - [MESSAGE][INFO] - User set preference: ['args', '[--start-maximized]']

2023-07-11 10:00:07 - [MESSAGE][INFO] - Action delay is set to 0 milliseconds

2023-07-11 10:00:09 - [MESSAGE][PASSED] - Browser is opened with url: ''

2023-07-11 10:00:09 - [TEST_STEP][PASSED] - maximizeWindow(): Current window maximized

2023-07-11 10:00:09 - [MESSAGE][PASSED] - Current window maximized

2023-07-11 10:00:09 - [TEST_STEP][PASSED] - navigateToUrl("https://uat-dashboard.blicicil.com/auth/login"): Navigate to 'https://uat-dashboard.blicicil.com/auth/login' successfully

2023-07-11 10:00:09 - [MESSAGE][PASSED] - Navigate to 'https://uat-dashboard.blicicil.com/auth/login' successfully

2023-07-11 10:00:09 - [TEST_STEP][PASSED] - setText(findTestObject("Object Repository/Master Headline/Searching Failed/input_Email_email"), "eva.mayadila@megafinance.co.id"): Text 'eva.mayadila@megafinance.co.id' is set on object 'Object Repository/Master Headline/Searching Failed/input_Email_email'

2023-07-11 10:00:11 - [MESSAGE][PASSED] - Text 'eva.mayadila@megafinance.co.id' is set on object 'Object Repository/Master Headline/Searching Failed/input_Email_email'

2023-07-11 10:00:11 - [TEST_STEP][PASSED] - setEncryptedText(findTestObject("Object Repository/Master Headline/Searching Failed/input_Password_password"), "aeHFOx8jV/A="): Text ****** has been set on object 'Object Repository/Master Headline/Searching Failed/input_Password_password'

2023-07-11 10:00:11 - [MESSAGE][PASSED] - Text ****** has been set on object 'Object Repository/Master Headline/Searching Failed/input_Password_password'

2023-07-11 10:00:11 - [TEST_STEP][PASSED] - click(findTestObject("Object Repository/Master Headline/Searching Failed/button_Login")): Object: 'Object Repository/Master Headline/Searching Failed/button_Login' is clicked on

2023-07-11 10:00:12 - [MESSAGE][PASSED] - Object: 'Object Repository/Master Headline/Searching Failed/button_Login' is clicked on

2023-07-11 10:00:12 - [TEST_STEP][PASSED] - click(findTestObject("Object Repository/Master Headline/Searching Failed/a_Master")): Object: 'Object Repository/Master Headline/Searching Failed/a_Master' is clicked on

2023-07-11 10:00:14 - [MESSAGE][PASSED] - Object: 'Object Repository/Master Headline/Searching Failed/a_Master' is clicked on

2023-07-11 10:00:14 - [TEST_STEP][PASSED] - click(findTestObject("Object Repository/Master Headline/Searching Failed/a_Headline")): Object: 'Object Repository/Master Headline/Searching Failed/a_Headline' is clicked on

2023-07-11 10:00:15 - [MESSAGE][PASSED] - Object: 'Object Repository/Master Headline/Searching Failed/a_Headline' is clicked on

2023-07-11 10:00:15 - [TEST_STEP][PASSED] - setText(findTestObject("Object Repository/Master Headline/Searching Failed/input_Search_form-control form-control-sm"), "blicicil"): Text 'blicicil' is set on object 'Object Repository/Master Headline/Searching Failed/input_Search_form-control form-control-sm'

2023-07-11 10:00:16 - [MESSAGE][PASSED] - Text 'blicicil' is set on object 'Object Repository/Master Headline/Searching Failed/input_Search_form-control form-control-sm'

2023-07-11 10:00:16 - [TEST_STEP][PASSED] - sendKeys(findTestObject("Object Repository/Master Headline/Searching Failed/input_Search_form-control form-control-sm"), Keys.chord(ENTER)): Keys 'ENTER + ' sent to object: 'Object Repository/Master Headline/Searching Failed/input_Search_form-control form-control-sm'

2023-07-11 10:00:17 - [MESSAGE][PASSED] - Keys 'ENTER + ' sent to object: 'Object Repository/Master Headline/Searching Failed/input_Search_form-control form-control-sm'

2023-07-11 10:00:17 - [TEST_STEP][PASSED] - refresh(): Refresh successfully

2023-07-11 10:00:17 - [MESSAGE][PASSED] - Refresh successfully

2023-07-11 10:00:17 - [TEST_STEP][PASSED] - setText(findTestObject("Object Repository/Master Headline/Searching Failed/input_Search_form-control form-control-sm"), "dana instant"): Text 'dana instant' is set on object 'Object Repository/Master Headline/Searching Failed/input_Search_form-control form-control-sm'

2023-07-11 10:00:19 - [MESSAGE][PASSED] - Text 'dana instant' is set on object 'Object Repository/Master Headline/Searching Failed/input_Search_form-control form-control-sm'

2023-07-11 10:00:19 - [TEST_STEP][PASSED] - sendKeys(findTestObject("Object Repository/Master Headline/Searching Failed/input_Search_form-control form-control-sm"), Keys.chord(ENTER)): Keys 'ENTER + ' sent to object: 'Object Repository/Master Headline/Searching Failed/input_Search_form-control form-control-sm'

2023-07-11 10:00:19 - [MESSAGE][PASSED] - Keys 'ENTER + ' sent to object: 'Object Repository/Master Headline/Searching Failed/input_Search_form-control form-control-sm'

2023-07-11 10:00:19 - [TEST_STEP][PASSED] - closeBrowser(): Browser is closed

2023-07-11 10:00:20 - [MESSAGE][PASSED] - Browser is closed]]></system-out>
         <system-err><![CDATA[]]></system-err>
      </testcase>
      <testcase name="Test Cases/Master Headline/Searching Success" time="13.583" classname="Test Cases/Master Headline/Searching Success" status="PASSED">
         <system-out><![CDATA[2023-07-11 10:00:20 - [TEST_CASE][PASSED] - Test Cases/Master Headline/Searching Success: Test Cases/Master Headline/Searching Success

2023-07-11 10:00:20 - [TEST_STEP][PASSED] - openBrowser(""): Browser is opened with url: ''

2023-07-11 10:00:20 - [MESSAGE][INFO] - Starting 'Chrome' driver

2023-07-11 10:00:20 - [MESSAGE][INFO] - User set preference: ['args', '[--start-maximized]']

2023-07-11 10:00:20 - [MESSAGE][INFO] - Action delay is set to 0 milliseconds

2023-07-11 10:00:22 - [MESSAGE][PASSED] - Browser is opened with url: ''

2023-07-11 10:00:22 - [TEST_STEP][PASSED] - maximizeWindow(): Current window maximized

2023-07-11 10:00:22 - [MESSAGE][PASSED] - Current window maximized

2023-07-11 10:00:22 - [TEST_STEP][PASSED] - navigateToUrl("https://uat-dashboard.blicicil.com/auth/login"): Navigate to 'https://uat-dashboard.blicicil.com/auth/login' successfully

2023-07-11 10:00:23 - [MESSAGE][PASSED] - Navigate to 'https://uat-dashboard.blicicil.com/auth/login' successfully

2023-07-11 10:00:23 - [TEST_STEP][PASSED] - setText(findTestObject("Object Repository/Master Headline/Searching Success/input_Email_email"), "eva.mayadila@megafinance.co.id"): Text 'eva.mayadila@megafinance.co.id' is set on object 'Object Repository/Master Headline/Searching Success/input_Email_email'

2023-07-11 10:00:24 - [MESSAGE][PASSED] - Text 'eva.mayadila@megafinance.co.id' is set on object 'Object Repository/Master Headline/Searching Success/input_Email_email'

2023-07-11 10:00:24 - [TEST_STEP][PASSED] - setEncryptedText(findTestObject("Object Repository/Master Headline/Searching Success/input_Password_password"), "aeHFOx8jV/A="): Text ****** has been set on object 'Object Repository/Master Headline/Searching Success/input_Password_password'

2023-07-11 10:00:25 - [MESSAGE][PASSED] - Text ****** has been set on object 'Object Repository/Master Headline/Searching Success/input_Password_password'

2023-07-11 10:00:25 - [TEST_STEP][PASSED] - click(findTestObject("Master Headline/Searching Success/button_Login")): Object: 'Object Repository/Master Headline/Searching Success/button_Login' is clicked on

2023-07-11 10:00:25 - [MESSAGE][PASSED] - Object: 'Object Repository/Master Headline/Searching Success/button_Login' is clicked on

2023-07-11 10:00:25 - [TEST_STEP][PASSED] - click(findTestObject("Object Repository/Master Headline/Searching Success/a_Master")): Object: 'Object Repository/Master Headline/Searching Success/a_Master' is clicked on

2023-07-11 10:00:27 - [MESSAGE][PASSED] - Object: 'Object Repository/Master Headline/Searching Success/a_Master' is clicked on

2023-07-11 10:00:27 - [TEST_STEP][PASSED] - click(findTestObject("Object Repository/Master Headline/Searching Success/span_Headline")): Object: 'Object Repository/Master Headline/Searching Success/span_Headline' is clicked on

2023-07-11 10:00:28 - [MESSAGE][PASSED] - Object: 'Object Repository/Master Headline/Searching Success/span_Headline' is clicked on

2023-07-11 10:00:28 - [TEST_STEP][PASSED] - getText(findTestObject("Object Repository/Master Headline/Searching Success/div_List Headline BliCicil Admin as        _f528db")): Text of object 'Object Repository/Master Headline/Searching Success/div_List Headline BliCicil Admin as        _f528db' is: 'List Headline BliCicil Admin as
New Headline'

2023-07-11 10:00:29 - [MESSAGE][PASSED] - Text of object 'Object Repository/Master Headline/Searching Success/div_List Headline BliCicil Admin as        _f528db' is: 'List Headline BliCicil Admin as
New Headline'

2023-07-11 10:00:29 - [TEST_STEP][PASSED] - setText(findTestObject("Object Repository/Master Headline/Searching Success/input_Search_form-control form-control-sm"), "Beli gadget"): Text 'Beli gadget' is set on object 'Object Repository/Master Headline/Searching Success/input_Search_form-control form-control-sm'

2023-07-11 10:00:30 - [MESSAGE][PASSED] - Text 'Beli gadget' is set on object 'Object Repository/Master Headline/Searching Success/input_Search_form-control form-control-sm'

2023-07-11 10:00:30 - [TEST_STEP][PASSED] - sendKeys(findTestObject("Object Repository/Master Headline/Searching Success/input_Search_form-control form-control-sm"), Keys.chord(ENTER)): Keys 'ENTER + ' sent to object: 'Object Repository/Master Headline/Searching Success/input_Search_form-control form-control-sm'

2023-07-11 10:00:30 - [MESSAGE][PASSED] - Keys 'ENTER + ' sent to object: 'Object Repository/Master Headline/Searching Success/input_Search_form-control form-control-sm'

2023-07-11 10:00:30 - [TEST_STEP][PASSED] - refresh(): Refresh successfully

2023-07-11 10:00:31 - [MESSAGE][PASSED] - Refresh successfully

2023-07-11 10:00:31 - [TEST_STEP][PASSED] - setText(findTestObject("Object Repository/Master Headline/Searching Success/input_Search_form-control form-control-sm"), "Elektronik"): Text 'Elektronik' is set on object 'Object Repository/Master Headline/Searching Success/input_Search_form-control form-control-sm'

2023-07-11 10:00:32 - [MESSAGE][PASSED] - Text 'Elektronik' is set on object 'Object Repository/Master Headline/Searching Success/input_Search_form-control form-control-sm'

2023-07-11 10:00:32 - [TEST_STEP][PASSED] - sendKeys(findTestObject("Object Repository/Master Headline/Searching Success/input_Search_form-control form-control-sm"), Keys.chord(ENTER)): Keys 'ENTER + ' sent to object: 'Object Repository/Master Headline/Searching Success/input_Search_form-control form-control-sm'

2023-07-11 10:00:33 - [MESSAGE][PASSED] - Keys 'ENTER + ' sent to object: 'Object Repository/Master Headline/Searching Success/input_Search_form-control form-control-sm'

2023-07-11 10:00:33 - [TEST_STEP][PASSED] - closeBrowser(): Browser is closed

2023-07-11 10:00:33 - [MESSAGE][PASSED] - Browser is closed]]></system-out>
         <system-err><![CDATA[]]></system-err>
      </testcase>
      <system-out><![CDATA[2023-07-11 09:59:46 - [TEST_SUITE][PASSED] - Master Headline: Test Cases/Master Headline/Searching Success]]></system-out>
      <system-err><![CDATA[]]></system-err>
   </testsuite>
</testsuites>
