<?xml version="1.0" encoding="UTF-8"?>
<testsuites name="News" time="43.623" tests="3" failures="0" errors="0">
   <testsuite name="News" tests="3" failures="0" errors="0" time="43.623" skipped="0" timestamp="2023-07-14 10:49:53" hostname="202102359 - KPO-Blicicil.pdc.megafinance.co.id" id="Test Suites/News">
      <properties>
         <property name="deviceName" value=""/>
         <property name="devicePlatform" value=""/>
         <property name="logFolder" value="C:\\Users\\202102359\\git\\blicicil-dashboard-uat\\Reports\\20230714_104951\\News\\20230714_104951"/>
         <property name="logFiles" value="C:\\Users\\202102359\\git\\blicicil-dashboard-uat\\Reports\\20230714_104951\\News\\20230714_104951\\execution0.log"/>
         <property name="attachments" value=""/>
         <property name="hostName" value="202102359 - KPO-Blicicil.pdc.megafinance.co.id"/>
         <property name="os" value="Windows 10 64bit"/>
         <property name="katalonVersion" value="8.6.0.208"/>
         <property name="browser" value="Chrome 114.0.0.0"/>
         <property name="hostAddress" value="192.168.16.53"/>
         <property name="sessionId" value="194b4ce7cb2e2bb54b891c3eada717ae"/>
         <property name="seleniumVersion" value="3.141.59"/>
         <property name="proxyInformation" value="ProxyInformation { proxyOption=NO_PROXY, proxyServerType=HTTP, username=, password=********, proxyServerAddress=, proxyServerPort=0, executionList=&quot;&quot;, isApplyToDesiredCapabilities=true }"/>
         <property name="platform" value="Windows 10"/>
      </properties>
      <testcase name="Test Cases/News/Beranda" time="20.48" classname="Test Cases/News/Beranda" status="PASSED">
         <system-out><![CDATA[2023-07-14 10:49:53 - [TEST_CASE][PASSED] - Test Cases/News/Beranda: Test Cases/News/Beranda

2023-07-14 10:49:54 - [TEST_STEP][PASSED] - openBrowser(""): Browser is opened with url: ''

2023-07-14 10:49:54 - [MESSAGE][INFO] - Starting 'Chrome' driver

2023-07-14 10:49:54 - [MESSAGE][INFO] - User set preference: ['args', '[--start-maximized]']

2023-07-14 10:49:54 - [MESSAGE][INFO] - Action delay is set to 0 milliseconds

2023-07-14 10:49:56 - [MESSAGE][PASSED] - Browser is opened with url: ''

2023-07-14 10:49:56 - [TEST_STEP][PASSED] - maximizeWindow(): Current window maximized

2023-07-14 10:49:56 - [MESSAGE][PASSED] - Current window maximized

2023-07-14 10:49:56 - [TEST_STEP][PASSED] - navigateToUrl("https://uat-dashboard.blicicil.com/auth/login"): Navigate to 'https://uat-dashboard.blicicil.com/auth/login' successfully

2023-07-14 10:49:57 - [MESSAGE][PASSED] - Navigate to 'https://uat-dashboard.blicicil.com/auth/login' successfully

2023-07-14 10:49:57 - [TEST_STEP][PASSED] - setText(findTestObject("Object Repository/News/Beranda/input_Email_email"), "eva.mayadila@megafinance.co.id"): Text 'eva.mayadila@megafinance.co.id' is set on object 'Object Repository/News/Beranda/input_Email_email'

2023-07-14 10:49:57 - [MESSAGE][PASSED] - Text 'eva.mayadila@megafinance.co.id' is set on object 'Object Repository/News/Beranda/input_Email_email'

2023-07-14 10:49:57 - [TEST_STEP][PASSED] - setEncryptedText(findTestObject("Object Repository/News/Beranda/input_Password_password"), "aeHFOx8jV/A="): Text ****** has been set on object 'Object Repository/News/Beranda/input_Password_password'

2023-07-14 10:49:58 - [MESSAGE][PASSED] - Text ****** has been set on object 'Object Repository/News/Beranda/input_Password_password'

2023-07-14 10:49:58 - [TEST_STEP][PASSED] - click(findTestObject("Object Repository/News/Beranda/button_Login")): Object: 'Object Repository/News/Beranda/button_Login' is clicked on

2023-07-14 10:49:58 - [MESSAGE][PASSED] - Object: 'Object Repository/News/Beranda/button_Login' is clicked on

2023-07-14 10:49:58 - [TEST_STEP][PASSED] - click(findTestObject("Object Repository/News/Beranda/a_News")): Object: 'Object Repository/News/Beranda/a_News' is clicked on

2023-07-14 10:50:01 - [MESSAGE][PASSED] - Object: 'Object Repository/News/Beranda/a_News' is clicked on

2023-07-14 10:50:01 - [TEST_STEP][PASSED] - click(findTestObject("Object Repository/News/Beranda/a_2")): Object: 'Object Repository/News/Beranda/a_2' is clicked on

2023-07-14 10:50:02 - [MESSAGE][PASSED] - Object: 'Object Repository/News/Beranda/a_2' is clicked on

2023-07-14 10:50:02 - [TEST_STEP][PASSED] - click(findTestObject("Object Repository/News/Beranda/a_Previous")): Object: 'Object Repository/News/Beranda/a_Previous' is clicked on

2023-07-14 10:50:02 - [MESSAGE][PASSED] - Object: 'Object Repository/News/Beranda/a_Previous' is clicked on

2023-07-14 10:50:02 - [TEST_STEP][PASSED] - click(findTestObject("Object Repository/News/Beranda/a_Next")): Object: 'Object Repository/News/Beranda/a_Next' is clicked on

2023-07-14 10:50:03 - [MESSAGE][PASSED] - Object: 'Object Repository/News/Beranda/a_Next' is clicked on

2023-07-14 10:50:03 - [TEST_STEP][PASSED] - click(findTestObject("Object Repository/News/Beranda/a_1")): Object: 'Object Repository/News/Beranda/a_1' is clicked on

2023-07-14 10:50:03 - [MESSAGE][PASSED] - Object: 'Object Repository/News/Beranda/a_1' is clicked on

2023-07-14 10:50:03 - [TEST_STEP][PASSED] - click(findTestObject("Object Repository/News/Beranda/button_Unpublish")): Object: 'Object Repository/News/Beranda/button_Unpublish' is clicked on

2023-07-14 10:50:04 - [MESSAGE][PASSED] - Object: 'Object Repository/News/Beranda/button_Unpublish' is clicked on

2023-07-14 10:50:04 - [TEST_STEP][PASSED] - click(findTestObject("Object Repository/News/Beranda/button_No")): Object: 'Object Repository/News/Beranda/button_No' is clicked on

2023-07-14 10:50:04 - [MESSAGE][PASSED] - Object: 'Object Repository/News/Beranda/button_No' is clicked on

2023-07-14 10:50:04 - [TEST_STEP][PASSED] - click(findTestObject("Object Repository/News/Beranda/button_Unpublish")): Object: 'Object Repository/News/Beranda/button_Unpublish' is clicked on

2023-07-14 10:50:05 - [MESSAGE][PASSED] - Object: 'Object Repository/News/Beranda/button_Unpublish' is clicked on

2023-07-14 10:50:05 - [TEST_STEP][PASSED] - click(findTestObject("Object Repository/News/Beranda/button_Yes")): Object: 'Object Repository/News/Beranda/button_Yes' is clicked on

2023-07-14 10:50:05 - [MESSAGE][PASSED] - Object: 'Object Repository/News/Beranda/button_Yes' is clicked on

2023-07-14 10:50:05 - [TEST_STEP][PASSED] - delay(2): Delayed 2 second(s)

2023-07-14 10:50:07 - [MESSAGE][PASSED] - Delayed 2 second(s)

2023-07-14 10:50:07 - [TEST_STEP][PASSED] - click(findTestObject("Object Repository/News/Beranda/a_Next")): Object: 'Object Repository/News/Beranda/a_Next' is clicked on

2023-07-14 10:50:08 - [MESSAGE][PASSED] - Object: 'Object Repository/News/Beranda/a_Next' is clicked on

2023-07-14 10:50:08 - [TEST_STEP][PASSED] - click(findTestObject("Object Repository/News/Beranda/a_Previous")): Object: 'Object Repository/News/Beranda/a_Previous' is clicked on

2023-07-14 10:50:09 - [MESSAGE][PASSED] - Object: 'Object Repository/News/Beranda/a_Previous' is clicked on

2023-07-14 10:50:09 - [TEST_STEP][PASSED] - click(findTestObject("Object Repository/News/Beranda/button_Publish")): Object: 'Object Repository/News/Beranda/button_Publish' is clicked on

2023-07-14 10:50:09 - [MESSAGE][PASSED] - Object: 'Object Repository/News/Beranda/button_Publish' is clicked on

2023-07-14 10:50:09 - [TEST_STEP][PASSED] - click(findTestObject("Object Repository/News/Beranda/button_No")): Object: 'Object Repository/News/Beranda/button_No' is clicked on

2023-07-14 10:50:10 - [MESSAGE][PASSED] - Object: 'Object Repository/News/Beranda/button_No' is clicked on

2023-07-14 10:50:10 - [TEST_STEP][PASSED] - click(findTestObject("Object Repository/News/Beranda/button_Publish")): Object: 'Object Repository/News/Beranda/button_Publish' is clicked on

2023-07-14 10:50:10 - [MESSAGE][PASSED] - Object: 'Object Repository/News/Beranda/button_Publish' is clicked on

2023-07-14 10:50:10 - [TEST_STEP][PASSED] - click(findTestObject("Object Repository/News/Beranda/button_Yes")): Object: 'Object Repository/News/Beranda/button_Yes' is clicked on

2023-07-14 10:50:11 - [MESSAGE][PASSED] - Object: 'Object Repository/News/Beranda/button_Yes' is clicked on

2023-07-14 10:50:11 - [TEST_STEP][PASSED] - delay(2): Delayed 2 second(s)

2023-07-14 10:50:13 - [MESSAGE][PASSED] - Delayed 2 second(s)

2023-07-14 10:50:13 - [TEST_STEP][PASSED] - closeBrowser(): Browser is closed

2023-07-14 10:50:14 - [MESSAGE][PASSED] - Browser is closed]]></system-out>
         <system-err><![CDATA[]]></system-err>
      </testcase>
      <testcase name="Test Cases/News/Searching Failed" time="11.273" classname="Test Cases/News/Searching Failed" status="PASSED">
         <system-out><![CDATA[2023-07-14 10:50:14 - [TEST_CASE][PASSED] - Test Cases/News/Searching Failed: Test Cases/News/Searching Failed

2023-07-14 10:50:14 - [TEST_STEP][PASSED] - openBrowser(""): Browser is opened with url: ''

2023-07-14 10:50:14 - [MESSAGE][INFO] - Starting 'Chrome' driver

2023-07-14 10:50:14 - [MESSAGE][INFO] - User set preference: ['args', '[--start-maximized]']

2023-07-14 10:50:14 - [MESSAGE][INFO] - Action delay is set to 0 milliseconds

2023-07-14 10:50:16 - [MESSAGE][PASSED] - Browser is opened with url: ''

2023-07-14 10:50:16 - [TEST_STEP][PASSED] - maximizeWindow(): Current window maximized

2023-07-14 10:50:16 - [MESSAGE][PASSED] - Current window maximized

2023-07-14 10:50:16 - [TEST_STEP][PASSED] - navigateToUrl("https://uat-dashboard.blicicil.com/auth/login"): Navigate to 'https://uat-dashboard.blicicil.com/auth/login' successfully

2023-07-14 10:50:16 - [MESSAGE][PASSED] - Navigate to 'https://uat-dashboard.blicicil.com/auth/login' successfully

2023-07-14 10:50:16 - [TEST_STEP][PASSED] - setText(findTestObject("Object Repository/News/Searching Failed/input_Email_email"), "eva.mayadila@megafinance.co.id"): Text 'eva.mayadila@megafinance.co.id' is set on object 'Object Repository/News/Searching Failed/input_Email_email'

2023-07-14 10:50:17 - [MESSAGE][PASSED] - Text 'eva.mayadila@megafinance.co.id' is set on object 'Object Repository/News/Searching Failed/input_Email_email'

2023-07-14 10:50:17 - [TEST_STEP][PASSED] - setEncryptedText(findTestObject("Object Repository/News/Searching Failed/input_Password_password"), "aeHFOx8jV/A="): Text ****** has been set on object 'Object Repository/News/Searching Failed/input_Password_password'

2023-07-14 10:50:17 - [MESSAGE][PASSED] - Text ****** has been set on object 'Object Repository/News/Searching Failed/input_Password_password'

2023-07-14 10:50:17 - [TEST_STEP][PASSED] - click(findTestObject("Object Repository/News/Searching Failed/button_Login")): Object: 'Object Repository/News/Searching Failed/button_Login' is clicked on

2023-07-14 10:50:18 - [MESSAGE][PASSED] - Object: 'Object Repository/News/Searching Failed/button_Login' is clicked on

2023-07-14 10:50:18 - [TEST_STEP][PASSED] - click(findTestObject("Object Repository/News/Searching Failed/a_News")): Object: 'Object Repository/News/Searching Failed/a_News' is clicked on

2023-07-14 10:50:20 - [MESSAGE][PASSED] - Object: 'Object Repository/News/Searching Failed/a_News' is clicked on

2023-07-14 10:50:20 - [TEST_STEP][PASSED] - setText(findTestObject("Object Repository/News/Searching Failed/input_Search_form-control form-control-sm"), "Bisnis"): Text 'Bisnis' is set on object 'Object Repository/News/Searching Failed/input_Search_form-control form-control-sm'

2023-07-14 10:50:22 - [MESSAGE][PASSED] - Text 'Bisnis' is set on object 'Object Repository/News/Searching Failed/input_Search_form-control form-control-sm'

2023-07-14 10:50:22 - [TEST_STEP][PASSED] - sendKeys(findTestObject("Object Repository/News/Searching Failed/input_Search_form-control form-control-sm"), Keys.chord(ENTER)): Keys 'ENTER + ' sent to object: 'Object Repository/News/Searching Failed/input_Search_form-control form-control-sm'

2023-07-14 10:50:22 - [MESSAGE][PASSED] - Keys 'ENTER + ' sent to object: 'Object Repository/News/Searching Failed/input_Search_form-control form-control-sm'

2023-07-14 10:50:22 - [TEST_STEP][PASSED] - refresh(): Refresh successfully

2023-07-14 10:50:22 - [MESSAGE][PASSED] - Refresh successfully

2023-07-14 10:50:22 - [TEST_STEP][PASSED] - setText(findTestObject("Object Repository/News/Searching Failed/input_Search_form-control form-control-sm"), "1234"): Text '1234' is set on object 'Object Repository/News/Searching Failed/input_Search_form-control form-control-sm'

2023-07-14 10:50:24 - [MESSAGE][PASSED] - Text '1234' is set on object 'Object Repository/News/Searching Failed/input_Search_form-control form-control-sm'

2023-07-14 10:50:24 - [TEST_STEP][PASSED] - sendKeys(findTestObject("Object Repository/News/Searching Failed/input_Search_form-control form-control-sm"), Keys.chord(ENTER)): Keys 'ENTER + ' sent to object: 'Object Repository/News/Searching Failed/input_Search_form-control form-control-sm'

2023-07-14 10:50:24 - [MESSAGE][PASSED] - Keys 'ENTER + ' sent to object: 'Object Repository/News/Searching Failed/input_Search_form-control form-control-sm'

2023-07-14 10:50:24 - [TEST_STEP][PASSED] - closeBrowser(): Browser is closed

2023-07-14 10:50:25 - [MESSAGE][PASSED] - Browser is closed]]></system-out>
         <system-err><![CDATA[]]></system-err>
      </testcase>
      <testcase name="Test Cases/News/Searching Success" time="11.574" classname="Test Cases/News/Searching Success" status="PASSED">
         <system-out><![CDATA[2023-07-14 10:50:25 - [TEST_CASE][PASSED] - Test Cases/News/Searching Success: Test Cases/News/Searching Success

2023-07-14 10:50:25 - [TEST_STEP][PASSED] - openBrowser(""): Browser is opened with url: ''

2023-07-14 10:50:25 - [MESSAGE][INFO] - Starting 'Chrome' driver

2023-07-14 10:50:25 - [MESSAGE][INFO] - User set preference: ['args', '[--start-maximized]']

2023-07-14 10:50:25 - [MESSAGE][INFO] - Action delay is set to 0 milliseconds

2023-07-14 10:50:27 - [MESSAGE][PASSED] - Browser is opened with url: ''

2023-07-14 10:50:27 - [TEST_STEP][PASSED] - maximizeWindow(): Current window maximized

2023-07-14 10:50:27 - [MESSAGE][PASSED] - Current window maximized

2023-07-14 10:50:27 - [TEST_STEP][PASSED] - navigateToUrl("https://uat-dashboard.blicicil.com/auth/login"): Navigate to 'https://uat-dashboard.blicicil.com/auth/login' successfully

2023-07-14 10:50:28 - [MESSAGE][PASSED] - Navigate to 'https://uat-dashboard.blicicil.com/auth/login' successfully

2023-07-14 10:50:28 - [TEST_STEP][PASSED] - setText(findTestObject("Object Repository/News/Searching Success/input_Email_email"), "eva.mayadila@megafinance.co.id"): Text 'eva.mayadila@megafinance.co.id' is set on object 'Object Repository/News/Searching Success/input_Email_email'

2023-07-14 10:50:28 - [MESSAGE][PASSED] - Text 'eva.mayadila@megafinance.co.id' is set on object 'Object Repository/News/Searching Success/input_Email_email'

2023-07-14 10:50:28 - [TEST_STEP][PASSED] - setEncryptedText(findTestObject("Object Repository/News/Searching Success/input_Password_password"), "aeHFOx8jV/A="): Text ****** has been set on object 'Object Repository/News/Searching Success/input_Password_password'

2023-07-14 10:50:29 - [MESSAGE][PASSED] - Text ****** has been set on object 'Object Repository/News/Searching Success/input_Password_password'

2023-07-14 10:50:29 - [TEST_STEP][PASSED] - click(findTestObject("Object Repository/News/Searching Success/button_Login")): Object: 'Object Repository/News/Searching Success/button_Login' is clicked on

2023-07-14 10:50:29 - [MESSAGE][PASSED] - Object: 'Object Repository/News/Searching Success/button_Login' is clicked on

2023-07-14 10:50:29 - [TEST_STEP][PASSED] - click(findTestObject("Object Repository/News/Searching Success/a_News")): Object: 'Object Repository/News/Searching Success/a_News' is clicked on

2023-07-14 10:50:32 - [MESSAGE][PASSED] - Object: 'Object Repository/News/Searching Success/a_News' is clicked on

2023-07-14 10:50:32 - [TEST_STEP][PASSED] - getText(findTestObject("Object Repository/News/Searching Success/div_List News BliCicil Admin as            _9f1570")): Text of object 'Object Repository/News/Searching Success/div_List News BliCicil Admin as            _9f1570' is: 'List News BliCicil Admin as
New News'

2023-07-14 10:50:33 - [MESSAGE][PASSED] - Text of object 'Object Repository/News/Searching Success/div_List News BliCicil Admin as            _9f1570' is: 'List News BliCicil Admin as
New News'

2023-07-14 10:50:33 - [TEST_STEP][PASSED] - setText(findTestObject("Object Repository/News/Searching Success/input_Search_form-control form-control-sm"), "Blicicil"): Text 'Blicicil' is set on object 'Object Repository/News/Searching Success/input_Search_form-control form-control-sm'

2023-07-14 10:50:33 - [MESSAGE][PASSED] - Text 'Blicicil' is set on object 'Object Repository/News/Searching Success/input_Search_form-control form-control-sm'

2023-07-14 10:50:33 - [TEST_STEP][PASSED] - sendKeys(findTestObject("Object Repository/News/Searching Success/input_Search_form-control form-control-sm"), Keys.chord(ENTER)): Keys 'ENTER + ' sent to object: 'Object Repository/News/Searching Success/input_Search_form-control form-control-sm'

2023-07-14 10:50:34 - [MESSAGE][PASSED] - Keys 'ENTER + ' sent to object: 'Object Repository/News/Searching Success/input_Search_form-control form-control-sm'

2023-07-14 10:50:34 - [TEST_STEP][PASSED] - refresh(): Refresh successfully

2023-07-14 10:50:34 - [MESSAGE][PASSED] - Refresh successfully

2023-07-14 10:50:34 - [TEST_STEP][PASSED] - setText(findTestObject("Object Repository/News/Searching Success/input_Search_form-control form-control-sm"), "Indonesia"): Text 'Indonesia' is set on object 'Object Repository/News/Searching Success/input_Search_form-control form-control-sm'

2023-07-14 10:50:35 - [MESSAGE][PASSED] - Text 'Indonesia' is set on object 'Object Repository/News/Searching Success/input_Search_form-control form-control-sm'

2023-07-14 10:50:35 - [TEST_STEP][PASSED] - sendKeys(findTestObject("Object Repository/News/Searching Success/input_Search_form-control form-control-sm"), Keys.chord(ENTER)): Keys 'ENTER + ' sent to object: 'Object Repository/News/Searching Success/input_Search_form-control form-control-sm'

2023-07-14 10:50:36 - [MESSAGE][PASSED] - Keys 'ENTER + ' sent to object: 'Object Repository/News/Searching Success/input_Search_form-control form-control-sm'

2023-07-14 10:50:36 - [TEST_STEP][PASSED] - closeBrowser(): Browser is closed

2023-07-14 10:50:37 - [MESSAGE][PASSED] - Browser is closed]]></system-out>
         <system-err><![CDATA[]]></system-err>
      </testcase>
      <system-out><![CDATA[2023-07-14 10:49:53 - [TEST_SUITE][PASSED] - News: Test Cases/News/Searching Success]]></system-out>
      <system-err><![CDATA[]]></system-err>
   </testsuite>
</testsuites>
