<?xml version="1.0" encoding="UTF-8"?>
<testsuites name="Master Toko" time="278.093" tests="7" failures="0" errors="0">
   <testsuite name="Master Toko" tests="7" failures="0" errors="0" time="278.093" skipped="0" timestamp="2023-07-11 09:51:25" hostname="202102359 - KPO-Blicicil.pdc.megafinance.co.id" id="Test Suites/Master Toko">
      <properties>
         <property name="deviceName" value=""/>
         <property name="devicePlatform" value=""/>
         <property name="logFolder" value="C:\\Users\\202102359\\git\\blicicil-dashboard-uat\\Reports\\20230711_095121\\Master Toko\\20230711_095121"/>
         <property name="logFiles" value="C:\\Users\\202102359\\git\\blicicil-dashboard-uat\\Reports\\20230711_095121\\Master Toko\\20230711_095121\\execution0.log"/>
         <property name="attachments" value=""/>
         <property name="hostName" value="202102359 - KPO-Blicicil.pdc.megafinance.co.id"/>
         <property name="os" value="Windows 10 64bit"/>
         <property name="katalonVersion" value="8.6.0.208"/>
         <property name="browser" value="Chrome 114.0.0.0"/>
         <property name="hostAddress" value="192.168.16.53"/>
         <property name="sessionId" value="c7ad4308c9571b1ec8ba0b16f7e052b4"/>
         <property name="seleniumVersion" value="3.141.59"/>
         <property name="proxyInformation" value="ProxyInformation { proxyOption=NO_PROXY, proxyServerType=HTTP, username=, password=********, proxyServerAddress=, proxyServerPort=0, executionList=&quot;&quot;, isApplyToDesiredCapabilities=true }"/>
         <property name="platform" value="Windows 10"/>
      </properties>
      <testcase name="Test Cases/Master Toko/Beranda" time="22.844" classname="Test Cases/Master Toko/Beranda" status="PASSED">
         <system-out><![CDATA[2023-07-11 09:51:25 - [TEST_CASE][PASSED] - Test Cases/Master Toko/Beranda: Test Cases/Master Toko/Beranda

2023-07-11 09:51:26 - [TEST_STEP][PASSED] - openBrowser(""): Browser is opened with url: ''

2023-07-11 09:51:26 - [MESSAGE][INFO] - Starting 'Chrome' driver

2023-07-11 09:51:26 - [MESSAGE][INFO] - User set preference: ['args', '[--start-maximized]']

2023-07-11 09:51:26 - [MESSAGE][INFO] - Action delay is set to 0 milliseconds

2023-07-11 09:51:30 - [MESSAGE][PASSED] - Browser is opened with url: ''

2023-07-11 09:51:30 - [TEST_STEP][PASSED] - maximizeWindow(): Current window maximized

2023-07-11 09:51:30 - [MESSAGE][PASSED] - Current window maximized

2023-07-11 09:51:30 - [TEST_STEP][PASSED] - navigateToUrl("https://uat-dashboard.blicicil.com/auth/login"): Navigate to 'https://uat-dashboard.blicicil.com/auth/login' successfully

2023-07-11 09:51:33 - [MESSAGE][PASSED] - Navigate to 'https://uat-dashboard.blicicil.com/auth/login' successfully

2023-07-11 09:51:33 - [TEST_STEP][PASSED] - setText(findTestObject("Object Repository/Master Toko/Beranda/input_Email_email"), "eva.mayadila@megafinance.co.id"): Text 'eva.mayadila@megafinance.co.id' is set on object 'Object Repository/Master Toko/Beranda/input_Email_email'

2023-07-11 09:51:34 - [MESSAGE][PASSED] - Text 'eva.mayadila@megafinance.co.id' is set on object 'Object Repository/Master Toko/Beranda/input_Email_email'

2023-07-11 09:51:34 - [TEST_STEP][PASSED] - setEncryptedText(findTestObject("Object Repository/Master Toko/Beranda/input_Password_password"), "aeHFOx8jV/A="): Text ****** has been set on object 'Object Repository/Master Toko/Beranda/input_Password_password'

2023-07-11 09:51:35 - [MESSAGE][PASSED] - Text ****** has been set on object 'Object Repository/Master Toko/Beranda/input_Password_password'

2023-07-11 09:51:35 - [TEST_STEP][PASSED] - click(findTestObject("Object Repository/Master Toko/Beranda/button_Login")): Object: 'Object Repository/Master Toko/Beranda/button_Login' is clicked on

2023-07-11 09:51:35 - [MESSAGE][PASSED] - Object: 'Object Repository/Master Toko/Beranda/button_Login' is clicked on

2023-07-11 09:51:35 - [TEST_STEP][PASSED] - click(findTestObject("Object Repository/Master Toko/Beranda/a_Master")): Object: 'Object Repository/Master Toko/Beranda/a_Master' is clicked on

2023-07-11 09:51:38 - [MESSAGE][PASSED] - Object: 'Object Repository/Master Toko/Beranda/a_Master' is clicked on

2023-07-11 09:51:38 - [TEST_STEP][PASSED] - click(findTestObject("Object Repository/Master Toko/Beranda/a_Toko")): Object: 'Object Repository/Master Toko/Beranda/a_Toko' is clicked on

2023-07-11 09:51:39 - [MESSAGE][PASSED] - Object: 'Object Repository/Master Toko/Beranda/a_Toko' is clicked on

2023-07-11 09:51:39 - [TEST_STEP][PASSED] - click(findTestObject("Object Repository/Master Toko/Beranda/button_Deactivate")): Object: 'Object Repository/Master Toko/Beranda/button_Deactivate' is clicked on

2023-07-11 09:51:40 - [MESSAGE][PASSED] - Object: 'Object Repository/Master Toko/Beranda/button_Deactivate' is clicked on

2023-07-11 09:51:40 - [TEST_STEP][PASSED] - click(findTestObject("Object Repository/Master Toko/Beranda/button_No")): Object: 'Object Repository/Master Toko/Beranda/button_No' is clicked on

2023-07-11 09:51:40 - [MESSAGE][PASSED] - Object: 'Object Repository/Master Toko/Beranda/button_No' is clicked on

2023-07-11 09:51:40 - [TEST_STEP][PASSED] - click(findTestObject("Object Repository/Master Toko/Beranda/button_Deactivate")): Object: 'Object Repository/Master Toko/Beranda/button_Deactivate' is clicked on

2023-07-11 09:51:41 - [MESSAGE][PASSED] - Object: 'Object Repository/Master Toko/Beranda/button_Deactivate' is clicked on

2023-07-11 09:51:41 - [TEST_STEP][PASSED] - click(findTestObject("Object Repository/Master Toko/Beranda/button_Yes")): Object: 'Object Repository/Master Toko/Beranda/button_Yes' is clicked on

2023-07-11 09:51:41 - [MESSAGE][PASSED] - Object: 'Object Repository/Master Toko/Beranda/button_Yes' is clicked on

2023-07-11 09:51:41 - [TEST_STEP][PASSED] - click(findTestObject("Object Repository/Master Toko/Beranda/button_Activate")): Object: 'Object Repository/Master Toko/Beranda/button_Activate' is clicked on

2023-07-11 09:51:42 - [MESSAGE][PASSED] - Object: 'Object Repository/Master Toko/Beranda/button_Activate' is clicked on

2023-07-11 09:51:42 - [TEST_STEP][PASSED] - click(findTestObject("Object Repository/Master Toko/Beranda/button_No")): Object: 'Object Repository/Master Toko/Beranda/button_No' is clicked on

2023-07-11 09:51:43 - [MESSAGE][PASSED] - Object: 'Object Repository/Master Toko/Beranda/button_No' is clicked on

2023-07-11 09:51:43 - [TEST_STEP][PASSED] - click(findTestObject("Object Repository/Master Toko/Beranda/button_Activate")): Object: 'Object Repository/Master Toko/Beranda/button_Activate' is clicked on

2023-07-11 09:51:44 - [MESSAGE][PASSED] - Object: 'Object Repository/Master Toko/Beranda/button_Activate' is clicked on

2023-07-11 09:51:44 - [TEST_STEP][PASSED] - click(findTestObject("Object Repository/Master Toko/Beranda/button_Yes")): Object: 'Object Repository/Master Toko/Beranda/button_Yes' is clicked on

2023-07-11 09:51:44 - [MESSAGE][PASSED] - Object: 'Object Repository/Master Toko/Beranda/button_Yes' is clicked on

2023-07-11 09:51:44 - [TEST_STEP][PASSED] - click(findTestObject("Object Repository/Master Toko/Beranda/a_4")): Object: 'Object Repository/Master Toko/Beranda/a_4' is clicked on

2023-07-11 09:51:45 - [MESSAGE][PASSED] - Object: 'Object Repository/Master Toko/Beranda/a_4' is clicked on

2023-07-11 09:51:45 - [TEST_STEP][PASSED] - click(findTestObject("Object Repository/Master Toko/Beranda/a_Next")): Object: 'Object Repository/Master Toko/Beranda/a_Next' is clicked on

2023-07-11 09:51:46 - [MESSAGE][PASSED] - Object: 'Object Repository/Master Toko/Beranda/a_Next' is clicked on

2023-07-11 09:51:46 - [TEST_STEP][PASSED] - click(findTestObject("Object Repository/Master Toko/Beranda/a_Previous")): Object: 'Object Repository/Master Toko/Beranda/a_Previous' is clicked on

2023-07-11 09:51:46 - [MESSAGE][PASSED] - Object: 'Object Repository/Master Toko/Beranda/a_Previous' is clicked on

2023-07-11 09:51:46 - [TEST_STEP][PASSED] - click(findTestObject("Object Repository/Master Toko/Beranda/a_Maps")): Object: 'Object Repository/Master Toko/Beranda/a_Maps' is clicked on

2023-07-11 09:51:47 - [MESSAGE][PASSED] - Object: 'Object Repository/Master Toko/Beranda/a_Maps' is clicked on

2023-07-11 09:51:47 - [TEST_STEP][PASSED] - closeBrowser(): Browser is closed

2023-07-11 09:51:48 - [MESSAGE][PASSED] - Browser is closed]]></system-out>
         <system-err><![CDATA[]]></system-err>
      </testcase>
      <testcase name="Test Cases/Master Toko/Success/Add Toko" time="49.549" classname="Test Cases/Master Toko/Success/Add Toko" status="PASSED">
         <system-out><![CDATA[2023-07-11 09:51:48 - [TEST_CASE][PASSED] - Test Cases/Master Toko/Success/Add Toko: Test Cases/Master Toko/Success/Add Toko

2023-07-11 09:51:48 - [TEST_STEP][PASSED] - openBrowser(""): Browser is opened with url: ''

2023-07-11 09:51:48 - [MESSAGE][INFO] - Starting 'Chrome' driver

2023-07-11 09:51:48 - [MESSAGE][INFO] - User set preference: ['args', '[--start-maximized]']

2023-07-11 09:51:48 - [MESSAGE][INFO] - Action delay is set to 0 milliseconds

2023-07-11 09:51:50 - [MESSAGE][PASSED] - Browser is opened with url: ''

2023-07-11 09:51:50 - [TEST_STEP][PASSED] - maximizeWindow(): Current window maximized

2023-07-11 09:51:50 - [MESSAGE][PASSED] - Current window maximized

2023-07-11 09:51:50 - [TEST_STEP][PASSED] - navigateToUrl("https://uat-dashboard.blicicil.com/auth/login"): Navigate to 'https://uat-dashboard.blicicil.com/auth/login' successfully

2023-07-11 09:51:51 - [MESSAGE][PASSED] - Navigate to 'https://uat-dashboard.blicicil.com/auth/login' successfully

2023-07-11 09:51:51 - [TEST_STEP][PASSED] - setText(findTestObject("Object Repository/Master Toko/Add Toko Success/input_Email_email"), "eva.mayadila@megafinance.co.id"): Text 'eva.mayadila@megafinance.co.id' is set on object 'Object Repository/Master Toko/Add Toko Success/input_Email_email'

2023-07-11 09:51:52 - [MESSAGE][PASSED] - Text 'eva.mayadila@megafinance.co.id' is set on object 'Object Repository/Master Toko/Add Toko Success/input_Email_email'

2023-07-11 09:51:52 - [TEST_STEP][PASSED] - setEncryptedText(findTestObject("Object Repository/Master Toko/Add Toko Success/input_Password_password"), "aeHFOx8jV/A="): Text ****** has been set on object 'Object Repository/Master Toko/Add Toko Success/input_Password_password'

2023-07-11 09:51:52 - [MESSAGE][PASSED] - Text ****** has been set on object 'Object Repository/Master Toko/Add Toko Success/input_Password_password'

2023-07-11 09:51:52 - [TEST_STEP][PASSED] - click(findTestObject("Object Repository/Master Toko/Add Toko Success/button_Login")): Object: 'Object Repository/Master Toko/Add Toko Success/button_Login' is clicked on

2023-07-11 09:51:52 - [MESSAGE][PASSED] - Object: 'Object Repository/Master Toko/Add Toko Success/button_Login' is clicked on

2023-07-11 09:51:52 - [TEST_STEP][PASSED] - click(findTestObject("Object Repository/Master Toko/Add Toko Success/a_Master")): Object: 'Object Repository/Master Toko/Add Toko Success/a_Master' is clicked on

2023-07-11 09:51:54 - [MESSAGE][PASSED] - Object: 'Object Repository/Master Toko/Add Toko Success/a_Master' is clicked on

2023-07-11 09:51:54 - [TEST_STEP][PASSED] - click(findTestObject("Object Repository/Master Toko/Add Toko Success/a_Toko")): Object: 'Object Repository/Master Toko/Add Toko Success/a_Toko' is clicked on

2023-07-11 09:51:55 - [MESSAGE][PASSED] - Object: 'Object Repository/Master Toko/Add Toko Success/a_Toko' is clicked on

2023-07-11 09:51:55 - [TEST_STEP][PASSED] - getText(findTestObject("Object Repository/Master Toko/Add Toko Success/div_List Toko BliCicil Admin as            _dde361")): Text of object 'Object Repository/Master Toko/Add Toko Success/div_List Toko BliCicil Admin as            _dde361' is: 'List Toko BliCicil Admin as
New Toko'

2023-07-11 09:51:56 - [MESSAGE][PASSED] - Text of object 'Object Repository/Master Toko/Add Toko Success/div_List Toko BliCicil Admin as            _dde361' is: 'List Toko BliCicil Admin as
New Toko'

2023-07-11 09:51:56 - [TEST_STEP][PASSED] - click(findTestObject("Object Repository/Master Toko/Add Toko Success/svg_List Toko BliCicil Admin as_feather fea_a26c67")): Object: 'Object Repository/Master Toko/Add Toko Success/svg_List Toko BliCicil Admin as_feather fea_a26c67' is clicked on

2023-07-11 09:51:57 - [MESSAGE][PASSED] - Object: 'Object Repository/Master Toko/Add Toko Success/svg_List Toko BliCicil Admin as_feather fea_a26c67' is clicked on

2023-07-11 09:51:57 - [TEST_STEP][PASSED] - selectOptionByValue(findTestObject("Object Repository/Master Toko/Add Toko Success/select_TransmartPanasonicPolytronAsusSamsun_36b03e"), "3", true): All options with value '3' are selected in object 'Object Repository/Master Toko/Add Toko Success/select_TransmartPanasonicPolytronAsusSamsun_36b03e'  using regular expression

2023-07-11 09:51:59 - [MESSAGE][PASSED] - All options with value '3' are selected in object 'Object Repository/Master Toko/Add Toko Success/select_TransmartPanasonicPolytronAsusSamsun_36b03e'  using regular expression

2023-07-11 09:51:59 - [TEST_STEP][PASSED] - selectOptionByValue(findTestObject("Object Repository/Master Toko/Add Toko Success/select_Aceh SelatanBalanganBalikpapanBantae_4910c5"), "430", true): All options with value '430' are selected in object 'Object Repository/Master Toko/Add Toko Success/select_Aceh SelatanBalanganBalikpapanBantae_4910c5'  using regular expression

2023-07-11 09:52:11 - [MESSAGE][PASSED] - All options with value '430' are selected in object 'Object Repository/Master Toko/Add Toko Success/select_Aceh SelatanBalanganBalikpapanBantae_4910c5'  using regular expression

2023-07-11 09:52:11 - [TEST_STEP][PASSED] - setText(findTestObject("Object Repository/Master Toko/Add Toko Success/input_Nama Toko_txtNamaToko"), "Testing Toko Baru"): Text 'Testing Toko Baru' is set on object 'Object Repository/Master Toko/Add Toko Success/input_Nama Toko_txtNamaToko'

2023-07-11 09:52:12 - [MESSAGE][PASSED] - Text 'Testing Toko Baru' is set on object 'Object Repository/Master Toko/Add Toko Success/input_Nama Toko_txtNamaToko'

2023-07-11 09:52:12 - [TEST_STEP][PASSED] - setText(findTestObject("Object Repository/Master Toko/Add Toko Success/input_Outlet Name_txtNamaOutlet"), "Toko Baru ya"): Text 'Toko Baru ya' is set on object 'Object Repository/Master Toko/Add Toko Success/input_Outlet Name_txtNamaOutlet'

2023-07-11 09:52:13 - [MESSAGE][PASSED] - Text 'Toko Baru ya' is set on object 'Object Repository/Master Toko/Add Toko Success/input_Outlet Name_txtNamaOutlet'

2023-07-11 09:52:13 - [TEST_STEP][PASSED] - setText(findTestObject("Object Repository/Master Toko/Add Toko Success/textarea_Address_txtAlamat"), "Jalan Wiajya"): Text 'Jalan Wiajya' is set on object 'Object Repository/Master Toko/Add Toko Success/textarea_Address_txtAlamat'

2023-07-11 09:52:13 - [MESSAGE][PASSED] - Text 'Jalan Wiajya' is set on object 'Object Repository/Master Toko/Add Toko Success/textarea_Address_txtAlamat'

2023-07-11 09:52:13 - [TEST_STEP][PASSED] - setText(findTestObject("Object Repository/Master Toko/Add Toko Success/input_Dealer Code_txtDealerCode"), "D00345"): Text 'D00345' is set on object 'Object Repository/Master Toko/Add Toko Success/input_Dealer Code_txtDealerCode'

2023-07-11 09:52:14 - [MESSAGE][PASSED] - Text 'D00345' is set on object 'Object Repository/Master Toko/Add Toko Success/input_Dealer Code_txtDealerCode'

2023-07-11 09:52:14 - [TEST_STEP][PASSED] - setText(findTestObject("Object Repository/Master Toko/Add Toko Success/input_Telephone_txtTelepon"), "0293847475940"): Text '0293847475940' is set on object 'Object Repository/Master Toko/Add Toko Success/input_Telephone_txtTelepon'

2023-07-11 09:52:15 - [MESSAGE][PASSED] - Text '0293847475940' is set on object 'Object Repository/Master Toko/Add Toko Success/input_Telephone_txtTelepon'

2023-07-11 09:52:15 - [TEST_STEP][PASSED] - setText(findTestObject("Object Repository/Master Toko/Add Toko Success/input_Latitude_txtlatitude"), "-60.28888"): Text '-60.28888' is set on object 'Object Repository/Master Toko/Add Toko Success/input_Latitude_txtlatitude'

2023-07-11 09:52:16 - [MESSAGE][PASSED] - Text '-60.28888' is set on object 'Object Repository/Master Toko/Add Toko Success/input_Latitude_txtlatitude'

2023-07-11 09:52:16 - [TEST_STEP][PASSED] - setText(findTestObject("Object Repository/Master Toko/Add Toko Success/input_Longitude_txtlongitude"), "102.4848493"): Text '102.4848493' is set on object 'Object Repository/Master Toko/Add Toko Success/input_Longitude_txtlongitude'

2023-07-11 09:52:16 - [MESSAGE][PASSED] - Text '102.4848493' is set on object 'Object Repository/Master Toko/Add Toko Success/input_Longitude_txtlongitude'

2023-07-11 09:52:16 - [TEST_STEP][PASSED] - click(findTestObject("Object Repository/Master Toko/Add Toko Success/button_Submit")): Object: 'Object Repository/Master Toko/Add Toko Success/button_Submit' is clicked on

2023-07-11 09:52:17 - [MESSAGE][PASSED] - Object: 'Object Repository/Master Toko/Add Toko Success/button_Submit' is clicked on

2023-07-11 09:52:17 - [TEST_STEP][PASSED] - getText(findTestObject("Object Repository/Master Toko/Add Toko Success/div_SuccessOKNoCancel")): Text of object 'Object Repository/Master Toko/Add Toko Success/div_SuccessOKNoCancel' is: 'Messages
Timeline
Exceptions
Views5
Route
Queries30
Models70
Mails
Gate
Session
Request
7.4.30
49.48ms
5MB
GET master/toko/add'

2023-07-11 09:52:18 - [MESSAGE][PASSED] - Text of object 'Object Repository/Master Toko/Add Toko Success/div_SuccessOKNoCancel' is: 'Messages
Timeline
Exceptions
Views5
Route
Queries30
Models70
Mails
Gate
Session
Request
7.4.30
49.48ms
5MB
GET master/toko/add'

2023-07-11 09:52:18 - [TEST_STEP][PASSED] - getText(findTestObject("Object Repository/Master Toko/Add Toko Success/div_List Toko BliCicil Admin as            _dde361")): Text of object 'Object Repository/Master Toko/Add Toko Success/div_List Toko BliCicil Admin as            _dde361' is: 'Add Toko BliCicil Admin as'

2023-07-11 09:52:18 - [MESSAGE][PASSED] - Text of object 'Object Repository/Master Toko/Add Toko Success/div_List Toko BliCicil Admin as            _dde361' is: 'Add Toko BliCicil Admin as'

2023-07-11 09:52:18 - [TEST_STEP][PASSED] - click(findTestObject("Object Repository/Master Toko/Add Toko Success/a_172")): Object: 'Object Repository/Master Toko/Add Toko Success/a_172' is clicked on

2023-07-11 09:52:37 - [MESSAGE][PASSED] - Object: 'Object Repository/Master Toko/Add Toko Success/a_172' is clicked on

2023-07-11 09:52:37 - [TEST_STEP][PASSED] - closeBrowser(): Browser is closed

2023-07-11 09:52:38 - [MESSAGE][PASSED] - Browser is closed]]></system-out>
         <system-err><![CDATA[]]></system-err>
      </testcase>
      <testcase name="Test Cases/Master Toko/Failed/Add Toko" time="77.564" classname="Test Cases/Master Toko/Failed/Add Toko" status="PASSED">
         <system-out><![CDATA[2023-07-11 09:52:38 - [TEST_CASE][PASSED] - Test Cases/Master Toko/Failed/Add Toko: Test Cases/Master Toko/Failed/Add Toko

2023-07-11 09:52:38 - [TEST_STEP][PASSED] - openBrowser(""): Browser is opened with url: ''

2023-07-11 09:52:38 - [MESSAGE][INFO] - Starting 'Chrome' driver

2023-07-11 09:52:38 - [MESSAGE][INFO] - User set preference: ['args', '[--start-maximized]']

2023-07-11 09:52:38 - [MESSAGE][INFO] - Action delay is set to 0 milliseconds

2023-07-11 09:52:40 - [MESSAGE][PASSED] - Browser is opened with url: ''

2023-07-11 09:52:40 - [TEST_STEP][PASSED] - maximizeWindow(): Current window maximized

2023-07-11 09:52:40 - [MESSAGE][PASSED] - Current window maximized

2023-07-11 09:52:40 - [TEST_STEP][PASSED] - navigateToUrl("https://uat-dashboard.blicicil.com/auth/login"): Navigate to 'https://uat-dashboard.blicicil.com/auth/login' successfully

2023-07-11 09:52:41 - [MESSAGE][PASSED] - Navigate to 'https://uat-dashboard.blicicil.com/auth/login' successfully

2023-07-11 09:52:41 - [TEST_STEP][PASSED] - setText(findTestObject("Object Repository/Master Toko/Add Toko Failed/input_Email_email"), "eva.mayadila@megafinance.co.id"): Text 'eva.mayadila@megafinance.co.id' is set on object 'Object Repository/Master Toko/Add Toko Failed/input_Email_email'

2023-07-11 09:52:42 - [MESSAGE][PASSED] - Text 'eva.mayadila@megafinance.co.id' is set on object 'Object Repository/Master Toko/Add Toko Failed/input_Email_email'

2023-07-11 09:52:42 - [TEST_STEP][PASSED] - setEncryptedText(findTestObject("Object Repository/Master Toko/Add Toko Failed/input_Password_password"), "aeHFOx8jV/A="): Text ****** has been set on object 'Object Repository/Master Toko/Add Toko Failed/input_Password_password'

2023-07-11 09:52:43 - [MESSAGE][PASSED] - Text ****** has been set on object 'Object Repository/Master Toko/Add Toko Failed/input_Password_password'

2023-07-11 09:52:43 - [TEST_STEP][PASSED] - click(findTestObject("Object Repository/Master Toko/Add Toko Failed/button_Login")): Object: 'Object Repository/Master Toko/Add Toko Failed/button_Login' is clicked on

2023-07-11 09:52:43 - [MESSAGE][PASSED] - Object: 'Object Repository/Master Toko/Add Toko Failed/button_Login' is clicked on

2023-07-11 09:52:43 - [TEST_STEP][PASSED] - click(findTestObject("Object Repository/Master Toko/Add Toko Failed/a_Master")): Object: 'Object Repository/Master Toko/Add Toko Failed/a_Master' is clicked on

2023-07-11 09:52:45 - [MESSAGE][PASSED] - Object: 'Object Repository/Master Toko/Add Toko Failed/a_Master' is clicked on

2023-07-11 09:52:45 - [TEST_STEP][PASSED] - click(findTestObject("Object Repository/Master Toko/Add Toko Failed/a_Toko")): Object: 'Object Repository/Master Toko/Add Toko Failed/a_Toko' is clicked on

2023-07-11 09:52:46 - [MESSAGE][PASSED] - Object: 'Object Repository/Master Toko/Add Toko Failed/a_Toko' is clicked on

2023-07-11 09:52:46 - [TEST_STEP][PASSED] - click(findTestObject("Object Repository/Master Toko/Add Toko Failed/a_New Toko")): Object: 'Object Repository/Master Toko/Add Toko Failed/a_New Toko' is clicked on

2023-07-11 09:52:48 - [MESSAGE][PASSED] - Object: 'Object Repository/Master Toko/Add Toko Failed/a_New Toko' is clicked on

2023-07-11 09:52:48 - [TEST_STEP][PASSED] - click(findTestObject("Object Repository/Master Toko/Add Toko Failed/div_Add Toko BliCicil Admin as")): Object: 'Object Repository/Master Toko/Add Toko Failed/div_Add Toko BliCicil Admin as' is clicked on

2023-07-11 09:52:49 - [MESSAGE][PASSED] - Object: 'Object Repository/Master Toko/Add Toko Failed/div_Add Toko BliCicil Admin as' is clicked on

2023-07-11 09:52:49 - [TEST_STEP][PASSED] - click(findTestObject("Object Repository/Master Toko/Add Toko Failed/label_Merchant")): Object: 'Object Repository/Master Toko/Add Toko Failed/label_Merchant' is clicked on

2023-07-11 09:52:49 - [MESSAGE][PASSED] - Object: 'Object Repository/Master Toko/Add Toko Failed/label_Merchant' is clicked on

2023-07-11 09:52:49 - [TEST_STEP][PASSED] - click(findTestObject("Object Repository/Master Toko/Add Toko Failed/label_City")): Object: 'Object Repository/Master Toko/Add Toko Failed/label_City' is clicked on

2023-07-11 09:52:49 - [MESSAGE][PASSED] - Object: 'Object Repository/Master Toko/Add Toko Failed/label_City' is clicked on

2023-07-11 09:52:49 - [TEST_STEP][PASSED] - click(findTestObject("Object Repository/Master Toko/Add Toko Failed/input_Nama Toko_txtNamaToko")): Object: 'Object Repository/Master Toko/Add Toko Failed/input_Nama Toko_txtNamaToko' is clicked on

2023-07-11 09:52:50 - [MESSAGE][PASSED] - Object: 'Object Repository/Master Toko/Add Toko Failed/input_Nama Toko_txtNamaToko' is clicked on

2023-07-11 09:52:50 - [TEST_STEP][PASSED] - click(findTestObject("Object Repository/Master Toko/Add Toko Failed/input_Outlet Name_txtNamaOutlet")): Object: 'Object Repository/Master Toko/Add Toko Failed/input_Outlet Name_txtNamaOutlet' is clicked on

2023-07-11 09:52:50 - [MESSAGE][PASSED] - Object: 'Object Repository/Master Toko/Add Toko Failed/input_Outlet Name_txtNamaOutlet' is clicked on

2023-07-11 09:52:50 - [TEST_STEP][PASSED] - click(findTestObject("Master Toko/Add Toko Failed/textarea_Address_txtAlamat")): Object: 'Object Repository/Master Toko/Add Toko Failed/textarea_Address_txtAlamat' is clicked on

2023-07-11 09:52:51 - [MESSAGE][PASSED] - Object: 'Object Repository/Master Toko/Add Toko Failed/textarea_Address_txtAlamat' is clicked on

2023-07-11 09:52:51 - [TEST_STEP][PASSED] - click(findTestObject("Object Repository/Master Toko/Add Toko Failed/input_Dealer Code_txtDealerCode")): Object: 'Object Repository/Master Toko/Add Toko Failed/input_Dealer Code_txtDealerCode' is clicked on

2023-07-11 09:52:51 - [MESSAGE][PASSED] - Object: 'Object Repository/Master Toko/Add Toko Failed/input_Dealer Code_txtDealerCode' is clicked on

2023-07-11 09:52:51 - [TEST_STEP][PASSED] - click(findTestObject("Object Repository/Master Toko/Add Toko Failed/input_Telephone_txtTelepon")): Object: 'Object Repository/Master Toko/Add Toko Failed/input_Telephone_txtTelepon' is clicked on

2023-07-11 09:52:52 - [MESSAGE][PASSED] - Object: 'Object Repository/Master Toko/Add Toko Failed/input_Telephone_txtTelepon' is clicked on

2023-07-11 09:52:52 - [TEST_STEP][PASSED] - click(findTestObject("Object Repository/Master Toko/Add Toko Failed/input_Latitude_txtlatitude")): Object: 'Object Repository/Master Toko/Add Toko Failed/input_Latitude_txtlatitude' is clicked on

2023-07-11 09:52:52 - [MESSAGE][PASSED] - Object: 'Object Repository/Master Toko/Add Toko Failed/input_Latitude_txtlatitude' is clicked on

2023-07-11 09:52:52 - [TEST_STEP][PASSED] - click(findTestObject("Object Repository/Master Toko/Add Toko Failed/input_Longitude_txtlongitude")): Object: 'Object Repository/Master Toko/Add Toko Failed/input_Longitude_txtlongitude' is clicked on

2023-07-11 09:52:52 - [MESSAGE][PASSED] - Object: 'Object Repository/Master Toko/Add Toko Failed/input_Longitude_txtlongitude' is clicked on

2023-07-11 09:52:52 - [TEST_STEP][PASSED] - click(findTestObject("Object Repository/Master Toko/Add Toko Failed/button_Submit")): Object: 'Object Repository/Master Toko/Add Toko Failed/button_Submit' is clicked on

2023-07-11 09:52:53 - [MESSAGE][PASSED] - Object: 'Object Repository/Master Toko/Add Toko Failed/button_Submit' is clicked on

2023-07-11 09:52:53 - [TEST_STEP][PASSED] - click(findTestObject("Object Repository/Master Toko/Add Toko Failed/div_ErrorThe Store name field is required.O_09bc32")): Object: 'Object Repository/Master Toko/Add Toko Failed/div_ErrorThe Store name field is required.O_09bc32' is clicked on

2023-07-11 09:52:55 - [MESSAGE][PASSED] - Object: 'Object Repository/Master Toko/Add Toko Failed/div_ErrorThe Store name field is required.O_09bc32' is clicked on

2023-07-11 09:52:55 - [TEST_STEP][PASSED] - click(findTestObject("Object Repository/Master Toko/Add Toko Failed/label_Merchant")): Object: 'Object Repository/Master Toko/Add Toko Failed/label_Merchant' is clicked on

2023-07-11 09:52:57 - [MESSAGE][PASSED] - Object: 'Object Repository/Master Toko/Add Toko Failed/label_Merchant' is clicked on

2023-07-11 09:52:57 - [TEST_STEP][PASSED] - click(findTestObject("Object Repository/Master Toko/Add Toko Failed/label_City")): Object: 'Object Repository/Master Toko/Add Toko Failed/label_City' is clicked on

2023-07-11 09:52:57 - [MESSAGE][PASSED] - Object: 'Object Repository/Master Toko/Add Toko Failed/label_City' is clicked on

2023-07-11 09:52:57 - [TEST_STEP][PASSED] - setText(findTestObject("Object Repository/Master Toko/Add Toko Failed/input_Nama Toko_txtNamaToko"), "abc"): Text 'abc' is set on object 'Object Repository/Master Toko/Add Toko Failed/input_Nama Toko_txtNamaToko'

2023-07-11 09:52:58 - [MESSAGE][PASSED] - Text 'abc' is set on object 'Object Repository/Master Toko/Add Toko Failed/input_Nama Toko_txtNamaToko'

2023-07-11 09:52:58 - [TEST_STEP][PASSED] - click(findTestObject("Master Toko/Add Toko Failed/textarea_Address_txtAlamat")): Object: 'Object Repository/Master Toko/Add Toko Failed/textarea_Address_txtAlamat' is clicked on

2023-07-11 09:52:58 - [MESSAGE][PASSED] - Object: 'Object Repository/Master Toko/Add Toko Failed/textarea_Address_txtAlamat' is clicked on

2023-07-11 09:52:58 - [TEST_STEP][PASSED] - click(findTestObject("Object Repository/Master Toko/Add Toko Failed/input_Outlet Name_txtNamaOutlet")): Object: 'Object Repository/Master Toko/Add Toko Failed/input_Outlet Name_txtNamaOutlet' is clicked on

2023-07-11 09:52:59 - [MESSAGE][PASSED] - Object: 'Object Repository/Master Toko/Add Toko Failed/input_Outlet Name_txtNamaOutlet' is clicked on

2023-07-11 09:52:59 - [TEST_STEP][PASSED] - click(findTestObject("Object Repository/Master Toko/Add Toko Failed/input_Dealer Code_txtDealerCode")): Object: 'Object Repository/Master Toko/Add Toko Failed/input_Dealer Code_txtDealerCode' is clicked on

2023-07-11 09:52:59 - [MESSAGE][PASSED] - Object: 'Object Repository/Master Toko/Add Toko Failed/input_Dealer Code_txtDealerCode' is clicked on

2023-07-11 09:52:59 - [TEST_STEP][PASSED] - click(findTestObject("Object Repository/Master Toko/Add Toko Failed/input_Telephone_txtTelepon")): Object: 'Object Repository/Master Toko/Add Toko Failed/input_Telephone_txtTelepon' is clicked on

2023-07-11 09:53:00 - [MESSAGE][PASSED] - Object: 'Object Repository/Master Toko/Add Toko Failed/input_Telephone_txtTelepon' is clicked on

2023-07-11 09:53:00 - [TEST_STEP][PASSED] - click(findTestObject("Object Repository/Master Toko/Add Toko Failed/input_Latitude_txtlatitude")): Object: 'Object Repository/Master Toko/Add Toko Failed/input_Latitude_txtlatitude' is clicked on

2023-07-11 09:53:00 - [MESSAGE][PASSED] - Object: 'Object Repository/Master Toko/Add Toko Failed/input_Latitude_txtlatitude' is clicked on

2023-07-11 09:53:00 - [TEST_STEP][PASSED] - click(findTestObject("Object Repository/Master Toko/Add Toko Failed/input_Longitude_txtlongitude")): Object: 'Object Repository/Master Toko/Add Toko Failed/input_Longitude_txtlongitude' is clicked on

2023-07-11 09:53:00 - [MESSAGE][PASSED] - Object: 'Object Repository/Master Toko/Add Toko Failed/input_Longitude_txtlongitude' is clicked on

2023-07-11 09:53:00 - [TEST_STEP][PASSED] - click(findTestObject("Object Repository/Master Toko/Add Toko Failed/button_Submit")): Object: 'Object Repository/Master Toko/Add Toko Failed/button_Submit' is clicked on

2023-07-11 09:53:01 - [MESSAGE][PASSED] - Object: 'Object Repository/Master Toko/Add Toko Failed/button_Submit' is clicked on

2023-07-11 09:53:01 - [TEST_STEP][PASSED] - click(findTestObject("Object Repository/Master Toko/Add Toko Failed/div_ErrorThe Address field is required.OKNoCancel")): Object: 'Object Repository/Master Toko/Add Toko Failed/div_ErrorThe Address field is required.OKNoCancel' is clicked on

2023-07-11 09:53:02 - [MESSAGE][PASSED] - Object: 'Object Repository/Master Toko/Add Toko Failed/div_ErrorThe Address field is required.OKNoCancel' is clicked on

2023-07-11 09:53:02 - [TEST_STEP][PASSED] - click(findTestObject("Object Repository/Master Toko/Add Toko Failed/label_Merchant")): Object: 'Object Repository/Master Toko/Add Toko Failed/label_Merchant' is clicked on

2023-07-11 09:53:05 - [MESSAGE][PASSED] - Object: 'Object Repository/Master Toko/Add Toko Failed/label_Merchant' is clicked on

2023-07-11 09:53:05 - [TEST_STEP][PASSED] - click(findTestObject("Object Repository/Master Toko/Add Toko Failed/label_City")): Object: 'Object Repository/Master Toko/Add Toko Failed/label_City' is clicked on

2023-07-11 09:53:05 - [MESSAGE][PASSED] - Object: 'Object Repository/Master Toko/Add Toko Failed/label_City' is clicked on

2023-07-11 09:53:05 - [TEST_STEP][PASSED] - setText(findTestObject("Object Repository/Master Toko/Add Toko Failed/input_Nama Toko_txtNamaToko"), "abc"): Text 'abc' is set on object 'Object Repository/Master Toko/Add Toko Failed/input_Nama Toko_txtNamaToko'

2023-07-11 09:53:06 - [MESSAGE][PASSED] - Text 'abc' is set on object 'Object Repository/Master Toko/Add Toko Failed/input_Nama Toko_txtNamaToko'

2023-07-11 09:53:06 - [TEST_STEP][PASSED] - click(findTestObject("Object Repository/Master Toko/Add Toko Failed/input_Outlet Name_txtNamaOutlet")): Object: 'Object Repository/Master Toko/Add Toko Failed/input_Outlet Name_txtNamaOutlet' is clicked on

2023-07-11 09:53:06 - [MESSAGE][PASSED] - Object: 'Object Repository/Master Toko/Add Toko Failed/input_Outlet Name_txtNamaOutlet' is clicked on

2023-07-11 09:53:06 - [TEST_STEP][PASSED] - setText(findTestObject("Object Repository/Master Toko/Add Toko Failed/textarea_Address_txtAlamat"), "Jalan wijaya"): Text 'Jalan wijaya' is set on object 'Object Repository/Master Toko/Add Toko Failed/textarea_Address_txtAlamat'

2023-07-11 09:53:07 - [MESSAGE][PASSED] - Text 'Jalan wijaya' is set on object 'Object Repository/Master Toko/Add Toko Failed/textarea_Address_txtAlamat'

2023-07-11 09:53:07 - [TEST_STEP][PASSED] - click(findTestObject("Object Repository/Master Toko/Add Toko Failed/input_Dealer Code_txtDealerCode")): Object: 'Object Repository/Master Toko/Add Toko Failed/input_Dealer Code_txtDealerCode' is clicked on

2023-07-11 09:53:07 - [MESSAGE][PASSED] - Object: 'Object Repository/Master Toko/Add Toko Failed/input_Dealer Code_txtDealerCode' is clicked on

2023-07-11 09:53:07 - [TEST_STEP][PASSED] - click(findTestObject("Object Repository/Master Toko/Add Toko Failed/input_Telephone_txtTelepon")): Object: 'Object Repository/Master Toko/Add Toko Failed/input_Telephone_txtTelepon' is clicked on

2023-07-11 09:53:08 - [MESSAGE][PASSED] - Object: 'Object Repository/Master Toko/Add Toko Failed/input_Telephone_txtTelepon' is clicked on

2023-07-11 09:53:08 - [TEST_STEP][PASSED] - click(findTestObject("Object Repository/Master Toko/Add Toko Failed/input_Latitude_txtlatitude")): Object: 'Object Repository/Master Toko/Add Toko Failed/input_Latitude_txtlatitude' is clicked on

2023-07-11 09:53:08 - [MESSAGE][PASSED] - Object: 'Object Repository/Master Toko/Add Toko Failed/input_Latitude_txtlatitude' is clicked on

2023-07-11 09:53:08 - [TEST_STEP][PASSED] - click(findTestObject("Object Repository/Master Toko/Add Toko Failed/input_Longitude_txtlongitude")): Object: 'Object Repository/Master Toko/Add Toko Failed/input_Longitude_txtlongitude' is clicked on

2023-07-11 09:53:08 - [MESSAGE][PASSED] - Object: 'Object Repository/Master Toko/Add Toko Failed/input_Longitude_txtlongitude' is clicked on

2023-07-11 09:53:08 - [TEST_STEP][PASSED] - click(findTestObject("Object Repository/Master Toko/Add Toko Failed/button_Submit")): Object: 'Object Repository/Master Toko/Add Toko Failed/button_Submit' is clicked on

2023-07-11 09:53:09 - [MESSAGE][PASSED] - Object: 'Object Repository/Master Toko/Add Toko Failed/button_Submit' is clicked on

2023-07-11 09:53:09 - [TEST_STEP][PASSED] - click(findTestObject("Object Repository/Master Toko/Add Toko Failed/div_ErrorThe Outlet name field is required._e4b0d3")): Object: 'Object Repository/Master Toko/Add Toko Failed/div_ErrorThe Outlet name field is required._e4b0d3' is clicked on

2023-07-11 09:53:10 - [MESSAGE][PASSED] - Object: 'Object Repository/Master Toko/Add Toko Failed/div_ErrorThe Outlet name field is required._e4b0d3' is clicked on

2023-07-11 09:53:10 - [TEST_STEP][PASSED] - click(findTestObject("Object Repository/Master Toko/Add Toko Failed/label_Merchant")): Object: 'Object Repository/Master Toko/Add Toko Failed/label_Merchant' is clicked on

2023-07-11 09:53:13 - [MESSAGE][PASSED] - Object: 'Object Repository/Master Toko/Add Toko Failed/label_Merchant' is clicked on

2023-07-11 09:53:13 - [TEST_STEP][PASSED] - click(findTestObject("Object Repository/Master Toko/Add Toko Failed/label_City")): Object: 'Object Repository/Master Toko/Add Toko Failed/label_City' is clicked on

2023-07-11 09:53:13 - [MESSAGE][PASSED] - Object: 'Object Repository/Master Toko/Add Toko Failed/label_City' is clicked on

2023-07-11 09:53:13 - [TEST_STEP][PASSED] - setText(findTestObject("Object Repository/Master Toko/Add Toko Failed/input_Nama Toko_txtNamaToko"), "abcv"): Text 'abcv' is set on object 'Object Repository/Master Toko/Add Toko Failed/input_Nama Toko_txtNamaToko'

2023-07-11 09:53:14 - [MESSAGE][PASSED] - Text 'abcv' is set on object 'Object Repository/Master Toko/Add Toko Failed/input_Nama Toko_txtNamaToko'

2023-07-11 09:53:14 - [TEST_STEP][PASSED] - setText(findTestObject("Object Repository/Master Toko/Add Toko Failed/input_Outlet Name_txtNamaOutlet"), "ABC"): Text 'ABC' is set on object 'Object Repository/Master Toko/Add Toko Failed/input_Outlet Name_txtNamaOutlet'

2023-07-11 09:53:15 - [MESSAGE][PASSED] - Text 'ABC' is set on object 'Object Repository/Master Toko/Add Toko Failed/input_Outlet Name_txtNamaOutlet'

2023-07-11 09:53:15 - [TEST_STEP][PASSED] - setText(findTestObject("Object Repository/Master Toko/Add Toko Failed/textarea_Address_txtAlamat"), "Jalan wijaya kusuma"): Text 'Jalan wijaya kusuma' is set on object 'Object Repository/Master Toko/Add Toko Failed/textarea_Address_txtAlamat'

2023-07-11 09:53:15 - [MESSAGE][PASSED] - Text 'Jalan wijaya kusuma' is set on object 'Object Repository/Master Toko/Add Toko Failed/textarea_Address_txtAlamat'

2023-07-11 09:53:15 - [TEST_STEP][PASSED] - setText(findTestObject("Object Repository/Master Toko/Add Toko Failed/input_Dealer Code_txtDealerCode"), ""): Text '' is set on object 'Object Repository/Master Toko/Add Toko Failed/input_Dealer Code_txtDealerCode'

2023-07-11 09:53:16 - [MESSAGE][PASSED] - Text '' is set on object 'Object Repository/Master Toko/Add Toko Failed/input_Dealer Code_txtDealerCode'

2023-07-11 09:53:16 - [TEST_STEP][PASSED] - click(findTestObject("Object Repository/Master Toko/Add Toko Failed/input_Dealer Code_txtDealerCode")): Object: 'Object Repository/Master Toko/Add Toko Failed/input_Dealer Code_txtDealerCode' is clicked on

2023-07-11 09:53:16 - [MESSAGE][PASSED] - Object: 'Object Repository/Master Toko/Add Toko Failed/input_Dealer Code_txtDealerCode' is clicked on

2023-07-11 09:53:16 - [TEST_STEP][PASSED] - click(findTestObject("Object Repository/Master Toko/Add Toko Failed/input_Telephone_txtTelepon")): Object: 'Object Repository/Master Toko/Add Toko Failed/input_Telephone_txtTelepon' is clicked on

2023-07-11 09:53:17 - [MESSAGE][PASSED] - Object: 'Object Repository/Master Toko/Add Toko Failed/input_Telephone_txtTelepon' is clicked on

2023-07-11 09:53:17 - [TEST_STEP][PASSED] - click(findTestObject("Object Repository/Master Toko/Add Toko Failed/input_Latitude_txtlatitude")): Object: 'Object Repository/Master Toko/Add Toko Failed/input_Latitude_txtlatitude' is clicked on

2023-07-11 09:53:17 - [MESSAGE][PASSED] - Object: 'Object Repository/Master Toko/Add Toko Failed/input_Latitude_txtlatitude' is clicked on

2023-07-11 09:53:17 - [TEST_STEP][PASSED] - click(findTestObject("Object Repository/Master Toko/Add Toko Failed/input_Longitude_txtlongitude")): Object: 'Object Repository/Master Toko/Add Toko Failed/input_Longitude_txtlongitude' is clicked on

2023-07-11 09:53:18 - [MESSAGE][PASSED] - Object: 'Object Repository/Master Toko/Add Toko Failed/input_Longitude_txtlongitude' is clicked on

2023-07-11 09:53:18 - [TEST_STEP][PASSED] - click(findTestObject("Object Repository/Master Toko/Add Toko Failed/button_Submit")): Object: 'Object Repository/Master Toko/Add Toko Failed/button_Submit' is clicked on

2023-07-11 09:53:18 - [MESSAGE][PASSED] - Object: 'Object Repository/Master Toko/Add Toko Failed/button_Submit' is clicked on

2023-07-11 09:53:18 - [TEST_STEP][PASSED] - click(findTestObject("Object Repository/Master Toko/Add Toko Failed/div_ErrorThe Dealer code field is required._49c3fb")): Object: 'Object Repository/Master Toko/Add Toko Failed/div_ErrorThe Dealer code field is required._49c3fb' is clicked on

2023-07-11 09:53:19 - [MESSAGE][PASSED] - Object: 'Object Repository/Master Toko/Add Toko Failed/div_ErrorThe Dealer code field is required._49c3fb' is clicked on

2023-07-11 09:53:19 - [TEST_STEP][PASSED] - click(findTestObject("Object Repository/Master Toko/Add Toko Failed/label_Merchant")): Object: 'Object Repository/Master Toko/Add Toko Failed/label_Merchant' is clicked on

2023-07-11 09:53:22 - [MESSAGE][PASSED] - Object: 'Object Repository/Master Toko/Add Toko Failed/label_Merchant' is clicked on

2023-07-11 09:53:22 - [TEST_STEP][PASSED] - click(findTestObject("Object Repository/Master Toko/Add Toko Failed/label_City")): Object: 'Object Repository/Master Toko/Add Toko Failed/label_City' is clicked on

2023-07-11 09:53:22 - [MESSAGE][PASSED] - Object: 'Object Repository/Master Toko/Add Toko Failed/label_City' is clicked on

2023-07-11 09:53:22 - [TEST_STEP][PASSED] - setText(findTestObject("Object Repository/Master Toko/Add Toko Failed/input_Nama Toko_txtNamaToko"), "abc"): Text 'abc' is set on object 'Object Repository/Master Toko/Add Toko Failed/input_Nama Toko_txtNamaToko'

2023-07-11 09:53:23 - [MESSAGE][PASSED] - Text 'abc' is set on object 'Object Repository/Master Toko/Add Toko Failed/input_Nama Toko_txtNamaToko'

2023-07-11 09:53:23 - [TEST_STEP][PASSED] - setText(findTestObject("Object Repository/Master Toko/Add Toko Failed/input_Outlet Name_txtNamaOutlet"), "ABC"): Text 'ABC' is set on object 'Object Repository/Master Toko/Add Toko Failed/input_Outlet Name_txtNamaOutlet'

2023-07-11 09:53:23 - [MESSAGE][PASSED] - Text 'ABC' is set on object 'Object Repository/Master Toko/Add Toko Failed/input_Outlet Name_txtNamaOutlet'

2023-07-11 09:53:23 - [TEST_STEP][PASSED] - setText(findTestObject("Object Repository/Master Toko/Add Toko Failed/textarea_Address_txtAlamat"), "Jalan wijaya kusuma"): Text 'Jalan wijaya kusuma' is set on object 'Object Repository/Master Toko/Add Toko Failed/textarea_Address_txtAlamat'

2023-07-11 09:53:24 - [MESSAGE][PASSED] - Text 'Jalan wijaya kusuma' is set on object 'Object Repository/Master Toko/Add Toko Failed/textarea_Address_txtAlamat'

2023-07-11 09:53:24 - [TEST_STEP][PASSED] - setText(findTestObject("Object Repository/Master Toko/Add Toko Failed/input_Dealer Code_txtDealerCode"), "ab"): Text 'ab' is set on object 'Object Repository/Master Toko/Add Toko Failed/input_Dealer Code_txtDealerCode'

2023-07-11 09:53:25 - [MESSAGE][PASSED] - Text 'ab' is set on object 'Object Repository/Master Toko/Add Toko Failed/input_Dealer Code_txtDealerCode'

2023-07-11 09:53:25 - [TEST_STEP][PASSED] - setText(findTestObject("Object Repository/Master Toko/Add Toko Failed/input_Telephone_txtTelepon"), ""): Text '' is set on object 'Object Repository/Master Toko/Add Toko Failed/input_Telephone_txtTelepon'

2023-07-11 09:53:25 - [MESSAGE][PASSED] - Text '' is set on object 'Object Repository/Master Toko/Add Toko Failed/input_Telephone_txtTelepon'

2023-07-11 09:53:25 - [TEST_STEP][PASSED] - click(findTestObject("Object Repository/Master Toko/Add Toko Failed/input_Latitude_txtlatitude")): Object: 'Object Repository/Master Toko/Add Toko Failed/input_Latitude_txtlatitude' is clicked on

2023-07-11 09:53:26 - [MESSAGE][PASSED] - Object: 'Object Repository/Master Toko/Add Toko Failed/input_Latitude_txtlatitude' is clicked on

2023-07-11 09:53:26 - [TEST_STEP][PASSED] - click(findTestObject("Object Repository/Master Toko/Add Toko Failed/input_Longitude_txtlongitude")): Object: 'Object Repository/Master Toko/Add Toko Failed/input_Longitude_txtlongitude' is clicked on

2023-07-11 09:53:26 - [MESSAGE][PASSED] - Object: 'Object Repository/Master Toko/Add Toko Failed/input_Longitude_txtlongitude' is clicked on

2023-07-11 09:53:26 - [TEST_STEP][PASSED] - click(findTestObject("Object Repository/Master Toko/Add Toko Failed/button_Submit")): Object: 'Object Repository/Master Toko/Add Toko Failed/button_Submit' is clicked on

2023-07-11 09:53:26 - [MESSAGE][PASSED] - Object: 'Object Repository/Master Toko/Add Toko Failed/button_Submit' is clicked on

2023-07-11 09:53:26 - [TEST_STEP][PASSED] - click(findTestObject("Object Repository/Master Toko/Add Toko Failed/div_ErrorThe Telepon field is required.OKNoCancel")): Object: 'Object Repository/Master Toko/Add Toko Failed/div_ErrorThe Telepon field is required.OKNoCancel' is clicked on

2023-07-11 09:53:28 - [MESSAGE][PASSED] - Object: 'Object Repository/Master Toko/Add Toko Failed/div_ErrorThe Telepon field is required.OKNoCancel' is clicked on

2023-07-11 09:53:28 - [TEST_STEP][PASSED] - click(findTestObject("Object Repository/Master Toko/Add Toko Failed/label_Merchant")): Object: 'Object Repository/Master Toko/Add Toko Failed/label_Merchant' is clicked on

2023-07-11 09:53:30 - [MESSAGE][PASSED] - Object: 'Object Repository/Master Toko/Add Toko Failed/label_Merchant' is clicked on

2023-07-11 09:53:30 - [TEST_STEP][PASSED] - click(findTestObject("Object Repository/Master Toko/Add Toko Failed/label_City")): Object: 'Object Repository/Master Toko/Add Toko Failed/label_City' is clicked on

2023-07-11 09:53:30 - [MESSAGE][PASSED] - Object: 'Object Repository/Master Toko/Add Toko Failed/label_City' is clicked on

2023-07-11 09:53:30 - [TEST_STEP][PASSED] - setText(findTestObject("Object Repository/Master Toko/Add Toko Failed/input_Nama Toko_txtNamaToko"), "abc"): Text 'abc' is set on object 'Object Repository/Master Toko/Add Toko Failed/input_Nama Toko_txtNamaToko'

2023-07-11 09:53:31 - [MESSAGE][PASSED] - Text 'abc' is set on object 'Object Repository/Master Toko/Add Toko Failed/input_Nama Toko_txtNamaToko'

2023-07-11 09:53:31 - [TEST_STEP][PASSED] - setText(findTestObject("Object Repository/Master Toko/Add Toko Failed/input_Outlet Name_txtNamaOutlet"), "ABC"): Text 'ABC' is set on object 'Object Repository/Master Toko/Add Toko Failed/input_Outlet Name_txtNamaOutlet'

2023-07-11 09:53:32 - [MESSAGE][PASSED] - Text 'ABC' is set on object 'Object Repository/Master Toko/Add Toko Failed/input_Outlet Name_txtNamaOutlet'

2023-07-11 09:53:32 - [TEST_STEP][PASSED] - setText(findTestObject("Object Repository/Master Toko/Add Toko Failed/textarea_Address_txtAlamat"), "Jalan wijaya kusuma"): Text 'Jalan wijaya kusuma' is set on object 'Object Repository/Master Toko/Add Toko Failed/textarea_Address_txtAlamat'

2023-07-11 09:53:33 - [MESSAGE][PASSED] - Text 'Jalan wijaya kusuma' is set on object 'Object Repository/Master Toko/Add Toko Failed/textarea_Address_txtAlamat'

2023-07-11 09:53:33 - [TEST_STEP][PASSED] - setText(findTestObject("Object Repository/Master Toko/Add Toko Failed/input_Dealer Code_txtDealerCode"), "abc"): Text 'abc' is set on object 'Object Repository/Master Toko/Add Toko Failed/input_Dealer Code_txtDealerCode'

2023-07-11 09:53:33 - [MESSAGE][PASSED] - Text 'abc' is set on object 'Object Repository/Master Toko/Add Toko Failed/input_Dealer Code_txtDealerCode'

2023-07-11 09:53:33 - [TEST_STEP][PASSED] - setText(findTestObject("Object Repository/Master Toko/Add Toko Failed/input_Telephone_txtTelepon"), "021023903"): Text '021023903' is set on object 'Object Repository/Master Toko/Add Toko Failed/input_Telephone_txtTelepon'

2023-07-11 09:53:34 - [MESSAGE][PASSED] - Text '021023903' is set on object 'Object Repository/Master Toko/Add Toko Failed/input_Telephone_txtTelepon'

2023-07-11 09:53:34 - [TEST_STEP][PASSED] - click(findTestObject("Object Repository/Master Toko/Add Toko Failed/input_Latitude_txtlatitude")): Object: 'Object Repository/Master Toko/Add Toko Failed/input_Latitude_txtlatitude' is clicked on

2023-07-11 09:53:34 - [MESSAGE][PASSED] - Object: 'Object Repository/Master Toko/Add Toko Failed/input_Latitude_txtlatitude' is clicked on

2023-07-11 09:53:34 - [TEST_STEP][PASSED] - click(findTestObject("Object Repository/Master Toko/Add Toko Failed/input_Longitude_txtlongitude")): Object: 'Object Repository/Master Toko/Add Toko Failed/input_Longitude_txtlongitude' is clicked on

2023-07-11 09:53:35 - [MESSAGE][PASSED] - Object: 'Object Repository/Master Toko/Add Toko Failed/input_Longitude_txtlongitude' is clicked on

2023-07-11 09:53:35 - [TEST_STEP][PASSED] - click(findTestObject("Object Repository/Master Toko/Add Toko Failed/button_Submit")): Object: 'Object Repository/Master Toko/Add Toko Failed/button_Submit' is clicked on

2023-07-11 09:53:35 - [MESSAGE][PASSED] - Object: 'Object Repository/Master Toko/Add Toko Failed/button_Submit' is clicked on

2023-07-11 09:53:35 - [TEST_STEP][PASSED] - click(findTestObject("Object Repository/Master Toko/Add Toko Failed/div_ErrorThe Latitude field is required.OKNoCancel")): Object: 'Object Repository/Master Toko/Add Toko Failed/div_ErrorThe Latitude field is required.OKNoCancel' is clicked on

2023-07-11 09:53:36 - [MESSAGE][PASSED] - Object: 'Object Repository/Master Toko/Add Toko Failed/div_ErrorThe Latitude field is required.OKNoCancel' is clicked on

2023-07-11 09:53:36 - [TEST_STEP][PASSED] - click(findTestObject("Object Repository/Master Toko/Add Toko Failed/label_Merchant")): Object: 'Object Repository/Master Toko/Add Toko Failed/label_Merchant' is clicked on

2023-07-11 09:53:39 - [MESSAGE][PASSED] - Object: 'Object Repository/Master Toko/Add Toko Failed/label_Merchant' is clicked on

2023-07-11 09:53:39 - [TEST_STEP][PASSED] - click(findTestObject("Object Repository/Master Toko/Add Toko Failed/label_City")): Object: 'Object Repository/Master Toko/Add Toko Failed/label_City' is clicked on

2023-07-11 09:53:39 - [MESSAGE][PASSED] - Object: 'Object Repository/Master Toko/Add Toko Failed/label_City' is clicked on

2023-07-11 09:53:39 - [TEST_STEP][PASSED] - setText(findTestObject("Object Repository/Master Toko/Add Toko Failed/input_Nama Toko_txtNamaToko"), "abc"): Text 'abc' is set on object 'Object Repository/Master Toko/Add Toko Failed/input_Nama Toko_txtNamaToko'

2023-07-11 09:53:40 - [MESSAGE][PASSED] - Text 'abc' is set on object 'Object Repository/Master Toko/Add Toko Failed/input_Nama Toko_txtNamaToko'

2023-07-11 09:53:40 - [TEST_STEP][PASSED] - setText(findTestObject("Object Repository/Master Toko/Add Toko Failed/input_Outlet Name_txtNamaOutlet"), "ABC"): Text 'ABC' is set on object 'Object Repository/Master Toko/Add Toko Failed/input_Outlet Name_txtNamaOutlet'

2023-07-11 09:53:40 - [MESSAGE][PASSED] - Text 'ABC' is set on object 'Object Repository/Master Toko/Add Toko Failed/input_Outlet Name_txtNamaOutlet'

2023-07-11 09:53:40 - [TEST_STEP][PASSED] - setText(findTestObject("Object Repository/Master Toko/Add Toko Failed/textarea_Address_txtAlamat"), "Jalan wijaya kusuma"): Text 'Jalan wijaya kusuma' is set on object 'Object Repository/Master Toko/Add Toko Failed/textarea_Address_txtAlamat'

2023-07-11 09:53:41 - [MESSAGE][PASSED] - Text 'Jalan wijaya kusuma' is set on object 'Object Repository/Master Toko/Add Toko Failed/textarea_Address_txtAlamat'

2023-07-11 09:53:41 - [TEST_STEP][PASSED] - setText(findTestObject("Object Repository/Master Toko/Add Toko Failed/input_Dealer Code_txtDealerCode"), "abc"): Text 'abc' is set on object 'Object Repository/Master Toko/Add Toko Failed/input_Dealer Code_txtDealerCode'

2023-07-11 09:53:42 - [MESSAGE][PASSED] - Text 'abc' is set on object 'Object Repository/Master Toko/Add Toko Failed/input_Dealer Code_txtDealerCode'

2023-07-11 09:53:42 - [TEST_STEP][PASSED] - setText(findTestObject("Object Repository/Master Toko/Add Toko Failed/input_Telephone_txtTelepon"), "0210239033"): Text '0210239033' is set on object 'Object Repository/Master Toko/Add Toko Failed/input_Telephone_txtTelepon'

2023-07-11 09:53:43 - [MESSAGE][PASSED] - Text '0210239033' is set on object 'Object Repository/Master Toko/Add Toko Failed/input_Telephone_txtTelepon'

2023-07-11 09:53:43 - [TEST_STEP][PASSED] - setText(findTestObject("Object Repository/Master Toko/Add Toko Failed/input_Latitude_txtlatitude"), "-19.4647"): Text '-19.4647' is set on object 'Object Repository/Master Toko/Add Toko Failed/input_Latitude_txtlatitude'

2023-07-11 09:53:43 - [MESSAGE][PASSED] - Text '-19.4647' is set on object 'Object Repository/Master Toko/Add Toko Failed/input_Latitude_txtlatitude'

2023-07-11 09:53:43 - [TEST_STEP][PASSED] - click(findTestObject("Object Repository/Master Toko/Add Toko Failed/input_Longitude_txtlongitude")): Object: 'Object Repository/Master Toko/Add Toko Failed/input_Longitude_txtlongitude' is clicked on

2023-07-11 09:53:44 - [MESSAGE][PASSED] - Object: 'Object Repository/Master Toko/Add Toko Failed/input_Longitude_txtlongitude' is clicked on

2023-07-11 09:53:44 - [TEST_STEP][PASSED] - click(findTestObject("Object Repository/Master Toko/Add Toko Failed/button_Submit")): Object: 'Object Repository/Master Toko/Add Toko Failed/button_Submit' is clicked on

2023-07-11 09:53:44 - [MESSAGE][PASSED] - Object: 'Object Repository/Master Toko/Add Toko Failed/button_Submit' is clicked on

2023-07-11 09:53:44 - [TEST_STEP][PASSED] - click(findTestObject("Object Repository/Master Toko/Add Toko Failed/div_ErrorThe Longitude field is required.OK_5f5eec")): Object: 'Object Repository/Master Toko/Add Toko Failed/div_ErrorThe Longitude field is required.OK_5f5eec' is clicked on

2023-07-11 09:53:45 - [MESSAGE][PASSED] - Object: 'Object Repository/Master Toko/Add Toko Failed/div_ErrorThe Longitude field is required.OK_5f5eec' is clicked on

2023-07-11 09:53:45 - [TEST_STEP][PASSED] - click(findTestObject("Object Repository/Master Toko/Add Toko Failed/label_Merchant")): Object: 'Object Repository/Master Toko/Add Toko Failed/label_Merchant' is clicked on

2023-07-11 09:53:48 - [MESSAGE][PASSED] - Object: 'Object Repository/Master Toko/Add Toko Failed/label_Merchant' is clicked on

2023-07-11 09:53:48 - [TEST_STEP][PASSED] - click(findTestObject("Object Repository/Master Toko/Add Toko Failed/label_City")): Object: 'Object Repository/Master Toko/Add Toko Failed/label_City' is clicked on

2023-07-11 09:53:48 - [MESSAGE][PASSED] - Object: 'Object Repository/Master Toko/Add Toko Failed/label_City' is clicked on

2023-07-11 09:53:48 - [TEST_STEP][PASSED] - setText(findTestObject("Object Repository/Master Toko/Add Toko Failed/input_Nama Toko_txtNamaToko"), "abc"): Text 'abc' is set on object 'Object Repository/Master Toko/Add Toko Failed/input_Nama Toko_txtNamaToko'

2023-07-11 09:53:49 - [MESSAGE][PASSED] - Text 'abc' is set on object 'Object Repository/Master Toko/Add Toko Failed/input_Nama Toko_txtNamaToko'

2023-07-11 09:53:49 - [TEST_STEP][PASSED] - setText(findTestObject("Object Repository/Master Toko/Add Toko Failed/input_Outlet Name_txtNamaOutlet"), "ABC"): Text 'ABC' is set on object 'Object Repository/Master Toko/Add Toko Failed/input_Outlet Name_txtNamaOutlet'

2023-07-11 09:53:49 - [MESSAGE][PASSED] - Text 'ABC' is set on object 'Object Repository/Master Toko/Add Toko Failed/input_Outlet Name_txtNamaOutlet'

2023-07-11 09:53:49 - [TEST_STEP][PASSED] - setText(findTestObject("Object Repository/Master Toko/Add Toko Failed/textarea_Address_txtAlamat"), "Jalan wijaya kusuma"): Text 'Jalan wijaya kusuma' is set on object 'Object Repository/Master Toko/Add Toko Failed/textarea_Address_txtAlamat'

2023-07-11 09:53:50 - [MESSAGE][PASSED] - Text 'Jalan wijaya kusuma' is set on object 'Object Repository/Master Toko/Add Toko Failed/textarea_Address_txtAlamat'

2023-07-11 09:53:50 - [TEST_STEP][PASSED] - setText(findTestObject("Object Repository/Master Toko/Add Toko Failed/input_Dealer Code_txtDealerCode"), ""): Text '' is set on object 'Object Repository/Master Toko/Add Toko Failed/input_Dealer Code_txtDealerCode'

2023-07-11 09:53:51 - [MESSAGE][PASSED] - Text '' is set on object 'Object Repository/Master Toko/Add Toko Failed/input_Dealer Code_txtDealerCode'

2023-07-11 09:53:51 - [TEST_STEP][PASSED] - setText(findTestObject("Object Repository/Master Toko/Add Toko Failed/input_Telephone_txtTelepon"), "021023903"): Text '021023903' is set on object 'Object Repository/Master Toko/Add Toko Failed/input_Telephone_txtTelepon'

2023-07-11 09:53:52 - [MESSAGE][PASSED] - Text '021023903' is set on object 'Object Repository/Master Toko/Add Toko Failed/input_Telephone_txtTelepon'

2023-07-11 09:53:52 - [TEST_STEP][PASSED] - setText(findTestObject("Object Repository/Master Toko/Add Toko Failed/input_Latitude_txtlatitude"), "-19.46473"): Text '-19.46473' is set on object 'Object Repository/Master Toko/Add Toko Failed/input_Latitude_txtlatitude'

2023-07-11 09:53:52 - [MESSAGE][PASSED] - Text '-19.46473' is set on object 'Object Repository/Master Toko/Add Toko Failed/input_Latitude_txtlatitude'

2023-07-11 09:53:52 - [TEST_STEP][PASSED] - setText(findTestObject("Object Repository/Master Toko/Add Toko Failed/input_Longitude_txtlongitude"), "106.489599"): Text '106.489599' is set on object 'Object Repository/Master Toko/Add Toko Failed/input_Longitude_txtlongitude'

2023-07-11 09:53:53 - [MESSAGE][PASSED] - Text '106.489599' is set on object 'Object Repository/Master Toko/Add Toko Failed/input_Longitude_txtlongitude'

2023-07-11 09:53:53 - [TEST_STEP][PASSED] - click(findTestObject("Object Repository/Master Toko/Add Toko Failed/button_Submit")): Object: 'Object Repository/Master Toko/Add Toko Failed/button_Submit' is clicked on

2023-07-11 09:53:53 - [MESSAGE][PASSED] - Object: 'Object Repository/Master Toko/Add Toko Failed/button_Submit' is clicked on

2023-07-11 09:53:53 - [TEST_STEP][PASSED] - click(findTestObject("Object Repository/Master Toko/Add Toko Failed/div_ErrorThe Dealer code field is required._49c3fb")): Object: 'Object Repository/Master Toko/Add Toko Failed/div_ErrorThe Dealer code field is required._49c3fb' is clicked on

2023-07-11 09:53:55 - [MESSAGE][PASSED] - Object: 'Object Repository/Master Toko/Add Toko Failed/div_ErrorThe Dealer code field is required._49c3fb' is clicked on

2023-07-11 09:53:55 - [TEST_STEP][PASSED] - closeBrowser(): Browser is closed

2023-07-11 09:53:55 - [MESSAGE][PASSED] - Browser is closed]]></system-out>
         <system-err><![CDATA[]]></system-err>
      </testcase>
      <testcase name="Test Cases/Master Toko/Success/Edit Toko" time="29.227" classname="Test Cases/Master Toko/Success/Edit Toko" status="PASSED">
         <system-out><![CDATA[2023-07-11 09:53:55 - [TEST_CASE][PASSED] - Test Cases/Master Toko/Success/Edit Toko: Test Cases/Master Toko/Success/Edit Toko

2023-07-11 09:53:56 - [TEST_STEP][PASSED] - openBrowser(""): Browser is opened with url: ''

2023-07-11 09:53:56 - [MESSAGE][INFO] - Starting 'Chrome' driver

2023-07-11 09:53:56 - [MESSAGE][INFO] - User set preference: ['args', '[--start-maximized]']

2023-07-11 09:53:56 - [MESSAGE][INFO] - Action delay is set to 0 milliseconds

2023-07-11 09:53:58 - [MESSAGE][PASSED] - Browser is opened with url: ''

2023-07-11 09:53:58 - [TEST_STEP][PASSED] - navigateToUrl("https://uat-dashboard.blicicil.com/auth/login"): Navigate to 'https://uat-dashboard.blicicil.com/auth/login' successfully

2023-07-11 09:53:58 - [MESSAGE][PASSED] - Navigate to 'https://uat-dashboard.blicicil.com/auth/login' successfully

2023-07-11 09:53:58 - [TEST_STEP][PASSED] - setText(findTestObject("Object Repository/Master Toko/Edit Toko Success/input_Email_email"), "eva.mayadila@megafinance.co.id"): Text 'eva.mayadila@megafinance.co.id' is set on object 'Object Repository/Master Toko/Edit Toko Success/input_Email_email'

2023-07-11 09:54:00 - [MESSAGE][PASSED] - Text 'eva.mayadila@megafinance.co.id' is set on object 'Object Repository/Master Toko/Edit Toko Success/input_Email_email'

2023-07-11 09:54:00 - [TEST_STEP][PASSED] - setEncryptedText(findTestObject("Object Repository/Master Toko/Edit Toko Success/input_Password_password"), "aeHFOx8jV/A="): Text ****** has been set on object 'Object Repository/Master Toko/Edit Toko Success/input_Password_password'

2023-07-11 09:54:00 - [MESSAGE][PASSED] - Text ****** has been set on object 'Object Repository/Master Toko/Edit Toko Success/input_Password_password'

2023-07-11 09:54:00 - [TEST_STEP][PASSED] - click(findTestObject("Object Repository/Master Toko/Edit Toko Success/button_Login")): Object: 'Object Repository/Master Toko/Edit Toko Success/button_Login' is clicked on

2023-07-11 09:54:01 - [MESSAGE][PASSED] - Object: 'Object Repository/Master Toko/Edit Toko Success/button_Login' is clicked on

2023-07-11 09:54:01 - [TEST_STEP][PASSED] - click(findTestObject("Object Repository/Master Toko/Edit Toko Success/a_Master")): Object: 'Object Repository/Master Toko/Edit Toko Success/a_Master' is clicked on

2023-07-11 09:54:03 - [MESSAGE][PASSED] - Object: 'Object Repository/Master Toko/Edit Toko Success/a_Master' is clicked on

2023-07-11 09:54:03 - [TEST_STEP][PASSED] - click(findTestObject("Object Repository/Master Toko/Edit Toko Success/a_Toko")): Object: 'Object Repository/Master Toko/Edit Toko Success/a_Toko' is clicked on

2023-07-11 09:54:04 - [MESSAGE][PASSED] - Object: 'Object Repository/Master Toko/Edit Toko Success/a_Toko' is clicked on

2023-07-11 09:54:04 - [TEST_STEP][PASSED] - click(findTestObject("Object Repository/Master Toko/Edit Toko Success/a_Edit")): Object: 'Object Repository/Master Toko/Edit Toko Success/a_Edit' is clicked on

2023-07-11 09:54:05 - [MESSAGE][PASSED] - Object: 'Object Repository/Master Toko/Edit Toko Success/a_Edit' is clicked on

2023-07-11 09:54:05 - [TEST_STEP][PASSED] - selectOptionByValue(findTestObject("Object Repository/Master Toko/Edit Toko Success/select_TransmartPanasonicPolytronAsusSamsun_e34999"), "4", true): All options with value '4' are selected in object 'Object Repository/Master Toko/Edit Toko Success/select_TransmartPanasonicPolytronAsusSamsun_e34999'  using regular expression

2023-07-11 09:54:07 - [MESSAGE][PASSED] - All options with value '4' are selected in object 'Object Repository/Master Toko/Edit Toko Success/select_TransmartPanasonicPolytronAsusSamsun_e34999'  using regular expression

2023-07-11 09:54:07 - [TEST_STEP][PASSED] - selectOptionByValue(findTestObject("Object Repository/Master Toko/Edit Toko Success/select_Aceh BaratAceh Barat DayaAceh BesarA_60dc3d"), "429", true): All options with value '429' are selected in object 'Object Repository/Master Toko/Edit Toko Success/select_Aceh BaratAceh Barat DayaAceh BesarA_60dc3d'  using regular expression

2023-07-11 09:54:19 - [MESSAGE][PASSED] - All options with value '429' are selected in object 'Object Repository/Master Toko/Edit Toko Success/select_Aceh BaratAceh Barat DayaAceh BesarA_60dc3d'  using regular expression

2023-07-11 09:54:19 - [TEST_STEP][PASSED] - setText(findTestObject("Object Repository/Master Toko/Edit Toko Success/input_Nama Toko_txtNamaToko"), "Asus Asyncron Store"): Text 'Asus Asyncron Store' is set on object 'Object Repository/Master Toko/Edit Toko Success/input_Nama Toko_txtNamaToko'

2023-07-11 09:54:20 - [MESSAGE][PASSED] - Text 'Asus Asyncron Store' is set on object 'Object Repository/Master Toko/Edit Toko Success/input_Nama Toko_txtNamaToko'

2023-07-11 09:54:20 - [TEST_STEP][PASSED] - setText(findTestObject("Object Repository/Master Toko/Edit Toko Success/input_Outlet Name_txtNamaOutlet"), "Asus Async Store"): Text 'Asus Async Store' is set on object 'Object Repository/Master Toko/Edit Toko Success/input_Outlet Name_txtNamaOutlet'

2023-07-11 09:54:20 - [MESSAGE][PASSED] - Text 'Asus Async Store' is set on object 'Object Repository/Master Toko/Edit Toko Success/input_Outlet Name_txtNamaOutlet'

2023-07-11 09:54:20 - [TEST_STEP][PASSED] - setText(findTestObject("Object Repository/Master Toko/Edit Toko Success/textarea_Jalan Kebayoran Baru No 10"), "Jalan Kebayoran Baru Kav 20"): Text 'Jalan Kebayoran Baru Kav 20' is set on object 'Object Repository/Master Toko/Edit Toko Success/textarea_Jalan Kebayoran Baru No 10'

2023-07-11 09:54:21 - [MESSAGE][PASSED] - Text 'Jalan Kebayoran Baru Kav 20' is set on object 'Object Repository/Master Toko/Edit Toko Success/textarea_Jalan Kebayoran Baru No 10'

2023-07-11 09:54:21 - [TEST_STEP][PASSED] - setText(findTestObject("Object Repository/Master Toko/Edit Toko Success/input_Dealer Code_txtDealerCode"), "A003"): Text 'A003' is set on object 'Object Repository/Master Toko/Edit Toko Success/input_Dealer Code_txtDealerCode'

2023-07-11 09:54:22 - [MESSAGE][PASSED] - Text 'A003' is set on object 'Object Repository/Master Toko/Edit Toko Success/input_Dealer Code_txtDealerCode'

2023-07-11 09:54:22 - [TEST_STEP][PASSED] - setText(findTestObject("Object Repository/Master Toko/Edit Toko Success/input_Telephone_txtTelepon"), "0239394444"): Text '0239394444' is set on object 'Object Repository/Master Toko/Edit Toko Success/input_Telephone_txtTelepon'

2023-07-11 09:54:23 - [MESSAGE][PASSED] - Text '0239394444' is set on object 'Object Repository/Master Toko/Edit Toko Success/input_Telephone_txtTelepon'

2023-07-11 09:54:23 - [TEST_STEP][PASSED] - setText(findTestObject("Object Repository/Master Toko/Edit Toko Success/input_Latitude_txtlatitude"), "-20.30490494"): Text '-20.30490494' is set on object 'Object Repository/Master Toko/Edit Toko Success/input_Latitude_txtlatitude'

2023-07-11 09:54:23 - [MESSAGE][PASSED] - Text '-20.30490494' is set on object 'Object Repository/Master Toko/Edit Toko Success/input_Latitude_txtlatitude'

2023-07-11 09:54:23 - [TEST_STEP][PASSED] - setText(findTestObject("Object Repository/Master Toko/Edit Toko Success/input_Longitude_txtlongitude"), "109.37364474"): Text '109.37364474' is set on object 'Object Repository/Master Toko/Edit Toko Success/input_Longitude_txtlongitude'

2023-07-11 09:54:24 - [MESSAGE][PASSED] - Text '109.37364474' is set on object 'Object Repository/Master Toko/Edit Toko Success/input_Longitude_txtlongitude'

2023-07-11 09:54:24 - [TEST_STEP][PASSED] - click(findTestObject("Object Repository/Master Toko/Edit Toko Success/button_Submit")): Object: 'Object Repository/Master Toko/Edit Toko Success/button_Submit' is clicked on

2023-07-11 09:54:25 - [MESSAGE][PASSED] - Object: 'Object Repository/Master Toko/Edit Toko Success/button_Submit' is clicked on]]></system-out>
         <system-err><![CDATA[]]></system-err>
      </testcase>
      <testcase name="Test Cases/Master Toko/Failed/Edit Toko" time="51.384" classname="Test Cases/Master Toko/Failed/Edit Toko" status="PASSED">
         <system-out><![CDATA[2023-07-11 09:54:25 - [TEST_CASE][PASSED] - Test Cases/Master Toko/Failed/Edit Toko: Test Cases/Master Toko/Failed/Edit Toko

2023-07-11 09:54:25 - [TEST_STEP][PASSED] - openBrowser(""): Browser is opened with url: ''

2023-07-11 09:54:25 - [MESSAGE][WARNING] - A browser is already opened. Closing browser and opening a new one

2023-07-11 09:54:26 - [MESSAGE][INFO] - Starting 'Chrome' driver

2023-07-11 09:54:26 - [MESSAGE][INFO] - User set preference: ['args', '[--start-maximized]']

2023-07-11 09:54:26 - [MESSAGE][INFO] - Action delay is set to 0 milliseconds

2023-07-11 09:54:28 - [MESSAGE][PASSED] - Browser is opened with url: ''

2023-07-11 09:54:28 - [TEST_STEP][PASSED] - maximizeWindow(): Current window maximized

2023-07-11 09:54:28 - [MESSAGE][PASSED] - Current window maximized

2023-07-11 09:54:28 - [TEST_STEP][PASSED] - navigateToUrl("https://uat-dashboard.blicicil.com/auth/login"): Navigate to 'https://uat-dashboard.blicicil.com/auth/login' successfully

2023-07-11 09:54:29 - [MESSAGE][PASSED] - Navigate to 'https://uat-dashboard.blicicil.com/auth/login' successfully

2023-07-11 09:54:29 - [TEST_STEP][PASSED] - setText(findTestObject("Object Repository/Master Toko/Edit Toko Failed/input_Email_email"), "eva.mayadila@megafinance.co.id"): Text 'eva.mayadila@megafinance.co.id' is set on object 'Object Repository/Master Toko/Edit Toko Failed/input_Email_email'

2023-07-11 09:54:30 - [MESSAGE][PASSED] - Text 'eva.mayadila@megafinance.co.id' is set on object 'Object Repository/Master Toko/Edit Toko Failed/input_Email_email'

2023-07-11 09:54:30 - [TEST_STEP][PASSED] - setEncryptedText(findTestObject("Object Repository/Master Toko/Edit Toko Failed/input_Password_password"), "aeHFOx8jV/A="): Text ****** has been set on object 'Object Repository/Master Toko/Edit Toko Failed/input_Password_password'

2023-07-11 09:54:31 - [MESSAGE][PASSED] - Text ****** has been set on object 'Object Repository/Master Toko/Edit Toko Failed/input_Password_password'

2023-07-11 09:54:31 - [TEST_STEP][PASSED] - click(findTestObject("Object Repository/Master Toko/Edit Toko Failed/button_Login")): Object: 'Object Repository/Master Toko/Edit Toko Failed/button_Login' is clicked on

2023-07-11 09:54:31 - [MESSAGE][PASSED] - Object: 'Object Repository/Master Toko/Edit Toko Failed/button_Login' is clicked on

2023-07-11 09:54:31 - [TEST_STEP][PASSED] - click(findTestObject("Object Repository/Master Toko/Edit Toko Failed/a_Master")): Object: 'Object Repository/Master Toko/Edit Toko Failed/a_Master' is clicked on

2023-07-11 09:54:33 - [MESSAGE][PASSED] - Object: 'Object Repository/Master Toko/Edit Toko Failed/a_Master' is clicked on

2023-07-11 09:54:33 - [TEST_STEP][PASSED] - click(findTestObject("Object Repository/Master Toko/Edit Toko Failed/a_Toko")): Object: 'Object Repository/Master Toko/Edit Toko Failed/a_Toko' is clicked on

2023-07-11 09:54:34 - [MESSAGE][PASSED] - Object: 'Object Repository/Master Toko/Edit Toko Failed/a_Toko' is clicked on

2023-07-11 09:54:34 - [TEST_STEP][PASSED] - click(findTestObject("Object Repository/Master Toko/Edit Toko Failed/a_Edit")): Object: 'Object Repository/Master Toko/Edit Toko Failed/a_Edit' is clicked on

2023-07-11 09:54:35 - [MESSAGE][PASSED] - Object: 'Object Repository/Master Toko/Edit Toko Failed/a_Edit' is clicked on

2023-07-11 09:54:35 - [TEST_STEP][PASSED] - setText(findTestObject("Object Repository/Master Toko/Edit Toko Failed/input_Nama Toko_txtNamaToko"), ""): Text '' is set on object 'Object Repository/Master Toko/Edit Toko Failed/input_Nama Toko_txtNamaToko'

2023-07-11 09:54:36 - [MESSAGE][PASSED] - Text '' is set on object 'Object Repository/Master Toko/Edit Toko Failed/input_Nama Toko_txtNamaToko'

2023-07-11 09:54:36 - [TEST_STEP][PASSED] - setText(findTestObject("Object Repository/Master Toko/Edit Toko Failed/input_Outlet Name_txtNamaOutlet"), "Panasonic Store"): Text 'Panasonic Store' is set on object 'Object Repository/Master Toko/Edit Toko Failed/input_Outlet Name_txtNamaOutlet'

2023-07-11 09:54:37 - [MESSAGE][PASSED] - Text 'Panasonic Store' is set on object 'Object Repository/Master Toko/Edit Toko Failed/input_Outlet Name_txtNamaOutlet'

2023-07-11 09:54:37 - [TEST_STEP][PASSED] - setText(findTestObject("Object Repository/Master Toko/Edit Toko Failed/textarea_h thyn yn"), "Jalan Wijya"): Text 'Jalan Wijya' is set on object 'Object Repository/Master Toko/Edit Toko Failed/textarea_h thyn yn'

2023-07-11 09:54:38 - [MESSAGE][PASSED] - Text 'Jalan Wijya' is set on object 'Object Repository/Master Toko/Edit Toko Failed/textarea_h thyn yn'

2023-07-11 09:54:38 - [TEST_STEP][PASSED] - setText(findTestObject("Object Repository/Master Toko/Edit Toko Failed/input_Dealer Code_txtDealerCode"), "PAN021"): Text 'PAN021' is set on object 'Object Repository/Master Toko/Edit Toko Failed/input_Dealer Code_txtDealerCode'

2023-07-11 09:54:39 - [MESSAGE][PASSED] - Text 'PAN021' is set on object 'Object Repository/Master Toko/Edit Toko Failed/input_Dealer Code_txtDealerCode'

2023-07-11 09:54:39 - [TEST_STEP][PASSED] - setText(findTestObject("Object Repository/Master Toko/Edit Toko Failed/input_Telephone_txtTelepon"), "0211111"): Text '0211111' is set on object 'Object Repository/Master Toko/Edit Toko Failed/input_Telephone_txtTelepon'

2023-07-11 09:54:39 - [MESSAGE][PASSED] - Text '0211111' is set on object 'Object Repository/Master Toko/Edit Toko Failed/input_Telephone_txtTelepon'

2023-07-11 09:54:39 - [TEST_STEP][PASSED] - setText(findTestObject("Object Repository/Master Toko/Edit Toko Failed/input_Latitude_txtlatitude"), "-1.756"): Text '-1.756' is set on object 'Object Repository/Master Toko/Edit Toko Failed/input_Latitude_txtlatitude'

2023-07-11 09:54:40 - [MESSAGE][PASSED] - Text '-1.756' is set on object 'Object Repository/Master Toko/Edit Toko Failed/input_Latitude_txtlatitude'

2023-07-11 09:54:40 - [TEST_STEP][PASSED] - setText(findTestObject("Object Repository/Master Toko/Edit Toko Failed/input_Longitude_txtlongitude"), "109.544467"): Text '109.544467' is set on object 'Object Repository/Master Toko/Edit Toko Failed/input_Longitude_txtlongitude'

2023-07-11 09:54:41 - [MESSAGE][PASSED] - Text '109.544467' is set on object 'Object Repository/Master Toko/Edit Toko Failed/input_Longitude_txtlongitude'

2023-07-11 09:54:41 - [TEST_STEP][PASSED] - click(findTestObject("Object Repository/Master Toko/Edit Toko Failed/button_Submit")): Object: 'Object Repository/Master Toko/Edit Toko Failed/button_Submit' is clicked on

2023-07-11 09:54:41 - [MESSAGE][PASSED] - Object: 'Object Repository/Master Toko/Edit Toko Failed/button_Submit' is clicked on

2023-07-11 09:54:41 - [TEST_STEP][PASSED] - refresh(): Refresh successfully

2023-07-11 09:54:42 - [MESSAGE][PASSED] - Refresh successfully

2023-07-11 09:54:42 - [TEST_STEP][PASSED] - setText(findTestObject("Object Repository/Master Toko/Edit Toko Failed/input_Nama Toko_txtNamaToko"), "Panasonic Store"): Text 'Panasonic Store' is set on object 'Object Repository/Master Toko/Edit Toko Failed/input_Nama Toko_txtNamaToko'

2023-07-11 09:54:43 - [MESSAGE][PASSED] - Text 'Panasonic Store' is set on object 'Object Repository/Master Toko/Edit Toko Failed/input_Nama Toko_txtNamaToko'

2023-07-11 09:54:43 - [TEST_STEP][PASSED] - setText(findTestObject("Object Repository/Master Toko/Edit Toko Failed/input_Outlet Name_txtNamaOutlet"), ""): Text '' is set on object 'Object Repository/Master Toko/Edit Toko Failed/input_Outlet Name_txtNamaOutlet'

2023-07-11 09:54:44 - [MESSAGE][PASSED] - Text '' is set on object 'Object Repository/Master Toko/Edit Toko Failed/input_Outlet Name_txtNamaOutlet'

2023-07-11 09:54:44 - [TEST_STEP][PASSED] - setText(findTestObject("Object Repository/Master Toko/Edit Toko Failed/textarea_h thyn yn"), "Jl. Wijaya"): Text 'Jl. Wijaya' is set on object 'Object Repository/Master Toko/Edit Toko Failed/textarea_h thyn yn'

2023-07-11 09:54:45 - [MESSAGE][PASSED] - Text 'Jl. Wijaya' is set on object 'Object Repository/Master Toko/Edit Toko Failed/textarea_h thyn yn'

2023-07-11 09:54:45 - [TEST_STEP][PASSED] - setText(findTestObject("Object Repository/Master Toko/Edit Toko Failed/input_Dealer Code_txtDealerCode"), "PAN022"): Text 'PAN022' is set on object 'Object Repository/Master Toko/Edit Toko Failed/input_Dealer Code_txtDealerCode'

2023-07-11 09:54:45 - [MESSAGE][PASSED] - Text 'PAN022' is set on object 'Object Repository/Master Toko/Edit Toko Failed/input_Dealer Code_txtDealerCode'

2023-07-11 09:54:45 - [TEST_STEP][PASSED] - setText(findTestObject("Object Repository/Master Toko/Edit Toko Failed/input_Telephone_txtTelepon"), "02123333"): Text '02123333' is set on object 'Object Repository/Master Toko/Edit Toko Failed/input_Telephone_txtTelepon'

2023-07-11 09:54:46 - [MESSAGE][PASSED] - Text '02123333' is set on object 'Object Repository/Master Toko/Edit Toko Failed/input_Telephone_txtTelepon'

2023-07-11 09:54:46 - [TEST_STEP][PASSED] - setText(findTestObject("Object Repository/Master Toko/Edit Toko Failed/input_Latitude_txtlatitude"), "-1.756588"): Text '-1.756588' is set on object 'Object Repository/Master Toko/Edit Toko Failed/input_Latitude_txtlatitude'

2023-07-11 09:54:47 - [MESSAGE][PASSED] - Text '-1.756588' is set on object 'Object Repository/Master Toko/Edit Toko Failed/input_Latitude_txtlatitude'

2023-07-11 09:54:47 - [TEST_STEP][PASSED] - setText(findTestObject("Object Repository/Master Toko/Edit Toko Failed/input_Longitude_txtlongitude"), "109.5444"): Text '109.5444' is set on object 'Object Repository/Master Toko/Edit Toko Failed/input_Longitude_txtlongitude'

2023-07-11 09:54:47 - [MESSAGE][PASSED] - Text '109.5444' is set on object 'Object Repository/Master Toko/Edit Toko Failed/input_Longitude_txtlongitude'

2023-07-11 09:54:47 - [TEST_STEP][PASSED] - click(findTestObject("Object Repository/Master Toko/Edit Toko Failed/button_Submit")): Object: 'Object Repository/Master Toko/Edit Toko Failed/button_Submit' is clicked on

2023-07-11 09:54:48 - [MESSAGE][PASSED] - Object: 'Object Repository/Master Toko/Edit Toko Failed/button_Submit' is clicked on

2023-07-11 09:54:48 - [TEST_STEP][PASSED] - refresh(): Refresh successfully

2023-07-11 09:54:48 - [MESSAGE][PASSED] - Refresh successfully

2023-07-11 09:54:48 - [TEST_STEP][PASSED] - setText(findTestObject("Object Repository/Master Toko/Edit Toko Failed/input_Nama Toko_txtNamaToko"), "Panasonic Store"): Text 'Panasonic Store' is set on object 'Object Repository/Master Toko/Edit Toko Failed/input_Nama Toko_txtNamaToko'

2023-07-11 09:54:50 - [MESSAGE][PASSED] - Text 'Panasonic Store' is set on object 'Object Repository/Master Toko/Edit Toko Failed/input_Nama Toko_txtNamaToko'

2023-07-11 09:54:50 - [TEST_STEP][PASSED] - setText(findTestObject("Object Repository/Master Toko/Edit Toko Failed/input_Outlet Name_txtNamaOutlet"), "Panasonic Store"): Text 'Panasonic Store' is set on object 'Object Repository/Master Toko/Edit Toko Failed/input_Outlet Name_txtNamaOutlet'

2023-07-11 09:54:51 - [MESSAGE][PASSED] - Text 'Panasonic Store' is set on object 'Object Repository/Master Toko/Edit Toko Failed/input_Outlet Name_txtNamaOutlet'

2023-07-11 09:54:51 - [TEST_STEP][PASSED] - setText(findTestObject("Object Repository/Master Toko/Edit Toko Failed/textarea_h thyn yn"), ""): Text '' is set on object 'Object Repository/Master Toko/Edit Toko Failed/textarea_h thyn yn'

2023-07-11 09:54:51 - [MESSAGE][PASSED] - Text '' is set on object 'Object Repository/Master Toko/Edit Toko Failed/textarea_h thyn yn'

2023-07-11 09:54:51 - [TEST_STEP][PASSED] - setText(findTestObject("Object Repository/Master Toko/Edit Toko Failed/input_Dealer Code_txtDealerCode"), "PN003"): Text 'PN003' is set on object 'Object Repository/Master Toko/Edit Toko Failed/input_Dealer Code_txtDealerCode'

2023-07-11 09:54:52 - [MESSAGE][PASSED] - Text 'PN003' is set on object 'Object Repository/Master Toko/Edit Toko Failed/input_Dealer Code_txtDealerCode'

2023-07-11 09:54:52 - [TEST_STEP][PASSED] - setText(findTestObject("Object Repository/Master Toko/Edit Toko Failed/input_Telephone_txtTelepon"), "021339393"): Text '021339393' is set on object 'Object Repository/Master Toko/Edit Toko Failed/input_Telephone_txtTelepon'

2023-07-11 09:54:53 - [MESSAGE][PASSED] - Text '021339393' is set on object 'Object Repository/Master Toko/Edit Toko Failed/input_Telephone_txtTelepon'

2023-07-11 09:54:53 - [TEST_STEP][PASSED] - setText(findTestObject("Object Repository/Master Toko/Edit Toko Failed/input_Latitude_txtlatitude"), "-1.756333444"): Text '-1.756333444' is set on object 'Object Repository/Master Toko/Edit Toko Failed/input_Latitude_txtlatitude'

2023-07-11 09:54:54 - [MESSAGE][PASSED] - Text '-1.756333444' is set on object 'Object Repository/Master Toko/Edit Toko Failed/input_Latitude_txtlatitude'

2023-07-11 09:54:54 - [TEST_STEP][PASSED] - setText(findTestObject("Object Repository/Master Toko/Edit Toko Failed/input_Longitude_txtlongitude"), "109.544"): Text '109.544' is set on object 'Object Repository/Master Toko/Edit Toko Failed/input_Longitude_txtlongitude'

2023-07-11 09:54:54 - [MESSAGE][PASSED] - Text '109.544' is set on object 'Object Repository/Master Toko/Edit Toko Failed/input_Longitude_txtlongitude'

2023-07-11 09:54:54 - [TEST_STEP][PASSED] - click(findTestObject("Object Repository/Master Toko/Edit Toko Failed/button_Submit")): Object: 'Object Repository/Master Toko/Edit Toko Failed/button_Submit' is clicked on

2023-07-11 09:54:55 - [MESSAGE][PASSED] - Object: 'Object Repository/Master Toko/Edit Toko Failed/button_Submit' is clicked on

2023-07-11 09:54:55 - [TEST_STEP][PASSED] - refresh(): Refresh successfully

2023-07-11 09:54:55 - [MESSAGE][PASSED] - Refresh successfully

2023-07-11 09:54:55 - [TEST_STEP][PASSED] - setText(findTestObject("Object Repository/Master Toko/Edit Toko Failed/input_Nama Toko_txtNamaToko"), "Panasonic Store"): Text 'Panasonic Store' is set on object 'Object Repository/Master Toko/Edit Toko Failed/input_Nama Toko_txtNamaToko'

2023-07-11 09:54:57 - [MESSAGE][PASSED] - Text 'Panasonic Store' is set on object 'Object Repository/Master Toko/Edit Toko Failed/input_Nama Toko_txtNamaToko'

2023-07-11 09:54:57 - [TEST_STEP][PASSED] - setText(findTestObject("Object Repository/Master Toko/Edit Toko Failed/input_Outlet Name_txtNamaOutlet"), "Panasonic Store"): Text 'Panasonic Store' is set on object 'Object Repository/Master Toko/Edit Toko Failed/input_Outlet Name_txtNamaOutlet'

2023-07-11 09:54:57 - [MESSAGE][PASSED] - Text 'Panasonic Store' is set on object 'Object Repository/Master Toko/Edit Toko Failed/input_Outlet Name_txtNamaOutlet'

2023-07-11 09:54:57 - [TEST_STEP][PASSED] - setText(findTestObject("Object Repository/Master Toko/Edit Toko Failed/textarea_h thyn yn"), "Jl. Wijya"): Text 'Jl. Wijya' is set on object 'Object Repository/Master Toko/Edit Toko Failed/textarea_h thyn yn'

2023-07-11 09:54:58 - [MESSAGE][PASSED] - Text 'Jl. Wijya' is set on object 'Object Repository/Master Toko/Edit Toko Failed/textarea_h thyn yn'

2023-07-11 09:54:58 - [TEST_STEP][PASSED] - setText(findTestObject("Object Repository/Master Toko/Edit Toko Failed/input_Dealer Code_txtDealerCode"), ""): Text '' is set on object 'Object Repository/Master Toko/Edit Toko Failed/input_Dealer Code_txtDealerCode'

2023-07-11 09:54:59 - [MESSAGE][PASSED] - Text '' is set on object 'Object Repository/Master Toko/Edit Toko Failed/input_Dealer Code_txtDealerCode'

2023-07-11 09:54:59 - [TEST_STEP][PASSED] - setText(findTestObject("Object Repository/Master Toko/Edit Toko Failed/input_Telephone_txtTelepon"), "02139494949"): Text '02139494949' is set on object 'Object Repository/Master Toko/Edit Toko Failed/input_Telephone_txtTelepon'

2023-07-11 09:54:59 - [MESSAGE][PASSED] - Text '02139494949' is set on object 'Object Repository/Master Toko/Edit Toko Failed/input_Telephone_txtTelepon'

2023-07-11 09:54:59 - [TEST_STEP][PASSED] - setText(findTestObject("Object Repository/Master Toko/Edit Toko Failed/input_Latitude_txtlatitude"), "-67.3373833"): Text '-67.3373833' is set on object 'Object Repository/Master Toko/Edit Toko Failed/input_Latitude_txtlatitude'

2023-07-11 09:55:00 - [MESSAGE][PASSED] - Text '-67.3373833' is set on object 'Object Repository/Master Toko/Edit Toko Failed/input_Latitude_txtlatitude'

2023-07-11 09:55:00 - [TEST_STEP][PASSED] - setText(findTestObject("Object Repository/Master Toko/Edit Toko Failed/input_Longitude_txtlongitude"), "109.5444676"): Text '109.5444676' is set on object 'Object Repository/Master Toko/Edit Toko Failed/input_Longitude_txtlongitude'

2023-07-11 09:55:01 - [MESSAGE][PASSED] - Text '109.5444676' is set on object 'Object Repository/Master Toko/Edit Toko Failed/input_Longitude_txtlongitude'

2023-07-11 09:55:01 - [TEST_STEP][PASSED] - click(findTestObject("Object Repository/Master Toko/Edit Toko Failed/button_Submit")): Object: 'Object Repository/Master Toko/Edit Toko Failed/button_Submit' is clicked on

2023-07-11 09:55:01 - [MESSAGE][PASSED] - Object: 'Object Repository/Master Toko/Edit Toko Failed/button_Submit' is clicked on

2023-07-11 09:55:01 - [TEST_STEP][PASSED] - refresh(): Refresh successfully

2023-07-11 09:55:02 - [MESSAGE][PASSED] - Refresh successfully

2023-07-11 09:55:02 - [TEST_STEP][PASSED] - setText(findTestObject("Object Repository/Master Toko/Edit Toko Failed/input_Nama Toko_txtNamaToko"), "Panasonic Store"): Text 'Panasonic Store' is set on object 'Object Repository/Master Toko/Edit Toko Failed/input_Nama Toko_txtNamaToko'

2023-07-11 09:55:03 - [MESSAGE][PASSED] - Text 'Panasonic Store' is set on object 'Object Repository/Master Toko/Edit Toko Failed/input_Nama Toko_txtNamaToko'

2023-07-11 09:55:03 - [TEST_STEP][PASSED] - setText(findTestObject("Object Repository/Master Toko/Edit Toko Failed/input_Outlet Name_txtNamaOutlet"), "Panasonic Store"): Text 'Panasonic Store' is set on object 'Object Repository/Master Toko/Edit Toko Failed/input_Outlet Name_txtNamaOutlet'

2023-07-11 09:55:04 - [MESSAGE][PASSED] - Text 'Panasonic Store' is set on object 'Object Repository/Master Toko/Edit Toko Failed/input_Outlet Name_txtNamaOutlet'

2023-07-11 09:55:04 - [TEST_STEP][PASSED] - setText(findTestObject("Object Repository/Master Toko/Edit Toko Failed/textarea_h thyn yn"), "Jl. Wijaya"): Text 'Jl. Wijaya' is set on object 'Object Repository/Master Toko/Edit Toko Failed/textarea_h thyn yn'

2023-07-11 09:55:04 - [MESSAGE][PASSED] - Text 'Jl. Wijaya' is set on object 'Object Repository/Master Toko/Edit Toko Failed/textarea_h thyn yn'

2023-07-11 09:55:04 - [TEST_STEP][PASSED] - setText(findTestObject("Object Repository/Master Toko/Edit Toko Failed/input_Dealer Code_txtDealerCode"), "P0202"): Text 'P0202' is set on object 'Object Repository/Master Toko/Edit Toko Failed/input_Dealer Code_txtDealerCode'

2023-07-11 09:55:05 - [MESSAGE][PASSED] - Text 'P0202' is set on object 'Object Repository/Master Toko/Edit Toko Failed/input_Dealer Code_txtDealerCode'

2023-07-11 09:55:05 - [TEST_STEP][PASSED] - setText(findTestObject("Object Repository/Master Toko/Edit Toko Failed/input_Telephone_txtTelepon"), "021303030303"): Text '021303030303' is set on object 'Object Repository/Master Toko/Edit Toko Failed/input_Telephone_txtTelepon'

2023-07-11 09:55:06 - [MESSAGE][PASSED] - Text '021303030303' is set on object 'Object Repository/Master Toko/Edit Toko Failed/input_Telephone_txtTelepon'

2023-07-11 09:55:06 - [TEST_STEP][PASSED] - setText(findTestObject("Object Repository/Master Toko/Edit Toko Failed/input_Latitude_txtlatitude"), ""): Text '' is set on object 'Object Repository/Master Toko/Edit Toko Failed/input_Latitude_txtlatitude'

2023-07-11 09:55:06 - [MESSAGE][PASSED] - Text '' is set on object 'Object Repository/Master Toko/Edit Toko Failed/input_Latitude_txtlatitude'

2023-07-11 09:55:06 - [TEST_STEP][PASSED] - setText(findTestObject("Object Repository/Master Toko/Edit Toko Failed/input_Longitude_txtlongitude"), "109.544467"): Text '109.544467' is set on object 'Object Repository/Master Toko/Edit Toko Failed/input_Longitude_txtlongitude'

2023-07-11 09:55:07 - [MESSAGE][PASSED] - Text '109.544467' is set on object 'Object Repository/Master Toko/Edit Toko Failed/input_Longitude_txtlongitude'

2023-07-11 09:55:07 - [TEST_STEP][PASSED] - click(findTestObject("Object Repository/Master Toko/Edit Toko Failed/button_Submit")): Object: 'Object Repository/Master Toko/Edit Toko Failed/button_Submit' is clicked on

2023-07-11 09:55:07 - [MESSAGE][PASSED] - Object: 'Object Repository/Master Toko/Edit Toko Failed/button_Submit' is clicked on

2023-07-11 09:55:07 - [TEST_STEP][PASSED] - refresh(): Refresh successfully

2023-07-11 09:55:08 - [MESSAGE][PASSED] - Refresh successfully

2023-07-11 09:55:08 - [TEST_STEP][PASSED] - setText(findTestObject("Object Repository/Master Toko/Edit Toko Failed/input_Nama Toko_txtNamaToko"), "pANASONIC sTORE"): Text 'pANASONIC sTORE' is set on object 'Object Repository/Master Toko/Edit Toko Failed/input_Nama Toko_txtNamaToko'

2023-07-11 09:55:09 - [MESSAGE][PASSED] - Text 'pANASONIC sTORE' is set on object 'Object Repository/Master Toko/Edit Toko Failed/input_Nama Toko_txtNamaToko'

2023-07-11 09:55:09 - [TEST_STEP][PASSED] - setText(findTestObject("Object Repository/Master Toko/Edit Toko Failed/input_Outlet Name_txtNamaOutlet"), "bbbbb"): Text 'bbbbb' is set on object 'Object Repository/Master Toko/Edit Toko Failed/input_Outlet Name_txtNamaOutlet'

2023-07-11 09:55:10 - [MESSAGE][PASSED] - Text 'bbbbb' is set on object 'Object Repository/Master Toko/Edit Toko Failed/input_Outlet Name_txtNamaOutlet'

2023-07-11 09:55:10 - [TEST_STEP][PASSED] - click(findTestObject("Object Repository/Master Toko/Edit Toko Failed/input_Outlet Name_txtNamaOutlet")): Object: 'Object Repository/Master Toko/Edit Toko Failed/input_Outlet Name_txtNamaOutlet' is clicked on

2023-07-11 09:55:10 - [MESSAGE][PASSED] - Object: 'Object Repository/Master Toko/Edit Toko Failed/input_Outlet Name_txtNamaOutlet' is clicked on

2023-07-11 09:55:10 - [TEST_STEP][PASSED] - click(findTestObject("Object Repository/Master Toko/Edit Toko Failed/div_Outlet Name_col-sm-9")): Object: 'Object Repository/Master Toko/Edit Toko Failed/div_Outlet Name_col-sm-9' is clicked on

2023-07-11 09:55:11 - [MESSAGE][PASSED] - Object: 'Object Repository/Master Toko/Edit Toko Failed/div_Outlet Name_col-sm-9' is clicked on

2023-07-11 09:55:11 - [TEST_STEP][PASSED] - setText(findTestObject("Object Repository/Master Toko/Edit Toko Failed/input_Outlet Name_txtNamaOutlet"), "Panasonic Store"): Text 'Panasonic Store' is set on object 'Object Repository/Master Toko/Edit Toko Failed/input_Outlet Name_txtNamaOutlet'

2023-07-11 09:55:11 - [MESSAGE][PASSED] - Text 'Panasonic Store' is set on object 'Object Repository/Master Toko/Edit Toko Failed/input_Outlet Name_txtNamaOutlet'

2023-07-11 09:55:11 - [TEST_STEP][PASSED] - setText(findTestObject("Object Repository/Master Toko/Edit Toko Failed/textarea_h thyn yn"), "Jl Wijaya"): Text 'Jl Wijaya' is set on object 'Object Repository/Master Toko/Edit Toko Failed/textarea_h thyn yn'

2023-07-11 09:55:12 - [MESSAGE][PASSED] - Text 'Jl Wijaya' is set on object 'Object Repository/Master Toko/Edit Toko Failed/textarea_h thyn yn'

2023-07-11 09:55:12 - [TEST_STEP][PASSED] - setText(findTestObject("Object Repository/Master Toko/Edit Toko Failed/input_Dealer Code_txtDealerCode"), "PAN2222"): Text 'PAN2222' is set on object 'Object Repository/Master Toko/Edit Toko Failed/input_Dealer Code_txtDealerCode'

2023-07-11 09:55:13 - [MESSAGE][PASSED] - Text 'PAN2222' is set on object 'Object Repository/Master Toko/Edit Toko Failed/input_Dealer Code_txtDealerCode'

2023-07-11 09:55:13 - [TEST_STEP][PASSED] - setText(findTestObject("Object Repository/Master Toko/Edit Toko Failed/input_Telephone_txtTelepon"), "02133444"): Text '02133444' is set on object 'Object Repository/Master Toko/Edit Toko Failed/input_Telephone_txtTelepon'

2023-07-11 09:55:13 - [MESSAGE][PASSED] - Text '02133444' is set on object 'Object Repository/Master Toko/Edit Toko Failed/input_Telephone_txtTelepon'

2023-07-11 09:55:13 - [TEST_STEP][PASSED] - setText(findTestObject("Object Repository/Master Toko/Edit Toko Failed/input_Latitude_txtlatitude"), "-10.363636"): Text '-10.363636' is set on object 'Object Repository/Master Toko/Edit Toko Failed/input_Latitude_txtlatitude'

2023-07-11 09:55:14 - [MESSAGE][PASSED] - Text '-10.363636' is set on object 'Object Repository/Master Toko/Edit Toko Failed/input_Latitude_txtlatitude'

2023-07-11 09:55:14 - [TEST_STEP][PASSED] - setText(findTestObject("Object Repository/Master Toko/Edit Toko Failed/input_Longitude_txtlongitude"), ""): Text '' is set on object 'Object Repository/Master Toko/Edit Toko Failed/input_Longitude_txtlongitude'

2023-07-11 09:55:15 - [MESSAGE][PASSED] - Text '' is set on object 'Object Repository/Master Toko/Edit Toko Failed/input_Longitude_txtlongitude'

2023-07-11 09:55:15 - [TEST_STEP][PASSED] - click(findTestObject("Object Repository/Master Toko/Edit Toko Failed/button_Submit")): Object: 'Object Repository/Master Toko/Edit Toko Failed/button_Submit' is clicked on

2023-07-11 09:55:15 - [MESSAGE][PASSED] - Object: 'Object Repository/Master Toko/Edit Toko Failed/button_Submit' is clicked on

2023-07-11 09:55:15 - [TEST_STEP][PASSED] - closeBrowser(): Browser is closed

2023-07-11 09:55:16 - [MESSAGE][PASSED] - Browser is closed]]></system-out>
         <system-err><![CDATA[]]></system-err>
      </testcase>
      <testcase name="Test Cases/Master Toko/Success/Searching" time="33.147" classname="Test Cases/Master Toko/Success/Searching" status="PASSED">
         <system-out><![CDATA[2023-07-11 09:55:16 - [TEST_CASE][PASSED] - Test Cases/Master Toko/Success/Searching: Test Cases/Master Toko/Success/Searching

2023-07-11 09:55:16 - [TEST_STEP][PASSED] - openBrowser(""): Browser is opened with url: ''

2023-07-11 09:55:16 - [MESSAGE][INFO] - Starting 'Chrome' driver

2023-07-11 09:55:16 - [MESSAGE][INFO] - User set preference: ['args', '[--start-maximized]']

2023-07-11 09:55:16 - [MESSAGE][INFO] - Action delay is set to 0 milliseconds

2023-07-11 09:55:18 - [MESSAGE][PASSED] - Browser is opened with url: ''

2023-07-11 09:55:18 - [TEST_STEP][PASSED] - maximizeWindow(): Current window maximized

2023-07-11 09:55:18 - [MESSAGE][PASSED] - Current window maximized

2023-07-11 09:55:18 - [TEST_STEP][PASSED] - navigateToUrl("https://uat-dashboard.blicicil.com/auth/login"): Navigate to 'https://uat-dashboard.blicicil.com/auth/login' successfully

2023-07-11 09:55:19 - [MESSAGE][PASSED] - Navigate to 'https://uat-dashboard.blicicil.com/auth/login' successfully

2023-07-11 09:55:19 - [TEST_STEP][PASSED] - setText(findTestObject("Object Repository/Master Toko/Searching Success/input_Email_email"), "eva.mayadila@megafinance.co.id"): Text 'eva.mayadila@megafinance.co.id' is set on object 'Object Repository/Master Toko/Searching Success/input_Email_email'

2023-07-11 09:55:20 - [MESSAGE][PASSED] - Text 'eva.mayadila@megafinance.co.id' is set on object 'Object Repository/Master Toko/Searching Success/input_Email_email'

2023-07-11 09:55:20 - [TEST_STEP][PASSED] - setEncryptedText(findTestObject("Object Repository/Master Toko/Searching Success/input_Password_password"), "aeHFOx8jV/A="): Text ****** has been set on object 'Object Repository/Master Toko/Searching Success/input_Password_password'

2023-07-11 09:55:20 - [MESSAGE][PASSED] - Text ****** has been set on object 'Object Repository/Master Toko/Searching Success/input_Password_password'

2023-07-11 09:55:20 - [TEST_STEP][PASSED] - click(findTestObject("Object Repository/Master Toko/Searching Success/button_Login")): Object: 'Object Repository/Master Toko/Searching Success/button_Login' is clicked on

2023-07-11 09:55:21 - [MESSAGE][PASSED] - Object: 'Object Repository/Master Toko/Searching Success/button_Login' is clicked on

2023-07-11 09:55:21 - [TEST_STEP][PASSED] - click(findTestObject("Object Repository/Master Toko/Searching Success/a_Master")): Object: 'Object Repository/Master Toko/Searching Success/a_Master' is clicked on

2023-07-11 09:55:22 - [MESSAGE][PASSED] - Object: 'Object Repository/Master Toko/Searching Success/a_Master' is clicked on

2023-07-11 09:55:22 - [TEST_STEP][PASSED] - click(findTestObject("Object Repository/Master Toko/Searching Success/a_Toko")): Object: 'Object Repository/Master Toko/Searching Success/a_Toko' is clicked on

2023-07-11 09:55:23 - [MESSAGE][PASSED] - Object: 'Object Repository/Master Toko/Searching Success/a_Toko' is clicked on

2023-07-11 09:55:23 - [TEST_STEP][PASSED] - selectOptionByValue(findTestObject("Object Repository/Master Toko/Searching Success/select_Search by                           _752fd7"), "store_name", true): All options with value 'store_name' are selected in object 'Object Repository/Master Toko/Searching Success/select_Search by                           _752fd7'  using regular expression

2023-07-11 09:55:25 - [MESSAGE][PASSED] - All options with value 'store_name' are selected in object 'Object Repository/Master Toko/Searching Success/select_Search by                           _752fd7'  using regular expression

2023-07-11 09:55:25 - [TEST_STEP][PASSED] - setText(findTestObject("Object Repository/Master Toko/Searching Success/input_New Toko_filterSearch"), "Furniture"): Text 'Furniture' is set on object 'Object Repository/Master Toko/Searching Success/input_New Toko_filterSearch'

2023-07-11 09:55:26 - [MESSAGE][PASSED] - Text 'Furniture' is set on object 'Object Repository/Master Toko/Searching Success/input_New Toko_filterSearch'

2023-07-11 09:55:26 - [TEST_STEP][PASSED] - sendKeys(findTestObject("Object Repository/Master Toko/Searching Success/input_New Toko_filterSearch"), Keys.chord(ENTER)): Keys 'ENTER + ' sent to object: 'Object Repository/Master Toko/Searching Success/input_New Toko_filterSearch'

2023-07-11 09:55:26 - [MESSAGE][PASSED] - Keys 'ENTER + ' sent to object: 'Object Repository/Master Toko/Searching Success/input_New Toko_filterSearch'

2023-07-11 09:55:26 - [TEST_STEP][PASSED] - setText(findTestObject("Object Repository/Master Toko/Searching Success/input_New Toko_filterSearch"), "Electronic"): Text 'Electronic' is set on object 'Object Repository/Master Toko/Searching Success/input_New Toko_filterSearch'

2023-07-11 09:55:28 - [MESSAGE][PASSED] - Text 'Electronic' is set on object 'Object Repository/Master Toko/Searching Success/input_New Toko_filterSearch'

2023-07-11 09:55:28 - [TEST_STEP][PASSED] - sendKeys(findTestObject("Object Repository/Master Toko/Searching Success/input_New Toko_filterSearch"), Keys.chord(ENTER)): Keys 'ENTER + ' sent to object: 'Object Repository/Master Toko/Searching Success/input_New Toko_filterSearch'

2023-07-11 09:55:28 - [MESSAGE][PASSED] - Keys 'ENTER + ' sent to object: 'Object Repository/Master Toko/Searching Success/input_New Toko_filterSearch'

2023-07-11 09:55:28 - [TEST_STEP][PASSED] - refresh(): Refresh successfully

2023-07-11 09:55:29 - [MESSAGE][PASSED] - Refresh successfully

2023-07-11 09:55:29 - [TEST_STEP][PASSED] - selectOptionByValue(findTestObject("Object Repository/Master Toko/Searching Success/select_Search by                           _752fd7"), "dealer_code", true): All options with value 'dealer_code' are selected in object 'Object Repository/Master Toko/Searching Success/select_Search by                           _752fd7'  using regular expression

2023-07-11 09:55:30 - [MESSAGE][PASSED] - All options with value 'dealer_code' are selected in object 'Object Repository/Master Toko/Searching Success/select_Search by                           _752fd7'  using regular expression

2023-07-11 09:55:30 - [TEST_STEP][PASSED] - setText(findTestObject("Object Repository/Master Toko/Searching Success/input_New Toko_filterSearch"), "ERF"): Text 'ERF' is set on object 'Object Repository/Master Toko/Searching Success/input_New Toko_filterSearch'

2023-07-11 09:55:31 - [MESSAGE][PASSED] - Text 'ERF' is set on object 'Object Repository/Master Toko/Searching Success/input_New Toko_filterSearch'

2023-07-11 09:55:31 - [TEST_STEP][PASSED] - sendKeys(findTestObject("Object Repository/Master Toko/Searching Success/input_New Toko_filterSearch"), Keys.chord(ENTER)): Keys 'ENTER + ' sent to object: 'Object Repository/Master Toko/Searching Success/input_New Toko_filterSearch'

2023-07-11 09:55:31 - [MESSAGE][PASSED] - Keys 'ENTER + ' sent to object: 'Object Repository/Master Toko/Searching Success/input_New Toko_filterSearch'

2023-07-11 09:55:31 - [TEST_STEP][PASSED] - click(findTestObject("Object Repository/Master Toko/Searching Success/a_4")): Object: 'Object Repository/Master Toko/Searching Success/a_4' is clicked on

2023-07-11 09:55:36 - [MESSAGE][PASSED] - Object: 'Object Repository/Master Toko/Searching Success/a_4' is clicked on

2023-07-11 09:55:36 - [TEST_STEP][PASSED] - click(findTestObject("Object Repository/Master Toko/Searching Success/a_Next")): Object: 'Object Repository/Master Toko/Searching Success/a_Next' is clicked on

2023-07-11 09:55:37 - [MESSAGE][PASSED] - Object: 'Object Repository/Master Toko/Searching Success/a_Next' is clicked on

2023-07-11 09:55:37 - [TEST_STEP][PASSED] - click(findTestObject("Object Repository/Master Toko/Searching Success/a_Previous")): Object: 'Object Repository/Master Toko/Searching Success/a_Previous' is clicked on

2023-07-11 09:55:38 - [MESSAGE][PASSED] - Object: 'Object Repository/Master Toko/Searching Success/a_Previous' is clicked on

2023-07-11 09:55:38 - [TEST_STEP][PASSED] - click(findTestObject("Object Repository/Master Toko/Searching Success/button_Deactivate")): Object: 'Object Repository/Master Toko/Searching Success/button_Deactivate' is clicked on

2023-07-11 09:55:42 - [MESSAGE][PASSED] - Object: 'Object Repository/Master Toko/Searching Success/button_Deactivate' is clicked on

2023-07-11 09:55:42 - [TEST_STEP][PASSED] - click(findTestObject("Object Repository/Master Toko/Searching Success/button_No")): Object: 'Object Repository/Master Toko/Searching Success/button_No' is clicked on

2023-07-11 09:55:43 - [MESSAGE][PASSED] - Object: 'Object Repository/Master Toko/Searching Success/button_No' is clicked on

2023-07-11 09:55:43 - [TEST_STEP][PASSED] - click(findTestObject("Object Repository/Master Toko/Searching Success/button_Deactivate")): Object: 'Object Repository/Master Toko/Searching Success/button_Deactivate' is clicked on

2023-07-11 09:55:44 - [MESSAGE][PASSED] - Object: 'Object Repository/Master Toko/Searching Success/button_Deactivate' is clicked on

2023-07-11 09:55:44 - [TEST_STEP][PASSED] - click(findTestObject("Object Repository/Master Toko/Searching Success/button_Yes")): Object: 'Object Repository/Master Toko/Searching Success/button_Yes' is clicked on

2023-07-11 09:55:44 - [MESSAGE][PASSED] - Object: 'Object Repository/Master Toko/Searching Success/button_Yes' is clicked on

2023-07-11 09:55:44 - [TEST_STEP][PASSED] - click(findTestObject("Object Repository/Master Toko/Searching Success/a_4")): Object: 'Object Repository/Master Toko/Searching Success/a_4' is clicked on

2023-07-11 09:55:45 - [MESSAGE][PASSED] - Object: 'Object Repository/Master Toko/Searching Success/a_4' is clicked on

2023-07-11 09:55:45 - [TEST_STEP][PASSED] - click(findTestObject("Object Repository/Master Toko/Searching Success/button_Activate")): Object: 'Object Repository/Master Toko/Searching Success/button_Activate' is clicked on

2023-07-11 09:55:46 - [MESSAGE][PASSED] - Object: 'Object Repository/Master Toko/Searching Success/button_Activate' is clicked on

2023-07-11 09:55:46 - [TEST_STEP][PASSED] - click(findTestObject("Object Repository/Master Toko/Searching Success/button_No")): Object: 'Object Repository/Master Toko/Searching Success/button_No' is clicked on

2023-07-11 09:55:46 - [MESSAGE][PASSED] - Object: 'Object Repository/Master Toko/Searching Success/button_No' is clicked on

2023-07-11 09:55:46 - [TEST_STEP][PASSED] - click(findTestObject("Object Repository/Master Toko/Searching Success/button_Activate")): Object: 'Object Repository/Master Toko/Searching Success/button_Activate' is clicked on

2023-07-11 09:55:47 - [MESSAGE][PASSED] - Object: 'Object Repository/Master Toko/Searching Success/button_Activate' is clicked on

2023-07-11 09:55:47 - [TEST_STEP][PASSED] - click(findTestObject("Object Repository/Master Toko/Searching Success/button_Yes")): Object: 'Object Repository/Master Toko/Searching Success/button_Yes' is clicked on

2023-07-11 09:55:47 - [MESSAGE][PASSED] - Object: 'Object Repository/Master Toko/Searching Success/button_Yes' is clicked on

2023-07-11 09:55:47 - [TEST_STEP][PASSED] - click(findTestObject("Object Repository/Master Toko/Searching Success/a_4")): Object: 'Object Repository/Master Toko/Searching Success/a_4' is clicked on

2023-07-11 09:55:48 - [MESSAGE][PASSED] - Object: 'Object Repository/Master Toko/Searching Success/a_4' is clicked on

2023-07-11 09:55:48 - [TEST_STEP][PASSED] - closeBrowser(): Browser is closed

2023-07-11 09:55:49 - [MESSAGE][PASSED] - Browser is closed]]></system-out>
         <system-err><![CDATA[]]></system-err>
      </testcase>
      <testcase name="Test Cases/Master Toko/Failed/Searching" time="13.942" classname="Test Cases/Master Toko/Failed/Searching" status="PASSED">
         <system-out><![CDATA[2023-07-11 09:55:49 - [TEST_CASE][PASSED] - Test Cases/Master Toko/Failed/Searching: Test Cases/Master Toko/Failed/Searching

2023-07-11 09:55:49 - [TEST_STEP][PASSED] - openBrowser(""): Browser is opened with url: ''

2023-07-11 09:55:49 - [MESSAGE][INFO] - Starting 'Chrome' driver

2023-07-11 09:55:49 - [MESSAGE][INFO] - User set preference: ['args', '[--start-maximized]']

2023-07-11 09:55:49 - [MESSAGE][INFO] - Action delay is set to 0 milliseconds

2023-07-11 09:55:51 - [MESSAGE][PASSED] - Browser is opened with url: ''

2023-07-11 09:55:51 - [TEST_STEP][PASSED] - maximizeWindow(): Current window maximized

2023-07-11 09:55:51 - [MESSAGE][PASSED] - Current window maximized

2023-07-11 09:55:51 - [TEST_STEP][PASSED] - navigateToUrl("https://uat-dashboard.blicicil.com/auth/login"): Navigate to 'https://uat-dashboard.blicicil.com/auth/login' successfully

2023-07-11 09:55:52 - [MESSAGE][PASSED] - Navigate to 'https://uat-dashboard.blicicil.com/auth/login' successfully

2023-07-11 09:55:52 - [TEST_STEP][PASSED] - setText(findTestObject("Object Repository/Master Toko/Searching Failed/input_Email_email"), "eva.mayadila@megafinance.co.id"): Text 'eva.mayadila@megafinance.co.id' is set on object 'Object Repository/Master Toko/Searching Failed/input_Email_email'

2023-07-11 09:55:53 - [MESSAGE][PASSED] - Text 'eva.mayadila@megafinance.co.id' is set on object 'Object Repository/Master Toko/Searching Failed/input_Email_email'

2023-07-11 09:55:53 - [TEST_STEP][PASSED] - setEncryptedText(findTestObject("Object Repository/Master Toko/Searching Failed/input_Password_password"), "aeHFOx8jV/A="): Text ****** has been set on object 'Object Repository/Master Toko/Searching Failed/input_Password_password'

2023-07-11 09:55:53 - [MESSAGE][PASSED] - Text ****** has been set on object 'Object Repository/Master Toko/Searching Failed/input_Password_password'

2023-07-11 09:55:53 - [TEST_STEP][PASSED] - click(findTestObject("Object Repository/Master Toko/Searching Failed/button_Login")): Object: 'Object Repository/Master Toko/Searching Failed/button_Login' is clicked on

2023-07-11 09:55:54 - [MESSAGE][PASSED] - Object: 'Object Repository/Master Toko/Searching Failed/button_Login' is clicked on

2023-07-11 09:55:54 - [TEST_STEP][PASSED] - click(findTestObject("Object Repository/Master Toko/Searching Failed/a_Master")): Object: 'Object Repository/Master Toko/Searching Failed/a_Master' is clicked on

2023-07-11 09:55:56 - [MESSAGE][PASSED] - Object: 'Object Repository/Master Toko/Searching Failed/a_Master' is clicked on

2023-07-11 09:55:56 - [TEST_STEP][PASSED] - click(findTestObject("Object Repository/Master Toko/Searching Failed/a_Toko")): Object: 'Object Repository/Master Toko/Searching Failed/a_Toko' is clicked on

2023-07-11 09:55:58 - [MESSAGE][PASSED] - Object: 'Object Repository/Master Toko/Searching Failed/a_Toko' is clicked on

2023-07-11 09:55:58 - [TEST_STEP][PASSED] - setText(findTestObject("Object Repository/Master Toko/Searching Failed/input_New Toko_filterSearch"), "abc"): Text 'abc' is set on object 'Object Repository/Master Toko/Searching Failed/input_New Toko_filterSearch'

2023-07-11 09:55:59 - [MESSAGE][PASSED] - Text 'abc' is set on object 'Object Repository/Master Toko/Searching Failed/input_New Toko_filterSearch'

2023-07-11 09:55:59 - [TEST_STEP][PASSED] - sendKeys(findTestObject("Object Repository/Master Toko/Searching Failed/input_New Toko_filterSearch"), Keys.chord(ENTER)): Keys 'ENTER + ' sent to object: 'Object Repository/Master Toko/Searching Failed/input_New Toko_filterSearch'

2023-07-11 09:56:00 - [MESSAGE][PASSED] - Keys 'ENTER + ' sent to object: 'Object Repository/Master Toko/Searching Failed/input_New Toko_filterSearch'

2023-07-11 09:56:00 - [TEST_STEP][PASSED] - refresh(): Refresh successfully

2023-07-11 09:56:01 - [MESSAGE][PASSED] - Refresh successfully

2023-07-11 09:56:01 - [TEST_STEP][PASSED] - setText(findTestObject("Object Repository/Master Toko/Searching Failed/input_New Toko_filterSearch"), "megafinance"): Text 'megafinance' is set on object 'Object Repository/Master Toko/Searching Failed/input_New Toko_filterSearch'

2023-07-11 09:56:02 - [MESSAGE][PASSED] - Text 'megafinance' is set on object 'Object Repository/Master Toko/Searching Failed/input_New Toko_filterSearch'

2023-07-11 09:56:02 - [TEST_STEP][PASSED] - sendKeys(findTestObject("Object Repository/Master Toko/Searching Failed/input_New Toko_filterSearch"), Keys.chord(ENTER)): Keys 'ENTER + ' sent to object: 'Object Repository/Master Toko/Searching Failed/input_New Toko_filterSearch'

2023-07-11 09:56:02 - [MESSAGE][PASSED] - Keys 'ENTER + ' sent to object: 'Object Repository/Master Toko/Searching Failed/input_New Toko_filterSearch'

2023-07-11 09:56:02 - [TEST_STEP][PASSED] - closeBrowser(): Browser is closed

2023-07-11 09:56:03 - [MESSAGE][PASSED] - Browser is closed]]></system-out>
         <system-err><![CDATA[]]></system-err>
      </testcase>
      <system-out><![CDATA[2023-07-11 09:51:25 - [TEST_SUITE][PASSED] - Master Toko: Test Cases/Master Toko/Failed/Searching]]></system-out>
      <system-err><![CDATA[]]></system-err>
   </testsuite>
</testsuites>
