<?xml version="1.0" encoding="UTF-8"?>
<testsuites name="Master Toko" time="262.426" tests="7" failures="1" errors="0">
   <testsuite name="Master Toko" tests="7" failures="1" errors="0" time="262.426" skipped="0" timestamp="2023-07-06 14:49:27" hostname="202102359 - KPO-Blicicil.pdc.megafinance.co.id" id="Test Suites/Master Toko">
      <properties>
         <property name="deviceName" value=""/>
         <property name="devicePlatform" value=""/>
         <property name="logFolder" value="C:\\Users\\202102359\\git\\blicicil-dashboard-uat\\Reports\\20230706_144924\\Master Toko\\20230706_144924"/>
         <property name="logFiles" value="C:\\Users\\202102359\\git\\blicicil-dashboard-uat\\Reports\\20230706_144924\\Master Toko\\20230706_144924\\execution0.log"/>
         <property name="attachments" value="C:\\Users\\202102359\\git\\blicicil-dashboard-uat\\Reports\\20230706_144924\\Master Toko\\20230706_144924\\1688630017738.png"/>
         <property name="hostName" value="202102359 - KPO-Blicicil.pdc.megafinance.co.id"/>
         <property name="os" value="Windows 10 64bit"/>
         <property name="katalonVersion" value="8.6.0.208"/>
         <property name="browser" value="Chrome 114.0.0.0"/>
         <property name="hostAddress" value="192.168.16.53"/>
         <property name="sessionId" value="3b39bdfaf164797b5ca6bf6c6d7c3192"/>
         <property name="seleniumVersion" value="3.141.59"/>
         <property name="proxyInformation" value="ProxyInformation { proxyOption=NO_PROXY, proxyServerType=HTTP, username=, password=********, proxyServerAddress=, proxyServerPort=0, executionList=&quot;&quot;, isApplyToDesiredCapabilities=true }"/>
         <property name="platform" value="Windows 10"/>
      </properties>
      <testcase name="Test Cases/Master Toko/Beranda" time="19.161" classname="Test Cases/Master Toko/Beranda" status="PASSED">
         <system-out><![CDATA[2023-07-06 14:49:28 - [TEST_CASE][PASSED] - Test Cases/Master Toko/Beranda: Test Cases/Master Toko/Beranda

2023-07-06 14:49:28 - [TEST_STEP][PASSED] - openBrowser(""): Browser is opened with url: ''

2023-07-06 14:49:28 - [MESSAGE][INFO] - Starting 'Chrome' driver

2023-07-06 14:49:28 - [MESSAGE][INFO] - User set preference: ['args', '[--start-maximized]']

2023-07-06 14:49:28 - [MESSAGE][INFO] - Action delay is set to 0 milliseconds

2023-07-06 14:49:32 - [MESSAGE][PASSED] - Browser is opened with url: ''

2023-07-06 14:49:32 - [TEST_STEP][PASSED] - maximizeWindow(): Current window maximized

2023-07-06 14:49:32 - [MESSAGE][PASSED] - Current window maximized

2023-07-06 14:49:32 - [TEST_STEP][PASSED] - navigateToUrl("https://uat-dashboard.blicicil.com/auth/login"): Navigate to 'https://uat-dashboard.blicicil.com/auth/login' successfully

2023-07-06 14:49:32 - [MESSAGE][PASSED] - Navigate to 'https://uat-dashboard.blicicil.com/auth/login' successfully

2023-07-06 14:49:32 - [TEST_STEP][PASSED] - setText(findTestObject("Object Repository/Master Toko/Beranda/input_Email_email"), "eva.mayadila@megafinance.co.id"): Text 'eva.mayadila@megafinance.co.id' is set on object 'Object Repository/Master Toko/Beranda/input_Email_email'

2023-07-06 14:49:33 - [MESSAGE][PASSED] - Text 'eva.mayadila@megafinance.co.id' is set on object 'Object Repository/Master Toko/Beranda/input_Email_email'

2023-07-06 14:49:33 - [TEST_STEP][PASSED] - setEncryptedText(findTestObject("Object Repository/Master Toko/Beranda/input_Password_password"), "aeHFOx8jV/A="): Text ****** has been set on object 'Object Repository/Master Toko/Beranda/input_Password_password'

2023-07-06 14:49:34 - [MESSAGE][PASSED] - Text ****** has been set on object 'Object Repository/Master Toko/Beranda/input_Password_password'

2023-07-06 14:49:34 - [TEST_STEP][PASSED] - click(findTestObject("Object Repository/Master Toko/Beranda/button_Login")): Object: 'Object Repository/Master Toko/Beranda/button_Login' is clicked on

2023-07-06 14:49:34 - [MESSAGE][PASSED] - Object: 'Object Repository/Master Toko/Beranda/button_Login' is clicked on

2023-07-06 14:49:34 - [TEST_STEP][PASSED] - click(findTestObject("Object Repository/Master Toko/Beranda/a_Master")): Object: 'Object Repository/Master Toko/Beranda/a_Master' is clicked on

2023-07-06 14:49:36 - [MESSAGE][PASSED] - Object: 'Object Repository/Master Toko/Beranda/a_Master' is clicked on

2023-07-06 14:49:36 - [TEST_STEP][PASSED] - click(findTestObject("Object Repository/Master Toko/Beranda/a_Toko")): Object: 'Object Repository/Master Toko/Beranda/a_Toko' is clicked on

2023-07-06 14:49:37 - [MESSAGE][PASSED] - Object: 'Object Repository/Master Toko/Beranda/a_Toko' is clicked on

2023-07-06 14:49:37 - [TEST_STEP][PASSED] - click(findTestObject("Object Repository/Master Toko/Beranda/button_Deactivate")): Object: 'Object Repository/Master Toko/Beranda/button_Deactivate' is clicked on

2023-07-06 14:49:38 - [MESSAGE][PASSED] - Object: 'Object Repository/Master Toko/Beranda/button_Deactivate' is clicked on

2023-07-06 14:49:38 - [TEST_STEP][PASSED] - click(findTestObject("Object Repository/Master Toko/Beranda/button_No")): Object: 'Object Repository/Master Toko/Beranda/button_No' is clicked on

2023-07-06 14:49:39 - [MESSAGE][PASSED] - Object: 'Object Repository/Master Toko/Beranda/button_No' is clicked on

2023-07-06 14:49:39 - [TEST_STEP][PASSED] - click(findTestObject("Object Repository/Master Toko/Beranda/button_Deactivate")): Object: 'Object Repository/Master Toko/Beranda/button_Deactivate' is clicked on

2023-07-06 14:49:39 - [MESSAGE][PASSED] - Object: 'Object Repository/Master Toko/Beranda/button_Deactivate' is clicked on

2023-07-06 14:49:39 - [TEST_STEP][PASSED] - click(findTestObject("Object Repository/Master Toko/Beranda/button_Yes")): Object: 'Object Repository/Master Toko/Beranda/button_Yes' is clicked on

2023-07-06 14:49:40 - [MESSAGE][PASSED] - Object: 'Object Repository/Master Toko/Beranda/button_Yes' is clicked on

2023-07-06 14:49:40 - [TEST_STEP][PASSED] - click(findTestObject("Object Repository/Master Toko/Beranda/button_Activate")): Object: 'Object Repository/Master Toko/Beranda/button_Activate' is clicked on

2023-07-06 14:49:41 - [MESSAGE][PASSED] - Object: 'Object Repository/Master Toko/Beranda/button_Activate' is clicked on

2023-07-06 14:49:41 - [TEST_STEP][PASSED] - click(findTestObject("Object Repository/Master Toko/Beranda/button_No")): Object: 'Object Repository/Master Toko/Beranda/button_No' is clicked on

2023-07-06 14:49:41 - [MESSAGE][PASSED] - Object: 'Object Repository/Master Toko/Beranda/button_No' is clicked on

2023-07-06 14:49:41 - [TEST_STEP][PASSED] - click(findTestObject("Object Repository/Master Toko/Beranda/button_Activate")): Object: 'Object Repository/Master Toko/Beranda/button_Activate' is clicked on

2023-07-06 14:49:42 - [MESSAGE][PASSED] - Object: 'Object Repository/Master Toko/Beranda/button_Activate' is clicked on

2023-07-06 14:49:42 - [TEST_STEP][PASSED] - click(findTestObject("Object Repository/Master Toko/Beranda/button_Yes")): Object: 'Object Repository/Master Toko/Beranda/button_Yes' is clicked on

2023-07-06 14:49:43 - [MESSAGE][PASSED] - Object: 'Object Repository/Master Toko/Beranda/button_Yes' is clicked on

2023-07-06 14:49:43 - [TEST_STEP][PASSED] - click(findTestObject("Object Repository/Master Toko/Beranda/a_4")): Object: 'Object Repository/Master Toko/Beranda/a_4' is clicked on

2023-07-06 14:49:44 - [MESSAGE][PASSED] - Object: 'Object Repository/Master Toko/Beranda/a_4' is clicked on

2023-07-06 14:49:44 - [TEST_STEP][PASSED] - click(findTestObject("Object Repository/Master Toko/Beranda/a_Next")): Object: 'Object Repository/Master Toko/Beranda/a_Next' is clicked on

2023-07-06 14:49:44 - [MESSAGE][PASSED] - Object: 'Object Repository/Master Toko/Beranda/a_Next' is clicked on

2023-07-06 14:49:44 - [TEST_STEP][PASSED] - click(findTestObject("Object Repository/Master Toko/Beranda/a_Previous")): Object: 'Object Repository/Master Toko/Beranda/a_Previous' is clicked on

2023-07-06 14:49:45 - [MESSAGE][PASSED] - Object: 'Object Repository/Master Toko/Beranda/a_Previous' is clicked on

2023-07-06 14:49:45 - [TEST_STEP][PASSED] - click(findTestObject("Object Repository/Master Toko/Beranda/a_Maps")): Object: 'Object Repository/Master Toko/Beranda/a_Maps' is clicked on

2023-07-06 14:49:46 - [MESSAGE][PASSED] - Object: 'Object Repository/Master Toko/Beranda/a_Maps' is clicked on

2023-07-06 14:49:46 - [TEST_STEP][PASSED] - closeBrowser(): Browser is closed

2023-07-06 14:49:47 - [MESSAGE][PASSED] - Browser is closed]]></system-out>
         <system-err><![CDATA[]]></system-err>
      </testcase>
      <testcase name="Test Cases/Master Toko/Success/Add Toko" time="37.225" classname="Test Cases/Master Toko/Success/Add Toko" status="PASSED">
         <system-out><![CDATA[2023-07-06 14:49:47 - [TEST_CASE][PASSED] - Test Cases/Master Toko/Success/Add Toko: Test Cases/Master Toko/Success/Add Toko

2023-07-06 14:49:47 - [TEST_STEP][PASSED] - openBrowser(""): Browser is opened with url: ''

2023-07-06 14:49:47 - [MESSAGE][INFO] - Starting 'Chrome' driver

2023-07-06 14:49:47 - [MESSAGE][INFO] - User set preference: ['args', '[--start-maximized]']

2023-07-06 14:49:47 - [MESSAGE][INFO] - Action delay is set to 0 milliseconds

2023-07-06 14:49:49 - [MESSAGE][PASSED] - Browser is opened with url: ''

2023-07-06 14:49:49 - [TEST_STEP][PASSED] - maximizeWindow(): Current window maximized

2023-07-06 14:49:49 - [MESSAGE][PASSED] - Current window maximized

2023-07-06 14:49:49 - [TEST_STEP][PASSED] - navigateToUrl("https://uat-dashboard.blicicil.com/auth/login"): Navigate to 'https://uat-dashboard.blicicil.com/auth/login' successfully

2023-07-06 14:49:50 - [MESSAGE][PASSED] - Navigate to 'https://uat-dashboard.blicicil.com/auth/login' successfully

2023-07-06 14:49:50 - [TEST_STEP][PASSED] - setText(findTestObject("Object Repository/Master Toko/Add Toko Success/input_Email_email"), "eva.mayadila@megafinance.co.id"): Text 'eva.mayadila@megafinance.co.id' is set on object 'Object Repository/Master Toko/Add Toko Success/input_Email_email'

2023-07-06 14:49:51 - [MESSAGE][PASSED] - Text 'eva.mayadila@megafinance.co.id' is set on object 'Object Repository/Master Toko/Add Toko Success/input_Email_email'

2023-07-06 14:49:51 - [TEST_STEP][PASSED] - setEncryptedText(findTestObject("Object Repository/Master Toko/Add Toko Success/input_Password_password"), "aeHFOx8jV/A="): Text ****** has been set on object 'Object Repository/Master Toko/Add Toko Success/input_Password_password'

2023-07-06 14:49:51 - [MESSAGE][PASSED] - Text ****** has been set on object 'Object Repository/Master Toko/Add Toko Success/input_Password_password'

2023-07-06 14:49:51 - [TEST_STEP][PASSED] - click(findTestObject("Object Repository/Master Toko/Add Toko Success/button_Login")): Object: 'Object Repository/Master Toko/Add Toko Success/button_Login' is clicked on

2023-07-06 14:49:52 - [MESSAGE][PASSED] - Object: 'Object Repository/Master Toko/Add Toko Success/button_Login' is clicked on

2023-07-06 14:49:52 - [TEST_STEP][PASSED] - click(findTestObject("Object Repository/Master Toko/Add Toko Success/a_Master")): Object: 'Object Repository/Master Toko/Add Toko Success/a_Master' is clicked on

2023-07-06 14:49:54 - [MESSAGE][PASSED] - Object: 'Object Repository/Master Toko/Add Toko Success/a_Master' is clicked on

2023-07-06 14:49:54 - [TEST_STEP][PASSED] - click(findTestObject("Object Repository/Master Toko/Add Toko Success/a_Toko")): Object: 'Object Repository/Master Toko/Add Toko Success/a_Toko' is clicked on

2023-07-06 14:49:55 - [MESSAGE][PASSED] - Object: 'Object Repository/Master Toko/Add Toko Success/a_Toko' is clicked on

2023-07-06 14:49:55 - [TEST_STEP][PASSED] - getText(findTestObject("Object Repository/Master Toko/Add Toko Success/div_List Toko BliCicil Admin as            _dde361")): Text of object 'Object Repository/Master Toko/Add Toko Success/div_List Toko BliCicil Admin as            _dde361' is: 'List Toko BliCicil Admin as
New Toko'

2023-07-06 14:49:56 - [MESSAGE][PASSED] - Text of object 'Object Repository/Master Toko/Add Toko Success/div_List Toko BliCicil Admin as            _dde361' is: 'List Toko BliCicil Admin as
New Toko'

2023-07-06 14:49:56 - [TEST_STEP][PASSED] - click(findTestObject("Object Repository/Master Toko/Add Toko Success/svg_List Toko BliCicil Admin as_feather fea_a26c67")): Object: 'Object Repository/Master Toko/Add Toko Success/svg_List Toko BliCicil Admin as_feather fea_a26c67' is clicked on

2023-07-06 14:49:56 - [MESSAGE][PASSED] - Object: 'Object Repository/Master Toko/Add Toko Success/svg_List Toko BliCicil Admin as_feather fea_a26c67' is clicked on

2023-07-06 14:49:56 - [TEST_STEP][PASSED] - selectOptionByValue(findTestObject("Object Repository/Master Toko/Add Toko Success/select_TransmartPanasonicPolytronAsusSamsun_36b03e"), "3", true): All options with value '3' are selected in object 'Object Repository/Master Toko/Add Toko Success/select_TransmartPanasonicPolytronAsusSamsun_36b03e'  using regular expression

2023-07-06 14:49:58 - [MESSAGE][PASSED] - All options with value '3' are selected in object 'Object Repository/Master Toko/Add Toko Success/select_TransmartPanasonicPolytronAsusSamsun_36b03e'  using regular expression

2023-07-06 14:49:58 - [TEST_STEP][PASSED] - selectOptionByValue(findTestObject("Object Repository/Master Toko/Add Toko Success/select_Aceh SelatanBalanganBalikpapanBantae_4910c5"), "430", true): All options with value '430' are selected in object 'Object Repository/Master Toko/Add Toko Success/select_Aceh SelatanBalanganBalikpapanBantae_4910c5'  using regular expression

2023-07-06 14:50:10 - [MESSAGE][PASSED] - All options with value '430' are selected in object 'Object Repository/Master Toko/Add Toko Success/select_Aceh SelatanBalanganBalikpapanBantae_4910c5'  using regular expression

2023-07-06 14:50:10 - [TEST_STEP][PASSED] - setText(findTestObject("Object Repository/Master Toko/Add Toko Success/input_Nama Toko_txtNamaToko"), "Testing Toko Baru"): Text 'Testing Toko Baru' is set on object 'Object Repository/Master Toko/Add Toko Success/input_Nama Toko_txtNamaToko'

2023-07-06 14:50:11 - [MESSAGE][PASSED] - Text 'Testing Toko Baru' is set on object 'Object Repository/Master Toko/Add Toko Success/input_Nama Toko_txtNamaToko'

2023-07-06 14:50:11 - [TEST_STEP][PASSED] - setText(findTestObject("Object Repository/Master Toko/Add Toko Success/input_Outlet Name_txtNamaOutlet"), "Toko Baru ya"): Text 'Toko Baru ya' is set on object 'Object Repository/Master Toko/Add Toko Success/input_Outlet Name_txtNamaOutlet'

2023-07-06 14:50:12 - [MESSAGE][PASSED] - Text 'Toko Baru ya' is set on object 'Object Repository/Master Toko/Add Toko Success/input_Outlet Name_txtNamaOutlet'

2023-07-06 14:50:12 - [TEST_STEP][PASSED] - setText(findTestObject("Object Repository/Master Toko/Add Toko Success/textarea_Address_txtAlamat"), "Jalan Wiajya"): Text 'Jalan Wiajya' is set on object 'Object Repository/Master Toko/Add Toko Success/textarea_Address_txtAlamat'

2023-07-06 14:50:12 - [MESSAGE][PASSED] - Text 'Jalan Wiajya' is set on object 'Object Repository/Master Toko/Add Toko Success/textarea_Address_txtAlamat'

2023-07-06 14:50:12 - [TEST_STEP][PASSED] - setText(findTestObject("Object Repository/Master Toko/Add Toko Success/input_Dealer Code_txtDealerCode"), "D00345"): Text 'D00345' is set on object 'Object Repository/Master Toko/Add Toko Success/input_Dealer Code_txtDealerCode'

2023-07-06 14:50:13 - [MESSAGE][PASSED] - Text 'D00345' is set on object 'Object Repository/Master Toko/Add Toko Success/input_Dealer Code_txtDealerCode'

2023-07-06 14:50:13 - [TEST_STEP][PASSED] - setText(findTestObject("Object Repository/Master Toko/Add Toko Success/input_Telephone_txtTelepon"), "0293847475940"): Text '0293847475940' is set on object 'Object Repository/Master Toko/Add Toko Success/input_Telephone_txtTelepon'

2023-07-06 14:50:14 - [MESSAGE][PASSED] - Text '0293847475940' is set on object 'Object Repository/Master Toko/Add Toko Success/input_Telephone_txtTelepon'

2023-07-06 14:50:14 - [TEST_STEP][PASSED] - setText(findTestObject("Object Repository/Master Toko/Add Toko Success/input_Latitude_txtlatitude"), "-60.28888"): Text '-60.28888' is set on object 'Object Repository/Master Toko/Add Toko Success/input_Latitude_txtlatitude'

2023-07-06 14:50:15 - [MESSAGE][PASSED] - Text '-60.28888' is set on object 'Object Repository/Master Toko/Add Toko Success/input_Latitude_txtlatitude'

2023-07-06 14:50:15 - [TEST_STEP][PASSED] - setText(findTestObject("Object Repository/Master Toko/Add Toko Success/input_Longitude_txtlongitude"), "102.4848493"): Text '102.4848493' is set on object 'Object Repository/Master Toko/Add Toko Success/input_Longitude_txtlongitude'

2023-07-06 14:50:15 - [MESSAGE][PASSED] - Text '102.4848493' is set on object 'Object Repository/Master Toko/Add Toko Success/input_Longitude_txtlongitude'

2023-07-06 14:50:15 - [TEST_STEP][PASSED] - click(findTestObject("Object Repository/Master Toko/Add Toko Success/button_Submit")): Object: 'Object Repository/Master Toko/Add Toko Success/button_Submit' is clicked on

2023-07-06 14:50:16 - [MESSAGE][PASSED] - Object: 'Object Repository/Master Toko/Add Toko Success/button_Submit' is clicked on

2023-07-06 14:50:16 - [TEST_STEP][PASSED] - getText(findTestObject("Object Repository/Master Toko/Add Toko Success/div_SuccessOKNoCancel")): Text of object 'Object Repository/Master Toko/Add Toko Success/div_SuccessOKNoCancel' is: 'Messages
Timeline
Exceptions
Views5
Route
Queries30
Models70
Mails
Gate
Session
Request
7.4.30
49.94ms
5MB
GET master/toko/add'

2023-07-06 14:50:17 - [MESSAGE][PASSED] - Text of object 'Object Repository/Master Toko/Add Toko Success/div_SuccessOKNoCancel' is: 'Messages
Timeline
Exceptions
Views5
Route
Queries30
Models70
Mails
Gate
Session
Request
7.4.30
49.94ms
5MB
GET master/toko/add'

2023-07-06 14:50:17 - [TEST_STEP][PASSED] - getText(findTestObject("Object Repository/Master Toko/Add Toko Success/div_List Toko BliCicil Admin as            _dde361")): Text of object 'Object Repository/Master Toko/Add Toko Success/div_List Toko BliCicil Admin as            _dde361' is: 'Add Toko BliCicil Admin as'

2023-07-06 14:50:17 - [MESSAGE][PASSED] - Text of object 'Object Repository/Master Toko/Add Toko Success/div_List Toko BliCicil Admin as            _dde361' is: 'Add Toko BliCicil Admin as'

2023-07-06 14:50:17 - [TEST_STEP][PASSED] - click(findTestObject("Object Repository/Master Toko/Add Toko Success/a_172")): Object: 'Object Repository/Master Toko/Add Toko Success/a_172' is clicked on

2023-07-06 14:50:23 - [MESSAGE][PASSED] - Object: 'Object Repository/Master Toko/Add Toko Success/a_172' is clicked on

2023-07-06 14:50:23 - [TEST_STEP][PASSED] - closeBrowser(): Browser is closed

2023-07-06 14:50:24 - [MESSAGE][PASSED] - Browser is closed]]></system-out>
         <system-err><![CDATA[]]></system-err>
      </testcase>
      <testcase name="Test Cases/Master Toko/Failed/Add Toko" time="73.671" classname="Test Cases/Master Toko/Failed/Add Toko" status="PASSED">
         <system-out><![CDATA[2023-07-06 14:50:24 - [TEST_CASE][PASSED] - Test Cases/Master Toko/Failed/Add Toko: Test Cases/Master Toko/Failed/Add Toko

2023-07-06 14:50:24 - [TEST_STEP][PASSED] - openBrowser(""): Browser is opened with url: ''

2023-07-06 14:50:24 - [MESSAGE][INFO] - Starting 'Chrome' driver

2023-07-06 14:50:24 - [MESSAGE][INFO] - User set preference: ['args', '[--start-maximized]']

2023-07-06 14:50:24 - [MESSAGE][INFO] - Action delay is set to 0 milliseconds

2023-07-06 14:50:26 - [MESSAGE][PASSED] - Browser is opened with url: ''

2023-07-06 14:50:26 - [TEST_STEP][PASSED] - maximizeWindow(): Current window maximized

2023-07-06 14:50:26 - [MESSAGE][PASSED] - Current window maximized

2023-07-06 14:50:26 - [TEST_STEP][PASSED] - navigateToUrl("https://uat-dashboard.blicicil.com/auth/login"): Navigate to 'https://uat-dashboard.blicicil.com/auth/login' successfully

2023-07-06 14:50:26 - [MESSAGE][PASSED] - Navigate to 'https://uat-dashboard.blicicil.com/auth/login' successfully

2023-07-06 14:50:26 - [TEST_STEP][PASSED] - setText(findTestObject("Object Repository/Master Toko/Add Toko Failed/input_Email_email"), "eva.mayadila@megafinance.co.id"): Text 'eva.mayadila@megafinance.co.id' is set on object 'Object Repository/Master Toko/Add Toko Failed/input_Email_email'

2023-07-06 14:50:27 - [MESSAGE][PASSED] - Text 'eva.mayadila@megafinance.co.id' is set on object 'Object Repository/Master Toko/Add Toko Failed/input_Email_email'

2023-07-06 14:50:27 - [TEST_STEP][PASSED] - setEncryptedText(findTestObject("Object Repository/Master Toko/Add Toko Failed/input_Password_password"), "aeHFOx8jV/A="): Text ****** has been set on object 'Object Repository/Master Toko/Add Toko Failed/input_Password_password'

2023-07-06 14:50:27 - [MESSAGE][PASSED] - Text ****** has been set on object 'Object Repository/Master Toko/Add Toko Failed/input_Password_password'

2023-07-06 14:50:27 - [TEST_STEP][PASSED] - click(findTestObject("Object Repository/Master Toko/Add Toko Failed/button_Login")): Object: 'Object Repository/Master Toko/Add Toko Failed/button_Login' is clicked on

2023-07-06 14:50:28 - [MESSAGE][PASSED] - Object: 'Object Repository/Master Toko/Add Toko Failed/button_Login' is clicked on

2023-07-06 14:50:28 - [TEST_STEP][PASSED] - click(findTestObject("Object Repository/Master Toko/Add Toko Failed/a_Master")): Object: 'Object Repository/Master Toko/Add Toko Failed/a_Master' is clicked on

2023-07-06 14:50:30 - [MESSAGE][PASSED] - Object: 'Object Repository/Master Toko/Add Toko Failed/a_Master' is clicked on

2023-07-06 14:50:30 - [TEST_STEP][PASSED] - click(findTestObject("Object Repository/Master Toko/Add Toko Failed/a_Toko")): Object: 'Object Repository/Master Toko/Add Toko Failed/a_Toko' is clicked on

2023-07-06 14:50:31 - [MESSAGE][PASSED] - Object: 'Object Repository/Master Toko/Add Toko Failed/a_Toko' is clicked on

2023-07-06 14:50:31 - [TEST_STEP][PASSED] - click(findTestObject("Object Repository/Master Toko/Add Toko Failed/a_New Toko")): Object: 'Object Repository/Master Toko/Add Toko Failed/a_New Toko' is clicked on

2023-07-06 14:50:32 - [MESSAGE][PASSED] - Object: 'Object Repository/Master Toko/Add Toko Failed/a_New Toko' is clicked on

2023-07-06 14:50:32 - [TEST_STEP][PASSED] - click(findTestObject("Object Repository/Master Toko/Add Toko Failed/div_Add Toko BliCicil Admin as")): Object: 'Object Repository/Master Toko/Add Toko Failed/div_Add Toko BliCicil Admin as' is clicked on

2023-07-06 14:50:33 - [MESSAGE][PASSED] - Object: 'Object Repository/Master Toko/Add Toko Failed/div_Add Toko BliCicil Admin as' is clicked on

2023-07-06 14:50:33 - [TEST_STEP][PASSED] - click(findTestObject("Object Repository/Master Toko/Add Toko Failed/label_Merchant")): Object: 'Object Repository/Master Toko/Add Toko Failed/label_Merchant' is clicked on

2023-07-06 14:50:34 - [MESSAGE][PASSED] - Object: 'Object Repository/Master Toko/Add Toko Failed/label_Merchant' is clicked on

2023-07-06 14:50:34 - [TEST_STEP][PASSED] - click(findTestObject("Object Repository/Master Toko/Add Toko Failed/label_City")): Object: 'Object Repository/Master Toko/Add Toko Failed/label_City' is clicked on

2023-07-06 14:50:34 - [MESSAGE][PASSED] - Object: 'Object Repository/Master Toko/Add Toko Failed/label_City' is clicked on

2023-07-06 14:50:34 - [TEST_STEP][PASSED] - click(findTestObject("Object Repository/Master Toko/Add Toko Failed/input_Nama Toko_txtNamaToko")): Object: 'Object Repository/Master Toko/Add Toko Failed/input_Nama Toko_txtNamaToko' is clicked on

2023-07-06 14:50:35 - [MESSAGE][PASSED] - Object: 'Object Repository/Master Toko/Add Toko Failed/input_Nama Toko_txtNamaToko' is clicked on

2023-07-06 14:50:35 - [TEST_STEP][PASSED] - click(findTestObject("Object Repository/Master Toko/Add Toko Failed/input_Outlet Name_txtNamaOutlet")): Object: 'Object Repository/Master Toko/Add Toko Failed/input_Outlet Name_txtNamaOutlet' is clicked on

2023-07-06 14:50:35 - [MESSAGE][PASSED] - Object: 'Object Repository/Master Toko/Add Toko Failed/input_Outlet Name_txtNamaOutlet' is clicked on

2023-07-06 14:50:35 - [TEST_STEP][PASSED] - click(findTestObject("Master Toko/Add Toko Failed/textarea_Address_txtAlamat")): Object: 'Object Repository/Master Toko/Add Toko Failed/textarea_Address_txtAlamat' is clicked on

2023-07-06 14:50:35 - [MESSAGE][PASSED] - Object: 'Object Repository/Master Toko/Add Toko Failed/textarea_Address_txtAlamat' is clicked on

2023-07-06 14:50:35 - [TEST_STEP][PASSED] - click(findTestObject("Object Repository/Master Toko/Add Toko Failed/input_Dealer Code_txtDealerCode")): Object: 'Object Repository/Master Toko/Add Toko Failed/input_Dealer Code_txtDealerCode' is clicked on

2023-07-06 14:50:36 - [MESSAGE][PASSED] - Object: 'Object Repository/Master Toko/Add Toko Failed/input_Dealer Code_txtDealerCode' is clicked on

2023-07-06 14:50:36 - [TEST_STEP][PASSED] - click(findTestObject("Object Repository/Master Toko/Add Toko Failed/input_Telephone_txtTelepon")): Object: 'Object Repository/Master Toko/Add Toko Failed/input_Telephone_txtTelepon' is clicked on

2023-07-06 14:50:36 - [MESSAGE][PASSED] - Object: 'Object Repository/Master Toko/Add Toko Failed/input_Telephone_txtTelepon' is clicked on

2023-07-06 14:50:36 - [TEST_STEP][PASSED] - click(findTestObject("Object Repository/Master Toko/Add Toko Failed/input_Latitude_txtlatitude")): Object: 'Object Repository/Master Toko/Add Toko Failed/input_Latitude_txtlatitude' is clicked on

2023-07-06 14:50:37 - [MESSAGE][PASSED] - Object: 'Object Repository/Master Toko/Add Toko Failed/input_Latitude_txtlatitude' is clicked on

2023-07-06 14:50:37 - [TEST_STEP][PASSED] - click(findTestObject("Object Repository/Master Toko/Add Toko Failed/input_Longitude_txtlongitude")): Object: 'Object Repository/Master Toko/Add Toko Failed/input_Longitude_txtlongitude' is clicked on

2023-07-06 14:50:37 - [MESSAGE][PASSED] - Object: 'Object Repository/Master Toko/Add Toko Failed/input_Longitude_txtlongitude' is clicked on

2023-07-06 14:50:37 - [TEST_STEP][PASSED] - click(findTestObject("Object Repository/Master Toko/Add Toko Failed/button_Submit")): Object: 'Object Repository/Master Toko/Add Toko Failed/button_Submit' is clicked on

2023-07-06 14:50:38 - [MESSAGE][PASSED] - Object: 'Object Repository/Master Toko/Add Toko Failed/button_Submit' is clicked on

2023-07-06 14:50:38 - [TEST_STEP][PASSED] - click(findTestObject("Object Repository/Master Toko/Add Toko Failed/div_ErrorThe Store name field is required.O_09bc32")): Object: 'Object Repository/Master Toko/Add Toko Failed/div_ErrorThe Store name field is required.O_09bc32' is clicked on

2023-07-06 14:50:39 - [MESSAGE][PASSED] - Object: 'Object Repository/Master Toko/Add Toko Failed/div_ErrorThe Store name field is required.O_09bc32' is clicked on

2023-07-06 14:50:39 - [TEST_STEP][PASSED] - click(findTestObject("Object Repository/Master Toko/Add Toko Failed/label_Merchant")): Object: 'Object Repository/Master Toko/Add Toko Failed/label_Merchant' is clicked on

2023-07-06 14:50:41 - [MESSAGE][PASSED] - Object: 'Object Repository/Master Toko/Add Toko Failed/label_Merchant' is clicked on

2023-07-06 14:50:41 - [TEST_STEP][PASSED] - click(findTestObject("Object Repository/Master Toko/Add Toko Failed/label_City")): Object: 'Object Repository/Master Toko/Add Toko Failed/label_City' is clicked on

2023-07-06 14:50:42 - [MESSAGE][PASSED] - Object: 'Object Repository/Master Toko/Add Toko Failed/label_City' is clicked on

2023-07-06 14:50:42 - [TEST_STEP][PASSED] - setText(findTestObject("Object Repository/Master Toko/Add Toko Failed/input_Nama Toko_txtNamaToko"), "abc"): Text 'abc' is set on object 'Object Repository/Master Toko/Add Toko Failed/input_Nama Toko_txtNamaToko'

2023-07-06 14:50:42 - [MESSAGE][PASSED] - Text 'abc' is set on object 'Object Repository/Master Toko/Add Toko Failed/input_Nama Toko_txtNamaToko'

2023-07-06 14:50:42 - [TEST_STEP][PASSED] - click(findTestObject("Master Toko/Add Toko Failed/textarea_Address_txtAlamat")): Object: 'Object Repository/Master Toko/Add Toko Failed/textarea_Address_txtAlamat' is clicked on

2023-07-06 14:50:43 - [MESSAGE][PASSED] - Object: 'Object Repository/Master Toko/Add Toko Failed/textarea_Address_txtAlamat' is clicked on

2023-07-06 14:50:43 - [TEST_STEP][PASSED] - click(findTestObject("Object Repository/Master Toko/Add Toko Failed/input_Outlet Name_txtNamaOutlet")): Object: 'Object Repository/Master Toko/Add Toko Failed/input_Outlet Name_txtNamaOutlet' is clicked on

2023-07-06 14:50:43 - [MESSAGE][PASSED] - Object: 'Object Repository/Master Toko/Add Toko Failed/input_Outlet Name_txtNamaOutlet' is clicked on

2023-07-06 14:50:43 - [TEST_STEP][PASSED] - click(findTestObject("Object Repository/Master Toko/Add Toko Failed/input_Dealer Code_txtDealerCode")): Object: 'Object Repository/Master Toko/Add Toko Failed/input_Dealer Code_txtDealerCode' is clicked on

2023-07-06 14:50:43 - [MESSAGE][PASSED] - Object: 'Object Repository/Master Toko/Add Toko Failed/input_Dealer Code_txtDealerCode' is clicked on

2023-07-06 14:50:43 - [TEST_STEP][PASSED] - click(findTestObject("Object Repository/Master Toko/Add Toko Failed/input_Telephone_txtTelepon")): Object: 'Object Repository/Master Toko/Add Toko Failed/input_Telephone_txtTelepon' is clicked on

2023-07-06 14:50:44 - [MESSAGE][PASSED] - Object: 'Object Repository/Master Toko/Add Toko Failed/input_Telephone_txtTelepon' is clicked on

2023-07-06 14:50:44 - [TEST_STEP][PASSED] - click(findTestObject("Object Repository/Master Toko/Add Toko Failed/input_Latitude_txtlatitude")): Object: 'Object Repository/Master Toko/Add Toko Failed/input_Latitude_txtlatitude' is clicked on

2023-07-06 14:50:44 - [MESSAGE][PASSED] - Object: 'Object Repository/Master Toko/Add Toko Failed/input_Latitude_txtlatitude' is clicked on

2023-07-06 14:50:44 - [TEST_STEP][PASSED] - click(findTestObject("Object Repository/Master Toko/Add Toko Failed/input_Longitude_txtlongitude")): Object: 'Object Repository/Master Toko/Add Toko Failed/input_Longitude_txtlongitude' is clicked on

2023-07-06 14:50:45 - [MESSAGE][PASSED] - Object: 'Object Repository/Master Toko/Add Toko Failed/input_Longitude_txtlongitude' is clicked on

2023-07-06 14:50:45 - [TEST_STEP][PASSED] - click(findTestObject("Object Repository/Master Toko/Add Toko Failed/button_Submit")): Object: 'Object Repository/Master Toko/Add Toko Failed/button_Submit' is clicked on

2023-07-06 14:50:45 - [MESSAGE][PASSED] - Object: 'Object Repository/Master Toko/Add Toko Failed/button_Submit' is clicked on

2023-07-06 14:50:45 - [TEST_STEP][PASSED] - click(findTestObject("Object Repository/Master Toko/Add Toko Failed/div_ErrorThe Address field is required.OKNoCancel")): Object: 'Object Repository/Master Toko/Add Toko Failed/div_ErrorThe Address field is required.OKNoCancel' is clicked on

2023-07-06 14:50:46 - [MESSAGE][PASSED] - Object: 'Object Repository/Master Toko/Add Toko Failed/div_ErrorThe Address field is required.OKNoCancel' is clicked on

2023-07-06 14:50:46 - [TEST_STEP][PASSED] - click(findTestObject("Object Repository/Master Toko/Add Toko Failed/label_Merchant")): Object: 'Object Repository/Master Toko/Add Toko Failed/label_Merchant' is clicked on

2023-07-06 14:50:49 - [MESSAGE][PASSED] - Object: 'Object Repository/Master Toko/Add Toko Failed/label_Merchant' is clicked on

2023-07-06 14:50:49 - [TEST_STEP][PASSED] - click(findTestObject("Object Repository/Master Toko/Add Toko Failed/label_City")): Object: 'Object Repository/Master Toko/Add Toko Failed/label_City' is clicked on

2023-07-06 14:50:49 - [MESSAGE][PASSED] - Object: 'Object Repository/Master Toko/Add Toko Failed/label_City' is clicked on

2023-07-06 14:50:49 - [TEST_STEP][PASSED] - setText(findTestObject("Object Repository/Master Toko/Add Toko Failed/input_Nama Toko_txtNamaToko"), "abc"): Text 'abc' is set on object 'Object Repository/Master Toko/Add Toko Failed/input_Nama Toko_txtNamaToko'

2023-07-06 14:50:50 - [MESSAGE][PASSED] - Text 'abc' is set on object 'Object Repository/Master Toko/Add Toko Failed/input_Nama Toko_txtNamaToko'

2023-07-06 14:50:50 - [TEST_STEP][PASSED] - click(findTestObject("Object Repository/Master Toko/Add Toko Failed/input_Outlet Name_txtNamaOutlet")): Object: 'Object Repository/Master Toko/Add Toko Failed/input_Outlet Name_txtNamaOutlet' is clicked on

2023-07-06 14:50:50 - [MESSAGE][PASSED] - Object: 'Object Repository/Master Toko/Add Toko Failed/input_Outlet Name_txtNamaOutlet' is clicked on

2023-07-06 14:50:50 - [TEST_STEP][PASSED] - setText(findTestObject("Object Repository/Master Toko/Add Toko Failed/textarea_Address_txtAlamat"), "Jalan wijaya"): Text 'Jalan wijaya' is set on object 'Object Repository/Master Toko/Add Toko Failed/textarea_Address_txtAlamat'

2023-07-06 14:50:51 - [MESSAGE][PASSED] - Text 'Jalan wijaya' is set on object 'Object Repository/Master Toko/Add Toko Failed/textarea_Address_txtAlamat'

2023-07-06 14:50:51 - [TEST_STEP][PASSED] - click(findTestObject("Object Repository/Master Toko/Add Toko Failed/input_Dealer Code_txtDealerCode")): Object: 'Object Repository/Master Toko/Add Toko Failed/input_Dealer Code_txtDealerCode' is clicked on

2023-07-06 14:50:51 - [MESSAGE][PASSED] - Object: 'Object Repository/Master Toko/Add Toko Failed/input_Dealer Code_txtDealerCode' is clicked on

2023-07-06 14:50:51 - [TEST_STEP][PASSED] - click(findTestObject("Object Repository/Master Toko/Add Toko Failed/input_Telephone_txtTelepon")): Object: 'Object Repository/Master Toko/Add Toko Failed/input_Telephone_txtTelepon' is clicked on

2023-07-06 14:50:51 - [MESSAGE][PASSED] - Object: 'Object Repository/Master Toko/Add Toko Failed/input_Telephone_txtTelepon' is clicked on

2023-07-06 14:50:51 - [TEST_STEP][PASSED] - click(findTestObject("Object Repository/Master Toko/Add Toko Failed/input_Latitude_txtlatitude")): Object: 'Object Repository/Master Toko/Add Toko Failed/input_Latitude_txtlatitude' is clicked on

2023-07-06 14:50:52 - [MESSAGE][PASSED] - Object: 'Object Repository/Master Toko/Add Toko Failed/input_Latitude_txtlatitude' is clicked on

2023-07-06 14:50:52 - [TEST_STEP][PASSED] - click(findTestObject("Object Repository/Master Toko/Add Toko Failed/input_Longitude_txtlongitude")): Object: 'Object Repository/Master Toko/Add Toko Failed/input_Longitude_txtlongitude' is clicked on

2023-07-06 14:50:52 - [MESSAGE][PASSED] - Object: 'Object Repository/Master Toko/Add Toko Failed/input_Longitude_txtlongitude' is clicked on

2023-07-06 14:50:52 - [TEST_STEP][PASSED] - click(findTestObject("Object Repository/Master Toko/Add Toko Failed/button_Submit")): Object: 'Object Repository/Master Toko/Add Toko Failed/button_Submit' is clicked on

2023-07-06 14:50:53 - [MESSAGE][PASSED] - Object: 'Object Repository/Master Toko/Add Toko Failed/button_Submit' is clicked on

2023-07-06 14:50:53 - [TEST_STEP][PASSED] - click(findTestObject("Object Repository/Master Toko/Add Toko Failed/div_ErrorThe Outlet name field is required._e4b0d3")): Object: 'Object Repository/Master Toko/Add Toko Failed/div_ErrorThe Outlet name field is required._e4b0d3' is clicked on

2023-07-06 14:50:54 - [MESSAGE][PASSED] - Object: 'Object Repository/Master Toko/Add Toko Failed/div_ErrorThe Outlet name field is required._e4b0d3' is clicked on

2023-07-06 14:50:54 - [TEST_STEP][PASSED] - click(findTestObject("Object Repository/Master Toko/Add Toko Failed/label_Merchant")): Object: 'Object Repository/Master Toko/Add Toko Failed/label_Merchant' is clicked on

2023-07-06 14:50:56 - [MESSAGE][PASSED] - Object: 'Object Repository/Master Toko/Add Toko Failed/label_Merchant' is clicked on

2023-07-06 14:50:56 - [TEST_STEP][PASSED] - click(findTestObject("Object Repository/Master Toko/Add Toko Failed/label_City")): Object: 'Object Repository/Master Toko/Add Toko Failed/label_City' is clicked on

2023-07-06 14:50:57 - [MESSAGE][PASSED] - Object: 'Object Repository/Master Toko/Add Toko Failed/label_City' is clicked on

2023-07-06 14:50:57 - [TEST_STEP][PASSED] - setText(findTestObject("Object Repository/Master Toko/Add Toko Failed/input_Nama Toko_txtNamaToko"), "abcv"): Text 'abcv' is set on object 'Object Repository/Master Toko/Add Toko Failed/input_Nama Toko_txtNamaToko'

2023-07-06 14:50:57 - [MESSAGE][PASSED] - Text 'abcv' is set on object 'Object Repository/Master Toko/Add Toko Failed/input_Nama Toko_txtNamaToko'

2023-07-06 14:50:57 - [TEST_STEP][PASSED] - setText(findTestObject("Object Repository/Master Toko/Add Toko Failed/input_Outlet Name_txtNamaOutlet"), "ABC"): Text 'ABC' is set on object 'Object Repository/Master Toko/Add Toko Failed/input_Outlet Name_txtNamaOutlet'

2023-07-06 14:50:58 - [MESSAGE][PASSED] - Text 'ABC' is set on object 'Object Repository/Master Toko/Add Toko Failed/input_Outlet Name_txtNamaOutlet'

2023-07-06 14:50:58 - [TEST_STEP][PASSED] - setText(findTestObject("Object Repository/Master Toko/Add Toko Failed/textarea_Address_txtAlamat"), "Jalan wijaya kusuma"): Text 'Jalan wijaya kusuma' is set on object 'Object Repository/Master Toko/Add Toko Failed/textarea_Address_txtAlamat'

2023-07-06 14:50:59 - [MESSAGE][PASSED] - Text 'Jalan wijaya kusuma' is set on object 'Object Repository/Master Toko/Add Toko Failed/textarea_Address_txtAlamat'

2023-07-06 14:50:59 - [TEST_STEP][PASSED] - setText(findTestObject("Object Repository/Master Toko/Add Toko Failed/input_Dealer Code_txtDealerCode"), ""): Text '' is set on object 'Object Repository/Master Toko/Add Toko Failed/input_Dealer Code_txtDealerCode'

2023-07-06 14:50:59 - [MESSAGE][PASSED] - Text '' is set on object 'Object Repository/Master Toko/Add Toko Failed/input_Dealer Code_txtDealerCode'

2023-07-06 14:50:59 - [TEST_STEP][PASSED] - click(findTestObject("Object Repository/Master Toko/Add Toko Failed/input_Dealer Code_txtDealerCode")): Object: 'Object Repository/Master Toko/Add Toko Failed/input_Dealer Code_txtDealerCode' is clicked on

2023-07-06 14:51:00 - [MESSAGE][PASSED] - Object: 'Object Repository/Master Toko/Add Toko Failed/input_Dealer Code_txtDealerCode' is clicked on

2023-07-06 14:51:00 - [TEST_STEP][PASSED] - click(findTestObject("Object Repository/Master Toko/Add Toko Failed/input_Telephone_txtTelepon")): Object: 'Object Repository/Master Toko/Add Toko Failed/input_Telephone_txtTelepon' is clicked on

2023-07-06 14:51:00 - [MESSAGE][PASSED] - Object: 'Object Repository/Master Toko/Add Toko Failed/input_Telephone_txtTelepon' is clicked on

2023-07-06 14:51:00 - [TEST_STEP][PASSED] - click(findTestObject("Object Repository/Master Toko/Add Toko Failed/input_Latitude_txtlatitude")): Object: 'Object Repository/Master Toko/Add Toko Failed/input_Latitude_txtlatitude' is clicked on

2023-07-06 14:51:00 - [MESSAGE][PASSED] - Object: 'Object Repository/Master Toko/Add Toko Failed/input_Latitude_txtlatitude' is clicked on

2023-07-06 14:51:00 - [TEST_STEP][PASSED] - click(findTestObject("Object Repository/Master Toko/Add Toko Failed/input_Longitude_txtlongitude")): Object: 'Object Repository/Master Toko/Add Toko Failed/input_Longitude_txtlongitude' is clicked on

2023-07-06 14:51:01 - [MESSAGE][PASSED] - Object: 'Object Repository/Master Toko/Add Toko Failed/input_Longitude_txtlongitude' is clicked on

2023-07-06 14:51:01 - [TEST_STEP][PASSED] - click(findTestObject("Object Repository/Master Toko/Add Toko Failed/button_Submit")): Object: 'Object Repository/Master Toko/Add Toko Failed/button_Submit' is clicked on

2023-07-06 14:51:01 - [MESSAGE][PASSED] - Object: 'Object Repository/Master Toko/Add Toko Failed/button_Submit' is clicked on

2023-07-06 14:51:01 - [TEST_STEP][PASSED] - click(findTestObject("Object Repository/Master Toko/Add Toko Failed/div_ErrorThe Dealer code field is required._49c3fb")): Object: 'Object Repository/Master Toko/Add Toko Failed/div_ErrorThe Dealer code field is required._49c3fb' is clicked on

2023-07-06 14:51:02 - [MESSAGE][PASSED] - Object: 'Object Repository/Master Toko/Add Toko Failed/div_ErrorThe Dealer code field is required._49c3fb' is clicked on

2023-07-06 14:51:02 - [TEST_STEP][PASSED] - click(findTestObject("Object Repository/Master Toko/Add Toko Failed/label_Merchant")): Object: 'Object Repository/Master Toko/Add Toko Failed/label_Merchant' is clicked on

2023-07-06 14:51:05 - [MESSAGE][PASSED] - Object: 'Object Repository/Master Toko/Add Toko Failed/label_Merchant' is clicked on

2023-07-06 14:51:05 - [TEST_STEP][PASSED] - click(findTestObject("Object Repository/Master Toko/Add Toko Failed/label_City")): Object: 'Object Repository/Master Toko/Add Toko Failed/label_City' is clicked on

2023-07-06 14:51:05 - [MESSAGE][PASSED] - Object: 'Object Repository/Master Toko/Add Toko Failed/label_City' is clicked on

2023-07-06 14:51:05 - [TEST_STEP][PASSED] - setText(findTestObject("Object Repository/Master Toko/Add Toko Failed/input_Nama Toko_txtNamaToko"), "abc"): Text 'abc' is set on object 'Object Repository/Master Toko/Add Toko Failed/input_Nama Toko_txtNamaToko'

2023-07-06 14:51:06 - [MESSAGE][PASSED] - Text 'abc' is set on object 'Object Repository/Master Toko/Add Toko Failed/input_Nama Toko_txtNamaToko'

2023-07-06 14:51:06 - [TEST_STEP][PASSED] - setText(findTestObject("Object Repository/Master Toko/Add Toko Failed/input_Outlet Name_txtNamaOutlet"), "ABC"): Text 'ABC' is set on object 'Object Repository/Master Toko/Add Toko Failed/input_Outlet Name_txtNamaOutlet'

2023-07-06 14:51:06 - [MESSAGE][PASSED] - Text 'ABC' is set on object 'Object Repository/Master Toko/Add Toko Failed/input_Outlet Name_txtNamaOutlet'

2023-07-06 14:51:06 - [TEST_STEP][PASSED] - setText(findTestObject("Object Repository/Master Toko/Add Toko Failed/textarea_Address_txtAlamat"), "Jalan wijaya kusuma"): Text 'Jalan wijaya kusuma' is set on object 'Object Repository/Master Toko/Add Toko Failed/textarea_Address_txtAlamat'

2023-07-06 14:51:07 - [MESSAGE][PASSED] - Text 'Jalan wijaya kusuma' is set on object 'Object Repository/Master Toko/Add Toko Failed/textarea_Address_txtAlamat'

2023-07-06 14:51:07 - [TEST_STEP][PASSED] - setText(findTestObject("Object Repository/Master Toko/Add Toko Failed/input_Dealer Code_txtDealerCode"), "ab"): Text 'ab' is set on object 'Object Repository/Master Toko/Add Toko Failed/input_Dealer Code_txtDealerCode'

2023-07-06 14:51:08 - [MESSAGE][PASSED] - Text 'ab' is set on object 'Object Repository/Master Toko/Add Toko Failed/input_Dealer Code_txtDealerCode'

2023-07-06 14:51:08 - [TEST_STEP][PASSED] - setText(findTestObject("Object Repository/Master Toko/Add Toko Failed/input_Telephone_txtTelepon"), ""): Text '' is set on object 'Object Repository/Master Toko/Add Toko Failed/input_Telephone_txtTelepon'

2023-07-06 14:51:08 - [MESSAGE][PASSED] - Text '' is set on object 'Object Repository/Master Toko/Add Toko Failed/input_Telephone_txtTelepon'

2023-07-06 14:51:08 - [TEST_STEP][PASSED] - click(findTestObject("Object Repository/Master Toko/Add Toko Failed/input_Latitude_txtlatitude")): Object: 'Object Repository/Master Toko/Add Toko Failed/input_Latitude_txtlatitude' is clicked on

2023-07-06 14:51:09 - [MESSAGE][PASSED] - Object: 'Object Repository/Master Toko/Add Toko Failed/input_Latitude_txtlatitude' is clicked on

2023-07-06 14:51:09 - [TEST_STEP][PASSED] - click(findTestObject("Object Repository/Master Toko/Add Toko Failed/input_Longitude_txtlongitude")): Object: 'Object Repository/Master Toko/Add Toko Failed/input_Longitude_txtlongitude' is clicked on

2023-07-06 14:51:09 - [MESSAGE][PASSED] - Object: 'Object Repository/Master Toko/Add Toko Failed/input_Longitude_txtlongitude' is clicked on

2023-07-06 14:51:09 - [TEST_STEP][PASSED] - click(findTestObject("Object Repository/Master Toko/Add Toko Failed/button_Submit")): Object: 'Object Repository/Master Toko/Add Toko Failed/button_Submit' is clicked on

2023-07-06 14:51:10 - [MESSAGE][PASSED] - Object: 'Object Repository/Master Toko/Add Toko Failed/button_Submit' is clicked on

2023-07-06 14:51:10 - [TEST_STEP][PASSED] - click(findTestObject("Object Repository/Master Toko/Add Toko Failed/div_ErrorThe Telepon field is required.OKNoCancel")): Object: 'Object Repository/Master Toko/Add Toko Failed/div_ErrorThe Telepon field is required.OKNoCancel' is clicked on

2023-07-06 14:51:11 - [MESSAGE][PASSED] - Object: 'Object Repository/Master Toko/Add Toko Failed/div_ErrorThe Telepon field is required.OKNoCancel' is clicked on

2023-07-06 14:51:11 - [TEST_STEP][PASSED] - click(findTestObject("Object Repository/Master Toko/Add Toko Failed/label_Merchant")): Object: 'Object Repository/Master Toko/Add Toko Failed/label_Merchant' is clicked on

2023-07-06 14:51:13 - [MESSAGE][PASSED] - Object: 'Object Repository/Master Toko/Add Toko Failed/label_Merchant' is clicked on

2023-07-06 14:51:13 - [TEST_STEP][PASSED] - click(findTestObject("Object Repository/Master Toko/Add Toko Failed/label_City")): Object: 'Object Repository/Master Toko/Add Toko Failed/label_City' is clicked on

2023-07-06 14:51:14 - [MESSAGE][PASSED] - Object: 'Object Repository/Master Toko/Add Toko Failed/label_City' is clicked on

2023-07-06 14:51:14 - [TEST_STEP][PASSED] - setText(findTestObject("Object Repository/Master Toko/Add Toko Failed/input_Nama Toko_txtNamaToko"), "abc"): Text 'abc' is set on object 'Object Repository/Master Toko/Add Toko Failed/input_Nama Toko_txtNamaToko'

2023-07-06 14:51:14 - [MESSAGE][PASSED] - Text 'abc' is set on object 'Object Repository/Master Toko/Add Toko Failed/input_Nama Toko_txtNamaToko'

2023-07-06 14:51:14 - [TEST_STEP][PASSED] - setText(findTestObject("Object Repository/Master Toko/Add Toko Failed/input_Outlet Name_txtNamaOutlet"), "ABC"): Text 'ABC' is set on object 'Object Repository/Master Toko/Add Toko Failed/input_Outlet Name_txtNamaOutlet'

2023-07-06 14:51:15 - [MESSAGE][PASSED] - Text 'ABC' is set on object 'Object Repository/Master Toko/Add Toko Failed/input_Outlet Name_txtNamaOutlet'

2023-07-06 14:51:15 - [TEST_STEP][PASSED] - setText(findTestObject("Object Repository/Master Toko/Add Toko Failed/textarea_Address_txtAlamat"), "Jalan wijaya kusuma"): Text 'Jalan wijaya kusuma' is set on object 'Object Repository/Master Toko/Add Toko Failed/textarea_Address_txtAlamat'

2023-07-06 14:51:16 - [MESSAGE][PASSED] - Text 'Jalan wijaya kusuma' is set on object 'Object Repository/Master Toko/Add Toko Failed/textarea_Address_txtAlamat'

2023-07-06 14:51:16 - [TEST_STEP][PASSED] - setText(findTestObject("Object Repository/Master Toko/Add Toko Failed/input_Dealer Code_txtDealerCode"), "abc"): Text 'abc' is set on object 'Object Repository/Master Toko/Add Toko Failed/input_Dealer Code_txtDealerCode'

2023-07-06 14:51:16 - [MESSAGE][PASSED] - Text 'abc' is set on object 'Object Repository/Master Toko/Add Toko Failed/input_Dealer Code_txtDealerCode'

2023-07-06 14:51:16 - [TEST_STEP][PASSED] - setText(findTestObject("Object Repository/Master Toko/Add Toko Failed/input_Telephone_txtTelepon"), "021023903"): Text '021023903' is set on object 'Object Repository/Master Toko/Add Toko Failed/input_Telephone_txtTelepon'

2023-07-06 14:51:17 - [MESSAGE][PASSED] - Text '021023903' is set on object 'Object Repository/Master Toko/Add Toko Failed/input_Telephone_txtTelepon'

2023-07-06 14:51:17 - [TEST_STEP][PASSED] - click(findTestObject("Object Repository/Master Toko/Add Toko Failed/input_Latitude_txtlatitude")): Object: 'Object Repository/Master Toko/Add Toko Failed/input_Latitude_txtlatitude' is clicked on

2023-07-06 14:51:17 - [MESSAGE][PASSED] - Object: 'Object Repository/Master Toko/Add Toko Failed/input_Latitude_txtlatitude' is clicked on

2023-07-06 14:51:17 - [TEST_STEP][PASSED] - click(findTestObject("Object Repository/Master Toko/Add Toko Failed/input_Longitude_txtlongitude")): Object: 'Object Repository/Master Toko/Add Toko Failed/input_Longitude_txtlongitude' is clicked on

2023-07-06 14:51:18 - [MESSAGE][PASSED] - Object: 'Object Repository/Master Toko/Add Toko Failed/input_Longitude_txtlongitude' is clicked on

2023-07-06 14:51:18 - [TEST_STEP][PASSED] - click(findTestObject("Object Repository/Master Toko/Add Toko Failed/button_Submit")): Object: 'Object Repository/Master Toko/Add Toko Failed/button_Submit' is clicked on

2023-07-06 14:51:18 - [MESSAGE][PASSED] - Object: 'Object Repository/Master Toko/Add Toko Failed/button_Submit' is clicked on

2023-07-06 14:51:18 - [TEST_STEP][PASSED] - click(findTestObject("Object Repository/Master Toko/Add Toko Failed/div_ErrorThe Latitude field is required.OKNoCancel")): Object: 'Object Repository/Master Toko/Add Toko Failed/div_ErrorThe Latitude field is required.OKNoCancel' is clicked on

2023-07-06 14:51:19 - [MESSAGE][PASSED] - Object: 'Object Repository/Master Toko/Add Toko Failed/div_ErrorThe Latitude field is required.OKNoCancel' is clicked on

2023-07-06 14:51:19 - [TEST_STEP][PASSED] - click(findTestObject("Object Repository/Master Toko/Add Toko Failed/label_Merchant")): Object: 'Object Repository/Master Toko/Add Toko Failed/label_Merchant' is clicked on

2023-07-06 14:51:22 - [MESSAGE][PASSED] - Object: 'Object Repository/Master Toko/Add Toko Failed/label_Merchant' is clicked on

2023-07-06 14:51:22 - [TEST_STEP][PASSED] - click(findTestObject("Object Repository/Master Toko/Add Toko Failed/label_City")): Object: 'Object Repository/Master Toko/Add Toko Failed/label_City' is clicked on

2023-07-06 14:51:22 - [MESSAGE][PASSED] - Object: 'Object Repository/Master Toko/Add Toko Failed/label_City' is clicked on

2023-07-06 14:51:22 - [TEST_STEP][PASSED] - setText(findTestObject("Object Repository/Master Toko/Add Toko Failed/input_Nama Toko_txtNamaToko"), "abc"): Text 'abc' is set on object 'Object Repository/Master Toko/Add Toko Failed/input_Nama Toko_txtNamaToko'

2023-07-06 14:51:23 - [MESSAGE][PASSED] - Text 'abc' is set on object 'Object Repository/Master Toko/Add Toko Failed/input_Nama Toko_txtNamaToko'

2023-07-06 14:51:23 - [TEST_STEP][PASSED] - setText(findTestObject("Object Repository/Master Toko/Add Toko Failed/input_Outlet Name_txtNamaOutlet"), "ABC"): Text 'ABC' is set on object 'Object Repository/Master Toko/Add Toko Failed/input_Outlet Name_txtNamaOutlet'

2023-07-06 14:51:23 - [MESSAGE][PASSED] - Text 'ABC' is set on object 'Object Repository/Master Toko/Add Toko Failed/input_Outlet Name_txtNamaOutlet'

2023-07-06 14:51:23 - [TEST_STEP][PASSED] - setText(findTestObject("Object Repository/Master Toko/Add Toko Failed/textarea_Address_txtAlamat"), "Jalan wijaya kusuma"): Text 'Jalan wijaya kusuma' is set on object 'Object Repository/Master Toko/Add Toko Failed/textarea_Address_txtAlamat'

2023-07-06 14:51:24 - [MESSAGE][PASSED] - Text 'Jalan wijaya kusuma' is set on object 'Object Repository/Master Toko/Add Toko Failed/textarea_Address_txtAlamat'

2023-07-06 14:51:24 - [TEST_STEP][PASSED] - setText(findTestObject("Object Repository/Master Toko/Add Toko Failed/input_Dealer Code_txtDealerCode"), "abc"): Text 'abc' is set on object 'Object Repository/Master Toko/Add Toko Failed/input_Dealer Code_txtDealerCode'

2023-07-06 14:51:25 - [MESSAGE][PASSED] - Text 'abc' is set on object 'Object Repository/Master Toko/Add Toko Failed/input_Dealer Code_txtDealerCode'

2023-07-06 14:51:25 - [TEST_STEP][PASSED] - setText(findTestObject("Object Repository/Master Toko/Add Toko Failed/input_Telephone_txtTelepon"), "0210239033"): Text '0210239033' is set on object 'Object Repository/Master Toko/Add Toko Failed/input_Telephone_txtTelepon'

2023-07-06 14:51:25 - [MESSAGE][PASSED] - Text '0210239033' is set on object 'Object Repository/Master Toko/Add Toko Failed/input_Telephone_txtTelepon'

2023-07-06 14:51:25 - [TEST_STEP][PASSED] - setText(findTestObject("Object Repository/Master Toko/Add Toko Failed/input_Latitude_txtlatitude"), "-19.4647"): Text '-19.4647' is set on object 'Object Repository/Master Toko/Add Toko Failed/input_Latitude_txtlatitude'

2023-07-06 14:51:26 - [MESSAGE][PASSED] - Text '-19.4647' is set on object 'Object Repository/Master Toko/Add Toko Failed/input_Latitude_txtlatitude'

2023-07-06 14:51:26 - [TEST_STEP][PASSED] - click(findTestObject("Object Repository/Master Toko/Add Toko Failed/input_Longitude_txtlongitude")): Object: 'Object Repository/Master Toko/Add Toko Failed/input_Longitude_txtlongitude' is clicked on

2023-07-06 14:51:26 - [MESSAGE][PASSED] - Object: 'Object Repository/Master Toko/Add Toko Failed/input_Longitude_txtlongitude' is clicked on

2023-07-06 14:51:26 - [TEST_STEP][PASSED] - click(findTestObject("Object Repository/Master Toko/Add Toko Failed/button_Submit")): Object: 'Object Repository/Master Toko/Add Toko Failed/button_Submit' is clicked on

2023-07-06 14:51:27 - [MESSAGE][PASSED] - Object: 'Object Repository/Master Toko/Add Toko Failed/button_Submit' is clicked on

2023-07-06 14:51:27 - [TEST_STEP][PASSED] - click(findTestObject("Object Repository/Master Toko/Add Toko Failed/div_ErrorThe Longitude field is required.OK_5f5eec")): Object: 'Object Repository/Master Toko/Add Toko Failed/div_ErrorThe Longitude field is required.OK_5f5eec' is clicked on

2023-07-06 14:51:28 - [MESSAGE][PASSED] - Object: 'Object Repository/Master Toko/Add Toko Failed/div_ErrorThe Longitude field is required.OK_5f5eec' is clicked on

2023-07-06 14:51:28 - [TEST_STEP][PASSED] - click(findTestObject("Object Repository/Master Toko/Add Toko Failed/label_Merchant")): Object: 'Object Repository/Master Toko/Add Toko Failed/label_Merchant' is clicked on

2023-07-06 14:51:30 - [MESSAGE][PASSED] - Object: 'Object Repository/Master Toko/Add Toko Failed/label_Merchant' is clicked on

2023-07-06 14:51:30 - [TEST_STEP][PASSED] - click(findTestObject("Object Repository/Master Toko/Add Toko Failed/label_City")): Object: 'Object Repository/Master Toko/Add Toko Failed/label_City' is clicked on

2023-07-06 14:51:31 - [MESSAGE][PASSED] - Object: 'Object Repository/Master Toko/Add Toko Failed/label_City' is clicked on

2023-07-06 14:51:31 - [TEST_STEP][PASSED] - setText(findTestObject("Object Repository/Master Toko/Add Toko Failed/input_Nama Toko_txtNamaToko"), "abc"): Text 'abc' is set on object 'Object Repository/Master Toko/Add Toko Failed/input_Nama Toko_txtNamaToko'

2023-07-06 14:51:31 - [MESSAGE][PASSED] - Text 'abc' is set on object 'Object Repository/Master Toko/Add Toko Failed/input_Nama Toko_txtNamaToko'

2023-07-06 14:51:31 - [TEST_STEP][PASSED] - setText(findTestObject("Object Repository/Master Toko/Add Toko Failed/input_Outlet Name_txtNamaOutlet"), "ABC"): Text 'ABC' is set on object 'Object Repository/Master Toko/Add Toko Failed/input_Outlet Name_txtNamaOutlet'

2023-07-06 14:51:32 - [MESSAGE][PASSED] - Text 'ABC' is set on object 'Object Repository/Master Toko/Add Toko Failed/input_Outlet Name_txtNamaOutlet'

2023-07-06 14:51:32 - [TEST_STEP][PASSED] - setText(findTestObject("Object Repository/Master Toko/Add Toko Failed/textarea_Address_txtAlamat"), "Jalan wijaya kusuma"): Text 'Jalan wijaya kusuma' is set on object 'Object Repository/Master Toko/Add Toko Failed/textarea_Address_txtAlamat'

2023-07-06 14:51:33 - [MESSAGE][PASSED] - Text 'Jalan wijaya kusuma' is set on object 'Object Repository/Master Toko/Add Toko Failed/textarea_Address_txtAlamat'

2023-07-06 14:51:33 - [TEST_STEP][PASSED] - setText(findTestObject("Object Repository/Master Toko/Add Toko Failed/input_Dealer Code_txtDealerCode"), ""): Text '' is set on object 'Object Repository/Master Toko/Add Toko Failed/input_Dealer Code_txtDealerCode'

2023-07-06 14:51:33 - [MESSAGE][PASSED] - Text '' is set on object 'Object Repository/Master Toko/Add Toko Failed/input_Dealer Code_txtDealerCode'

2023-07-06 14:51:33 - [TEST_STEP][PASSED] - setText(findTestObject("Object Repository/Master Toko/Add Toko Failed/input_Telephone_txtTelepon"), "021023903"): Text '021023903' is set on object 'Object Repository/Master Toko/Add Toko Failed/input_Telephone_txtTelepon'

2023-07-06 14:51:34 - [MESSAGE][PASSED] - Text '021023903' is set on object 'Object Repository/Master Toko/Add Toko Failed/input_Telephone_txtTelepon'

2023-07-06 14:51:34 - [TEST_STEP][PASSED] - setText(findTestObject("Object Repository/Master Toko/Add Toko Failed/input_Latitude_txtlatitude"), "-19.46473"): Text '-19.46473' is set on object 'Object Repository/Master Toko/Add Toko Failed/input_Latitude_txtlatitude'

2023-07-06 14:51:35 - [MESSAGE][PASSED] - Text '-19.46473' is set on object 'Object Repository/Master Toko/Add Toko Failed/input_Latitude_txtlatitude'

2023-07-06 14:51:35 - [TEST_STEP][PASSED] - setText(findTestObject("Object Repository/Master Toko/Add Toko Failed/input_Longitude_txtlongitude"), "106.489599"): Text '106.489599' is set on object 'Object Repository/Master Toko/Add Toko Failed/input_Longitude_txtlongitude'

2023-07-06 14:51:35 - [MESSAGE][PASSED] - Text '106.489599' is set on object 'Object Repository/Master Toko/Add Toko Failed/input_Longitude_txtlongitude'

2023-07-06 14:51:35 - [TEST_STEP][PASSED] - click(findTestObject("Object Repository/Master Toko/Add Toko Failed/button_Submit")): Object: 'Object Repository/Master Toko/Add Toko Failed/button_Submit' is clicked on

2023-07-06 14:51:36 - [MESSAGE][PASSED] - Object: 'Object Repository/Master Toko/Add Toko Failed/button_Submit' is clicked on

2023-07-06 14:51:36 - [TEST_STEP][PASSED] - click(findTestObject("Object Repository/Master Toko/Add Toko Failed/div_ErrorThe Dealer code field is required._49c3fb")): Object: 'Object Repository/Master Toko/Add Toko Failed/div_ErrorThe Dealer code field is required._49c3fb' is clicked on

2023-07-06 14:51:37 - [MESSAGE][PASSED] - Object: 'Object Repository/Master Toko/Add Toko Failed/div_ErrorThe Dealer code field is required._49c3fb' is clicked on

2023-07-06 14:51:37 - [TEST_STEP][PASSED] - closeBrowser(): Browser is closed

2023-07-06 14:51:38 - [MESSAGE][PASSED] - Browser is closed]]></system-out>
         <system-err><![CDATA[]]></system-err>
      </testcase>
      <testcase name="Test Cases/Master Toko/Success/Edit Toko" time="26.811" classname="Test Cases/Master Toko/Success/Edit Toko" status="PASSED">
         <system-out><![CDATA[2023-07-06 14:51:38 - [TEST_CASE][PASSED] - Test Cases/Master Toko/Success/Edit Toko: Test Cases/Master Toko/Success/Edit Toko

2023-07-06 14:51:38 - [TEST_STEP][PASSED] - openBrowser(""): Browser is opened with url: ''

2023-07-06 14:51:38 - [MESSAGE][INFO] - Starting 'Chrome' driver

2023-07-06 14:51:38 - [MESSAGE][INFO] - User set preference: ['args', '[--start-maximized]']

2023-07-06 14:51:38 - [MESSAGE][INFO] - Action delay is set to 0 milliseconds

2023-07-06 14:51:39 - [MESSAGE][PASSED] - Browser is opened with url: ''

2023-07-06 14:51:39 - [TEST_STEP][PASSED] - navigateToUrl("https://uat-dashboard.blicicil.com/auth/login"): Navigate to 'https://uat-dashboard.blicicil.com/auth/login' successfully

2023-07-06 14:51:40 - [MESSAGE][PASSED] - Navigate to 'https://uat-dashboard.blicicil.com/auth/login' successfully

2023-07-06 14:51:40 - [TEST_STEP][PASSED] - setText(findTestObject("Object Repository/Master Toko/Edit Toko Success/input_Email_email"), "eva.mayadila@megafinance.co.id"): Text 'eva.mayadila@megafinance.co.id' is set on object 'Object Repository/Master Toko/Edit Toko Success/input_Email_email'

2023-07-06 14:51:41 - [MESSAGE][PASSED] - Text 'eva.mayadila@megafinance.co.id' is set on object 'Object Repository/Master Toko/Edit Toko Success/input_Email_email'

2023-07-06 14:51:41 - [TEST_STEP][PASSED] - setEncryptedText(findTestObject("Object Repository/Master Toko/Edit Toko Success/input_Password_password"), "aeHFOx8jV/A="): Text ****** has been set on object 'Object Repository/Master Toko/Edit Toko Success/input_Password_password'

2023-07-06 14:51:41 - [MESSAGE][PASSED] - Text ****** has been set on object 'Object Repository/Master Toko/Edit Toko Success/input_Password_password'

2023-07-06 14:51:41 - [TEST_STEP][PASSED] - click(findTestObject("Object Repository/Master Toko/Edit Toko Success/button_Login")): Object: 'Object Repository/Master Toko/Edit Toko Success/button_Login' is clicked on

2023-07-06 14:51:42 - [MESSAGE][PASSED] - Object: 'Object Repository/Master Toko/Edit Toko Success/button_Login' is clicked on

2023-07-06 14:51:42 - [TEST_STEP][PASSED] - click(findTestObject("Object Repository/Master Toko/Edit Toko Success/a_Master")): Object: 'Object Repository/Master Toko/Edit Toko Success/a_Master' is clicked on

2023-07-06 14:51:44 - [MESSAGE][PASSED] - Object: 'Object Repository/Master Toko/Edit Toko Success/a_Master' is clicked on

2023-07-06 14:51:44 - [TEST_STEP][PASSED] - click(findTestObject("Object Repository/Master Toko/Edit Toko Success/a_Toko")): Object: 'Object Repository/Master Toko/Edit Toko Success/a_Toko' is clicked on

2023-07-06 14:51:44 - [MESSAGE][PASSED] - Object: 'Object Repository/Master Toko/Edit Toko Success/a_Toko' is clicked on

2023-07-06 14:51:44 - [TEST_STEP][PASSED] - click(findTestObject("Object Repository/Master Toko/Edit Toko Success/a_Edit")): Object: 'Object Repository/Master Toko/Edit Toko Success/a_Edit' is clicked on

2023-07-06 14:51:46 - [MESSAGE][PASSED] - Object: 'Object Repository/Master Toko/Edit Toko Success/a_Edit' is clicked on

2023-07-06 14:51:46 - [TEST_STEP][PASSED] - selectOptionByValue(findTestObject("Object Repository/Master Toko/Edit Toko Success/select_TransmartPanasonicPolytronAsusSamsun_e34999"), "4", true): All options with value '4' are selected in object 'Object Repository/Master Toko/Edit Toko Success/select_TransmartPanasonicPolytronAsusSamsun_e34999'  using regular expression

2023-07-06 14:51:48 - [MESSAGE][PASSED] - All options with value '4' are selected in object 'Object Repository/Master Toko/Edit Toko Success/select_TransmartPanasonicPolytronAsusSamsun_e34999'  using regular expression

2023-07-06 14:51:48 - [TEST_STEP][PASSED] - selectOptionByValue(findTestObject("Object Repository/Master Toko/Edit Toko Success/select_Aceh BaratAceh Barat DayaAceh BesarA_60dc3d"), "429", true): All options with value '429' are selected in object 'Object Repository/Master Toko/Edit Toko Success/select_Aceh BaratAceh Barat DayaAceh BesarA_60dc3d'  using regular expression

2023-07-06 14:51:59 - [MESSAGE][PASSED] - All options with value '429' are selected in object 'Object Repository/Master Toko/Edit Toko Success/select_Aceh BaratAceh Barat DayaAceh BesarA_60dc3d'  using regular expression

2023-07-06 14:51:59 - [TEST_STEP][PASSED] - setText(findTestObject("Object Repository/Master Toko/Edit Toko Success/input_Nama Toko_txtNamaToko"), "Asus Asyncron Store"): Text 'Asus Asyncron Store' is set on object 'Object Repository/Master Toko/Edit Toko Success/input_Nama Toko_txtNamaToko'

2023-07-06 14:52:00 - [MESSAGE][PASSED] - Text 'Asus Asyncron Store' is set on object 'Object Repository/Master Toko/Edit Toko Success/input_Nama Toko_txtNamaToko'

2023-07-06 14:52:00 - [TEST_STEP][PASSED] - setText(findTestObject("Object Repository/Master Toko/Edit Toko Success/input_Outlet Name_txtNamaOutlet"), "Asus Async Store"): Text 'Asus Async Store' is set on object 'Object Repository/Master Toko/Edit Toko Success/input_Outlet Name_txtNamaOutlet'

2023-07-06 14:52:01 - [MESSAGE][PASSED] - Text 'Asus Async Store' is set on object 'Object Repository/Master Toko/Edit Toko Success/input_Outlet Name_txtNamaOutlet'

2023-07-06 14:52:01 - [TEST_STEP][PASSED] - setText(findTestObject("Object Repository/Master Toko/Edit Toko Success/textarea_Jalan Kebayoran Baru No 10"), "Jalan Kebayoran Baru Kav 20"): Text 'Jalan Kebayoran Baru Kav 20' is set on object 'Object Repository/Master Toko/Edit Toko Success/textarea_Jalan Kebayoran Baru No 10'

2023-07-06 14:52:01 - [MESSAGE][PASSED] - Text 'Jalan Kebayoran Baru Kav 20' is set on object 'Object Repository/Master Toko/Edit Toko Success/textarea_Jalan Kebayoran Baru No 10'

2023-07-06 14:52:01 - [TEST_STEP][PASSED] - setText(findTestObject("Object Repository/Master Toko/Edit Toko Success/input_Dealer Code_txtDealerCode"), "A003"): Text 'A003' is set on object 'Object Repository/Master Toko/Edit Toko Success/input_Dealer Code_txtDealerCode'

2023-07-06 14:52:02 - [MESSAGE][PASSED] - Text 'A003' is set on object 'Object Repository/Master Toko/Edit Toko Success/input_Dealer Code_txtDealerCode'

2023-07-06 14:52:02 - [TEST_STEP][PASSED] - setText(findTestObject("Object Repository/Master Toko/Edit Toko Success/input_Telephone_txtTelepon"), "0239394444"): Text '0239394444' is set on object 'Object Repository/Master Toko/Edit Toko Success/input_Telephone_txtTelepon'

2023-07-06 14:52:03 - [MESSAGE][PASSED] - Text '0239394444' is set on object 'Object Repository/Master Toko/Edit Toko Success/input_Telephone_txtTelepon'

2023-07-06 14:52:03 - [TEST_STEP][PASSED] - setText(findTestObject("Object Repository/Master Toko/Edit Toko Success/input_Latitude_txtlatitude"), "-20.30490494"): Text '-20.30490494' is set on object 'Object Repository/Master Toko/Edit Toko Success/input_Latitude_txtlatitude'

2023-07-06 14:52:03 - [MESSAGE][PASSED] - Text '-20.30490494' is set on object 'Object Repository/Master Toko/Edit Toko Success/input_Latitude_txtlatitude'

2023-07-06 14:52:03 - [TEST_STEP][PASSED] - setText(findTestObject("Object Repository/Master Toko/Edit Toko Success/input_Longitude_txtlongitude"), "109.37364474"): Text '109.37364474' is set on object 'Object Repository/Master Toko/Edit Toko Success/input_Longitude_txtlongitude'

2023-07-06 14:52:04 - [MESSAGE][PASSED] - Text '109.37364474' is set on object 'Object Repository/Master Toko/Edit Toko Success/input_Longitude_txtlongitude'

2023-07-06 14:52:04 - [TEST_STEP][PASSED] - click(findTestObject("Object Repository/Master Toko/Edit Toko Success/button_Submit")): Object: 'Object Repository/Master Toko/Edit Toko Success/button_Submit' is clicked on

2023-07-06 14:52:04 - [MESSAGE][PASSED] - Object: 'Object Repository/Master Toko/Edit Toko Success/button_Submit' is clicked on]]></system-out>
         <system-err><![CDATA[]]></system-err>
      </testcase>
      <testcase name="Test Cases/Master Toko/Failed/Edit Toko" time="59.325" classname="Test Cases/Master Toko/Failed/Edit Toko" status="PASSED">
         <system-out><![CDATA[2023-07-06 14:52:04 - [TEST_CASE][PASSED] - Test Cases/Master Toko/Failed/Edit Toko: Test Cases/Master Toko/Failed/Edit Toko

2023-07-06 14:52:05 - [TEST_STEP][PASSED] - openBrowser(""): Browser is opened with url: ''

2023-07-06 14:52:05 - [MESSAGE][WARNING] - A browser is already opened. Closing browser and opening a new one

2023-07-06 14:52:06 - [MESSAGE][INFO] - Starting 'Chrome' driver

2023-07-06 14:52:06 - [MESSAGE][INFO] - User set preference: ['args', '[--start-maximized]']

2023-07-06 14:52:06 - [MESSAGE][INFO] - Action delay is set to 0 milliseconds

2023-07-06 14:52:07 - [MESSAGE][PASSED] - Browser is opened with url: ''

2023-07-06 14:52:07 - [TEST_STEP][PASSED] - maximizeWindow(): Current window maximized

2023-07-06 14:52:07 - [MESSAGE][PASSED] - Current window maximized

2023-07-06 14:52:07 - [TEST_STEP][PASSED] - navigateToUrl("https://uat-dashboard.blicicil.com/auth/login"): Navigate to 'https://uat-dashboard.blicicil.com/auth/login' successfully

2023-07-06 14:52:09 - [MESSAGE][PASSED] - Navigate to 'https://uat-dashboard.blicicil.com/auth/login' successfully

2023-07-06 14:52:09 - [TEST_STEP][PASSED] - setText(findTestObject("Object Repository/Master Toko/Edit Toko Failed/input_Email_email"), "eva.mayadila@megafinance.co.id"): Text 'eva.mayadila@megafinance.co.id' is set on object 'Object Repository/Master Toko/Edit Toko Failed/input_Email_email'

2023-07-06 14:52:09 - [MESSAGE][PASSED] - Text 'eva.mayadila@megafinance.co.id' is set on object 'Object Repository/Master Toko/Edit Toko Failed/input_Email_email'

2023-07-06 14:52:09 - [TEST_STEP][PASSED] - setEncryptedText(findTestObject("Object Repository/Master Toko/Edit Toko Failed/input_Password_password"), "aeHFOx8jV/A="): Text ****** has been set on object 'Object Repository/Master Toko/Edit Toko Failed/input_Password_password'

2023-07-06 14:52:10 - [MESSAGE][PASSED] - Text ****** has been set on object 'Object Repository/Master Toko/Edit Toko Failed/input_Password_password'

2023-07-06 14:52:10 - [TEST_STEP][PASSED] - click(findTestObject("Object Repository/Master Toko/Edit Toko Failed/button_Login")): Object: 'Object Repository/Master Toko/Edit Toko Failed/button_Login' is clicked on

2023-07-06 14:52:10 - [MESSAGE][PASSED] - Object: 'Object Repository/Master Toko/Edit Toko Failed/button_Login' is clicked on

2023-07-06 14:52:10 - [TEST_STEP][PASSED] - click(findTestObject("Object Repository/Master Toko/Edit Toko Failed/a_Master")): Object: 'Object Repository/Master Toko/Edit Toko Failed/a_Master' is clicked on

2023-07-06 14:52:12 - [MESSAGE][PASSED] - Object: 'Object Repository/Master Toko/Edit Toko Failed/a_Master' is clicked on

2023-07-06 14:52:12 - [TEST_STEP][PASSED] - click(findTestObject("Object Repository/Master Toko/Edit Toko Failed/a_Toko")): Object: 'Object Repository/Master Toko/Edit Toko Failed/a_Toko' is clicked on

2023-07-06 14:52:13 - [MESSAGE][PASSED] - Object: 'Object Repository/Master Toko/Edit Toko Failed/a_Toko' is clicked on

2023-07-06 14:52:13 - [TEST_STEP][PASSED] - click(findTestObject("Object Repository/Master Toko/Edit Toko Failed/a_Edit")): Object: 'Object Repository/Master Toko/Edit Toko Failed/a_Edit' is clicked on

2023-07-06 14:52:14 - [MESSAGE][PASSED] - Object: 'Object Repository/Master Toko/Edit Toko Failed/a_Edit' is clicked on

2023-07-06 14:52:14 - [TEST_STEP][PASSED] - setText(findTestObject("Object Repository/Master Toko/Edit Toko Failed/input_Nama Toko_txtNamaToko"), ""): Text '' is set on object 'Object Repository/Master Toko/Edit Toko Failed/input_Nama Toko_txtNamaToko'

2023-07-06 14:52:16 - [MESSAGE][PASSED] - Text '' is set on object 'Object Repository/Master Toko/Edit Toko Failed/input_Nama Toko_txtNamaToko'

2023-07-06 14:52:16 - [TEST_STEP][PASSED] - setText(findTestObject("Object Repository/Master Toko/Edit Toko Failed/input_Outlet Name_txtNamaOutlet"), "Panasonic Store"): Text 'Panasonic Store' is set on object 'Object Repository/Master Toko/Edit Toko Failed/input_Outlet Name_txtNamaOutlet'

2023-07-06 14:52:16 - [MESSAGE][PASSED] - Text 'Panasonic Store' is set on object 'Object Repository/Master Toko/Edit Toko Failed/input_Outlet Name_txtNamaOutlet'

2023-07-06 14:52:16 - [TEST_STEP][PASSED] - setText(findTestObject("Object Repository/Master Toko/Edit Toko Failed/textarea_h thyn yn"), "Jalan Wijya"): Text 'Jalan Wijya' is set on object 'Object Repository/Master Toko/Edit Toko Failed/textarea_h thyn yn'

2023-07-06 14:52:17 - [MESSAGE][PASSED] - Text 'Jalan Wijya' is set on object 'Object Repository/Master Toko/Edit Toko Failed/textarea_h thyn yn'

2023-07-06 14:52:17 - [TEST_STEP][PASSED] - setText(findTestObject("Object Repository/Master Toko/Edit Toko Failed/input_Dealer Code_txtDealerCode"), "PAN021"): Text 'PAN021' is set on object 'Object Repository/Master Toko/Edit Toko Failed/input_Dealer Code_txtDealerCode'

2023-07-06 14:52:18 - [MESSAGE][PASSED] - Text 'PAN021' is set on object 'Object Repository/Master Toko/Edit Toko Failed/input_Dealer Code_txtDealerCode'

2023-07-06 14:52:18 - [TEST_STEP][PASSED] - setText(findTestObject("Object Repository/Master Toko/Edit Toko Failed/input_Telephone_txtTelepon"), "0211111"): Text '0211111' is set on object 'Object Repository/Master Toko/Edit Toko Failed/input_Telephone_txtTelepon'

2023-07-06 14:52:19 - [MESSAGE][PASSED] - Text '0211111' is set on object 'Object Repository/Master Toko/Edit Toko Failed/input_Telephone_txtTelepon'

2023-07-06 14:52:19 - [TEST_STEP][PASSED] - setText(findTestObject("Object Repository/Master Toko/Edit Toko Failed/input_Latitude_txtlatitude"), "-1.756"): Text '-1.756' is set on object 'Object Repository/Master Toko/Edit Toko Failed/input_Latitude_txtlatitude'

2023-07-06 14:52:19 - [MESSAGE][PASSED] - Text '-1.756' is set on object 'Object Repository/Master Toko/Edit Toko Failed/input_Latitude_txtlatitude'

2023-07-06 14:52:19 - [TEST_STEP][PASSED] - setText(findTestObject("Object Repository/Master Toko/Edit Toko Failed/input_Longitude_txtlongitude"), "109.544467"): Text '109.544467' is set on object 'Object Repository/Master Toko/Edit Toko Failed/input_Longitude_txtlongitude'

2023-07-06 14:52:20 - [MESSAGE][PASSED] - Text '109.544467' is set on object 'Object Repository/Master Toko/Edit Toko Failed/input_Longitude_txtlongitude'

2023-07-06 14:52:20 - [TEST_STEP][PASSED] - click(findTestObject("Object Repository/Master Toko/Edit Toko Failed/button_Submit")): Object: 'Object Repository/Master Toko/Edit Toko Failed/button_Submit' is clicked on

2023-07-06 14:52:29 - [MESSAGE][PASSED] - Object: 'Object Repository/Master Toko/Edit Toko Failed/button_Submit' is clicked on

2023-07-06 14:52:29 - [TEST_STEP][PASSED] - refresh(): Refresh successfully

2023-07-06 14:52:29 - [MESSAGE][PASSED] - Refresh successfully

2023-07-06 14:52:29 - [TEST_STEP][PASSED] - setText(findTestObject("Object Repository/Master Toko/Edit Toko Failed/input_Nama Toko_txtNamaToko"), "Panasonic Store"): Text 'Panasonic Store' is set on object 'Object Repository/Master Toko/Edit Toko Failed/input_Nama Toko_txtNamaToko'

2023-07-06 14:52:31 - [MESSAGE][PASSED] - Text 'Panasonic Store' is set on object 'Object Repository/Master Toko/Edit Toko Failed/input_Nama Toko_txtNamaToko'

2023-07-06 14:52:31 - [TEST_STEP][PASSED] - setText(findTestObject("Object Repository/Master Toko/Edit Toko Failed/input_Outlet Name_txtNamaOutlet"), ""): Text '' is set on object 'Object Repository/Master Toko/Edit Toko Failed/input_Outlet Name_txtNamaOutlet'

2023-07-06 14:52:31 - [MESSAGE][PASSED] - Text '' is set on object 'Object Repository/Master Toko/Edit Toko Failed/input_Outlet Name_txtNamaOutlet'

2023-07-06 14:52:31 - [TEST_STEP][PASSED] - setText(findTestObject("Object Repository/Master Toko/Edit Toko Failed/textarea_h thyn yn"), "Jl. Wijaya"): Text 'Jl. Wijaya' is set on object 'Object Repository/Master Toko/Edit Toko Failed/textarea_h thyn yn'

2023-07-06 14:52:32 - [MESSAGE][PASSED] - Text 'Jl. Wijaya' is set on object 'Object Repository/Master Toko/Edit Toko Failed/textarea_h thyn yn'

2023-07-06 14:52:32 - [TEST_STEP][PASSED] - setText(findTestObject("Object Repository/Master Toko/Edit Toko Failed/input_Dealer Code_txtDealerCode"), "PAN022"): Text 'PAN022' is set on object 'Object Repository/Master Toko/Edit Toko Failed/input_Dealer Code_txtDealerCode'

2023-07-06 14:52:33 - [MESSAGE][PASSED] - Text 'PAN022' is set on object 'Object Repository/Master Toko/Edit Toko Failed/input_Dealer Code_txtDealerCode'

2023-07-06 14:52:33 - [TEST_STEP][PASSED] - setText(findTestObject("Object Repository/Master Toko/Edit Toko Failed/input_Telephone_txtTelepon"), "02123333"): Text '02123333' is set on object 'Object Repository/Master Toko/Edit Toko Failed/input_Telephone_txtTelepon'

2023-07-06 14:52:33 - [MESSAGE][PASSED] - Text '02123333' is set on object 'Object Repository/Master Toko/Edit Toko Failed/input_Telephone_txtTelepon'

2023-07-06 14:52:33 - [TEST_STEP][PASSED] - setText(findTestObject("Object Repository/Master Toko/Edit Toko Failed/input_Latitude_txtlatitude"), "-1.756588"): Text '-1.756588' is set on object 'Object Repository/Master Toko/Edit Toko Failed/input_Latitude_txtlatitude'

2023-07-06 14:52:34 - [MESSAGE][PASSED] - Text '-1.756588' is set on object 'Object Repository/Master Toko/Edit Toko Failed/input_Latitude_txtlatitude'

2023-07-06 14:52:34 - [TEST_STEP][PASSED] - setText(findTestObject("Object Repository/Master Toko/Edit Toko Failed/input_Longitude_txtlongitude"), "109.5444"): Text '109.5444' is set on object 'Object Repository/Master Toko/Edit Toko Failed/input_Longitude_txtlongitude'

2023-07-06 14:52:35 - [MESSAGE][PASSED] - Text '109.5444' is set on object 'Object Repository/Master Toko/Edit Toko Failed/input_Longitude_txtlongitude'

2023-07-06 14:52:35 - [TEST_STEP][PASSED] - click(findTestObject("Object Repository/Master Toko/Edit Toko Failed/button_Submit")): Object: 'Object Repository/Master Toko/Edit Toko Failed/button_Submit' is clicked on

2023-07-06 14:52:35 - [MESSAGE][PASSED] - Object: 'Object Repository/Master Toko/Edit Toko Failed/button_Submit' is clicked on

2023-07-06 14:52:35 - [TEST_STEP][PASSED] - refresh(): Refresh successfully

2023-07-06 14:52:35 - [MESSAGE][PASSED] - Refresh successfully

2023-07-06 14:52:35 - [TEST_STEP][PASSED] - setText(findTestObject("Object Repository/Master Toko/Edit Toko Failed/input_Nama Toko_txtNamaToko"), "Panasonic Store"): Text 'Panasonic Store' is set on object 'Object Repository/Master Toko/Edit Toko Failed/input_Nama Toko_txtNamaToko'

2023-07-06 14:52:37 - [MESSAGE][PASSED] - Text 'Panasonic Store' is set on object 'Object Repository/Master Toko/Edit Toko Failed/input_Nama Toko_txtNamaToko'

2023-07-06 14:52:37 - [TEST_STEP][PASSED] - setText(findTestObject("Object Repository/Master Toko/Edit Toko Failed/input_Outlet Name_txtNamaOutlet"), "Panasonic Store"): Text 'Panasonic Store' is set on object 'Object Repository/Master Toko/Edit Toko Failed/input_Outlet Name_txtNamaOutlet'

2023-07-06 14:52:38 - [MESSAGE][PASSED] - Text 'Panasonic Store' is set on object 'Object Repository/Master Toko/Edit Toko Failed/input_Outlet Name_txtNamaOutlet'

2023-07-06 14:52:38 - [TEST_STEP][PASSED] - setText(findTestObject("Object Repository/Master Toko/Edit Toko Failed/textarea_h thyn yn"), ""): Text '' is set on object 'Object Repository/Master Toko/Edit Toko Failed/textarea_h thyn yn'

2023-07-06 14:52:38 - [MESSAGE][PASSED] - Text '' is set on object 'Object Repository/Master Toko/Edit Toko Failed/textarea_h thyn yn'

2023-07-06 14:52:38 - [TEST_STEP][PASSED] - setText(findTestObject("Object Repository/Master Toko/Edit Toko Failed/input_Dealer Code_txtDealerCode"), "PN003"): Text 'PN003' is set on object 'Object Repository/Master Toko/Edit Toko Failed/input_Dealer Code_txtDealerCode'

2023-07-06 14:52:39 - [MESSAGE][PASSED] - Text 'PN003' is set on object 'Object Repository/Master Toko/Edit Toko Failed/input_Dealer Code_txtDealerCode'

2023-07-06 14:52:39 - [TEST_STEP][PASSED] - setText(findTestObject("Object Repository/Master Toko/Edit Toko Failed/input_Telephone_txtTelepon"), "021339393"): Text '021339393' is set on object 'Object Repository/Master Toko/Edit Toko Failed/input_Telephone_txtTelepon'

2023-07-06 14:52:40 - [MESSAGE][PASSED] - Text '021339393' is set on object 'Object Repository/Master Toko/Edit Toko Failed/input_Telephone_txtTelepon'

2023-07-06 14:52:40 - [TEST_STEP][PASSED] - setText(findTestObject("Object Repository/Master Toko/Edit Toko Failed/input_Latitude_txtlatitude"), "-1.756333444"): Text '-1.756333444' is set on object 'Object Repository/Master Toko/Edit Toko Failed/input_Latitude_txtlatitude'

2023-07-06 14:52:41 - [MESSAGE][PASSED] - Text '-1.756333444' is set on object 'Object Repository/Master Toko/Edit Toko Failed/input_Latitude_txtlatitude'

2023-07-06 14:52:41 - [TEST_STEP][PASSED] - setText(findTestObject("Object Repository/Master Toko/Edit Toko Failed/input_Longitude_txtlongitude"), "109.544"): Text '109.544' is set on object 'Object Repository/Master Toko/Edit Toko Failed/input_Longitude_txtlongitude'

2023-07-06 14:52:41 - [MESSAGE][PASSED] - Text '109.544' is set on object 'Object Repository/Master Toko/Edit Toko Failed/input_Longitude_txtlongitude'

2023-07-06 14:52:41 - [TEST_STEP][PASSED] - click(findTestObject("Object Repository/Master Toko/Edit Toko Failed/button_Submit")): Object: 'Object Repository/Master Toko/Edit Toko Failed/button_Submit' is clicked on

2023-07-06 14:52:42 - [MESSAGE][PASSED] - Object: 'Object Repository/Master Toko/Edit Toko Failed/button_Submit' is clicked on

2023-07-06 14:52:42 - [TEST_STEP][PASSED] - refresh(): Refresh successfully

2023-07-06 14:52:42 - [MESSAGE][PASSED] - Refresh successfully

2023-07-06 14:52:42 - [TEST_STEP][PASSED] - setText(findTestObject("Object Repository/Master Toko/Edit Toko Failed/input_Nama Toko_txtNamaToko"), "Panasonic Store"): Text 'Panasonic Store' is set on object 'Object Repository/Master Toko/Edit Toko Failed/input_Nama Toko_txtNamaToko'

2023-07-06 14:52:43 - [MESSAGE][PASSED] - Text 'Panasonic Store' is set on object 'Object Repository/Master Toko/Edit Toko Failed/input_Nama Toko_txtNamaToko'

2023-07-06 14:52:43 - [TEST_STEP][PASSED] - setText(findTestObject("Object Repository/Master Toko/Edit Toko Failed/input_Outlet Name_txtNamaOutlet"), "Panasonic Store"): Text 'Panasonic Store' is set on object 'Object Repository/Master Toko/Edit Toko Failed/input_Outlet Name_txtNamaOutlet'

2023-07-06 14:52:44 - [MESSAGE][PASSED] - Text 'Panasonic Store' is set on object 'Object Repository/Master Toko/Edit Toko Failed/input_Outlet Name_txtNamaOutlet'

2023-07-06 14:52:44 - [TEST_STEP][PASSED] - setText(findTestObject("Object Repository/Master Toko/Edit Toko Failed/textarea_h thyn yn"), "Jl. Wijya"): Text 'Jl. Wijya' is set on object 'Object Repository/Master Toko/Edit Toko Failed/textarea_h thyn yn'

2023-07-06 14:52:45 - [MESSAGE][PASSED] - Text 'Jl. Wijya' is set on object 'Object Repository/Master Toko/Edit Toko Failed/textarea_h thyn yn'

2023-07-06 14:52:45 - [TEST_STEP][PASSED] - setText(findTestObject("Object Repository/Master Toko/Edit Toko Failed/input_Dealer Code_txtDealerCode"), ""): Text '' is set on object 'Object Repository/Master Toko/Edit Toko Failed/input_Dealer Code_txtDealerCode'

2023-07-06 14:52:46 - [MESSAGE][PASSED] - Text '' is set on object 'Object Repository/Master Toko/Edit Toko Failed/input_Dealer Code_txtDealerCode'

2023-07-06 14:52:46 - [TEST_STEP][PASSED] - setText(findTestObject("Object Repository/Master Toko/Edit Toko Failed/input_Telephone_txtTelepon"), "02139494949"): Text '02139494949' is set on object 'Object Repository/Master Toko/Edit Toko Failed/input_Telephone_txtTelepon'

2023-07-06 14:52:46 - [MESSAGE][PASSED] - Text '02139494949' is set on object 'Object Repository/Master Toko/Edit Toko Failed/input_Telephone_txtTelepon'

2023-07-06 14:52:46 - [TEST_STEP][PASSED] - setText(findTestObject("Object Repository/Master Toko/Edit Toko Failed/input_Latitude_txtlatitude"), "-67.3373833"): Text '-67.3373833' is set on object 'Object Repository/Master Toko/Edit Toko Failed/input_Latitude_txtlatitude'

2023-07-06 14:52:47 - [MESSAGE][PASSED] - Text '-67.3373833' is set on object 'Object Repository/Master Toko/Edit Toko Failed/input_Latitude_txtlatitude'

2023-07-06 14:52:47 - [TEST_STEP][PASSED] - setText(findTestObject("Object Repository/Master Toko/Edit Toko Failed/input_Longitude_txtlongitude"), "109.5444676"): Text '109.5444676' is set on object 'Object Repository/Master Toko/Edit Toko Failed/input_Longitude_txtlongitude'

2023-07-06 14:52:48 - [MESSAGE][PASSED] - Text '109.5444676' is set on object 'Object Repository/Master Toko/Edit Toko Failed/input_Longitude_txtlongitude'

2023-07-06 14:52:48 - [TEST_STEP][PASSED] - click(findTestObject("Object Repository/Master Toko/Edit Toko Failed/button_Submit")): Object: 'Object Repository/Master Toko/Edit Toko Failed/button_Submit' is clicked on

2023-07-06 14:52:48 - [MESSAGE][PASSED] - Object: 'Object Repository/Master Toko/Edit Toko Failed/button_Submit' is clicked on

2023-07-06 14:52:48 - [TEST_STEP][PASSED] - refresh(): Refresh successfully

2023-07-06 14:52:49 - [MESSAGE][PASSED] - Refresh successfully

2023-07-06 14:52:49 - [TEST_STEP][PASSED] - setText(findTestObject("Object Repository/Master Toko/Edit Toko Failed/input_Nama Toko_txtNamaToko"), "Panasonic Store"): Text 'Panasonic Store' is set on object 'Object Repository/Master Toko/Edit Toko Failed/input_Nama Toko_txtNamaToko'

2023-07-06 14:52:50 - [MESSAGE][PASSED] - Text 'Panasonic Store' is set on object 'Object Repository/Master Toko/Edit Toko Failed/input_Nama Toko_txtNamaToko'

2023-07-06 14:52:50 - [TEST_STEP][PASSED] - setText(findTestObject("Object Repository/Master Toko/Edit Toko Failed/input_Outlet Name_txtNamaOutlet"), "Panasonic Store"): Text 'Panasonic Store' is set on object 'Object Repository/Master Toko/Edit Toko Failed/input_Outlet Name_txtNamaOutlet'

2023-07-06 14:52:51 - [MESSAGE][PASSED] - Text 'Panasonic Store' is set on object 'Object Repository/Master Toko/Edit Toko Failed/input_Outlet Name_txtNamaOutlet'

2023-07-06 14:52:51 - [TEST_STEP][PASSED] - setText(findTestObject("Object Repository/Master Toko/Edit Toko Failed/textarea_h thyn yn"), "Jl. Wijaya"): Text 'Jl. Wijaya' is set on object 'Object Repository/Master Toko/Edit Toko Failed/textarea_h thyn yn'

2023-07-06 14:52:51 - [MESSAGE][PASSED] - Text 'Jl. Wijaya' is set on object 'Object Repository/Master Toko/Edit Toko Failed/textarea_h thyn yn'

2023-07-06 14:52:51 - [TEST_STEP][PASSED] - setText(findTestObject("Object Repository/Master Toko/Edit Toko Failed/input_Dealer Code_txtDealerCode"), "P0202"): Text 'P0202' is set on object 'Object Repository/Master Toko/Edit Toko Failed/input_Dealer Code_txtDealerCode'

2023-07-06 14:52:52 - [MESSAGE][PASSED] - Text 'P0202' is set on object 'Object Repository/Master Toko/Edit Toko Failed/input_Dealer Code_txtDealerCode'

2023-07-06 14:52:52 - [TEST_STEP][PASSED] - setText(findTestObject("Object Repository/Master Toko/Edit Toko Failed/input_Telephone_txtTelepon"), "021303030303"): Text '021303030303' is set on object 'Object Repository/Master Toko/Edit Toko Failed/input_Telephone_txtTelepon'

2023-07-06 14:52:53 - [MESSAGE][PASSED] - Text '021303030303' is set on object 'Object Repository/Master Toko/Edit Toko Failed/input_Telephone_txtTelepon'

2023-07-06 14:52:53 - [TEST_STEP][PASSED] - setText(findTestObject("Object Repository/Master Toko/Edit Toko Failed/input_Latitude_txtlatitude"), ""): Text '' is set on object 'Object Repository/Master Toko/Edit Toko Failed/input_Latitude_txtlatitude'

2023-07-06 14:52:54 - [MESSAGE][PASSED] - Text '' is set on object 'Object Repository/Master Toko/Edit Toko Failed/input_Latitude_txtlatitude'

2023-07-06 14:52:54 - [TEST_STEP][PASSED] - setText(findTestObject("Object Repository/Master Toko/Edit Toko Failed/input_Longitude_txtlongitude"), "109.544467"): Text '109.544467' is set on object 'Object Repository/Master Toko/Edit Toko Failed/input_Longitude_txtlongitude'

2023-07-06 14:52:54 - [MESSAGE][PASSED] - Text '109.544467' is set on object 'Object Repository/Master Toko/Edit Toko Failed/input_Longitude_txtlongitude'

2023-07-06 14:52:54 - [TEST_STEP][PASSED] - click(findTestObject("Object Repository/Master Toko/Edit Toko Failed/button_Submit")): Object: 'Object Repository/Master Toko/Edit Toko Failed/button_Submit' is clicked on

2023-07-06 14:52:55 - [MESSAGE][PASSED] - Object: 'Object Repository/Master Toko/Edit Toko Failed/button_Submit' is clicked on

2023-07-06 14:52:55 - [TEST_STEP][PASSED] - refresh(): Refresh successfully

2023-07-06 14:52:55 - [MESSAGE][PASSED] - Refresh successfully

2023-07-06 14:52:55 - [TEST_STEP][PASSED] - setText(findTestObject("Object Repository/Master Toko/Edit Toko Failed/input_Nama Toko_txtNamaToko"), "pANASONIC sTORE"): Text 'pANASONIC sTORE' is set on object 'Object Repository/Master Toko/Edit Toko Failed/input_Nama Toko_txtNamaToko'

2023-07-06 14:52:57 - [MESSAGE][PASSED] - Text 'pANASONIC sTORE' is set on object 'Object Repository/Master Toko/Edit Toko Failed/input_Nama Toko_txtNamaToko'

2023-07-06 14:52:57 - [TEST_STEP][PASSED] - setText(findTestObject("Object Repository/Master Toko/Edit Toko Failed/input_Outlet Name_txtNamaOutlet"), "bbbbb"): Text 'bbbbb' is set on object 'Object Repository/Master Toko/Edit Toko Failed/input_Outlet Name_txtNamaOutlet'

2023-07-06 14:52:57 - [MESSAGE][PASSED] - Text 'bbbbb' is set on object 'Object Repository/Master Toko/Edit Toko Failed/input_Outlet Name_txtNamaOutlet'

2023-07-06 14:52:57 - [TEST_STEP][PASSED] - click(findTestObject("Object Repository/Master Toko/Edit Toko Failed/input_Outlet Name_txtNamaOutlet")): Object: 'Object Repository/Master Toko/Edit Toko Failed/input_Outlet Name_txtNamaOutlet' is clicked on

2023-07-06 14:52:58 - [MESSAGE][PASSED] - Object: 'Object Repository/Master Toko/Edit Toko Failed/input_Outlet Name_txtNamaOutlet' is clicked on

2023-07-06 14:52:58 - [TEST_STEP][PASSED] - click(findTestObject("Object Repository/Master Toko/Edit Toko Failed/div_Outlet Name_col-sm-9")): Object: 'Object Repository/Master Toko/Edit Toko Failed/div_Outlet Name_col-sm-9' is clicked on

2023-07-06 14:52:58 - [MESSAGE][PASSED] - Object: 'Object Repository/Master Toko/Edit Toko Failed/div_Outlet Name_col-sm-9' is clicked on

2023-07-06 14:52:58 - [TEST_STEP][PASSED] - setText(findTestObject("Object Repository/Master Toko/Edit Toko Failed/input_Outlet Name_txtNamaOutlet"), "Panasonic Store"): Text 'Panasonic Store' is set on object 'Object Repository/Master Toko/Edit Toko Failed/input_Outlet Name_txtNamaOutlet'

2023-07-06 14:52:59 - [MESSAGE][PASSED] - Text 'Panasonic Store' is set on object 'Object Repository/Master Toko/Edit Toko Failed/input_Outlet Name_txtNamaOutlet'

2023-07-06 14:52:59 - [TEST_STEP][PASSED] - setText(findTestObject("Object Repository/Master Toko/Edit Toko Failed/textarea_h thyn yn"), "Jl Wijaya"): Text 'Jl Wijaya' is set on object 'Object Repository/Master Toko/Edit Toko Failed/textarea_h thyn yn'

2023-07-06 14:53:00 - [MESSAGE][PASSED] - Text 'Jl Wijaya' is set on object 'Object Repository/Master Toko/Edit Toko Failed/textarea_h thyn yn'

2023-07-06 14:53:00 - [TEST_STEP][PASSED] - setText(findTestObject("Object Repository/Master Toko/Edit Toko Failed/input_Dealer Code_txtDealerCode"), "PAN2222"): Text 'PAN2222' is set on object 'Object Repository/Master Toko/Edit Toko Failed/input_Dealer Code_txtDealerCode'

2023-07-06 14:53:00 - [MESSAGE][PASSED] - Text 'PAN2222' is set on object 'Object Repository/Master Toko/Edit Toko Failed/input_Dealer Code_txtDealerCode'

2023-07-06 14:53:00 - [TEST_STEP][PASSED] - setText(findTestObject("Object Repository/Master Toko/Edit Toko Failed/input_Telephone_txtTelepon"), "02133444"): Text '02133444' is set on object 'Object Repository/Master Toko/Edit Toko Failed/input_Telephone_txtTelepon'

2023-07-06 14:53:01 - [MESSAGE][PASSED] - Text '02133444' is set on object 'Object Repository/Master Toko/Edit Toko Failed/input_Telephone_txtTelepon'

2023-07-06 14:53:01 - [TEST_STEP][PASSED] - setText(findTestObject("Object Repository/Master Toko/Edit Toko Failed/input_Latitude_txtlatitude"), "-10.363636"): Text '-10.363636' is set on object 'Object Repository/Master Toko/Edit Toko Failed/input_Latitude_txtlatitude'

2023-07-06 14:53:02 - [MESSAGE][PASSED] - Text '-10.363636' is set on object 'Object Repository/Master Toko/Edit Toko Failed/input_Latitude_txtlatitude'

2023-07-06 14:53:02 - [TEST_STEP][PASSED] - setText(findTestObject("Object Repository/Master Toko/Edit Toko Failed/input_Longitude_txtlongitude"), ""): Text '' is set on object 'Object Repository/Master Toko/Edit Toko Failed/input_Longitude_txtlongitude'

2023-07-06 14:53:03 - [MESSAGE][PASSED] - Text '' is set on object 'Object Repository/Master Toko/Edit Toko Failed/input_Longitude_txtlongitude'

2023-07-06 14:53:03 - [TEST_STEP][PASSED] - click(findTestObject("Object Repository/Master Toko/Edit Toko Failed/button_Submit")): Object: 'Object Repository/Master Toko/Edit Toko Failed/button_Submit' is clicked on

2023-07-06 14:53:03 - [MESSAGE][PASSED] - Object: 'Object Repository/Master Toko/Edit Toko Failed/button_Submit' is clicked on

2023-07-06 14:53:03 - [TEST_STEP][PASSED] - closeBrowser(): Browser is closed

2023-07-06 14:53:04 - [MESSAGE][PASSED] - Browser is closed]]></system-out>
         <system-err><![CDATA[]]></system-err>
      </testcase>
      <testcase name="Test Cases/Master Toko/Success/Searching" time="33.667" classname="Test Cases/Master Toko/Success/Searching" status="FAILED">
         <failure type="FAILED" message="Test Cases/Master Toko/Success/Searching FAILED.
Reason:
com.kms.katalon.core.exception.StepFailedException: Unable to click on object 'Object Repository/Master Toko/Searching Success/a_4'
	at com.kms.katalon.core.webui.keyword.internal.WebUIKeywordMain.stepFailed(WebUIKeywordMain.groovy:64)
	at com.kms.katalon.core.webui.keyword.internal.WebUIKeywordMain.runKeyword(WebUIKeywordMain.groovy:26)
	at com.kms.katalon.core.webui.keyword.builtin.ClickKeyword.click(ClickKeyword.groovy:74)
	at com.kms.katalon.core.webui.keyword.builtin.ClickKeyword.execute(ClickKeyword.groovy:40)
	at com.kms.katalon.core.keyword.internal.KeywordExecutor.executeKeywordForPlatform(KeywordExecutor.groovy:74)
	at com.kms.katalon.core.webui.keyword.WebUiBuiltInKeywords.click(WebUiBuiltInKeywords.groovy:620)
	at com.kms.katalon.core.webui.keyword.WebUiBuiltInKeywords$click$4.call(Unknown Source)
	at Searching.run(Searching:73)
	at com.kms.katalon.core.main.ScriptEngine.run(ScriptEngine.java:194)
	at com.kms.katalon.core.main.ScriptEngine.runScriptAsRawText(ScriptEngine.java:119)
	at com.kms.katalon.core.main.TestCaseExecutor.runScript(TestCaseExecutor.java:448)
	at com.kms.katalon.core.main.TestCaseExecutor.doExecute(TestCaseExecutor.java:439)
	at com.kms.katalon.core.main.TestCaseExecutor.processExecutionPhase(TestCaseExecutor.java:418)
	at com.kms.katalon.core.main.TestCaseExecutor.accessMainPhase(TestCaseExecutor.java:410)
	at com.kms.katalon.core.main.TestCaseExecutor.execute(TestCaseExecutor.java:285)
	at com.kms.katalon.core.common.CommonExecutor.accessTestCaseMainPhase(CommonExecutor.java:65)
	at com.kms.katalon.core.main.TestSuiteExecutor.accessTestSuiteMainPhase(TestSuiteExecutor.java:148)
	at com.kms.katalon.core.main.TestSuiteExecutor.execute(TestSuiteExecutor.java:106)
	at com.kms.katalon.core.main.TestCaseMain.startTestSuite(TestCaseMain.java:187)
	at com.kms.katalon.core.main.TestCaseMain$startTestSuite$0.call(Unknown Source)
	at TempTestSuite1688629764001.run(TempTestSuite1688629764001.groovy:36)
Caused by: org.openqa.selenium.StaleElementReferenceException: stale element reference: stale element not found
  (Session info: chrome=114.0.5735.199)
For documentation on this error, please visit: https://www.seleniumhq.org/exceptions/stale_element_reference.html
Build info: version: '3.141.59', revision: 'e82be7d358', time: '2018-11-14T08:25:53'
System info: host: 'KPO-BLICICIL', ip: '192.168.16.53', os.name: 'Windows 10', os.arch: 'amd64', os.version: '10.0', java.version: '1.8.0_282'
Driver info: com.kms.katalon.selenium.driver.CChromeDriver
Capabilities {acceptInsecureCerts: false, browserName: chrome, browserVersion: 114.0.5735.199, chrome: {chromedriverVersion: 114.0.5735.90 (386bc09e8f4f..., userDataDir: C:\Users\202102~1\AppData\L...}, goog:chromeOptions: {debuggerAddress: localhost:60132}, javascriptEnabled: true, networkConnectionEnabled: false, pageLoadStrategy: normal, platform: WINDOWS, platformName: WINDOWS, proxy: Proxy(), setWindowRect: true, strictFileInteractability: false, timeouts: {implicit: 0, pageLoad: 300000, script: 30000}, unhandledPromptBehavior: dismiss and notify, webauthn:extension:credBlob: true, webauthn:extension:largeBlob: true, webauthn:extension:minPinLength: true, webauthn:extension:prf: true, webauthn:virtualAuthenticators: true}
Session ID: 33e5f3a610051d17d214deeb44929253
	at org.openqa.selenium.remote.http.W3CHttpResponseCodec.createException(W3CHttpResponseCodec.java:187)
	at org.openqa.selenium.remote.http.W3CHttpResponseCodec.decode(W3CHttpResponseCodec.java:122)
	at org.openqa.selenium.remote.http.W3CHttpResponseCodec.decode(W3CHttpResponseCodec.java:49)
	at org.openqa.selenium.remote.HttpCommandExecutor.execute(HttpCommandExecutor.java:158)
	at org.openqa.selenium.remote.service.DriverCommandExecutor.execute(DriverCommandExecutor.java:83)
	at org.openqa.selenium.remote.RemoteWebDriver.execute(RemoteWebDriver.java:552)
	at com.kms.katalon.selenium.driver.CChromeDriver.execute(CChromeDriver.java:19)
	at org.openqa.selenium.remote.RemoteWebElement.execute(RemoteWebElement.java:285)
	at org.openqa.selenium.remote.RemoteWebElement.click(RemoteWebElement.java:84)
	at org.openqa.selenium.support.events.EventFiringWebDriver$EventFiringWebElement.lambda$new$0(EventFiringWebDriver.java:404)
	at com.sun.proxy.$Proxy11.click(Unknown Source)
	at org.openqa.selenium.support.events.EventFiringWebDriver$EventFiringWebElement.click(EventFiringWebDriver.java:417)
	at org.openqa.selenium.WebElement$click.call(Unknown Source)
	at com.kms.katalon.core.webui.keyword.builtin.ClickKeyword.clickUntilSuccessWithTimeout(ClickKeyword.groovy:81)
	at com.kms.katalon.core.webui.keyword.builtin.ClickKeyword.clickUntilSuccessWithTimeout(ClickKeyword.groovy)
	at com.kms.katalon.core.webui.keyword.builtin.ClickKeyword$_click_closure1.doCall(ClickKeyword.groovy:67)
	at com.kms.katalon.core.webui.keyword.builtin.ClickKeyword$_click_closure1.call(ClickKeyword.groovy)
	at com.kms.katalon.core.webui.keyword.internal.WebUIKeywordMain.runKeyword(WebUIKeywordMain.groovy:20)
	... 19 more
"/>
         <system-out><![CDATA[2023-07-06 14:53:04 - [TEST_CASE][FAILED] - Test Cases/Master Toko/Success/Searching: Test Cases/Master Toko/Success/Searching FAILED.
Reason:
com.kms.katalon.core.exception.StepFailedException: Unable to click on object 'Object Repository/Master Toko/Searching Success/a_4'
	at com.kms.katalon.core.webui.keyword.internal.WebUIKeywordMain.stepFailed(WebUIKeywordMain.groovy:64)
	at com.kms.katalon.core.webui.keyword.internal.WebUIKeywordMain.runKeyword(WebUIKeywordMain.groovy:26)
	at com.kms.katalon.core.webui.keyword.builtin.ClickKeyword.click(ClickKeyword.groovy:74)
	at com.kms.katalon.core.webui.keyword.builtin.ClickKeyword.execute(ClickKeyword.groovy:40)
	at com.kms.katalon.core.keyword.internal.KeywordExecutor.executeKeywordForPlatform(KeywordExecutor.groovy:74)
	at com.kms.katalon.core.webui.keyword.WebUiBuiltInKeywords.click(WebUiBuiltInKeywords.groovy:620)
	at com.kms.katalon.core.webui.keyword.WebUiBuiltInKeywords$click$4.call(Unknown Source)
	at Searching.run(Searching:73)
	at com.kms.katalon.core.main.ScriptEngine.run(ScriptEngine.java:194)
	at com.kms.katalon.core.main.ScriptEngine.runScriptAsRawText(ScriptEngine.java:119)
	at com.kms.katalon.core.main.TestCaseExecutor.runScript(TestCaseExecutor.java:448)
	at com.kms.katalon.core.main.TestCaseExecutor.doExecute(TestCaseExecutor.java:439)
	at com.kms.katalon.core.main.TestCaseExecutor.processExecutionPhase(TestCaseExecutor.java:418)
	at com.kms.katalon.core.main.TestCaseExecutor.accessMainPhase(TestCaseExecutor.java:410)
	at com.kms.katalon.core.main.TestCaseExecutor.execute(TestCaseExecutor.java:285)
	at com.kms.katalon.core.common.CommonExecutor.accessTestCaseMainPhase(CommonExecutor.java:65)
	at com.kms.katalon.core.main.TestSuiteExecutor.accessTestSuiteMainPhase(TestSuiteExecutor.java:148)
	at com.kms.katalon.core.main.TestSuiteExecutor.execute(TestSuiteExecutor.java:106)
	at com.kms.katalon.core.main.TestCaseMain.startTestSuite(TestCaseMain.java:187)
	at com.kms.katalon.core.main.TestCaseMain$startTestSuite$0.call(Unknown Source)
	at TempTestSuite1688629764001.run(TempTestSuite1688629764001.groovy:36)
Caused by: org.openqa.selenium.StaleElementReferenceException: stale element reference: stale element not found
  (Session info: chrome=114.0.5735.199)
For documentation on this error, please visit: https://www.seleniumhq.org/exceptions/stale_element_reference.html
Build info: version: '3.141.59', revision: 'e82be7d358', time: '2018-11-14T08:25:53'
System info: host: 'KPO-BLICICIL', ip: '192.168.16.53', os.name: 'Windows 10', os.arch: 'amd64', os.version: '10.0', java.version: '1.8.0_282'
Driver info: com.kms.katalon.selenium.driver.CChromeDriver
Capabilities {acceptInsecureCerts: false, browserName: chrome, browserVersion: 114.0.5735.199, chrome: {chromedriverVersion: 114.0.5735.90 (386bc09e8f4f..., userDataDir: C:\Users\202102~1\AppData\L...}, goog:chromeOptions: {debuggerAddress: localhost:60132}, javascriptEnabled: true, networkConnectionEnabled: false, pageLoadStrategy: normal, platform: WINDOWS, platformName: WINDOWS, proxy: Proxy(), setWindowRect: true, strictFileInteractability: false, timeouts: {implicit: 0, pageLoad: 300000, script: 30000}, unhandledPromptBehavior: dismiss and notify, webauthn:extension:credBlob: true, webauthn:extension:largeBlob: true, webauthn:extension:minPinLength: true, webauthn:extension:prf: true, webauthn:virtualAuthenticators: true}
Session ID: 33e5f3a610051d17d214deeb44929253
	at org.openqa.selenium.remote.http.W3CHttpResponseCodec.createException(W3CHttpResponseCodec.java:187)
	at org.openqa.selenium.remote.http.W3CHttpResponseCodec.decode(W3CHttpResponseCodec.java:122)
	at org.openqa.selenium.remote.http.W3CHttpResponseCodec.decode(W3CHttpResponseCodec.java:49)
	at org.openqa.selenium.remote.HttpCommandExecutor.execute(HttpCommandExecutor.java:158)
	at org.openqa.selenium.remote.service.DriverCommandExecutor.execute(DriverCommandExecutor.java:83)
	at org.openqa.selenium.remote.RemoteWebDriver.execute(RemoteWebDriver.java:552)
	at com.kms.katalon.selenium.driver.CChromeDriver.execute(CChromeDriver.java:19)
	at org.openqa.selenium.remote.RemoteWebElement.execute(RemoteWebElement.java:285)
	at org.openqa.selenium.remote.RemoteWebElement.click(RemoteWebElement.java:84)
	at org.openqa.selenium.support.events.EventFiringWebDriver$EventFiringWebElement.lambda$new$0(EventFiringWebDriver.java:404)
	at com.sun.proxy.$Proxy11.click(Unknown Source)
	at org.openqa.selenium.support.events.EventFiringWebDriver$EventFiringWebElement.click(EventFiringWebDriver.java:417)
	at org.openqa.selenium.WebElement$click.call(Unknown Source)
	at com.kms.katalon.core.webui.keyword.builtin.ClickKeyword.clickUntilSuccessWithTimeout(ClickKeyword.groovy:81)
	at com.kms.katalon.core.webui.keyword.builtin.ClickKeyword.clickUntilSuccessWithTimeout(ClickKeyword.groovy)
	at com.kms.katalon.core.webui.keyword.builtin.ClickKeyword$_click_closure1.doCall(ClickKeyword.groovy:67)
	at com.kms.katalon.core.webui.keyword.builtin.ClickKeyword$_click_closure1.call(ClickKeyword.groovy)
	at com.kms.katalon.core.webui.keyword.internal.WebUIKeywordMain.runKeyword(WebUIKeywordMain.groovy:20)
	... 19 more


2023-07-06 14:53:04 - [TEST_STEP][PASSED] - openBrowser(""): Browser is opened with url: ''

2023-07-06 14:53:04 - [MESSAGE][INFO] - Starting 'Chrome' driver

2023-07-06 14:53:04 - [MESSAGE][INFO] - User set preference: ['args', '[--start-maximized]']

2023-07-06 14:53:04 - [MESSAGE][INFO] - Action delay is set to 0 milliseconds

2023-07-06 14:53:05 - [MESSAGE][PASSED] - Browser is opened with url: ''

2023-07-06 14:53:05 - [TEST_STEP][PASSED] - maximizeWindow(): Current window maximized

2023-07-06 14:53:06 - [MESSAGE][PASSED] - Current window maximized

2023-07-06 14:53:06 - [TEST_STEP][PASSED] - navigateToUrl("https://uat-dashboard.blicicil.com/auth/login"): Navigate to 'https://uat-dashboard.blicicil.com/auth/login' successfully

2023-07-06 14:53:06 - [MESSAGE][PASSED] - Navigate to 'https://uat-dashboard.blicicil.com/auth/login' successfully

2023-07-06 14:53:06 - [TEST_STEP][PASSED] - setText(findTestObject("Object Repository/Master Toko/Searching Success/input_Email_email"), "eva.mayadila@megafinance.co.id"): Text 'eva.mayadila@megafinance.co.id' is set on object 'Object Repository/Master Toko/Searching Success/input_Email_email'

2023-07-06 14:53:07 - [MESSAGE][PASSED] - Text 'eva.mayadila@megafinance.co.id' is set on object 'Object Repository/Master Toko/Searching Success/input_Email_email'

2023-07-06 14:53:07 - [TEST_STEP][PASSED] - setEncryptedText(findTestObject("Object Repository/Master Toko/Searching Success/input_Password_password"), "aeHFOx8jV/A="): Text ****** has been set on object 'Object Repository/Master Toko/Searching Success/input_Password_password'

2023-07-06 14:53:07 - [MESSAGE][PASSED] - Text ****** has been set on object 'Object Repository/Master Toko/Searching Success/input_Password_password'

2023-07-06 14:53:07 - [TEST_STEP][PASSED] - click(findTestObject("Object Repository/Master Toko/Searching Success/button_Login")): Object: 'Object Repository/Master Toko/Searching Success/button_Login' is clicked on

2023-07-06 14:53:08 - [MESSAGE][PASSED] - Object: 'Object Repository/Master Toko/Searching Success/button_Login' is clicked on

2023-07-06 14:53:08 - [TEST_STEP][PASSED] - click(findTestObject("Object Repository/Master Toko/Searching Success/a_Master")): Object: 'Object Repository/Master Toko/Searching Success/a_Master' is clicked on

2023-07-06 14:53:09 - [MESSAGE][PASSED] - Object: 'Object Repository/Master Toko/Searching Success/a_Master' is clicked on

2023-07-06 14:53:09 - [TEST_STEP][PASSED] - click(findTestObject("Object Repository/Master Toko/Searching Success/a_Toko")): Object: 'Object Repository/Master Toko/Searching Success/a_Toko' is clicked on

2023-07-06 14:53:10 - [MESSAGE][PASSED] - Object: 'Object Repository/Master Toko/Searching Success/a_Toko' is clicked on

2023-07-06 14:53:10 - [TEST_STEP][PASSED] - selectOptionByValue(findTestObject("Object Repository/Master Toko/Searching Success/select_Search by                           _752fd7"), "store_name", true): All options with value 'store_name' are selected in object 'Object Repository/Master Toko/Searching Success/select_Search by                           _752fd7'  using regular expression

2023-07-06 14:53:12 - [MESSAGE][PASSED] - All options with value 'store_name' are selected in object 'Object Repository/Master Toko/Searching Success/select_Search by                           _752fd7'  using regular expression

2023-07-06 14:53:12 - [TEST_STEP][PASSED] - setText(findTestObject("Object Repository/Master Toko/Searching Success/input_New Toko_filterSearch"), "Furniture"): Text 'Furniture' is set on object 'Object Repository/Master Toko/Searching Success/input_New Toko_filterSearch'

2023-07-06 14:53:12 - [MESSAGE][PASSED] - Text 'Furniture' is set on object 'Object Repository/Master Toko/Searching Success/input_New Toko_filterSearch'

2023-07-06 14:53:12 - [TEST_STEP][PASSED] - sendKeys(findTestObject("Object Repository/Master Toko/Searching Success/input_New Toko_filterSearch"), Keys.chord(ENTER)): Keys 'ENTER + ' sent to object: 'Object Repository/Master Toko/Searching Success/input_New Toko_filterSearch'

2023-07-06 14:53:13 - [MESSAGE][PASSED] - Keys 'ENTER + ' sent to object: 'Object Repository/Master Toko/Searching Success/input_New Toko_filterSearch'

2023-07-06 14:53:13 - [TEST_STEP][PASSED] - setText(findTestObject("Object Repository/Master Toko/Searching Success/input_New Toko_filterSearch"), "Electronic"): Text 'Electronic' is set on object 'Object Repository/Master Toko/Searching Success/input_New Toko_filterSearch'

2023-07-06 14:53:14 - [MESSAGE][PASSED] - Text 'Electronic' is set on object 'Object Repository/Master Toko/Searching Success/input_New Toko_filterSearch'

2023-07-06 14:53:14 - [TEST_STEP][PASSED] - sendKeys(findTestObject("Object Repository/Master Toko/Searching Success/input_New Toko_filterSearch"), Keys.chord(ENTER)): Keys 'ENTER + ' sent to object: 'Object Repository/Master Toko/Searching Success/input_New Toko_filterSearch'

2023-07-06 14:53:15 - [MESSAGE][PASSED] - Keys 'ENTER + ' sent to object: 'Object Repository/Master Toko/Searching Success/input_New Toko_filterSearch'

2023-07-06 14:53:15 - [TEST_STEP][PASSED] - refresh(): Refresh successfully

2023-07-06 14:53:15 - [MESSAGE][PASSED] - Refresh successfully

2023-07-06 14:53:15 - [TEST_STEP][PASSED] - selectOptionByValue(findTestObject("Object Repository/Master Toko/Searching Success/select_Search by                           _752fd7"), "dealer_code", true): All options with value 'dealer_code' are selected in object 'Object Repository/Master Toko/Searching Success/select_Search by                           _752fd7'  using regular expression

2023-07-06 14:53:17 - [MESSAGE][PASSED] - All options with value 'dealer_code' are selected in object 'Object Repository/Master Toko/Searching Success/select_Search by                           _752fd7'  using regular expression

2023-07-06 14:53:17 - [TEST_STEP][PASSED] - setText(findTestObject("Object Repository/Master Toko/Searching Success/input_New Toko_filterSearch"), "ERF"): Text 'ERF' is set on object 'Object Repository/Master Toko/Searching Success/input_New Toko_filterSearch'

2023-07-06 14:53:17 - [MESSAGE][PASSED] - Text 'ERF' is set on object 'Object Repository/Master Toko/Searching Success/input_New Toko_filterSearch'

2023-07-06 14:53:17 - [TEST_STEP][PASSED] - sendKeys(findTestObject("Object Repository/Master Toko/Searching Success/input_New Toko_filterSearch"), Keys.chord(ENTER)): Keys 'ENTER + ' sent to object: 'Object Repository/Master Toko/Searching Success/input_New Toko_filterSearch'

2023-07-06 14:53:18 - [MESSAGE][PASSED] - Keys 'ENTER + ' sent to object: 'Object Repository/Master Toko/Searching Success/input_New Toko_filterSearch'

2023-07-06 14:53:18 - [TEST_STEP][PASSED] - click(findTestObject("Object Repository/Master Toko/Searching Success/a_4")): Object: 'Object Repository/Master Toko/Searching Success/a_4' is clicked on

2023-07-06 14:53:29 - [MESSAGE][PASSED] - Object: 'Object Repository/Master Toko/Searching Success/a_4' is clicked on

2023-07-06 14:53:29 - [TEST_STEP][PASSED] - click(findTestObject("Object Repository/Master Toko/Searching Success/a_Next")): Object: 'Object Repository/Master Toko/Searching Success/a_Next' is clicked on

2023-07-06 14:53:29 - [MESSAGE][PASSED] - Object: 'Object Repository/Master Toko/Searching Success/a_Next' is clicked on

2023-07-06 14:53:29 - [TEST_STEP][PASSED] - click(findTestObject("Object Repository/Master Toko/Searching Success/a_Previous")): Object: 'Object Repository/Master Toko/Searching Success/a_Previous' is clicked on

2023-07-06 14:53:30 - [MESSAGE][PASSED] - Object: 'Object Repository/Master Toko/Searching Success/a_Previous' is clicked on

2023-07-06 14:53:30 - [TEST_STEP][PASSED] - click(findTestObject("Object Repository/Master Toko/Searching Success/button_Deactivate")): Object: 'Object Repository/Master Toko/Searching Success/button_Deactivate' is clicked on

2023-07-06 14:53:32 - [MESSAGE][PASSED] - Object: 'Object Repository/Master Toko/Searching Success/button_Deactivate' is clicked on

2023-07-06 14:53:32 - [TEST_STEP][PASSED] - click(findTestObject("Object Repository/Master Toko/Searching Success/button_No")): Object: 'Object Repository/Master Toko/Searching Success/button_No' is clicked on

2023-07-06 14:53:33 - [MESSAGE][PASSED] - Object: 'Object Repository/Master Toko/Searching Success/button_No' is clicked on

2023-07-06 14:53:33 - [TEST_STEP][PASSED] - click(findTestObject("Object Repository/Master Toko/Searching Success/button_Deactivate")): Object: 'Object Repository/Master Toko/Searching Success/button_Deactivate' is clicked on

2023-07-06 14:53:34 - [MESSAGE][PASSED] - Object: 'Object Repository/Master Toko/Searching Success/button_Deactivate' is clicked on

2023-07-06 14:53:34 - [TEST_STEP][PASSED] - click(findTestObject("Object Repository/Master Toko/Searching Success/button_Yes")): Object: 'Object Repository/Master Toko/Searching Success/button_Yes' is clicked on

2023-07-06 14:53:34 - [MESSAGE][PASSED] - Object: 'Object Repository/Master Toko/Searching Success/button_Yes' is clicked on

2023-07-06 14:53:34 - [TEST_STEP][FAILED] - click(findTestObject("Object Repository/Master Toko/Searching Success/a_4")): Unable to click on object 'Object Repository/Master Toko/Searching Success/a_4' (Root cause: com.kms.katalon.core.exception.StepFailedException: Unable to click on object 'Object Repository/Master Toko/Searching Success/a_4'
	at com.kms.katalon.core.webui.keyword.internal.WebUIKeywordMain.stepFailed(WebUIKeywordMain.groovy:64)
	at com.kms.katalon.core.webui.keyword.internal.WebUIKeywordMain.runKeyword(WebUIKeywordMain.groovy:26)
	at com.kms.katalon.core.webui.keyword.builtin.ClickKeyword.click(ClickKeyword.groovy:74)
	at com.kms.katalon.core.webui.keyword.builtin.ClickKeyword.execute(ClickKeyword.groovy:40)
	at com.kms.katalon.core.keyword.internal.KeywordExecutor.executeKeywordForPlatform(KeywordExecutor.groovy:74)
	at com.kms.katalon.core.webui.keyword.WebUiBuiltInKeywords.click(WebUiBuiltInKeywords.groovy:620)
	at com.kms.katalon.core.webui.keyword.WebUiBuiltInKeywords$click$4.call(Unknown Source)
	at Searching.run(Searching:73)
	at com.kms.katalon.core.main.ScriptEngine.run(ScriptEngine.java:194)
	at com.kms.katalon.core.main.ScriptEngine.runScriptAsRawText(ScriptEngine.java:119)
	at com.kms.katalon.core.main.TestCaseExecutor.runScript(TestCaseExecutor.java:448)
	at com.kms.katalon.core.main.TestCaseExecutor.doExecute(TestCaseExecutor.java:439)
	at com.kms.katalon.core.main.TestCaseExecutor.processExecutionPhase(TestCaseExecutor.java:418)
	at com.kms.katalon.core.main.TestCaseExecutor.accessMainPhase(TestCaseExecutor.java:410)
	at com.kms.katalon.core.main.TestCaseExecutor.execute(TestCaseExecutor.java:285)
	at com.kms.katalon.core.common.CommonExecutor.accessTestCaseMainPhase(CommonExecutor.java:65)
	at com.kms.katalon.core.main.TestSuiteExecutor.accessTestSuiteMainPhase(TestSuiteExecutor.java:148)
	at com.kms.katalon.core.main.TestSuiteExecutor.execute(TestSuiteExecutor.java:106)
	at com.kms.katalon.core.main.TestCaseMain.startTestSuite(TestCaseMain.java:187)
	at com.kms.katalon.core.main.TestCaseMain$startTestSuite$0.call(Unknown Source)
	at TempTestSuite1688629764001.run(TempTestSuite1688629764001.groovy:36)
Caused by: org.openqa.selenium.StaleElementReferenceException: stale element reference: stale element not found
  (Session info: chrome=114.0.5735.199)
For documentation on this error, please visit: https://www.seleniumhq.org/exceptions/stale_element_reference.html
Build info: version: '3.141.59', revision: 'e82be7d358', time: '2018-11-14T08:25:53'
System info: host: 'KPO-BLICICIL', ip: '192.168.16.53', os.name: 'Windows 10', os.arch: 'amd64', os.version: '10.0', java.version: '1.8.0_282'
Driver info: com.kms.katalon.selenium.driver.CChromeDriver
Capabilities {acceptInsecureCerts: false, browserName: chrome, browserVersion: 114.0.5735.199, chrome: {chromedriverVersion: 114.0.5735.90 (386bc09e8f4f..., userDataDir: C:\Users\202102~1\AppData\L...}, goog:chromeOptions: {debuggerAddress: localhost:60132}, javascriptEnabled: true, networkConnectionEnabled: false, pageLoadStrategy: normal, platform: WINDOWS, platformName: WINDOWS, proxy: Proxy(), setWindowRect: true, strictFileInteractability: false, timeouts: {implicit: 0, pageLoad: 300000, script: 30000}, unhandledPromptBehavior: dismiss and notify, webauthn:extension:credBlob: true, webauthn:extension:largeBlob: true, webauthn:extension:minPinLength: true, webauthn:extension:prf: true, webauthn:virtualAuthenticators: true}
Session ID: 33e5f3a610051d17d214deeb44929253
	at org.openqa.selenium.remote.http.W3CHttpResponseCodec.createException(W3CHttpResponseCodec.java:187)
	at org.openqa.selenium.remote.http.W3CHttpResponseCodec.decode(W3CHttpResponseCodec.java:122)
	at org.openqa.selenium.remote.http.W3CHttpResponseCodec.decode(W3CHttpResponseCodec.java:49)
	at org.openqa.selenium.remote.HttpCommandExecutor.execute(HttpCommandExecutor.java:158)
	at org.openqa.selenium.remote.service.DriverCommandExecutor.execute(DriverCommandExecutor.java:83)
	at org.openqa.selenium.remote.RemoteWebDriver.execute(RemoteWebDriver.java:552)
	at com.kms.katalon.selenium.driver.CChromeDriver.execute(CChromeDriver.java:19)
	at org.openqa.selenium.remote.RemoteWebElement.execute(RemoteWebElement.java:285)
	at org.openqa.selenium.remote.RemoteWebElement.click(RemoteWebElement.java:84)
	at org.openqa.selenium.support.events.EventFiringWebDriver$EventFiringWebElement.lambda$new$0(EventFiringWebDriver.java:404)
	at com.sun.proxy.$Proxy11.click(Unknown Source)
	at org.openqa.selenium.support.events.EventFiringWebDriver$EventFiringWebElement.click(EventFiringWebDriver.java:417)
	at org.openqa.selenium.WebElement$click.call(Unknown Source)
	at com.kms.katalon.core.webui.keyword.builtin.ClickKeyword.clickUntilSuccessWithTimeout(ClickKeyword.groovy:81)
	at com.kms.katalon.core.webui.keyword.builtin.ClickKeyword.clickUntilSuccessWithTimeout(ClickKeyword.groovy)
	at com.kms.katalon.core.webui.keyword.builtin.ClickKeyword$_click_closure1.doCall(ClickKeyword.groovy:67)
	at com.kms.katalon.core.webui.keyword.builtin.ClickKeyword$_click_closure1.call(ClickKeyword.groovy)
	at com.kms.katalon.core.webui.keyword.internal.WebUIKeywordMain.runKeyword(WebUIKeywordMain.groovy:20)
	at com.kms.katalon.core.webui.keyword.builtin.ClickKeyword.click(ClickKeyword.groovy:74)
	at com.kms.katalon.core.webui.keyword.builtin.ClickKeyword.execute(ClickKeyword.groovy:40)
	at com.kms.katalon.core.keyword.internal.KeywordExecutor.executeKeywordForPlatform(KeywordExecutor.groovy:74)
	at com.kms.katalon.core.webui.keyword.WebUiBuiltInKeywords.click(WebUiBuiltInKeywords.groovy:620)
	at com.kms.katalon.core.webui.keyword.WebUiBuiltInKeywords$click$4.call(Unknown Source)
	at Script1683171760804.run(Script1683171760804.groovy:73)
	... 13 more
)

2023-07-06 14:53:37 - [MESSAGE][FAILED] - Unable to click on object 'Object Repository/Master Toko/Searching Success/a_4' (Root cause: com.kms.katalon.core.exception.StepFailedException: Unable to click on object 'Object Repository/Master Toko/Searching Success/a_4'
	at com.kms.katalon.core.webui.keyword.internal.WebUIKeywordMain.stepFailed(WebUIKeywordMain.groovy:64)
	at com.kms.katalon.core.webui.keyword.internal.WebUIKeywordMain.runKeyword(WebUIKeywordMain.groovy:26)
	at com.kms.katalon.core.webui.keyword.builtin.ClickKeyword.click(ClickKeyword.groovy:74)
	at com.kms.katalon.core.webui.keyword.builtin.ClickKeyword.execute(ClickKeyword.groovy:40)
	at com.kms.katalon.core.keyword.internal.KeywordExecutor.executeKeywordForPlatform(KeywordExecutor.groovy:74)
	at com.kms.katalon.core.webui.keyword.WebUiBuiltInKeywords.click(WebUiBuiltInKeywords.groovy:620)
	at com.kms.katalon.core.webui.keyword.WebUiBuiltInKeywords$click$4.call(Unknown Source)
	at Searching.run(Searching:73)
	at com.kms.katalon.core.main.ScriptEngine.run(ScriptEngine.java:194)
	at com.kms.katalon.core.main.ScriptEngine.runScriptAsRawText(ScriptEngine.java:119)
	at com.kms.katalon.core.main.TestCaseExecutor.runScript(TestCaseExecutor.java:448)
	at com.kms.katalon.core.main.TestCaseExecutor.doExecute(TestCaseExecutor.java:439)
	at com.kms.katalon.core.main.TestCaseExecutor.processExecutionPhase(TestCaseExecutor.java:418)
	at com.kms.katalon.core.main.TestCaseExecutor.accessMainPhase(TestCaseExecutor.java:410)
	at com.kms.katalon.core.main.TestCaseExecutor.execute(TestCaseExecutor.java:285)
	at com.kms.katalon.core.common.CommonExecutor.accessTestCaseMainPhase(CommonExecutor.java:65)
	at com.kms.katalon.core.main.TestSuiteExecutor.accessTestSuiteMainPhase(TestSuiteExecutor.java:148)
	at com.kms.katalon.core.main.TestSuiteExecutor.execute(TestSuiteExecutor.java:106)
	at com.kms.katalon.core.main.TestCaseMain.startTestSuite(TestCaseMain.java:187)
	at com.kms.katalon.core.main.TestCaseMain$startTestSuite$0.call(Unknown Source)
	at TempTestSuite1688629764001.run(TempTestSuite1688629764001.groovy:36)
Caused by: org.openqa.selenium.StaleElementReferenceException: stale element reference: stale element not found
  (Session info: chrome=114.0.5735.199)
For documentation on this error, please visit: https://www.seleniumhq.org/exceptions/stale_element_reference.html
Build info: version: '3.141.59', revision: 'e82be7d358', time: '2018-11-14T08:25:53'
System info: host: 'KPO-BLICICIL', ip: '192.168.16.53', os.name: 'Windows 10', os.arch: 'amd64', os.version: '10.0', java.version: '1.8.0_282'
Driver info: com.kms.katalon.selenium.driver.CChromeDriver
Capabilities {acceptInsecureCerts: false, browserName: chrome, browserVersion: 114.0.5735.199, chrome: {chromedriverVersion: 114.0.5735.90 (386bc09e8f4f..., userDataDir: C:\Users\202102~1\AppData\L...}, goog:chromeOptions: {debuggerAddress: localhost:60132}, javascriptEnabled: true, networkConnectionEnabled: false, pageLoadStrategy: normal, platform: WINDOWS, platformName: WINDOWS, proxy: Proxy(), setWindowRect: true, strictFileInteractability: false, timeouts: {implicit: 0, pageLoad: 300000, script: 30000}, unhandledPromptBehavior: dismiss and notify, webauthn:extension:credBlob: true, webauthn:extension:largeBlob: true, webauthn:extension:minPinLength: true, webauthn:extension:prf: true, webauthn:virtualAuthenticators: true}
Session ID: 33e5f3a610051d17d214deeb44929253
	at org.openqa.selenium.remote.http.W3CHttpResponseCodec.createException(W3CHttpResponseCodec.java:187)
	at org.openqa.selenium.remote.http.W3CHttpResponseCodec.decode(W3CHttpResponseCodec.java:122)
	at org.openqa.selenium.remote.http.W3CHttpResponseCodec.decode(W3CHttpResponseCodec.java:49)
	at org.openqa.selenium.remote.HttpCommandExecutor.execute(HttpCommandExecutor.java:158)
	at org.openqa.selenium.remote.service.DriverCommandExecutor.execute(DriverCommandExecutor.java:83)
	at org.openqa.selenium.remote.RemoteWebDriver.execute(RemoteWebDriver.java:552)
	at com.kms.katalon.selenium.driver.CChromeDriver.execute(CChromeDriver.java:19)
	at org.openqa.selenium.remote.RemoteWebElement.execute(RemoteWebElement.java:285)
	at org.openqa.selenium.remote.RemoteWebElement.click(RemoteWebElement.java:84)
	at org.openqa.selenium.support.events.EventFiringWebDriver$EventFiringWebElement.lambda$new$0(EventFiringWebDriver.java:404)
	at com.sun.proxy.$Proxy11.click(Unknown Source)
	at org.openqa.selenium.support.events.EventFiringWebDriver$EventFiringWebElement.click(EventFiringWebDriver.java:417)
	at org.openqa.selenium.WebElement$click.call(Unknown Source)
	at com.kms.katalon.core.webui.keyword.builtin.ClickKeyword.clickUntilSuccessWithTimeout(ClickKeyword.groovy:81)
	at com.kms.katalon.core.webui.keyword.builtin.ClickKeyword.clickUntilSuccessWithTimeout(ClickKeyword.groovy)
	at com.kms.katalon.core.webui.keyword.builtin.ClickKeyword$_click_closure1.doCall(ClickKeyword.groovy:67)
	at com.kms.katalon.core.webui.keyword.builtin.ClickKeyword$_click_closure1.call(ClickKeyword.groovy)
	at com.kms.katalon.core.webui.keyword.internal.WebUIKeywordMain.runKeyword(WebUIKeywordMain.groovy:20)
	at com.kms.katalon.core.webui.keyword.builtin.ClickKeyword.click(ClickKeyword.groovy:74)
	at com.kms.katalon.core.webui.keyword.builtin.ClickKeyword.execute(ClickKeyword.groovy:40)
	at com.kms.katalon.core.keyword.internal.KeywordExecutor.executeKeywordForPlatform(KeywordExecutor.groovy:74)
	at com.kms.katalon.core.webui.keyword.WebUiBuiltInKeywords.click(WebUiBuiltInKeywords.groovy:620)
	at com.kms.katalon.core.webui.keyword.WebUiBuiltInKeywords$click$4.call(Unknown Source)
	at Script1683171760804.run(Script1683171760804.groovy:73)
	... 13 more
)
[[ATTACHMENT|C:\\Users\\202102359\\git\\blicicil-dashboard-uat\\Reports\\20230706_144924\\Master Toko\\20230706_144924\\1688630017738.png]]]]></system-out>
         <system-err><![CDATA[2023-07-06 14:53:04 - [TEST_CASE][FAILED] - Test Cases/Master Toko/Success/Searching: Test Cases/Master Toko/Success/Searching FAILED.
Reason:
com.kms.katalon.core.exception.StepFailedException: Unable to click on object 'Object Repository/Master Toko/Searching Success/a_4'
	at com.kms.katalon.core.webui.keyword.internal.WebUIKeywordMain.stepFailed(WebUIKeywordMain.groovy:64)
	at com.kms.katalon.core.webui.keyword.internal.WebUIKeywordMain.runKeyword(WebUIKeywordMain.groovy:26)
	at com.kms.katalon.core.webui.keyword.builtin.ClickKeyword.click(ClickKeyword.groovy:74)
	at com.kms.katalon.core.webui.keyword.builtin.ClickKeyword.execute(ClickKeyword.groovy:40)
	at com.kms.katalon.core.keyword.internal.KeywordExecutor.executeKeywordForPlatform(KeywordExecutor.groovy:74)
	at com.kms.katalon.core.webui.keyword.WebUiBuiltInKeywords.click(WebUiBuiltInKeywords.groovy:620)
	at com.kms.katalon.core.webui.keyword.WebUiBuiltInKeywords$click$4.call(Unknown Source)
	at Searching.run(Searching:73)
	at com.kms.katalon.core.main.ScriptEngine.run(ScriptEngine.java:194)
	at com.kms.katalon.core.main.ScriptEngine.runScriptAsRawText(ScriptEngine.java:119)
	at com.kms.katalon.core.main.TestCaseExecutor.runScript(TestCaseExecutor.java:448)
	at com.kms.katalon.core.main.TestCaseExecutor.doExecute(TestCaseExecutor.java:439)
	at com.kms.katalon.core.main.TestCaseExecutor.processExecutionPhase(TestCaseExecutor.java:418)
	at com.kms.katalon.core.main.TestCaseExecutor.accessMainPhase(TestCaseExecutor.java:410)
	at com.kms.katalon.core.main.TestCaseExecutor.execute(TestCaseExecutor.java:285)
	at com.kms.katalon.core.common.CommonExecutor.accessTestCaseMainPhase(CommonExecutor.java:65)
	at com.kms.katalon.core.main.TestSuiteExecutor.accessTestSuiteMainPhase(TestSuiteExecutor.java:148)
	at com.kms.katalon.core.main.TestSuiteExecutor.execute(TestSuiteExecutor.java:106)
	at com.kms.katalon.core.main.TestCaseMain.startTestSuite(TestCaseMain.java:187)
	at com.kms.katalon.core.main.TestCaseMain$startTestSuite$0.call(Unknown Source)
	at TempTestSuite1688629764001.run(TempTestSuite1688629764001.groovy:36)
Caused by: org.openqa.selenium.StaleElementReferenceException: stale element reference: stale element not found
  (Session info: chrome=114.0.5735.199)
For documentation on this error, please visit: https://www.seleniumhq.org/exceptions/stale_element_reference.html
Build info: version: '3.141.59', revision: 'e82be7d358', time: '2018-11-14T08:25:53'
System info: host: 'KPO-BLICICIL', ip: '192.168.16.53', os.name: 'Windows 10', os.arch: 'amd64', os.version: '10.0', java.version: '1.8.0_282'
Driver info: com.kms.katalon.selenium.driver.CChromeDriver
Capabilities {acceptInsecureCerts: false, browserName: chrome, browserVersion: 114.0.5735.199, chrome: {chromedriverVersion: 114.0.5735.90 (386bc09e8f4f..., userDataDir: C:\Users\202102~1\AppData\L...}, goog:chromeOptions: {debuggerAddress: localhost:60132}, javascriptEnabled: true, networkConnectionEnabled: false, pageLoadStrategy: normal, platform: WINDOWS, platformName: WINDOWS, proxy: Proxy(), setWindowRect: true, strictFileInteractability: false, timeouts: {implicit: 0, pageLoad: 300000, script: 30000}, unhandledPromptBehavior: dismiss and notify, webauthn:extension:credBlob: true, webauthn:extension:largeBlob: true, webauthn:extension:minPinLength: true, webauthn:extension:prf: true, webauthn:virtualAuthenticators: true}
Session ID: 33e5f3a610051d17d214deeb44929253
	at org.openqa.selenium.remote.http.W3CHttpResponseCodec.createException(W3CHttpResponseCodec.java:187)
	at org.openqa.selenium.remote.http.W3CHttpResponseCodec.decode(W3CHttpResponseCodec.java:122)
	at org.openqa.selenium.remote.http.W3CHttpResponseCodec.decode(W3CHttpResponseCodec.java:49)
	at org.openqa.selenium.remote.HttpCommandExecutor.execute(HttpCommandExecutor.java:158)
	at org.openqa.selenium.remote.service.DriverCommandExecutor.execute(DriverCommandExecutor.java:83)
	at org.openqa.selenium.remote.RemoteWebDriver.execute(RemoteWebDriver.java:552)
	at com.kms.katalon.selenium.driver.CChromeDriver.execute(CChromeDriver.java:19)
	at org.openqa.selenium.remote.RemoteWebElement.execute(RemoteWebElement.java:285)
	at org.openqa.selenium.remote.RemoteWebElement.click(RemoteWebElement.java:84)
	at org.openqa.selenium.support.events.EventFiringWebDriver$EventFiringWebElement.lambda$new$0(EventFiringWebDriver.java:404)
	at com.sun.proxy.$Proxy11.click(Unknown Source)
	at org.openqa.selenium.support.events.EventFiringWebDriver$EventFiringWebElement.click(EventFiringWebDriver.java:417)
	at org.openqa.selenium.WebElement$click.call(Unknown Source)
	at com.kms.katalon.core.webui.keyword.builtin.ClickKeyword.clickUntilSuccessWithTimeout(ClickKeyword.groovy:81)
	at com.kms.katalon.core.webui.keyword.builtin.ClickKeyword.clickUntilSuccessWithTimeout(ClickKeyword.groovy)
	at com.kms.katalon.core.webui.keyword.builtin.ClickKeyword$_click_closure1.doCall(ClickKeyword.groovy:67)
	at com.kms.katalon.core.webui.keyword.builtin.ClickKeyword$_click_closure1.call(ClickKeyword.groovy)
	at com.kms.katalon.core.webui.keyword.internal.WebUIKeywordMain.runKeyword(WebUIKeywordMain.groovy:20)
	... 19 more]]></system-err>
      </testcase>
      <testcase name="Test Cases/Master Toko/Failed/Searching" time="12.219" classname="Test Cases/Master Toko/Failed/Searching" status="PASSED">
         <system-out><![CDATA[2023-07-06 14:53:37 - [TEST_CASE][PASSED] - Test Cases/Master Toko/Failed/Searching: Test Cases/Master Toko/Failed/Searching

2023-07-06 14:53:38 - [TEST_STEP][PASSED] - openBrowser(""): Browser is opened with url: ''

2023-07-06 14:53:38 - [MESSAGE][WARNING] - A browser is already opened. Closing browser and opening a new one

2023-07-06 14:53:38 - [MESSAGE][INFO] - Starting 'Chrome' driver

2023-07-06 14:53:38 - [MESSAGE][INFO] - User set preference: ['args', '[--start-maximized]']

2023-07-06 14:53:38 - [MESSAGE][INFO] - Action delay is set to 0 milliseconds

2023-07-06 14:53:40 - [MESSAGE][PASSED] - Browser is opened with url: ''

2023-07-06 14:53:40 - [TEST_STEP][PASSED] - maximizeWindow(): Current window maximized

2023-07-06 14:53:40 - [MESSAGE][PASSED] - Current window maximized

2023-07-06 14:53:40 - [TEST_STEP][PASSED] - navigateToUrl("https://uat-dashboard.blicicil.com/auth/login"): Navigate to 'https://uat-dashboard.blicicil.com/auth/login' successfully

2023-07-06 14:53:40 - [MESSAGE][PASSED] - Navigate to 'https://uat-dashboard.blicicil.com/auth/login' successfully

2023-07-06 14:53:40 - [TEST_STEP][PASSED] - setText(findTestObject("Object Repository/Master Toko/Searching Failed/input_Email_email"), "eva.mayadila@megafinance.co.id"): Text 'eva.mayadila@megafinance.co.id' is set on object 'Object Repository/Master Toko/Searching Failed/input_Email_email'

2023-07-06 14:53:41 - [MESSAGE][PASSED] - Text 'eva.mayadila@megafinance.co.id' is set on object 'Object Repository/Master Toko/Searching Failed/input_Email_email'

2023-07-06 14:53:41 - [TEST_STEP][PASSED] - setEncryptedText(findTestObject("Object Repository/Master Toko/Searching Failed/input_Password_password"), "aeHFOx8jV/A="): Text ****** has been set on object 'Object Repository/Master Toko/Searching Failed/input_Password_password'

2023-07-06 14:53:42 - [MESSAGE][PASSED] - Text ****** has been set on object 'Object Repository/Master Toko/Searching Failed/input_Password_password'

2023-07-06 14:53:42 - [TEST_STEP][PASSED] - click(findTestObject("Object Repository/Master Toko/Searching Failed/button_Login")): Object: 'Object Repository/Master Toko/Searching Failed/button_Login' is clicked on

2023-07-06 14:53:42 - [MESSAGE][PASSED] - Object: 'Object Repository/Master Toko/Searching Failed/button_Login' is clicked on

2023-07-06 14:53:42 - [TEST_STEP][PASSED] - click(findTestObject("Object Repository/Master Toko/Searching Failed/a_Master")): Object: 'Object Repository/Master Toko/Searching Failed/a_Master' is clicked on

2023-07-06 14:53:44 - [MESSAGE][PASSED] - Object: 'Object Repository/Master Toko/Searching Failed/a_Master' is clicked on

2023-07-06 14:53:44 - [TEST_STEP][PASSED] - click(findTestObject("Object Repository/Master Toko/Searching Failed/a_Toko")): Object: 'Object Repository/Master Toko/Searching Failed/a_Toko' is clicked on

2023-07-06 14:53:45 - [MESSAGE][PASSED] - Object: 'Object Repository/Master Toko/Searching Failed/a_Toko' is clicked on

2023-07-06 14:53:45 - [TEST_STEP][PASSED] - setText(findTestObject("Object Repository/Master Toko/Searching Failed/input_New Toko_filterSearch"), "abc"): Text 'abc' is set on object 'Object Repository/Master Toko/Searching Failed/input_New Toko_filterSearch'

2023-07-06 14:53:46 - [MESSAGE][PASSED] - Text 'abc' is set on object 'Object Repository/Master Toko/Searching Failed/input_New Toko_filterSearch'

2023-07-06 14:53:46 - [TEST_STEP][PASSED] - sendKeys(findTestObject("Object Repository/Master Toko/Searching Failed/input_New Toko_filterSearch"), Keys.chord(ENTER)): Keys 'ENTER + ' sent to object: 'Object Repository/Master Toko/Searching Failed/input_New Toko_filterSearch'

2023-07-06 14:53:47 - [MESSAGE][PASSED] - Keys 'ENTER + ' sent to object: 'Object Repository/Master Toko/Searching Failed/input_New Toko_filterSearch'

2023-07-06 14:53:47 - [TEST_STEP][PASSED] - refresh(): Refresh successfully

2023-07-06 14:53:47 - [MESSAGE][PASSED] - Refresh successfully

2023-07-06 14:53:47 - [TEST_STEP][PASSED] - setText(findTestObject("Object Repository/Master Toko/Searching Failed/input_New Toko_filterSearch"), "megafinance"): Text 'megafinance' is set on object 'Object Repository/Master Toko/Searching Failed/input_New Toko_filterSearch'

2023-07-06 14:53:49 - [MESSAGE][PASSED] - Text 'megafinance' is set on object 'Object Repository/Master Toko/Searching Failed/input_New Toko_filterSearch'

2023-07-06 14:53:49 - [TEST_STEP][PASSED] - sendKeys(findTestObject("Object Repository/Master Toko/Searching Failed/input_New Toko_filterSearch"), Keys.chord(ENTER)): Keys 'ENTER + ' sent to object: 'Object Repository/Master Toko/Searching Failed/input_New Toko_filterSearch'

2023-07-06 14:53:49 - [MESSAGE][PASSED] - Keys 'ENTER + ' sent to object: 'Object Repository/Master Toko/Searching Failed/input_New Toko_filterSearch'

2023-07-06 14:53:49 - [TEST_STEP][PASSED] - closeBrowser(): Browser is closed

2023-07-06 14:53:50 - [MESSAGE][PASSED] - Browser is closed]]></system-out>
         <system-err><![CDATA[]]></system-err>
      </testcase>
      <system-out><![CDATA[2023-07-06 14:49:27 - [TEST_SUITE][FAILED] - Master Toko: Test Cases/Master Toko/Success/Searching FAILED.
Reason:
com.kms.katalon.core.exception.StepFailedException: Unable to click on object 'Object Repository/Master Toko/Searching Success/a_4'
	at com.kms.katalon.core.webui.keyword.internal.WebUIKeywordMain.stepFailed(WebUIKeywordMain.groovy:64)
	at com.kms.katalon.core.webui.keyword.internal.WebUIKeywordMain.runKeyword(WebUIKeywordMain.groovy:26)
	at com.kms.katalon.core.webui.keyword.builtin.ClickKeyword.click(ClickKeyword.groovy:74)
	at com.kms.katalon.core.webui.keyword.builtin.ClickKeyword.execute(ClickKeyword.groovy:40)
	at com.kms.katalon.core.keyword.internal.KeywordExecutor.executeKeywordForPlatform(KeywordExecutor.groovy:74)
	at com.kms.katalon.core.webui.keyword.WebUiBuiltInKeywords.click(WebUiBuiltInKeywords.groovy:620)
	at com.kms.katalon.core.webui.keyword.WebUiBuiltInKeywords$click$4.call(Unknown Source)
	at Searching.run(Searching:73)
	at com.kms.katalon.core.main.ScriptEngine.run(ScriptEngine.java:194)
	at com.kms.katalon.core.main.ScriptEngine.runScriptAsRawText(ScriptEngine.java:119)
	at com.kms.katalon.core.main.TestCaseExecutor.runScript(TestCaseExecutor.java:448)
	at com.kms.katalon.core.main.TestCaseExecutor.doExecute(TestCaseExecutor.java:439)
	at com.kms.katalon.core.main.TestCaseExecutor.processExecutionPhase(TestCaseExecutor.java:418)
	at com.kms.katalon.core.main.TestCaseExecutor.accessMainPhase(TestCaseExecutor.java:410)
	at com.kms.katalon.core.main.TestCaseExecutor.execute(TestCaseExecutor.java:285)
	at com.kms.katalon.core.common.CommonExecutor.accessTestCaseMainPhase(CommonExecutor.java:65)
	at com.kms.katalon.core.main.TestSuiteExecutor.accessTestSuiteMainPhase(TestSuiteExecutor.java:148)
	at com.kms.katalon.core.main.TestSuiteExecutor.execute(TestSuiteExecutor.java:106)
	at com.kms.katalon.core.main.TestCaseMain.startTestSuite(TestCaseMain.java:187)
	at com.kms.katalon.core.main.TestCaseMain$startTestSuite$0.call(Unknown Source)
	at TempTestSuite1688629764001.run(TempTestSuite1688629764001.groovy:36)
Caused by: org.openqa.selenium.StaleElementReferenceException: stale element reference: stale element not found
  (Session info: chrome=114.0.5735.199)
For documentation on this error, please visit: https://www.seleniumhq.org/exceptions/stale_element_reference.html
Build info: version: '3.141.59', revision: 'e82be7d358', time: '2018-11-14T08:25:53'
System info: host: 'KPO-BLICICIL', ip: '192.168.16.53', os.name: 'Windows 10', os.arch: 'amd64', os.version: '10.0', java.version: '1.8.0_282'
Driver info: com.kms.katalon.selenium.driver.CChromeDriver
Capabilities {acceptInsecureCerts: false, browserName: chrome, browserVersion: 114.0.5735.199, chrome: {chromedriverVersion: 114.0.5735.90 (386bc09e8f4f..., userDataDir: C:\Users\202102~1\AppData\L...}, goog:chromeOptions: {debuggerAddress: localhost:60132}, javascriptEnabled: true, networkConnectionEnabled: false, pageLoadStrategy: normal, platform: WINDOWS, platformName: WINDOWS, proxy: Proxy(), setWindowRect: true, strictFileInteractability: false, timeouts: {implicit: 0, pageLoad: 300000, script: 30000}, unhandledPromptBehavior: dismiss and notify, webauthn:extension:credBlob: true, webauthn:extension:largeBlob: true, webauthn:extension:minPinLength: true, webauthn:extension:prf: true, webauthn:virtualAuthenticators: true}
Session ID: 33e5f3a610051d17d214deeb44929253
	at org.openqa.selenium.remote.http.W3CHttpResponseCodec.createException(W3CHttpResponseCodec.java:187)
	at org.openqa.selenium.remote.http.W3CHttpResponseCodec.decode(W3CHttpResponseCodec.java:122)
	at org.openqa.selenium.remote.http.W3CHttpResponseCodec.decode(W3CHttpResponseCodec.java:49)
	at org.openqa.selenium.remote.HttpCommandExecutor.execute(HttpCommandExecutor.java:158)
	at org.openqa.selenium.remote.service.DriverCommandExecutor.execute(DriverCommandExecutor.java:83)
	at org.openqa.selenium.remote.RemoteWebDriver.execute(RemoteWebDriver.java:552)
	at com.kms.katalon.selenium.driver.CChromeDriver.execute(CChromeDriver.java:19)
	at org.openqa.selenium.remote.RemoteWebElement.execute(RemoteWebElement.java:285)
	at org.openqa.selenium.remote.RemoteWebElement.click(RemoteWebElement.java:84)
	at org.openqa.selenium.support.events.EventFiringWebDriver$EventFiringWebElement.lambda$new$0(EventFiringWebDriver.java:404)
	at com.sun.proxy.$Proxy11.click(Unknown Source)
	at org.openqa.selenium.support.events.EventFiringWebDriver$EventFiringWebElement.click(EventFiringWebDriver.java:417)
	at org.openqa.selenium.WebElement$click.call(Unknown Source)
	at com.kms.katalon.core.webui.keyword.builtin.ClickKeyword.clickUntilSuccessWithTimeout(ClickKeyword.groovy:81)
	at com.kms.katalon.core.webui.keyword.builtin.ClickKeyword.clickUntilSuccessWithTimeout(ClickKeyword.groovy)
	at com.kms.katalon.core.webui.keyword.builtin.ClickKeyword$_click_closure1.doCall(ClickKeyword.groovy:67)
	at com.kms.katalon.core.webui.keyword.builtin.ClickKeyword$_click_closure1.call(ClickKeyword.groovy)
	at com.kms.katalon.core.webui.keyword.internal.WebUIKeywordMain.runKeyword(WebUIKeywordMain.groovy:20)
	... 19 more]]></system-out>
      <system-err><![CDATA[2023-07-06 14:49:27 - [TEST_SUITE][FAILED] - Master Toko: Test Cases/Master Toko/Success/Searching FAILED.
Reason:
com.kms.katalon.core.exception.StepFailedException: Unable to click on object 'Object Repository/Master Toko/Searching Success/a_4'
	at com.kms.katalon.core.webui.keyword.internal.WebUIKeywordMain.stepFailed(WebUIKeywordMain.groovy:64)
	at com.kms.katalon.core.webui.keyword.internal.WebUIKeywordMain.runKeyword(WebUIKeywordMain.groovy:26)
	at com.kms.katalon.core.webui.keyword.builtin.ClickKeyword.click(ClickKeyword.groovy:74)
	at com.kms.katalon.core.webui.keyword.builtin.ClickKeyword.execute(ClickKeyword.groovy:40)
	at com.kms.katalon.core.keyword.internal.KeywordExecutor.executeKeywordForPlatform(KeywordExecutor.groovy:74)
	at com.kms.katalon.core.webui.keyword.WebUiBuiltInKeywords.click(WebUiBuiltInKeywords.groovy:620)
	at com.kms.katalon.core.webui.keyword.WebUiBuiltInKeywords$click$4.call(Unknown Source)
	at Searching.run(Searching:73)
	at com.kms.katalon.core.main.ScriptEngine.run(ScriptEngine.java:194)
	at com.kms.katalon.core.main.ScriptEngine.runScriptAsRawText(ScriptEngine.java:119)
	at com.kms.katalon.core.main.TestCaseExecutor.runScript(TestCaseExecutor.java:448)
	at com.kms.katalon.core.main.TestCaseExecutor.doExecute(TestCaseExecutor.java:439)
	at com.kms.katalon.core.main.TestCaseExecutor.processExecutionPhase(TestCaseExecutor.java:418)
	at com.kms.katalon.core.main.TestCaseExecutor.accessMainPhase(TestCaseExecutor.java:410)
	at com.kms.katalon.core.main.TestCaseExecutor.execute(TestCaseExecutor.java:285)
	at com.kms.katalon.core.common.CommonExecutor.accessTestCaseMainPhase(CommonExecutor.java:65)
	at com.kms.katalon.core.main.TestSuiteExecutor.accessTestSuiteMainPhase(TestSuiteExecutor.java:148)
	at com.kms.katalon.core.main.TestSuiteExecutor.execute(TestSuiteExecutor.java:106)
	at com.kms.katalon.core.main.TestCaseMain.startTestSuite(TestCaseMain.java:187)
	at com.kms.katalon.core.main.TestCaseMain$startTestSuite$0.call(Unknown Source)
	at TempTestSuite1688629764001.run(TempTestSuite1688629764001.groovy:36)
Caused by: org.openqa.selenium.StaleElementReferenceException: stale element reference: stale element not found
  (Session info: chrome=114.0.5735.199)
For documentation on this error, please visit: https://www.seleniumhq.org/exceptions/stale_element_reference.html
Build info: version: '3.141.59', revision: 'e82be7d358', time: '2018-11-14T08:25:53'
System info: host: 'KPO-BLICICIL', ip: '192.168.16.53', os.name: 'Windows 10', os.arch: 'amd64', os.version: '10.0', java.version: '1.8.0_282'
Driver info: com.kms.katalon.selenium.driver.CChromeDriver
Capabilities {acceptInsecureCerts: false, browserName: chrome, browserVersion: 114.0.5735.199, chrome: {chromedriverVersion: 114.0.5735.90 (386bc09e8f4f..., userDataDir: C:\Users\202102~1\AppData\L...}, goog:chromeOptions: {debuggerAddress: localhost:60132}, javascriptEnabled: true, networkConnectionEnabled: false, pageLoadStrategy: normal, platform: WINDOWS, platformName: WINDOWS, proxy: Proxy(), setWindowRect: true, strictFileInteractability: false, timeouts: {implicit: 0, pageLoad: 300000, script: 30000}, unhandledPromptBehavior: dismiss and notify, webauthn:extension:credBlob: true, webauthn:extension:largeBlob: true, webauthn:extension:minPinLength: true, webauthn:extension:prf: true, webauthn:virtualAuthenticators: true}
Session ID: 33e5f3a610051d17d214deeb44929253
	at org.openqa.selenium.remote.http.W3CHttpResponseCodec.createException(W3CHttpResponseCodec.java:187)
	at org.openqa.selenium.remote.http.W3CHttpResponseCodec.decode(W3CHttpResponseCodec.java:122)
	at org.openqa.selenium.remote.http.W3CHttpResponseCodec.decode(W3CHttpResponseCodec.java:49)
	at org.openqa.selenium.remote.HttpCommandExecutor.execute(HttpCommandExecutor.java:158)
	at org.openqa.selenium.remote.service.DriverCommandExecutor.execute(DriverCommandExecutor.java:83)
	at org.openqa.selenium.remote.RemoteWebDriver.execute(RemoteWebDriver.java:552)
	at com.kms.katalon.selenium.driver.CChromeDriver.execute(CChromeDriver.java:19)
	at org.openqa.selenium.remote.RemoteWebElement.execute(RemoteWebElement.java:285)
	at org.openqa.selenium.remote.RemoteWebElement.click(RemoteWebElement.java:84)
	at org.openqa.selenium.support.events.EventFiringWebDriver$EventFiringWebElement.lambda$new$0(EventFiringWebDriver.java:404)
	at com.sun.proxy.$Proxy11.click(Unknown Source)
	at org.openqa.selenium.support.events.EventFiringWebDriver$EventFiringWebElement.click(EventFiringWebDriver.java:417)
	at org.openqa.selenium.WebElement$click.call(Unknown Source)
	at com.kms.katalon.core.webui.keyword.builtin.ClickKeyword.clickUntilSuccessWithTimeout(ClickKeyword.groovy:81)
	at com.kms.katalon.core.webui.keyword.builtin.ClickKeyword.clickUntilSuccessWithTimeout(ClickKeyword.groovy)
	at com.kms.katalon.core.webui.keyword.builtin.ClickKeyword$_click_closure1.doCall(ClickKeyword.groovy:67)
	at com.kms.katalon.core.webui.keyword.builtin.ClickKeyword$_click_closure1.call(ClickKeyword.groovy)
	at com.kms.katalon.core.webui.keyword.internal.WebUIKeywordMain.runKeyword(WebUIKeywordMain.groovy:20)
	... 19 more]]></system-err>
   </testsuite>
</testsuites>
