<?xml version="1.0" encoding="UTF-8"?>
<testsuites name="Motorcycle" time="86.778" tests="3" failures="0" errors="0">
   <testsuite name="Motorcycle" tests="3" failures="0" errors="0" time="86.778" skipped="0" timestamp="2023-07-14 14:09:22" hostname="202102359 - KPO-Blicicil.pdc.megafinance.co.id" id="Test Suites/Motorcycle">
      <properties>
         <property name="deviceName" value=""/>
         <property name="devicePlatform" value=""/>
         <property name="logFolder" value="C:\\Users\\202102359\\git\\blicicil-dashboard-uat\\Reports\\20230714_140920\\Motorcycle\\20230714_140920"/>
         <property name="logFiles" value="C:\\Users\\202102359\\git\\blicicil-dashboard-uat\\Reports\\20230714_140920\\Motorcycle\\20230714_140920\\execution0.log"/>
         <property name="attachments" value=""/>
         <property name="hostName" value="202102359 - KPO-Blicicil.pdc.megafinance.co.id"/>
         <property name="os" value="Windows 10 64bit"/>
         <property name="katalonVersion" value="8.6.0.208"/>
         <property name="browser" value="Chrome 114.0.0.0"/>
         <property name="hostAddress" value="192.168.16.53"/>
         <property name="sessionId" value="c6957572295a59799cf875d427bc9f5e"/>
         <property name="seleniumVersion" value="3.141.59"/>
         <property name="proxyInformation" value="ProxyInformation { proxyOption=NO_PROXY, proxyServerType=HTTP, username=, password=********, proxyServerAddress=, proxyServerPort=0, executionList=&quot;&quot;, isApplyToDesiredCapabilities=true }"/>
         <property name="platform" value="Windows 10"/>
      </properties>
      <testcase name="Test Cases/Motorcycle/Beranda" time="14.153" classname="Test Cases/Motorcycle/Beranda" status="PASSED">
         <system-out><![CDATA[2023-07-14 14:09:22 - [TEST_CASE][PASSED] - Test Cases/Motorcycle/Beranda: Test Cases/Motorcycle/Beranda

2023-07-14 14:09:22 - [TEST_STEP][PASSED] - openBrowser(""): Browser is opened with url: ''

2023-07-14 14:09:23 - [MESSAGE][INFO] - Starting 'Chrome' driver

2023-07-14 14:09:23 - [MESSAGE][INFO] - User set preference: ['args', '[--start-maximized]']

2023-07-14 14:09:23 - [MESSAGE][INFO] - Action delay is set to 0 milliseconds

2023-07-14 14:09:25 - [MESSAGE][PASSED] - Browser is opened with url: ''

2023-07-14 14:09:25 - [TEST_STEP][PASSED] - maximizeWindow(): Current window maximized

2023-07-14 14:09:25 - [MESSAGE][PASSED] - Current window maximized

2023-07-14 14:09:25 - [TEST_STEP][PASSED] - navigateToUrl("https://uat-dashboard.blicicil.com/auth/login"): Navigate to 'https://uat-dashboard.blicicil.com/auth/login' successfully

2023-07-14 14:09:26 - [MESSAGE][PASSED] - Navigate to 'https://uat-dashboard.blicicil.com/auth/login' successfully

2023-07-14 14:09:26 - [TEST_STEP][PASSED] - setText(findTestObject("Object Repository/Motorcycle/Beranda/input_Email_email"), "eva.mayadila@megafinance.co.id"): Text 'eva.mayadila@megafinance.co.id' is set on object 'Object Repository/Motorcycle/Beranda/input_Email_email'

2023-07-14 14:09:27 - [MESSAGE][PASSED] - Text 'eva.mayadila@megafinance.co.id' is set on object 'Object Repository/Motorcycle/Beranda/input_Email_email'

2023-07-14 14:09:27 - [TEST_STEP][PASSED] - setEncryptedText(findTestObject("Object Repository/Motorcycle/Beranda/input_Password_password"), "aeHFOx8jV/A="): Text ****** has been set on object 'Object Repository/Motorcycle/Beranda/input_Password_password'

2023-07-14 14:09:27 - [MESSAGE][PASSED] - Text ****** has been set on object 'Object Repository/Motorcycle/Beranda/input_Password_password'

2023-07-14 14:09:27 - [TEST_STEP][PASSED] - click(findTestObject("Object Repository/Motorcycle/Beranda/button_Login")): Object: 'Object Repository/Motorcycle/Beranda/button_Login' is clicked on

2023-07-14 14:09:28 - [MESSAGE][PASSED] - Object: 'Object Repository/Motorcycle/Beranda/button_Login' is clicked on

2023-07-14 14:09:28 - [TEST_STEP][PASSED] - click(findTestObject("Object Repository/Motorcycle/Beranda/a_Transaction")): Object: 'Object Repository/Motorcycle/Beranda/a_Transaction' is clicked on

2023-07-14 14:09:30 - [MESSAGE][PASSED] - Object: 'Object Repository/Motorcycle/Beranda/a_Transaction' is clicked on

2023-07-14 14:09:30 - [TEST_STEP][PASSED] - click(findTestObject("Object Repository/Motorcycle/Beranda/a_Motorcycle")): Object: 'Object Repository/Motorcycle/Beranda/a_Motorcycle' is clicked on

2023-07-14 14:09:30 - [MESSAGE][PASSED] - Object: 'Object Repository/Motorcycle/Beranda/a_Motorcycle' is clicked on

2023-07-14 14:09:30 - [TEST_STEP][PASSED] - click(findTestObject("Object Repository/Motorcycle/Beranda/a_Next")): Object: 'Object Repository/Motorcycle/Beranda/a_Next' is clicked on

2023-07-14 14:09:31 - [MESSAGE][PASSED] - Object: 'Object Repository/Motorcycle/Beranda/a_Next' is clicked on

2023-07-14 14:09:31 - [TEST_STEP][PASSED] - click(findTestObject("Object Repository/Motorcycle/Beranda/a_Next")): Object: 'Object Repository/Motorcycle/Beranda/a_Next' is clicked on

2023-07-14 14:09:32 - [MESSAGE][PASSED] - Object: 'Object Repository/Motorcycle/Beranda/a_Next' is clicked on

2023-07-14 14:09:32 - [TEST_STEP][PASSED] - click(findTestObject("Object Repository/Motorcycle/Beranda/a_Next")): Object: 'Object Repository/Motorcycle/Beranda/a_Next' is clicked on

2023-07-14 14:09:32 - [MESSAGE][PASSED] - Object: 'Object Repository/Motorcycle/Beranda/a_Next' is clicked on

2023-07-14 14:09:32 - [TEST_STEP][PASSED] - click(findTestObject("Object Repository/Motorcycle/Beranda/svg_Dibatalkan_rotate-icon-620319cf2a632351_42c78f")): Object: 'Object Repository/Motorcycle/Beranda/svg_Dibatalkan_rotate-icon-620319cf2a632351_42c78f' is clicked on

2023-07-14 14:09:33 - [MESSAGE][PASSED] - Object: 'Object Repository/Motorcycle/Beranda/svg_Dibatalkan_rotate-icon-620319cf2a632351_42c78f' is clicked on

2023-07-14 14:09:33 - [TEST_STEP][PASSED] - click(findTestObject("Object Repository/Motorcycle/Beranda/svg_Proses_rotate-icon-61fbb2ba496976743b6869af")): Object: 'Object Repository/Motorcycle/Beranda/svg_Proses_rotate-icon-61fbb2ba496976743b6869af' is clicked on

2023-07-14 14:09:33 - [MESSAGE][PASSED] - Object: 'Object Repository/Motorcycle/Beranda/svg_Proses_rotate-icon-61fbb2ba496976743b6869af' is clicked on

2023-07-14 14:09:33 - [TEST_STEP][PASSED] - click(findTestObject("Object Repository/Motorcycle/Beranda/a_Previous")): Object: 'Object Repository/Motorcycle/Beranda/a_Previous' is clicked on

2023-07-14 14:09:34 - [MESSAGE][PASSED] - Object: 'Object Repository/Motorcycle/Beranda/a_Previous' is clicked on

2023-07-14 14:09:34 - [TEST_STEP][PASSED] - click(findTestObject("Object Repository/Motorcycle/Beranda/a_Previous")): Object: 'Object Repository/Motorcycle/Beranda/a_Previous' is clicked on

2023-07-14 14:09:34 - [MESSAGE][PASSED] - Object: 'Object Repository/Motorcycle/Beranda/a_Previous' is clicked on

2023-07-14 14:09:34 - [TEST_STEP][PASSED] - click(findTestObject("Object Repository/Motorcycle/Beranda/svg_Ditolak_rotate-icon-61e7c5ee8dca76747c46a867")): Object: 'Object Repository/Motorcycle/Beranda/svg_Ditolak_rotate-icon-61e7c5ee8dca76747c46a867' is clicked on

2023-07-14 14:09:35 - [MESSAGE][PASSED] - Object: 'Object Repository/Motorcycle/Beranda/svg_Ditolak_rotate-icon-61e7c5ee8dca76747c46a867' is clicked on

2023-07-14 14:09:35 - [TEST_STEP][PASSED] - click(findTestObject("Object Repository/Motorcycle/Beranda/a_1")): Object: 'Object Repository/Motorcycle/Beranda/a_1' is clicked on

2023-07-14 14:09:35 - [MESSAGE][PASSED] - Object: 'Object Repository/Motorcycle/Beranda/a_1' is clicked on

2023-07-14 14:09:35 - [TEST_STEP][PASSED] - click(findTestObject("Object Repository/Motorcycle/Beranda/svg_Proses_rotate-icon-61e448c0846f05431c6f30c5")): Object: 'Object Repository/Motorcycle/Beranda/svg_Proses_rotate-icon-61e448c0846f05431c6f30c5' is clicked on

2023-07-14 14:09:36 - [MESSAGE][PASSED] - Object: 'Object Repository/Motorcycle/Beranda/svg_Proses_rotate-icon-61e448c0846f05431c6f30c5' is clicked on

2023-07-14 14:09:36 - [TEST_STEP][PASSED] - closeBrowser(): Browser is closed

2023-07-14 14:09:36 - [MESSAGE][PASSED] - Browser is closed]]></system-out>
         <system-err><![CDATA[]]></system-err>
      </testcase>
      <testcase name="Test Cases/Motorcycle/Searching Failed" time="26.587" classname="Test Cases/Motorcycle/Searching Failed" status="PASSED">
         <system-out><![CDATA[2023-07-14 14:09:36 - [TEST_CASE][PASSED] - Test Cases/Motorcycle/Searching Failed: Test Cases/Motorcycle/Searching Failed

2023-07-14 14:09:37 - [TEST_STEP][PASSED] - openBrowser(""): Browser is opened with url: ''

2023-07-14 14:09:37 - [MESSAGE][INFO] - Starting 'Chrome' driver

2023-07-14 14:09:37 - [MESSAGE][INFO] - User set preference: ['args', '[--start-maximized]']

2023-07-14 14:09:37 - [MESSAGE][INFO] - Action delay is set to 0 milliseconds

2023-07-14 14:09:38 - [MESSAGE][PASSED] - Browser is opened with url: ''

2023-07-14 14:09:38 - [TEST_STEP][PASSED] - maximizeWindow(): Current window maximized

2023-07-14 14:09:38 - [MESSAGE][PASSED] - Current window maximized

2023-07-14 14:09:38 - [TEST_STEP][PASSED] - navigateToUrl("https://uat-dashboard.blicicil.com/auth/login"): Navigate to 'https://uat-dashboard.blicicil.com/auth/login' successfully

2023-07-14 14:09:40 - [MESSAGE][PASSED] - Navigate to 'https://uat-dashboard.blicicil.com/auth/login' successfully

2023-07-14 14:09:40 - [TEST_STEP][PASSED] - setText(findTestObject("Object Repository/Motorcycle/Searching Failed/input_Email_email"), "eva.mayadila@megafinance.co.id"): Text 'eva.mayadila@megafinance.co.id' is set on object 'Object Repository/Motorcycle/Searching Failed/input_Email_email'

2023-07-14 14:09:40 - [MESSAGE][PASSED] - Text 'eva.mayadila@megafinance.co.id' is set on object 'Object Repository/Motorcycle/Searching Failed/input_Email_email'

2023-07-14 14:09:40 - [TEST_STEP][PASSED] - setEncryptedText(findTestObject("Object Repository/Motorcycle/Searching Failed/input_Password_password"), "aeHFOx8jV/A="): Text ****** has been set on object 'Object Repository/Motorcycle/Searching Failed/input_Password_password'

2023-07-14 14:09:41 - [MESSAGE][PASSED] - Text ****** has been set on object 'Object Repository/Motorcycle/Searching Failed/input_Password_password'

2023-07-14 14:09:41 - [TEST_STEP][PASSED] - click(findTestObject("Object Repository/Motorcycle/Searching Failed/button_Login")): Object: 'Object Repository/Motorcycle/Searching Failed/button_Login' is clicked on

2023-07-14 14:09:41 - [MESSAGE][PASSED] - Object: 'Object Repository/Motorcycle/Searching Failed/button_Login' is clicked on

2023-07-14 14:09:41 - [TEST_STEP][PASSED] - click(findTestObject("Object Repository/Motorcycle/Searching Failed/a_Transaction")): Object: 'Object Repository/Motorcycle/Searching Failed/a_Transaction' is clicked on

2023-07-14 14:09:43 - [MESSAGE][PASSED] - Object: 'Object Repository/Motorcycle/Searching Failed/a_Transaction' is clicked on

2023-07-14 14:09:43 - [TEST_STEP][PASSED] - click(findTestObject("Object Repository/Motorcycle/Searching Failed/a_Motorcycle")): Object: 'Object Repository/Motorcycle/Searching Failed/a_Motorcycle' is clicked on

2023-07-14 14:09:44 - [MESSAGE][PASSED] - Object: 'Object Repository/Motorcycle/Searching Failed/a_Motorcycle' is clicked on

2023-07-14 14:09:44 - [TEST_STEP][PASSED] - setText(findTestObject("Object Repository/Motorcycle/Searching Failed/input_List Motorcycle Transaction BliCicil _ec3f45"), "indonesia"): Text 'indonesia' is set on object 'Object Repository/Motorcycle/Searching Failed/input_List Motorcycle Transaction BliCicil _ec3f45'

2023-07-14 14:09:45 - [MESSAGE][PASSED] - Text 'indonesia' is set on object 'Object Repository/Motorcycle/Searching Failed/input_List Motorcycle Transaction BliCicil _ec3f45'

2023-07-14 14:09:45 - [TEST_STEP][PASSED] - sendKeys(findTestObject("Object Repository/Motorcycle/Searching Failed/input_List Motorcycle Transaction BliCicil _ec3f45"), Keys.chord(ENTER)): Keys 'ENTER + ' sent to object: 'Object Repository/Motorcycle/Searching Failed/input_List Motorcycle Transaction BliCicil _ec3f45'

2023-07-14 14:09:46 - [MESSAGE][PASSED] - Keys 'ENTER + ' sent to object: 'Object Repository/Motorcycle/Searching Failed/input_List Motorcycle Transaction BliCicil _ec3f45'

2023-07-14 14:09:46 - [TEST_STEP][PASSED] - selectOptionByValue(findTestObject("Object Repository/Motorcycle/Searching Failed/select_Status                              _ebcc15"), "Selesai", true): All options with value 'Selesai' are selected in object 'Object Repository/Motorcycle/Searching Failed/select_Status                              _ebcc15'  using regular expression

2023-07-14 14:09:47 - [MESSAGE][PASSED] - All options with value 'Selesai' are selected in object 'Object Repository/Motorcycle/Searching Failed/select_Status                              _ebcc15'  using regular expression

2023-07-14 14:09:47 - [TEST_STEP][PASSED] - selectOptionByValue(findTestObject("Object Repository/Motorcycle/Searching Failed/select_Status                              _ebcc15"), "Proses", true): All options with value 'Proses' are selected in object 'Object Repository/Motorcycle/Searching Failed/select_Status                              _ebcc15'  using regular expression

2023-07-14 14:09:48 - [MESSAGE][PASSED] - All options with value 'Proses' are selected in object 'Object Repository/Motorcycle/Searching Failed/select_Status                              _ebcc15'  using regular expression

2023-07-14 14:09:48 - [TEST_STEP][PASSED] - selectOptionByValue(findTestObject("Object Repository/Motorcycle/Searching Failed/select_Status                              _ebcc15"), "Transaksi", true): All options with value 'Transaksi' are selected in object 'Object Repository/Motorcycle/Searching Failed/select_Status                              _ebcc15'  using regular expression

2023-07-14 14:09:49 - [MESSAGE][PASSED] - All options with value 'Transaksi' are selected in object 'Object Repository/Motorcycle/Searching Failed/select_Status                              _ebcc15'  using regular expression

2023-07-14 14:09:49 - [TEST_STEP][PASSED] - selectOptionByValue(findTestObject("Object Repository/Motorcycle/Searching Failed/select_Status                              _ebcc15"), "TTD Kontrak", true): All options with value 'TTD Kontrak' are selected in object 'Object Repository/Motorcycle/Searching Failed/select_Status                              _ebcc15'  using regular expression

2023-07-14 14:09:51 - [MESSAGE][PASSED] - All options with value 'TTD Kontrak' are selected in object 'Object Repository/Motorcycle/Searching Failed/select_Status                              _ebcc15'  using regular expression

2023-07-14 14:09:51 - [TEST_STEP][PASSED] - selectOptionByValue(findTestObject("Object Repository/Motorcycle/Searching Failed/select_Status                              _ebcc15"), "Ditolak", true): All options with value 'Ditolak' are selected in object 'Object Repository/Motorcycle/Searching Failed/select_Status                              _ebcc15'  using regular expression

2023-07-14 14:09:52 - [MESSAGE][PASSED] - All options with value 'Ditolak' are selected in object 'Object Repository/Motorcycle/Searching Failed/select_Status                              _ebcc15'  using regular expression

2023-07-14 14:09:52 - [TEST_STEP][PASSED] - selectOptionByValue(findTestObject("Object Repository/Motorcycle/Searching Failed/select_Status                              _ebcc15"), "Dibatalkan", true): All options with value 'Dibatalkan' are selected in object 'Object Repository/Motorcycle/Searching Failed/select_Status                              _ebcc15'  using regular expression

2023-07-14 14:09:54 - [MESSAGE][PASSED] - All options with value 'Dibatalkan' are selected in object 'Object Repository/Motorcycle/Searching Failed/select_Status                              _ebcc15'  using regular expression

2023-07-14 14:09:54 - [TEST_STEP][PASSED] - refresh(): Refresh successfully

2023-07-14 14:09:54 - [MESSAGE][PASSED] - Refresh successfully

2023-07-14 14:09:54 - [TEST_STEP][PASSED] - setText(findTestObject("Object Repository/Motorcycle/Searching Failed/input_List Motorcycle Transaction BliCicil _ec3f45"), "jenaka"): Text 'jenaka' is set on object 'Object Repository/Motorcycle/Searching Failed/input_List Motorcycle Transaction BliCicil _ec3f45'

2023-07-14 14:09:55 - [MESSAGE][PASSED] - Text 'jenaka' is set on object 'Object Repository/Motorcycle/Searching Failed/input_List Motorcycle Transaction BliCicil _ec3f45'

2023-07-14 14:09:55 - [TEST_STEP][PASSED] - sendKeys(findTestObject("Object Repository/Motorcycle/Searching Failed/input_List Motorcycle Transaction BliCicil _ec3f45"), Keys.chord(ENTER)): Keys 'ENTER + ' sent to object: 'Object Repository/Motorcycle/Searching Failed/input_List Motorcycle Transaction BliCicil _ec3f45'

2023-07-14 14:09:56 - [MESSAGE][PASSED] - Keys 'ENTER + ' sent to object: 'Object Repository/Motorcycle/Searching Failed/input_List Motorcycle Transaction BliCicil _ec3f45'

2023-07-14 14:09:56 - [TEST_STEP][PASSED] - click(findTestObject("Object Repository/Motorcycle/Searching Failed/input_List Motorcycle Transaction BliCicil _539eaf")): Object: 'Object Repository/Motorcycle/Searching Failed/input_List Motorcycle Transaction BliCicil _539eaf' is clicked on

2023-07-14 14:09:56 - [MESSAGE][PASSED] - Object: 'Object Repository/Motorcycle/Searching Failed/input_List Motorcycle Transaction BliCicil _539eaf' is clicked on

2023-07-14 14:09:56 - [TEST_STEP][PASSED] - click(findTestObject("Object Repository/Motorcycle/Searching Failed/li_Yesterday")): Object: 'Object Repository/Motorcycle/Searching Failed/li_Yesterday' is clicked on

2023-07-14 14:09:57 - [MESSAGE][PASSED] - Object: 'Object Repository/Motorcycle/Searching Failed/li_Yesterday' is clicked on

2023-07-14 14:09:57 - [TEST_STEP][PASSED] - click(findTestObject("Object Repository/Motorcycle/Searching Failed/input_List Motorcycle Transaction BliCicil _539eaf")): Object: 'Object Repository/Motorcycle/Searching Failed/input_List Motorcycle Transaction BliCicil _539eaf' is clicked on

2023-07-14 14:09:57 - [MESSAGE][PASSED] - Object: 'Object Repository/Motorcycle/Searching Failed/input_List Motorcycle Transaction BliCicil _539eaf' is clicked on

2023-07-14 14:09:57 - [TEST_STEP][PASSED] - click(findTestObject("Object Repository/Motorcycle/Searching Failed/li_Today")): Object: 'Object Repository/Motorcycle/Searching Failed/li_Today' is clicked on

2023-07-14 14:09:58 - [MESSAGE][PASSED] - Object: 'Object Repository/Motorcycle/Searching Failed/li_Today' is clicked on

2023-07-14 14:09:58 - [TEST_STEP][PASSED] - click(findTestObject("Object Repository/Motorcycle/Searching Failed/input_List Motorcycle Transaction BliCicil _539eaf")): Object: 'Object Repository/Motorcycle/Searching Failed/input_List Motorcycle Transaction BliCicil _539eaf' is clicked on

2023-07-14 14:09:58 - [MESSAGE][PASSED] - Object: 'Object Repository/Motorcycle/Searching Failed/input_List Motorcycle Transaction BliCicil _539eaf' is clicked on

2023-07-14 14:09:58 - [TEST_STEP][PASSED] - click(findTestObject("Object Repository/Motorcycle/Searching Failed/li_Last 7 Days")): Object: 'Object Repository/Motorcycle/Searching Failed/li_Last 7 Days' is clicked on

2023-07-14 14:09:59 - [MESSAGE][PASSED] - Object: 'Object Repository/Motorcycle/Searching Failed/li_Last 7 Days' is clicked on

2023-07-14 14:09:59 - [TEST_STEP][PASSED] - click(findTestObject("Object Repository/Motorcycle/Searching Failed/input_List Motorcycle Transaction BliCicil _539eaf")): Object: 'Object Repository/Motorcycle/Searching Failed/input_List Motorcycle Transaction BliCicil _539eaf' is clicked on

2023-07-14 14:10:00 - [MESSAGE][PASSED] - Object: 'Object Repository/Motorcycle/Searching Failed/input_List Motorcycle Transaction BliCicil _539eaf' is clicked on

2023-07-14 14:10:00 - [TEST_STEP][PASSED] - click(findTestObject("Object Repository/Motorcycle/Searching Failed/li_Last 30 Days")): Object: 'Object Repository/Motorcycle/Searching Failed/li_Last 30 Days' is clicked on

2023-07-14 14:10:00 - [MESSAGE][PASSED] - Object: 'Object Repository/Motorcycle/Searching Failed/li_Last 30 Days' is clicked on

2023-07-14 14:10:00 - [TEST_STEP][PASSED] - click(findTestObject("Object Repository/Motorcycle/Searching Failed/input_List Motorcycle Transaction BliCicil _539eaf")): Object: 'Object Repository/Motorcycle/Searching Failed/input_List Motorcycle Transaction BliCicil _539eaf' is clicked on

2023-07-14 14:10:01 - [MESSAGE][PASSED] - Object: 'Object Repository/Motorcycle/Searching Failed/input_List Motorcycle Transaction BliCicil _539eaf' is clicked on

2023-07-14 14:10:01 - [TEST_STEP][PASSED] - click(findTestObject("Object Repository/Motorcycle/Searching Failed/li_This Month")): Object: 'Object Repository/Motorcycle/Searching Failed/li_This Month' is clicked on

2023-07-14 14:10:01 - [MESSAGE][PASSED] - Object: 'Object Repository/Motorcycle/Searching Failed/li_This Month' is clicked on

2023-07-14 14:10:01 - [TEST_STEP][PASSED] - click(findTestObject("Object Repository/Motorcycle/Searching Failed/input_List Motorcycle Transaction BliCicil _539eaf")): Object: 'Object Repository/Motorcycle/Searching Failed/input_List Motorcycle Transaction BliCicil _539eaf' is clicked on

2023-07-14 14:10:02 - [MESSAGE][PASSED] - Object: 'Object Repository/Motorcycle/Searching Failed/input_List Motorcycle Transaction BliCicil _539eaf' is clicked on

2023-07-14 14:10:02 - [TEST_STEP][PASSED] - click(findTestObject("Object Repository/Motorcycle/Searching Failed/li_Last Month")): Object: 'Object Repository/Motorcycle/Searching Failed/li_Last Month' is clicked on

2023-07-14 14:10:02 - [MESSAGE][PASSED] - Object: 'Object Repository/Motorcycle/Searching Failed/li_Last Month' is clicked on

2023-07-14 14:10:02 - [TEST_STEP][PASSED] - closeBrowser(): Browser is closed

2023-07-14 14:10:03 - [MESSAGE][PASSED] - Browser is closed]]></system-out>
         <system-err><![CDATA[]]></system-err>
      </testcase>
      <testcase name="Test Cases/Motorcycle/Searching Success" time="45.776" classname="Test Cases/Motorcycle/Searching Success" status="PASSED">
         <system-out><![CDATA[2023-07-14 14:10:03 - [TEST_CASE][PASSED] - Test Cases/Motorcycle/Searching Success: Test Cases/Motorcycle/Searching Success

2023-07-14 14:10:03 - [TEST_STEP][PASSED] - openBrowser(""): Browser is opened with url: ''

2023-07-14 14:10:03 - [MESSAGE][INFO] - Starting 'Chrome' driver

2023-07-14 14:10:03 - [MESSAGE][INFO] - User set preference: ['args', '[--start-maximized]']

2023-07-14 14:10:03 - [MESSAGE][INFO] - Action delay is set to 0 milliseconds

2023-07-14 14:10:04 - [MESSAGE][PASSED] - Browser is opened with url: ''

2023-07-14 14:10:04 - [TEST_STEP][PASSED] - maximizeWindow(): Current window maximized

2023-07-14 14:10:04 - [MESSAGE][PASSED] - Current window maximized

2023-07-14 14:10:04 - [TEST_STEP][PASSED] - navigateToUrl("https://uat-dashboard.blicicil.com/auth/login"): Navigate to 'https://uat-dashboard.blicicil.com/auth/login' successfully

2023-07-14 14:10:05 - [MESSAGE][PASSED] - Navigate to 'https://uat-dashboard.blicicil.com/auth/login' successfully

2023-07-14 14:10:05 - [TEST_STEP][PASSED] - setText(findTestObject("Object Repository/Motorcycle/Searching Success/input_Email_email"), "eva.mayadila@megafinance.co.id"): Text 'eva.mayadila@megafinance.co.id' is set on object 'Object Repository/Motorcycle/Searching Success/input_Email_email'

2023-07-14 14:10:06 - [MESSAGE][PASSED] - Text 'eva.mayadila@megafinance.co.id' is set on object 'Object Repository/Motorcycle/Searching Success/input_Email_email'

2023-07-14 14:10:06 - [TEST_STEP][PASSED] - setEncryptedText(findTestObject("Object Repository/Motorcycle/Searching Success/input_Password_password"), "aeHFOx8jV/A="): Text ****** has been set on object 'Object Repository/Motorcycle/Searching Success/input_Password_password'

2023-07-14 14:10:06 - [MESSAGE][PASSED] - Text ****** has been set on object 'Object Repository/Motorcycle/Searching Success/input_Password_password'

2023-07-14 14:10:06 - [TEST_STEP][PASSED] - click(findTestObject("Object Repository/Motorcycle/Searching Success/button_Login")): Object: 'Object Repository/Motorcycle/Searching Success/button_Login' is clicked on

2023-07-14 14:10:07 - [MESSAGE][PASSED] - Object: 'Object Repository/Motorcycle/Searching Success/button_Login' is clicked on

2023-07-14 14:10:07 - [TEST_STEP][PASSED] - click(findTestObject("Object Repository/Motorcycle/Searching Success/a_Transaction")): Object: 'Object Repository/Motorcycle/Searching Success/a_Transaction' is clicked on

2023-07-14 14:10:09 - [MESSAGE][PASSED] - Object: 'Object Repository/Motorcycle/Searching Success/a_Transaction' is clicked on

2023-07-14 14:10:09 - [TEST_STEP][PASSED] - click(findTestObject("Object Repository/Motorcycle/Searching Success/a_Motorcycle")): Object: 'Object Repository/Motorcycle/Searching Success/a_Motorcycle' is clicked on

2023-07-14 14:10:09 - [MESSAGE][PASSED] - Object: 'Object Repository/Motorcycle/Searching Success/a_Motorcycle' is clicked on

2023-07-14 14:10:09 - [TEST_STEP][PASSED] - selectOptionByValue(findTestObject("Object Repository/Motorcycle/Searching Success/select_Status                              _ebcc15"), "Selesai", true): All options with value 'Selesai' are selected in object 'Object Repository/Motorcycle/Searching Success/select_Status                              _ebcc15'  using regular expression

2023-07-14 14:10:11 - [MESSAGE][PASSED] - All options with value 'Selesai' are selected in object 'Object Repository/Motorcycle/Searching Success/select_Status                              _ebcc15'  using regular expression

2023-07-14 14:10:11 - [TEST_STEP][PASSED] - click(findTestObject("Object Repository/Motorcycle/Searching Success/svg_Selesai_rotate-icon-62048ea3dc1625770b4d67f5")): Object: 'Object Repository/Motorcycle/Searching Success/svg_Selesai_rotate-icon-62048ea3dc1625770b4d67f5' is clicked on

2023-07-14 14:10:12 - [MESSAGE][PASSED] - Object: 'Object Repository/Motorcycle/Searching Success/svg_Selesai_rotate-icon-62048ea3dc1625770b4d67f5' is clicked on

2023-07-14 14:10:12 - [TEST_STEP][PASSED] - selectOptionByValue(findTestObject("Object Repository/Motorcycle/Searching Success/select_Status                              _ebcc15"), "Proses", true): All options with value 'Proses' are selected in object 'Object Repository/Motorcycle/Searching Success/select_Status                              _ebcc15'  using regular expression

2023-07-14 14:10:13 - [MESSAGE][PASSED] - All options with value 'Proses' are selected in object 'Object Repository/Motorcycle/Searching Success/select_Status                              _ebcc15'  using regular expression

2023-07-14 14:10:13 - [TEST_STEP][PASSED] - click(findTestObject("Object Repository/Motorcycle/Searching Success/svg_Proses_rotate-icon-61e28a1d1dac201b017d5bf7")): Object: 'Object Repository/Motorcycle/Searching Success/svg_Proses_rotate-icon-61e28a1d1dac201b017d5bf7' is clicked on

2023-07-14 14:10:14 - [MESSAGE][PASSED] - Object: 'Object Repository/Motorcycle/Searching Success/svg_Proses_rotate-icon-61e28a1d1dac201b017d5bf7' is clicked on

2023-07-14 14:10:14 - [TEST_STEP][PASSED] - selectOptionByValue(findTestObject("Object Repository/Motorcycle/Searching Success/select_Status                              _ebcc15"), "Transaksi", true): All options with value 'Transaksi' are selected in object 'Object Repository/Motorcycle/Searching Success/select_Status                              _ebcc15'  using regular expression

2023-07-14 14:10:15 - [MESSAGE][PASSED] - All options with value 'Transaksi' are selected in object 'Object Repository/Motorcycle/Searching Success/select_Status                              _ebcc15'  using regular expression

2023-07-14 14:10:15 - [TEST_STEP][PASSED] - selectOptionByValue(findTestObject("Object Repository/Motorcycle/Searching Success/select_Status                              _ebcc15"), "TTD Kontrak", true): All options with value 'TTD Kontrak' are selected in object 'Object Repository/Motorcycle/Searching Success/select_Status                              _ebcc15'  using regular expression

2023-07-14 14:10:16 - [MESSAGE][PASSED] - All options with value 'TTD Kontrak' are selected in object 'Object Repository/Motorcycle/Searching Success/select_Status                              _ebcc15'  using regular expression

2023-07-14 14:10:16 - [TEST_STEP][PASSED] - selectOptionByValue(findTestObject("Object Repository/Motorcycle/Searching Success/select_Status                              _ebcc15"), "Ditolak", true): All options with value 'Ditolak' are selected in object 'Object Repository/Motorcycle/Searching Success/select_Status                              _ebcc15'  using regular expression

2023-07-14 14:10:18 - [MESSAGE][PASSED] - All options with value 'Ditolak' are selected in object 'Object Repository/Motorcycle/Searching Success/select_Status                              _ebcc15'  using regular expression

2023-07-14 14:10:18 - [TEST_STEP][PASSED] - click(findTestObject("Object Repository/Motorcycle/Searching Success/svg_Ditolak_rotate-icon-61e4caef3487346ae86c1884")): Object: 'Object Repository/Motorcycle/Searching Success/svg_Ditolak_rotate-icon-61e4caef3487346ae86c1884' is clicked on

2023-07-14 14:10:18 - [MESSAGE][PASSED] - Object: 'Object Repository/Motorcycle/Searching Success/svg_Ditolak_rotate-icon-61e4caef3487346ae86c1884' is clicked on

2023-07-14 14:10:18 - [TEST_STEP][PASSED] - selectOptionByValue(findTestObject("Object Repository/Motorcycle/Searching Success/select_Status                              _ebcc15"), "Dibatalkan", true): All options with value 'Dibatalkan' are selected in object 'Object Repository/Motorcycle/Searching Success/select_Status                              _ebcc15'  using regular expression

2023-07-14 14:10:19 - [MESSAGE][PASSED] - All options with value 'Dibatalkan' are selected in object 'Object Repository/Motorcycle/Searching Success/select_Status                              _ebcc15'  using regular expression

2023-07-14 14:10:19 - [TEST_STEP][PASSED] - click(findTestObject("Object Repository/Motorcycle/Searching Success/svg_Dibatalkan_rotate-icon-6215dfba601e4b31_955332")): Object: 'Object Repository/Motorcycle/Searching Success/svg_Dibatalkan_rotate-icon-6215dfba601e4b31_955332' is clicked on

2023-07-14 14:10:20 - [MESSAGE][PASSED] - Object: 'Object Repository/Motorcycle/Searching Success/svg_Dibatalkan_rotate-icon-6215dfba601e4b31_955332' is clicked on

2023-07-14 14:10:20 - [TEST_STEP][PASSED] - click(findTestObject("Object Repository/Motorcycle/Searching Success/a_Next")): Object: 'Object Repository/Motorcycle/Searching Success/a_Next' is clicked on

2023-07-14 14:10:20 - [MESSAGE][PASSED] - Object: 'Object Repository/Motorcycle/Searching Success/a_Next' is clicked on

2023-07-14 14:10:20 - [TEST_STEP][PASSED] - click(findTestObject("Object Repository/Motorcycle/Searching Success/a_Previous")): Object: 'Object Repository/Motorcycle/Searching Success/a_Previous' is clicked on

2023-07-14 14:10:21 - [MESSAGE][PASSED] - Object: 'Object Repository/Motorcycle/Searching Success/a_Previous' is clicked on

2023-07-14 14:10:21 - [TEST_STEP][PASSED] - refresh(): Refresh successfully

2023-07-14 14:10:21 - [MESSAGE][PASSED] - Refresh successfully

2023-07-14 14:10:21 - [TEST_STEP][PASSED] - click(findTestObject("Object Repository/Motorcycle/Searching Success/input_List Motorcycle Transaction BliCicil _539eaf")): Object: 'Object Repository/Motorcycle/Searching Success/input_List Motorcycle Transaction BliCicil _539eaf' is clicked on

2023-07-14 14:10:22 - [MESSAGE][PASSED] - Object: 'Object Repository/Motorcycle/Searching Success/input_List Motorcycle Transaction BliCicil _539eaf' is clicked on

2023-07-14 14:10:22 - [TEST_STEP][PASSED] - click(findTestObject("Object Repository/Motorcycle/Searching Success/li_Yesterday")): Object: 'Object Repository/Motorcycle/Searching Success/li_Yesterday' is clicked on

2023-07-14 14:10:23 - [MESSAGE][PASSED] - Object: 'Object Repository/Motorcycle/Searching Success/li_Yesterday' is clicked on

2023-07-14 14:10:23 - [TEST_STEP][PASSED] - click(findTestObject("Object Repository/Motorcycle/Searching Success/input_List Motorcycle Transaction BliCicil _539eaf")): Object: 'Object Repository/Motorcycle/Searching Success/input_List Motorcycle Transaction BliCicil _539eaf' is clicked on

2023-07-14 14:10:24 - [MESSAGE][PASSED] - Object: 'Object Repository/Motorcycle/Searching Success/input_List Motorcycle Transaction BliCicil _539eaf' is clicked on

2023-07-14 14:10:24 - [TEST_STEP][PASSED] - click(findTestObject("Object Repository/Motorcycle/Searching Success/li_Today")): Object: 'Object Repository/Motorcycle/Searching Success/li_Today' is clicked on

2023-07-14 14:10:24 - [MESSAGE][PASSED] - Object: 'Object Repository/Motorcycle/Searching Success/li_Today' is clicked on

2023-07-14 14:10:24 - [TEST_STEP][PASSED] - click(findTestObject("Object Repository/Motorcycle/Searching Success/input_List Motorcycle Transaction BliCicil _539eaf")): Object: 'Object Repository/Motorcycle/Searching Success/input_List Motorcycle Transaction BliCicil _539eaf' is clicked on

2023-07-14 14:10:25 - [MESSAGE][PASSED] - Object: 'Object Repository/Motorcycle/Searching Success/input_List Motorcycle Transaction BliCicil _539eaf' is clicked on

2023-07-14 14:10:25 - [TEST_STEP][PASSED] - click(findTestObject("Object Repository/Motorcycle/Searching Success/li_Last 7 Days")): Object: 'Object Repository/Motorcycle/Searching Success/li_Last 7 Days' is clicked on

2023-07-14 14:10:25 - [MESSAGE][PASSED] - Object: 'Object Repository/Motorcycle/Searching Success/li_Last 7 Days' is clicked on

2023-07-14 14:10:25 - [TEST_STEP][PASSED] - click(findTestObject("Object Repository/Motorcycle/Searching Success/input_List Motorcycle Transaction BliCicil _539eaf")): Object: 'Object Repository/Motorcycle/Searching Success/input_List Motorcycle Transaction BliCicil _539eaf' is clicked on

2023-07-14 14:10:26 - [MESSAGE][PASSED] - Object: 'Object Repository/Motorcycle/Searching Success/input_List Motorcycle Transaction BliCicil _539eaf' is clicked on

2023-07-14 14:10:26 - [TEST_STEP][PASSED] - click(findTestObject("Object Repository/Motorcycle/Searching Success/li_Last 30 Days")): Object: 'Object Repository/Motorcycle/Searching Success/li_Last 30 Days' is clicked on

2023-07-14 14:10:26 - [MESSAGE][PASSED] - Object: 'Object Repository/Motorcycle/Searching Success/li_Last 30 Days' is clicked on

2023-07-14 14:10:26 - [TEST_STEP][PASSED] - click(findTestObject("Object Repository/Motorcycle/Searching Success/svg_Proses_rotate-icon-64901e74c58fba0dae4dff85")): Object: 'Object Repository/Motorcycle/Searching Success/svg_Proses_rotate-icon-64901e74c58fba0dae4dff85' is clicked on

2023-07-14 14:10:27 - [MESSAGE][PASSED] - Object: 'Object Repository/Motorcycle/Searching Success/svg_Proses_rotate-icon-64901e74c58fba0dae4dff85' is clicked on

2023-07-14 14:10:27 - [TEST_STEP][PASSED] - click(findTestObject("Object Repository/Motorcycle/Searching Success/input_List Motorcycle Transaction BliCicil _539eaf")): Object: 'Object Repository/Motorcycle/Searching Success/input_List Motorcycle Transaction BliCicil _539eaf' is clicked on

2023-07-14 14:10:27 - [MESSAGE][PASSED] - Object: 'Object Repository/Motorcycle/Searching Success/input_List Motorcycle Transaction BliCicil _539eaf' is clicked on

2023-07-14 14:10:27 - [TEST_STEP][PASSED] - click(findTestObject("Object Repository/Motorcycle/Searching Success/li_This Month")): Object: 'Object Repository/Motorcycle/Searching Success/li_This Month' is clicked on

2023-07-14 14:10:28 - [MESSAGE][PASSED] - Object: 'Object Repository/Motorcycle/Searching Success/li_This Month' is clicked on

2023-07-14 14:10:28 - [TEST_STEP][PASSED] - click(findTestObject("Object Repository/Motorcycle/Searching Success/svg_Proses_rotate-icon-64a77b45c58fba0dae4e017a")): Object: 'Object Repository/Motorcycle/Searching Success/svg_Proses_rotate-icon-64a77b45c58fba0dae4e017a' is clicked on

2023-07-14 14:10:28 - [MESSAGE][PASSED] - Object: 'Object Repository/Motorcycle/Searching Success/svg_Proses_rotate-icon-64a77b45c58fba0dae4e017a' is clicked on

2023-07-14 14:10:28 - [TEST_STEP][PASSED] - click(findTestObject("Object Repository/Motorcycle/Searching Success/input_List Motorcycle Transaction BliCicil _539eaf")): Object: 'Object Repository/Motorcycle/Searching Success/input_List Motorcycle Transaction BliCicil _539eaf' is clicked on

2023-07-14 14:10:29 - [MESSAGE][PASSED] - Object: 'Object Repository/Motorcycle/Searching Success/input_List Motorcycle Transaction BliCicil _539eaf' is clicked on

2023-07-14 14:10:29 - [TEST_STEP][PASSED] - click(findTestObject("Object Repository/Motorcycle/Searching Success/li_Last Month")): Object: 'Object Repository/Motorcycle/Searching Success/li_Last Month' is clicked on

2023-07-14 14:10:29 - [MESSAGE][PASSED] - Object: 'Object Repository/Motorcycle/Searching Success/li_Last Month' is clicked on

2023-07-14 14:10:29 - [TEST_STEP][PASSED] - click(findTestObject("Object Repository/Motorcycle/Searching Success/svg_Proses_rotate-icon-64901e74c58fba0dae4dff85")): Object: 'Object Repository/Motorcycle/Searching Success/svg_Proses_rotate-icon-64901e74c58fba0dae4dff85' is clicked on

2023-07-14 14:10:30 - [MESSAGE][PASSED] - Object: 'Object Repository/Motorcycle/Searching Success/svg_Proses_rotate-icon-64901e74c58fba0dae4dff85' is clicked on

2023-07-14 14:10:30 - [TEST_STEP][PASSED] - click(findTestObject("Object Repository/Motorcycle/Searching Success/input_List Motorcycle Transaction BliCicil _539eaf")): Object: 'Object Repository/Motorcycle/Searching Success/input_List Motorcycle Transaction BliCicil _539eaf' is clicked on

2023-07-14 14:10:30 - [MESSAGE][PASSED] - Object: 'Object Repository/Motorcycle/Searching Success/input_List Motorcycle Transaction BliCicil _539eaf' is clicked on

2023-07-14 14:10:30 - [TEST_STEP][PASSED] - click(findTestObject("Object Repository/Motorcycle/Searching Success/th_Custom Range_prev available")): Object: 'Object Repository/Motorcycle/Searching Success/th_Custom Range_prev available' is clicked on

2023-07-14 14:10:31 - [MESSAGE][PASSED] - Object: 'Object Repository/Motorcycle/Searching Success/th_Custom Range_prev available' is clicked on

2023-07-14 14:10:31 - [TEST_STEP][PASSED] - click(findTestObject("Object Repository/Motorcycle/Searching Success/th_Custom Range_prev available")): Object: 'Object Repository/Motorcycle/Searching Success/th_Custom Range_prev available' is clicked on

2023-07-14 14:10:31 - [MESSAGE][PASSED] - Object: 'Object Repository/Motorcycle/Searching Success/th_Custom Range_prev available' is clicked on

2023-07-14 14:10:31 - [TEST_STEP][PASSED] - click(findTestObject("Object Repository/Motorcycle/Searching Success/th_Custom Range_prev available")): Object: 'Object Repository/Motorcycle/Searching Success/th_Custom Range_prev available' is clicked on

2023-07-14 14:10:32 - [MESSAGE][PASSED] - Object: 'Object Repository/Motorcycle/Searching Success/th_Custom Range_prev available' is clicked on

2023-07-14 14:10:32 - [TEST_STEP][PASSED] - click(findTestObject("Object Repository/Motorcycle/Searching Success/th_Custom Range_prev available")): Object: 'Object Repository/Motorcycle/Searching Success/th_Custom Range_prev available' is clicked on

2023-07-14 14:10:32 - [MESSAGE][PASSED] - Object: 'Object Repository/Motorcycle/Searching Success/th_Custom Range_prev available' is clicked on

2023-07-14 14:10:32 - [TEST_STEP][PASSED] - click(findTestObject("Object Repository/Motorcycle/Searching Success/th_Custom Range_prev available")): Object: 'Object Repository/Motorcycle/Searching Success/th_Custom Range_prev available' is clicked on

2023-07-14 14:10:33 - [MESSAGE][PASSED] - Object: 'Object Repository/Motorcycle/Searching Success/th_Custom Range_prev available' is clicked on

2023-07-14 14:10:33 - [TEST_STEP][PASSED] - click(findTestObject("Object Repository/Motorcycle/Searching Success/button_Apply")): Object: 'Object Repository/Motorcycle/Searching Success/button_Apply' is clicked on

2023-07-14 14:10:33 - [MESSAGE][PASSED] - Object: 'Object Repository/Motorcycle/Searching Success/button_Apply' is clicked on

2023-07-14 14:10:33 - [TEST_STEP][PASSED] - refresh(): Refresh successfully

2023-07-14 14:10:34 - [MESSAGE][PASSED] - Refresh successfully

2023-07-14 14:10:34 - [TEST_STEP][PASSED] - setText(findTestObject("Object Repository/Motorcycle/Searching Success/input_List Motorcycle Transaction BliCicil _ec3f45"), "RADITHYA"): Text 'RADITHYA' is set on object 'Object Repository/Motorcycle/Searching Success/input_List Motorcycle Transaction BliCicil _ec3f45'

2023-07-14 14:10:35 - [MESSAGE][PASSED] - Text 'RADITHYA' is set on object 'Object Repository/Motorcycle/Searching Success/input_List Motorcycle Transaction BliCicil _ec3f45'

2023-07-14 14:10:35 - [TEST_STEP][PASSED] - sendKeys(findTestObject("Object Repository/Motorcycle/Searching Success/input_List Motorcycle Transaction BliCicil _ec3f45"), Keys.chord(ENTER)): Keys 'ENTER + ' sent to object: 'Object Repository/Motorcycle/Searching Success/input_List Motorcycle Transaction BliCicil _ec3f45'

2023-07-14 14:10:36 - [MESSAGE][PASSED] - Keys 'ENTER + ' sent to object: 'Object Repository/Motorcycle/Searching Success/input_List Motorcycle Transaction BliCicil _ec3f45'

2023-07-14 14:10:36 - [TEST_STEP][PASSED] - click(findTestObject("Object Repository/Motorcycle/Searching Success/svg_Ditolak_rotate-icon-61e4c8d1b4aaa3728e4c8e32")): Object: 'Object Repository/Motorcycle/Searching Success/svg_Ditolak_rotate-icon-61e4c8d1b4aaa3728e4c8e32' is clicked on

2023-07-14 14:10:36 - [MESSAGE][PASSED] - Object: 'Object Repository/Motorcycle/Searching Success/svg_Ditolak_rotate-icon-61e4c8d1b4aaa3728e4c8e32' is clicked on

2023-07-14 14:10:36 - [TEST_STEP][PASSED] - refresh(): Refresh successfully

2023-07-14 14:10:37 - [MESSAGE][PASSED] - Refresh successfully

2023-07-14 14:10:37 - [TEST_STEP][PASSED] - setText(findTestObject("Object Repository/Motorcycle/Searching Success/input_List Motorcycle Transaction BliCicil _ec3f45"), "KURNIA"): Text 'KURNIA' is set on object 'Object Repository/Motorcycle/Searching Success/input_List Motorcycle Transaction BliCicil _ec3f45'

2023-07-14 14:10:38 - [MESSAGE][PASSED] - Text 'KURNIA' is set on object 'Object Repository/Motorcycle/Searching Success/input_List Motorcycle Transaction BliCicil _ec3f45'

2023-07-14 14:10:38 - [TEST_STEP][PASSED] - click(findTestObject("Object Repository/Motorcycle/Searching Success/svg_Dibatalkan_rotate-icon-62012045fe99524a_db6627")): Object: 'Object Repository/Motorcycle/Searching Success/svg_Dibatalkan_rotate-icon-62012045fe99524a_db6627' is clicked on

2023-07-14 14:10:38 - [MESSAGE][PASSED] - Object: 'Object Repository/Motorcycle/Searching Success/svg_Dibatalkan_rotate-icon-62012045fe99524a_db6627' is clicked on

2023-07-14 14:10:38 - [TEST_STEP][PASSED] - click(findTestObject("Object Repository/Motorcycle/Searching Success/svg_Dibatalkan_rotate-icon-62012045fe99524a_db6627")): Object: 'Object Repository/Motorcycle/Searching Success/svg_Dibatalkan_rotate-icon-62012045fe99524a_db6627' is clicked on

2023-07-14 14:10:39 - [MESSAGE][PASSED] - Object: 'Object Repository/Motorcycle/Searching Success/svg_Dibatalkan_rotate-icon-62012045fe99524a_db6627' is clicked on

2023-07-14 14:10:39 - [TEST_STEP][PASSED] - click(findTestObject("Object Repository/Motorcycle/Searching Success/a_Next")): Object: 'Object Repository/Motorcycle/Searching Success/a_Next' is clicked on

2023-07-14 14:10:40 - [MESSAGE][PASSED] - Object: 'Object Repository/Motorcycle/Searching Success/a_Next' is clicked on

2023-07-14 14:10:40 - [TEST_STEP][PASSED] - click(findTestObject("Object Repository/Motorcycle/Searching Success/a_Previous")): Object: 'Object Repository/Motorcycle/Searching Success/a_Previous' is clicked on

2023-07-14 14:10:40 - [MESSAGE][PASSED] - Object: 'Object Repository/Motorcycle/Searching Success/a_Previous' is clicked on

2023-07-14 14:10:40 - [TEST_STEP][PASSED] - selectOptionByValue(findTestObject("Object Repository/Motorcycle/Searching Success/select_Status                              _ebcc15"), "Selesai", true): All options with value 'Selesai' are selected in object 'Object Repository/Motorcycle/Searching Success/select_Status                              _ebcc15'  using regular expression

2023-07-14 14:10:41 - [MESSAGE][PASSED] - All options with value 'Selesai' are selected in object 'Object Repository/Motorcycle/Searching Success/select_Status                              _ebcc15'  using regular expression

2023-07-14 14:10:41 - [TEST_STEP][PASSED] - selectOptionByValue(findTestObject("Object Repository/Motorcycle/Searching Success/select_Status                              _ebcc15"), "Proses", true): All options with value 'Proses' are selected in object 'Object Repository/Motorcycle/Searching Success/select_Status                              _ebcc15'  using regular expression

2023-07-14 14:10:43 - [MESSAGE][PASSED] - All options with value 'Proses' are selected in object 'Object Repository/Motorcycle/Searching Success/select_Status                              _ebcc15'  using regular expression

2023-07-14 14:10:43 - [TEST_STEP][PASSED] - selectOptionByValue(findTestObject("Object Repository/Motorcycle/Searching Success/select_Status                              _ebcc15"), "Transaksi", true): All options with value 'Transaksi' are selected in object 'Object Repository/Motorcycle/Searching Success/select_Status                              _ebcc15'  using regular expression

2023-07-14 14:10:44 - [MESSAGE][PASSED] - All options with value 'Transaksi' are selected in object 'Object Repository/Motorcycle/Searching Success/select_Status                              _ebcc15'  using regular expression

2023-07-14 14:10:44 - [TEST_STEP][PASSED] - selectOptionByValue(findTestObject("Object Repository/Motorcycle/Searching Success/select_Status                              _ebcc15"), "TTD Kontrak", true): All options with value 'TTD Kontrak' are selected in object 'Object Repository/Motorcycle/Searching Success/select_Status                              _ebcc15'  using regular expression

2023-07-14 14:10:45 - [MESSAGE][PASSED] - All options with value 'TTD Kontrak' are selected in object 'Object Repository/Motorcycle/Searching Success/select_Status                              _ebcc15'  using regular expression

2023-07-14 14:10:45 - [TEST_STEP][PASSED] - selectOptionByValue(findTestObject("Object Repository/Motorcycle/Searching Success/select_Status                              _ebcc15"), "Ditolak", true): All options with value 'Ditolak' are selected in object 'Object Repository/Motorcycle/Searching Success/select_Status                              _ebcc15'  using regular expression

2023-07-14 14:10:47 - [MESSAGE][PASSED] - All options with value 'Ditolak' are selected in object 'Object Repository/Motorcycle/Searching Success/select_Status                              _ebcc15'  using regular expression

2023-07-14 14:10:47 - [TEST_STEP][PASSED] - selectOptionByValue(findTestObject("Object Repository/Motorcycle/Searching Success/select_Status                              _ebcc15"), "Dibatalkan", true): All options with value 'Dibatalkan' are selected in object 'Object Repository/Motorcycle/Searching Success/select_Status                              _ebcc15'  using regular expression

2023-07-14 14:10:48 - [MESSAGE][PASSED] - All options with value 'Dibatalkan' are selected in object 'Object Repository/Motorcycle/Searching Success/select_Status                              _ebcc15'  using regular expression

2023-07-14 14:10:48 - [TEST_STEP][PASSED] - closeBrowser(STOP_ON_FAILURE): Browser is closed

2023-07-14 14:10:49 - [MESSAGE][PASSED] - Browser is closed]]></system-out>
         <system-err><![CDATA[]]></system-err>
      </testcase>
      <system-out><![CDATA[2023-07-14 14:09:22 - [TEST_SUITE][PASSED] - Motorcycle: Test Cases/Motorcycle/Searching Success]]></system-out>
      <system-err><![CDATA[]]></system-err>
   </testsuite>
</testsuites>
