<?xml version="1.0" encoding="UTF-8"?>
<testsuites name="FAQ" time="46.262" tests="3" failures="0" errors="0">
   <testsuite name="FAQ" tests="3" failures="0" errors="0" time="46.262" skipped="0" timestamp="2023-07-14 15:08:09" hostname="202102359 - KPO-Blicicil.pdc.megafinance.co.id" id="Test Suites/FAQ">
      <properties>
         <property name="deviceName" value=""/>
         <property name="devicePlatform" value=""/>
         <property name="logFolder" value="C:\\Users\\202102359\\git\\blicicil-dashboard-uat\\Reports\\20230714_150808\\FAQ\\20230714_150808"/>
         <property name="logFiles" value="C:\\Users\\202102359\\git\\blicicil-dashboard-uat\\Reports\\20230714_150808\\FAQ\\20230714_150808\\execution0.log"/>
         <property name="attachments" value=""/>
         <property name="hostName" value="202102359 - KPO-Blicicil.pdc.megafinance.co.id"/>
         <property name="os" value="Windows 10 64bit"/>
         <property name="katalonVersion" value="8.6.0.208"/>
         <property name="browser" value="Chrome 114.0.0.0"/>
         <property name="hostAddress" value="192.168.16.53"/>
         <property name="sessionId" value="37554eb5bbb54bf1765cd8eb38545cb4"/>
         <property name="seleniumVersion" value="3.141.59"/>
         <property name="proxyInformation" value="ProxyInformation { proxyOption=NO_PROXY, proxyServerType=HTTP, username=, password=********, proxyServerAddress=, proxyServerPort=0, executionList=&quot;&quot;, isApplyToDesiredCapabilities=true }"/>
         <property name="platform" value="Windows 10"/>
      </properties>
      <testcase name="Test Cases/FAQS/Success/Searching Success" time="19.773" classname="Test Cases/FAQS/Success/Searching Success" status="PASSED">
         <system-out><![CDATA[2023-07-14 15:08:10 - [TEST_CASE][PASSED] - Test Cases/FAQS/Success/Searching Success: Test Cases/FAQS/Success/Searching Success

2023-07-14 15:08:10 - [TEST_STEP][PASSED] - openBrowser(""): Browser is opened with url: ''

2023-07-14 15:08:10 - [MESSAGE][INFO] - Starting 'Chrome' driver

2023-07-14 15:08:10 - [MESSAGE][INFO] - User set preference: ['args', '[--start-maximized]']

2023-07-14 15:08:10 - [MESSAGE][INFO] - Action delay is set to 0 milliseconds

2023-07-14 15:08:12 - [MESSAGE][PASSED] - Browser is opened with url: ''

2023-07-14 15:08:12 - [TEST_STEP][PASSED] - maximizeWindow(): Current window maximized

2023-07-14 15:08:12 - [MESSAGE][PASSED] - Current window maximized

2023-07-14 15:08:12 - [TEST_STEP][PASSED] - navigateToUrl("https://uat-dashboard.blicicil.com/auth/login"): Navigate to 'https://uat-dashboard.blicicil.com/auth/login' successfully

2023-07-14 15:08:13 - [MESSAGE][PASSED] - Navigate to 'https://uat-dashboard.blicicil.com/auth/login' successfully

2023-07-14 15:08:13 - [TEST_STEP][PASSED] - setText(findTestObject("Object Repository/FAQS/Searching Success/input_Email_email"), "eva.mayadila@megafinance.co.id"): Text 'eva.mayadila@megafinance.co.id' is set on object 'Object Repository/FAQS/Searching Success/input_Email_email'

2023-07-14 15:08:14 - [MESSAGE][PASSED] - Text 'eva.mayadila@megafinance.co.id' is set on object 'Object Repository/FAQS/Searching Success/input_Email_email'

2023-07-14 15:08:14 - [TEST_STEP][PASSED] - setEncryptedText(findTestObject("Object Repository/FAQS/Searching Success/input_Password_password"), "aeHFOx8jV/A="): Text ****** has been set on object 'Object Repository/FAQS/Searching Success/input_Password_password'

2023-07-14 15:08:14 - [MESSAGE][PASSED] - Text ****** has been set on object 'Object Repository/FAQS/Searching Success/input_Password_password'

2023-07-14 15:08:14 - [TEST_STEP][PASSED] - click(findTestObject("Object Repository/FAQS/Searching Success/button_Login")): Object: 'Object Repository/FAQS/Searching Success/button_Login' is clicked on

2023-07-14 15:08:15 - [MESSAGE][PASSED] - Object: 'Object Repository/FAQS/Searching Success/button_Login' is clicked on

2023-07-14 15:08:15 - [TEST_STEP][PASSED] - click(findTestObject("Object Repository/FAQS/Searching Success/a_FAQ")): Object: 'Object Repository/FAQS/Searching Success/a_FAQ' is clicked on

2023-07-14 15:08:17 - [MESSAGE][PASSED] - Object: 'Object Repository/FAQS/Searching Success/a_FAQ' is clicked on

2023-07-14 15:08:17 - [TEST_STEP][PASSED] - setText(findTestObject("Object Repository/FAQS/Searching Success/input_Search_form-control form-control-sm"), "Limit Kredit"): Text 'Limit Kredit' is set on object 'Object Repository/FAQS/Searching Success/input_Search_form-control form-control-sm'

2023-07-14 15:08:18 - [MESSAGE][PASSED] - Text 'Limit Kredit' is set on object 'Object Repository/FAQS/Searching Success/input_Search_form-control form-control-sm'

2023-07-14 15:08:18 - [TEST_STEP][PASSED] - sendKeys(findTestObject("Object Repository/FAQS/Searching Success/input_Search_form-control form-control-sm"), Keys.chord(ENTER)): Keys 'ENTER + ' sent to object: 'Object Repository/FAQS/Searching Success/input_Search_form-control form-control-sm'

2023-07-14 15:08:19 - [MESSAGE][PASSED] - Keys 'ENTER + ' sent to object: 'Object Repository/FAQS/Searching Success/input_Search_form-control form-control-sm'

2023-07-14 15:08:19 - [TEST_STEP][PASSED] - click(findTestObject("Object Repository/FAQS/Searching Success/button_Publish")): Object: 'Object Repository/FAQS/Searching Success/button_Publish' is clicked on

2023-07-14 15:08:19 - [MESSAGE][PASSED] - Object: 'Object Repository/FAQS/Searching Success/button_Publish' is clicked on

2023-07-14 15:08:19 - [TEST_STEP][PASSED] - click(findTestObject("Object Repository/FAQS/Searching Success/button_No")): Object: 'Object Repository/FAQS/Searching Success/button_No' is clicked on

2023-07-14 15:08:20 - [MESSAGE][PASSED] - Object: 'Object Repository/FAQS/Searching Success/button_No' is clicked on

2023-07-14 15:08:20 - [TEST_STEP][PASSED] - click(findTestObject("Object Repository/FAQS/Searching Success/button_Publish")): Object: 'Object Repository/FAQS/Searching Success/button_Publish' is clicked on

2023-07-14 15:08:20 - [MESSAGE][PASSED] - Object: 'Object Repository/FAQS/Searching Success/button_Publish' is clicked on

2023-07-14 15:08:20 - [TEST_STEP][PASSED] - click(findTestObject("Object Repository/FAQS/Searching Success/button_Yes")): Object: 'Object Repository/FAQS/Searching Success/button_Yes' is clicked on

2023-07-14 15:08:21 - [MESSAGE][PASSED] - Object: 'Object Repository/FAQS/Searching Success/button_Yes' is clicked on

2023-07-14 15:08:21 - [TEST_STEP][PASSED] - delay(2): Delayed 2 second(s)

2023-07-14 15:08:23 - [MESSAGE][PASSED] - Delayed 2 second(s)

2023-07-14 15:08:23 - [TEST_STEP][PASSED] - refresh(): Refresh successfully

2023-07-14 15:08:23 - [MESSAGE][PASSED] - Refresh successfully

2023-07-14 15:08:23 - [TEST_STEP][PASSED] - setText(findTestObject("Object Repository/FAQS/Searching Success/input_Search_form-control form-control-sm"), "modal instan"): Text 'modal instan' is set on object 'Object Repository/FAQS/Searching Success/input_Search_form-control form-control-sm'

2023-07-14 15:08:24 - [MESSAGE][PASSED] - Text 'modal instan' is set on object 'Object Repository/FAQS/Searching Success/input_Search_form-control form-control-sm'

2023-07-14 15:08:24 - [TEST_STEP][PASSED] - sendKeys(findTestObject("Object Repository/FAQS/Searching Success/input_Search_form-control form-control-sm"), Keys.chord(ENTER)): Keys 'ENTER + ' sent to object: 'Object Repository/FAQS/Searching Success/input_Search_form-control form-control-sm'

2023-07-14 15:08:25 - [MESSAGE][PASSED] - Keys 'ENTER + ' sent to object: 'Object Repository/FAQS/Searching Success/input_Search_form-control form-control-sm'

2023-07-14 15:08:25 - [TEST_STEP][PASSED] - click(findTestObject("Object Repository/FAQS/Searching Success/button_Unpublish")): Object: 'Object Repository/FAQS/Searching Success/button_Unpublish' is clicked on

2023-07-14 15:08:25 - [MESSAGE][PASSED] - Object: 'Object Repository/FAQS/Searching Success/button_Unpublish' is clicked on

2023-07-14 15:08:25 - [TEST_STEP][PASSED] - click(findTestObject("Object Repository/FAQS/Searching Success/button_No")): Object: 'Object Repository/FAQS/Searching Success/button_No' is clicked on

2023-07-14 15:08:26 - [MESSAGE][PASSED] - Object: 'Object Repository/FAQS/Searching Success/button_No' is clicked on

2023-07-14 15:08:26 - [TEST_STEP][PASSED] - click(findTestObject("Object Repository/FAQS/Searching Success/button_Unpublish")): Object: 'Object Repository/FAQS/Searching Success/button_Unpublish' is clicked on

2023-07-14 15:08:26 - [MESSAGE][PASSED] - Object: 'Object Repository/FAQS/Searching Success/button_Unpublish' is clicked on

2023-07-14 15:08:26 - [TEST_STEP][PASSED] - click(findTestObject("Object Repository/FAQS/Searching Success/button_Yes")): Object: 'Object Repository/FAQS/Searching Success/button_Yes' is clicked on

2023-07-14 15:08:27 - [MESSAGE][PASSED] - Object: 'Object Repository/FAQS/Searching Success/button_Yes' is clicked on

2023-07-14 15:08:27 - [TEST_STEP][PASSED] - delay(2): Delayed 2 second(s)

2023-07-14 15:08:29 - [MESSAGE][PASSED] - Delayed 2 second(s)

2023-07-14 15:08:29 - [TEST_STEP][PASSED] - closeBrowser(): Browser is closed

2023-07-14 15:08:29 - [MESSAGE][PASSED] - Browser is closed]]></system-out>
         <system-err><![CDATA[]]></system-err>
      </testcase>
      <testcase name="Test Cases/FAQS/Failed/Searching Failed" time="9.927" classname="Test Cases/FAQS/Failed/Searching Failed" status="PASSED">
         <system-out><![CDATA[2023-07-14 15:08:29 - [TEST_CASE][PASSED] - Test Cases/FAQS/Failed/Searching Failed: Test Cases/FAQS/Failed/Searching Failed

2023-07-14 15:08:30 - [TEST_STEP][PASSED] - openBrowser(""): Browser is opened with url: ''

2023-07-14 15:08:30 - [MESSAGE][INFO] - Starting 'Chrome' driver

2023-07-14 15:08:30 - [MESSAGE][INFO] - User set preference: ['args', '[--start-maximized]']

2023-07-14 15:08:30 - [MESSAGE][INFO] - Action delay is set to 0 milliseconds

2023-07-14 15:08:31 - [MESSAGE][PASSED] - Browser is opened with url: ''

2023-07-14 15:08:31 - [TEST_STEP][PASSED] - maximizeWindow(): Current window maximized

2023-07-14 15:08:31 - [MESSAGE][PASSED] - Current window maximized

2023-07-14 15:08:31 - [TEST_STEP][PASSED] - navigateToUrl("https://uat-dashboard.blicicil.com/auth/login"): Navigate to 'https://uat-dashboard.blicicil.com/auth/login' successfully

2023-07-14 15:08:31 - [MESSAGE][PASSED] - Navigate to 'https://uat-dashboard.blicicil.com/auth/login' successfully

2023-07-14 15:08:31 - [TEST_STEP][PASSED] - setText(findTestObject("Object Repository/FAQS/Searching Failed/input_Email_email"), "eva.mayadila@megafinance.co.id"): Text 'eva.mayadila@megafinance.co.id' is set on object 'Object Repository/FAQS/Searching Failed/input_Email_email'

2023-07-14 15:08:32 - [MESSAGE][PASSED] - Text 'eva.mayadila@megafinance.co.id' is set on object 'Object Repository/FAQS/Searching Failed/input_Email_email'

2023-07-14 15:08:32 - [TEST_STEP][PASSED] - setEncryptedText(findTestObject("Object Repository/FAQS/Searching Failed/input_Password_password"), "aeHFOx8jV/A="): Text ****** has been set on object 'Object Repository/FAQS/Searching Failed/input_Password_password'

2023-07-14 15:08:33 - [MESSAGE][PASSED] - Text ****** has been set on object 'Object Repository/FAQS/Searching Failed/input_Password_password'

2023-07-14 15:08:33 - [TEST_STEP][PASSED] - click(findTestObject("Object Repository/FAQS/Searching Failed/button_Login")): Object: 'Object Repository/FAQS/Searching Failed/button_Login' is clicked on

2023-07-14 15:08:33 - [MESSAGE][PASSED] - Object: 'Object Repository/FAQS/Searching Failed/button_Login' is clicked on

2023-07-14 15:08:33 - [TEST_STEP][PASSED] - click(findTestObject("Object Repository/FAQS/Searching Failed/a_FAQ")): Object: 'Object Repository/FAQS/Searching Failed/a_FAQ' is clicked on

2023-07-14 15:08:35 - [MESSAGE][PASSED] - Object: 'Object Repository/FAQS/Searching Failed/a_FAQ' is clicked on

2023-07-14 15:08:35 - [TEST_STEP][PASSED] - getText(findTestObject("Object Repository/FAQS/Searching Failed/div_List FAQs BliCicil Admin as            _3c8d92")): Text of object 'Object Repository/FAQS/Searching Failed/div_List FAQs BliCicil Admin as            _3c8d92' is: 'List FAQs BliCicil Admin as
New FAQ'

2023-07-14 15:08:36 - [MESSAGE][PASSED] - Text of object 'Object Repository/FAQS/Searching Failed/div_List FAQs BliCicil Admin as            _3c8d92' is: 'List FAQs BliCicil Admin as
New FAQ'

2023-07-14 15:08:36 - [TEST_STEP][PASSED] - setText(findTestObject("Object Repository/FAQS/Searching Failed/input_Search_form-control form-control-sm"), "12345678"): Text '12345678' is set on object 'Object Repository/FAQS/Searching Failed/input_Search_form-control form-control-sm'

2023-07-14 15:08:37 - [MESSAGE][PASSED] - Text '12345678' is set on object 'Object Repository/FAQS/Searching Failed/input_Search_form-control form-control-sm'

2023-07-14 15:08:37 - [TEST_STEP][PASSED] - sendKeys(findTestObject("Object Repository/FAQS/Searching Failed/input_Search_form-control form-control-sm"), Keys.chord(ENTER)): Keys 'ENTER + ' sent to object: 'Object Repository/FAQS/Searching Failed/input_Search_form-control form-control-sm'

2023-07-14 15:08:38 - [MESSAGE][PASSED] - Keys 'ENTER + ' sent to object: 'Object Repository/FAQS/Searching Failed/input_Search_form-control form-control-sm'

2023-07-14 15:08:38 - [TEST_STEP][PASSED] - setText(findTestObject("Object Repository/FAQS/Searching Failed/input_Search_form-control form-control-sm"), "products"): Text 'products' is set on object 'Object Repository/FAQS/Searching Failed/input_Search_form-control form-control-sm'

2023-07-14 15:08:38 - [MESSAGE][PASSED] - Text 'products' is set on object 'Object Repository/FAQS/Searching Failed/input_Search_form-control form-control-sm'

2023-07-14 15:08:38 - [TEST_STEP][PASSED] - sendKeys(findTestObject("Object Repository/FAQS/Searching Failed/input_Search_form-control form-control-sm"), Keys.chord(ENTER)): Keys 'ENTER + ' sent to object: 'Object Repository/FAQS/Searching Failed/input_Search_form-control form-control-sm'

2023-07-14 15:08:39 - [MESSAGE][PASSED] - Keys 'ENTER + ' sent to object: 'Object Repository/FAQS/Searching Failed/input_Search_form-control form-control-sm'

2023-07-14 15:08:39 - [TEST_STEP][PASSED] - closeBrowser(): Browser is closed

2023-07-14 15:08:39 - [MESSAGE][PASSED] - Browser is closed]]></system-out>
         <system-err><![CDATA[]]></system-err>
      </testcase>
      <testcase name="Test Cases/FAQS/Failed/Add Failed" time="16.333" classname="Test Cases/FAQS/Failed/Add Failed" status="PASSED">
         <system-out><![CDATA[2023-07-14 15:08:39 - [TEST_CASE][PASSED] - Test Cases/FAQS/Failed/Add Failed: Test Cases/FAQS/Failed/Add Failed

2023-07-14 15:08:40 - [TEST_STEP][PASSED] - openBrowser(""): Browser is opened with url: ''

2023-07-14 15:08:40 - [MESSAGE][INFO] - Starting 'Chrome' driver

2023-07-14 15:08:40 - [MESSAGE][INFO] - User set preference: ['args', '[--start-maximized]']

2023-07-14 15:08:40 - [MESSAGE][INFO] - Action delay is set to 0 milliseconds

2023-07-14 15:08:41 - [MESSAGE][PASSED] - Browser is opened with url: ''

2023-07-14 15:08:41 - [TEST_STEP][PASSED] - maximizeWindow(): Current window maximized

2023-07-14 15:08:41 - [MESSAGE][PASSED] - Current window maximized

2023-07-14 15:08:41 - [TEST_STEP][PASSED] - navigateToUrl("https://uat-dashboard.blicicil.com/auth/login"): Navigate to 'https://uat-dashboard.blicicil.com/auth/login' successfully

2023-07-14 15:08:42 - [MESSAGE][PASSED] - Navigate to 'https://uat-dashboard.blicicil.com/auth/login' successfully

2023-07-14 15:08:42 - [TEST_STEP][PASSED] - setText(findTestObject("Object Repository/FAQS/Add FAQ Failed/input_Email_email"), "eva.mayadila@megafinance.co.id"): Text 'eva.mayadila@megafinance.co.id' is set on object 'Object Repository/FAQS/Add FAQ Failed/input_Email_email'

2023-07-14 15:08:42 - [MESSAGE][PASSED] - Text 'eva.mayadila@megafinance.co.id' is set on object 'Object Repository/FAQS/Add FAQ Failed/input_Email_email'

2023-07-14 15:08:42 - [TEST_STEP][PASSED] - setEncryptedText(findTestObject("Object Repository/FAQS/Add FAQ Failed/input_Password_password"), "aeHFOx8jV/A="): Text ****** has been set on object 'Object Repository/FAQS/Add FAQ Failed/input_Password_password'

2023-07-14 15:08:43 - [MESSAGE][PASSED] - Text ****** has been set on object 'Object Repository/FAQS/Add FAQ Failed/input_Password_password'

2023-07-14 15:08:43 - [TEST_STEP][PASSED] - click(findTestObject("Object Repository/FAQS/Add FAQ Failed/button_Login")): Object: 'Object Repository/FAQS/Add FAQ Failed/button_Login' is clicked on

2023-07-14 15:08:43 - [MESSAGE][PASSED] - Object: 'Object Repository/FAQS/Add FAQ Failed/button_Login' is clicked on

2023-07-14 15:08:43 - [TEST_STEP][PASSED] - click(findTestObject("Object Repository/FAQS/Add FAQ Failed/a_FAQ")): Object: 'Object Repository/FAQS/Add FAQ Failed/a_FAQ' is clicked on

2023-07-14 15:08:46 - [MESSAGE][PASSED] - Object: 'Object Repository/FAQS/Add FAQ Failed/a_FAQ' is clicked on

2023-07-14 15:08:46 - [TEST_STEP][PASSED] - click(findTestObject("FAQS/Add FAQ Failed/span_New FAQ")): Object: 'Object Repository/FAQS/Add FAQ Failed/span_New FAQ' is clicked on

2023-07-14 15:08:47 - [MESSAGE][PASSED] - Object: 'Object Repository/FAQS/Add FAQ Failed/span_New FAQ' is clicked on

2023-07-14 15:08:47 - [TEST_STEP][PASSED] - click(findTestObject("Object Repository/FAQS/Add FAQ Failed/button_Submit")): Object: 'Object Repository/FAQS/Add FAQ Failed/button_Submit' is clicked on

2023-07-14 15:08:48 - [MESSAGE][PASSED] - Object: 'Object Repository/FAQS/Add FAQ Failed/button_Submit' is clicked on

2023-07-14 15:08:48 - [TEST_STEP][PASSED] - setText(findTestObject("Object Repository/FAQS/Add FAQ Failed/input_Judul_txtProductName"), "hanya saja"): Text 'hanya saja' is set on object 'Object Repository/FAQS/Add FAQ Failed/input_Judul_txtProductName'

2023-07-14 15:08:49 - [MESSAGE][PASSED] - Text 'hanya saja' is set on object 'Object Repository/FAQS/Add FAQ Failed/input_Judul_txtProductName'

2023-07-14 15:08:49 - [TEST_STEP][PASSED] - click(findTestObject("Object Repository/FAQS/Add FAQ Failed/span_Submit")): Object: 'Object Repository/FAQS/Add FAQ Failed/span_Submit' is clicked on

2023-07-14 15:08:52 - [MESSAGE][PASSED] - Object: 'Object Repository/FAQS/Add FAQ Failed/span_Submit' is clicked on

2023-07-14 15:08:52 - [TEST_STEP][PASSED] - clearText(findTestObject("Object Repository/FAQS/Add FAQ Failed/input_Judul_txtProductName")): Text of object 'Object Repository/FAQS/Add FAQ Failed/input_Judul_txtProductName' is cleared

2023-07-14 15:08:53 - [MESSAGE][PASSED] - Text of object 'Object Repository/FAQS/Add FAQ Failed/input_Judul_txtProductName' is cleared

2023-07-14 15:08:53 - [TEST_STEP][PASSED] - txaContent = "DDDD": null

2023-07-14 15:08:53 - [TEST_STEP][PASSED] - setText(findTestObject("FAQS/Add FAQ Failed/p"), txaContent): Text 'DDDD' is set on object 'Object Repository/FAQS/Add FAQ Failed/p'

2023-07-14 15:08:53 - [MESSAGE][PASSED] - Text 'DDDD' is set on object 'Object Repository/FAQS/Add FAQ Failed/p'

2023-07-14 15:08:54 - [TEST_STEP][PASSED] - input_Value = getAttribute(findTestObject("FAQS/Add FAQ Failed/p"), "value"): Attribute 'value' of object 'Object Repository/FAQS/Add FAQ Failed/p' is: 'null'

2023-07-14 15:08:55 - [MESSAGE][PASSED] - Attribute 'value' of object 'Object Repository/FAQS/Add FAQ Failed/p' is: 'null'

2023-07-14 15:08:55 - [TEST_STEP][PASSED] - click(findTestObject("Object Repository/FAQS/Add FAQ Failed/span_Submit")): Object: 'Object Repository/FAQS/Add FAQ Failed/span_Submit' is clicked on

2023-07-14 15:08:55 - [MESSAGE][PASSED] - Object: 'Object Repository/FAQS/Add FAQ Failed/span_Submit' is clicked on

2023-07-14 15:08:55 - [TEST_STEP][PASSED] - closeBrowser(): Browser is closed

2023-07-14 15:08:56 - [MESSAGE][PASSED] - Browser is closed]]></system-out>
         <system-err><![CDATA[]]></system-err>
      </testcase>
      <system-out><![CDATA[2023-07-14 15:08:09 - [TEST_SUITE][PASSED] - FAQ: Test Cases/FAQS/Failed/Add Failed]]></system-out>
      <system-err><![CDATA[]]></system-err>
   </testsuite>
</testsuites>
